-- The C compiler identification is GNU 11.4.0
-- The CXX compiler identification is GNU 11.4.0
-- Detecting C compiler ABI info
-- Detecting C compiler ABI info - done
-- Check for working C compiler: /usr/bin/cc - skipped
-- Detecting C compile features
-- Detecting C compile features - done
-- Detecting CXX compiler ABI info
-- Detecting CXX compiler ABI info - done
-- Check for working CXX compiler: /usr/bin/c++ - skipped
-- Detecting CXX compile features
-- Detecting CXX compile features - done
-- Found ament_cmake: 1.3.11 (/opt/ros/humble/share/ament_cmake/cmake)
-- Found Python3: /usr/bin/python3 (found version "3.10.12") found components: Interpreter 
-- Found ament_lint_auto: 0.12.12 (/opt/ros/humble/share/ament_lint_auto/cmake)
-- Added test 'flake8' to check Python code syntax and style conventions
-- Added test 'lint_cmake' to check CMake code style
-- Added test 'pep257' to check Python code against some of the docstring style conventions in PEP 257
-- Added test 'xmllint' to check XML markup files
-- Configuring done
-- Generating done
-- Build files have been written to: /home/maty/rob_movil_ws/src/build/movement_robot
-- Install configuration: ""
-- Installing: /home/maty/rob_movil_ws/src/install/movement_robot/share/ament_index/resource_index/package_run_dependencies/movement_robot
-- Installing: /home/maty/rob_movil_ws/src/install/movement_robot/share/ament_index/resource_index/parent_prefix_path/movement_robot
-- Installing: /home/maty/rob_movil_ws/src/install/movement_robot/share/movement_robot/environment/ament_prefix_path.sh
-- Installing: /home/maty/rob_movil_ws/src/install/movement_robot/share/movement_robot/environment/ament_prefix_path.dsv
-- Installing: /home/maty/rob_movil_ws/src/install/movement_robot/share/movement_robot/environment/path.sh
-- Installing: /home/maty/rob_movil_ws/src/install/movement_robot/share/movement_robot/environment/path.dsv
-- Installing: /home/maty/rob_movil_ws/src/install/movement_robot/share/movement_robot/local_setup.bash
-- Installing: /home/maty/rob_movil_ws/src/install/movement_robot/share/movement_robot/local_setup.sh
-- Installing: /home/maty/rob_movil_ws/src/install/movement_robot/share/movement_robot/local_setup.zsh
-- Installing: /home/maty/rob_movil_ws/src/install/movement_robot/share/movement_robot/local_setup.dsv
-- Installing: /home/maty/rob_movil_ws/src/install/movement_robot/share/movement_robot/package.dsv
-- Installing: /home/maty/rob_movil_ws/src/install/movement_robot/share/ament_index/resource_index/packages/movement_robot
-- Installing: /home/maty/rob_movil_ws/src/install/movement_robot/share/movement_robot/cmake/movement_robotConfig.cmake
-- Installing: /home/maty/rob_movil_ws/src/install/movement_robot/share/movement_robot/cmake/movement_robotConfig-version.cmake
-- Installing: /home/maty/rob_movil_ws/src/install/movement_robot/share/movement_robot/package.xml
