[0.272s] DEBUG:colcon:Command line arguments: ['/usr/bin/colcon', 'build']
[0.272s] DEBUG:colcon:Parsed command line arguments: Namespace(log_base=None, log_level=None, verb_name='build', build_base='build', install_base='install', merge_install=False, symlink_install=False, test_result_base=None, continue_on_error=False, executor='parallel', parallel_workers=22, event_handlers=None, ignore_user_meta=False, metas=['./colcon.meta'], base_paths=['.'], packages_ignore=None, packages_ignore_regex=None, paths=None, packages_up_to=None, packages_up_to_regex=None, packages_above=None, packages_above_and_dependencies=None, packages_above_depth=None, packages_select_by_dep=None, packages_skip_by_dep=None, packages_skip_up_to=None, packages_select_build_failed=False, packages_skip_build_finished=False, packages_select_test_failures=False, packages_skip_test_passed=False, packages_select=None, packages_skip=None, packages_select_regex=None, packages_skip_regex=None, packages_start=None, packages_end=None, allow_overriding=[], cmake_args=None, cmake_target=None, cmake_target_skip_unavailable=False, cmake_clean_cache=False, cmake_clean_first=False, cmake_force_configure=False, ament_cmake_args=None, catkin_cmake_args=None, catkin_skip_building_tests=False, mixin_files=None, mixin=None, verb_parser=<colcon_mixin.mixin.mixin_argument.MixinArgumentDecorator object at 0x7ff7426f1f00>, verb_extension=<colcon_core.verb.build.BuildVerb object at 0x7ff742873460>, main=<bound method BuildVerb.main of <colcon_core.verb.build.BuildVerb object at 0x7ff742873460>>, mixin_verb=('build',))
[0.458s] Level 1:colcon.colcon_core.package_discovery:discover_packages(colcon_meta) check parameters
[0.458s] Level 1:colcon.colcon_core.package_discovery:discover_packages(recursive) check parameters
[0.458s] Level 1:colcon.colcon_core.package_discovery:discover_packages(ignore) check parameters
[0.458s] Level 1:colcon.colcon_core.package_discovery:discover_packages(path) check parameters
[0.458s] Level 1:colcon.colcon_core.package_discovery:discover_packages(colcon_meta) discover
[0.458s] Level 1:colcon.colcon_core.package_discovery:discover_packages(recursive) discover
[0.458s] INFO:colcon.colcon_core.package_discovery:Crawling recursively for packages in '/home/maty/rob_movil_ws'
[0.458s] Level 1:colcon.colcon_core.package_identification:_identify(.) by extensions ['ignore', 'ignore_ament_install']
[0.459s] Level 1:colcon.colcon_core.package_identification:_identify(.) by extension 'ignore'
[0.459s] Level 1:colcon.colcon_core.package_identification:_identify(.) by extension 'ignore_ament_install'
[0.459s] Level 1:colcon.colcon_core.package_identification:_identify(.) by extensions ['colcon_pkg']
[0.459s] Level 1:colcon.colcon_core.package_identification:_identify(.) by extension 'colcon_pkg'
[0.459s] Level 1:colcon.colcon_core.package_identification:_identify(.) by extensions ['colcon_meta']
[0.459s] Level 1:colcon.colcon_core.package_identification:_identify(.) by extension 'colcon_meta'
[0.459s] Level 1:colcon.colcon_core.package_identification:_identify(.) by extensions ['ros']
[0.459s] Level 1:colcon.colcon_core.package_identification:_identify(.) by extension 'ros'
[0.473s] Level 1:colcon.colcon_core.package_identification:_identify(.) by extensions ['cmake', 'python']
[0.473s] Level 1:colcon.colcon_core.package_identification:_identify(.) by extension 'cmake'
[0.473s] Level 1:colcon.colcon_core.package_identification:_identify(.) by extension 'python'
[0.474s] Level 1:colcon.colcon_core.package_identification:_identify(.) by extensions ['python_setup_py']
[0.474s] Level 1:colcon.colcon_core.package_identification:_identify(.) by extension 'python_setup_py'
[0.474s] Level 1:colcon.colcon_core.package_identification:_identify(build) by extensions ['ignore', 'ignore_ament_install']
[0.474s] Level 1:colcon.colcon_core.package_identification:_identify(build) by extension 'ignore'
[0.474s] Level 1:colcon.colcon_core.package_identification:_identify(build) ignored
[0.474s] Level 1:colcon.colcon_core.package_identification:_identify(install) by extensions ['ignore', 'ignore_ament_install']
[0.474s] Level 1:colcon.colcon_core.package_identification:_identify(install) by extension 'ignore'
[0.474s] Level 1:colcon.colcon_core.package_identification:_identify(install) ignored
[0.474s] Level 1:colcon.colcon_core.package_identification:_identify(log) by extensions ['ignore', 'ignore_ament_install']
[0.474s] Level 1:colcon.colcon_core.package_identification:_identify(log) by extension 'ignore'
[0.474s] Level 1:colcon.colcon_core.package_identification:_identify(log) ignored
[0.474s] Level 1:colcon.colcon_core.package_identification:_identify(src) by extensions ['ignore', 'ignore_ament_install']
[0.474s] Level 1:colcon.colcon_core.package_identification:_identify(src) by extension 'ignore'
[0.474s] Level 1:colcon.colcon_core.package_identification:_identify(src) by extension 'ignore_ament_install'
[0.475s] Level 1:colcon.colcon_core.package_identification:_identify(src) by extensions ['colcon_pkg']
[0.475s] Level 1:colcon.colcon_core.package_identification:_identify(src) by extension 'colcon_pkg'
[0.475s] Level 1:colcon.colcon_core.package_identification:_identify(src) by extensions ['colcon_meta']
[0.475s] Level 1:colcon.colcon_core.package_identification:_identify(src) by extension 'colcon_meta'
[0.475s] Level 1:colcon.colcon_core.package_identification:_identify(src) by extensions ['ros']
[0.475s] Level 1:colcon.colcon_core.package_identification:_identify(src) by extension 'ros'
[0.475s] Level 1:colcon.colcon_core.package_identification:_identify(src) by extensions ['cmake', 'python']
[0.475s] Level 1:colcon.colcon_core.package_identification:_identify(src) by extension 'cmake'
[0.475s] Level 1:colcon.colcon_core.package_identification:_identify(src) by extension 'python'
[0.475s] Level 1:colcon.colcon_core.package_identification:_identify(src) by extensions ['python_setup_py']
[0.475s] Level 1:colcon.colcon_core.package_identification:_identify(src) by extension 'python_setup_py'
[0.475s] Level 1:colcon.colcon_core.package_identification:_identify(src/build) by extensions ['ignore', 'ignore_ament_install']
[0.475s] Level 1:colcon.colcon_core.package_identification:_identify(src/build) by extension 'ignore'
[0.475s] Level 1:colcon.colcon_core.package_identification:_identify(src/build) ignored
[0.475s] Level 1:colcon.colcon_core.package_identification:_identify(src/cmd_vel_mux) by extensions ['ignore', 'ignore_ament_install']
[0.476s] Level 1:colcon.colcon_core.package_identification:_identify(src/cmd_vel_mux) by extension 'ignore'
[0.476s] Level 1:colcon.colcon_core.package_identification:_identify(src/cmd_vel_mux) by extension 'ignore_ament_install'
[0.476s] Level 1:colcon.colcon_core.package_identification:_identify(src/cmd_vel_mux) by extensions ['colcon_pkg']
[0.476s] Level 1:colcon.colcon_core.package_identification:_identify(src/cmd_vel_mux) by extension 'colcon_pkg'
[0.476s] Level 1:colcon.colcon_core.package_identification:_identify(src/cmd_vel_mux) by extensions ['colcon_meta']
[0.476s] Level 1:colcon.colcon_core.package_identification:_identify(src/cmd_vel_mux) by extension 'colcon_meta'
[0.476s] Level 1:colcon.colcon_core.package_identification:_identify(src/cmd_vel_mux) by extensions ['ros']
[0.476s] Level 1:colcon.colcon_core.package_identification:_identify(src/cmd_vel_mux) by extension 'ros'
[0.479s] DEBUG:colcon.colcon_core.package_identification:Package 'src/cmd_vel_mux' with type 'ros.ament_cmake' and name 'cmd_vel_mux'
[0.479s] Level 1:colcon.colcon_core.package_identification:_identify(src/install) by extensions ['ignore', 'ignore_ament_install']
[0.479s] Level 1:colcon.colcon_core.package_identification:_identify(src/install) by extension 'ignore'
[0.479s] Level 1:colcon.colcon_core.package_identification:_identify(src/install) ignored
[0.479s] Level 1:colcon.colcon_core.package_identification:_identify(src/lab2_iic2685) by extensions ['ignore', 'ignore_ament_install']
[0.479s] Level 1:colcon.colcon_core.package_identification:_identify(src/lab2_iic2685) by extension 'ignore'
[0.479s] Level 1:colcon.colcon_core.package_identification:_identify(src/lab2_iic2685) by extension 'ignore_ament_install'
[0.479s] Level 1:colcon.colcon_core.package_identification:_identify(src/lab2_iic2685) by extensions ['colcon_pkg']
[0.479s] Level 1:colcon.colcon_core.package_identification:_identify(src/lab2_iic2685) by extension 'colcon_pkg'
[0.479s] Level 1:colcon.colcon_core.package_identification:_identify(src/lab2_iic2685) by extensions ['colcon_meta']
[0.479s] Level 1:colcon.colcon_core.package_identification:_identify(src/lab2_iic2685) by extension 'colcon_meta'
[0.479s] Level 1:colcon.colcon_core.package_identification:_identify(src/lab2_iic2685) by extensions ['ros']
[0.479s] Level 1:colcon.colcon_core.package_identification:_identify(src/lab2_iic2685) by extension 'ros'
[0.480s] DEBUG:colcon.colcon_core.package_identification:Package 'src/lab2_iic2685' with type 'ros.ament_cmake' and name 'lab2_iic2685'
[0.480s] Level 1:colcon.colcon_core.package_identification:_identify(src/log) by extensions ['ignore', 'ignore_ament_install']
[0.480s] Level 1:colcon.colcon_core.package_identification:_identify(src/log) by extension 'ignore'
[0.480s] Level 1:colcon.colcon_core.package_identification:_identify(src/log) ignored
[0.480s] Level 1:colcon.colcon_core.package_identification:_identify(src/mini_tarea_2) by extensions ['ignore', 'ignore_ament_install']
[0.480s] Level 1:colcon.colcon_core.package_identification:_identify(src/mini_tarea_2) by extension 'ignore'
[0.480s] Level 1:colcon.colcon_core.package_identification:_identify(src/mini_tarea_2) by extension 'ignore_ament_install'
[0.480s] Level 1:colcon.colcon_core.package_identification:_identify(src/mini_tarea_2) by extensions ['colcon_pkg']
[0.480s] Level 1:colcon.colcon_core.package_identification:_identify(src/mini_tarea_2) by extension 'colcon_pkg'
[0.480s] Level 1:colcon.colcon_core.package_identification:_identify(src/mini_tarea_2) by extensions ['colcon_meta']
[0.480s] Level 1:colcon.colcon_core.package_identification:_identify(src/mini_tarea_2) by extension 'colcon_meta'
[0.481s] Level 1:colcon.colcon_core.package_identification:_identify(src/mini_tarea_2) by extensions ['ros']
[0.481s] Level 1:colcon.colcon_core.package_identification:_identify(src/mini_tarea_2) by extension 'ros'
[0.481s] DEBUG:colcon.colcon_core.package_identification:Package 'src/mini_tarea_2' with type 'ros.ament_cmake' and name 'mini_tarea_2'
[0.482s] Level 1:colcon.colcon_core.package_identification:_identify(src/movement_robot) by extensions ['ignore', 'ignore_ament_install']
[0.482s] Level 1:colcon.colcon_core.package_identification:_identify(src/movement_robot) by extension 'ignore'
[0.482s] Level 1:colcon.colcon_core.package_identification:_identify(src/movement_robot) by extension 'ignore_ament_install'
[0.482s] Level 1:colcon.colcon_core.package_identification:_identify(src/movement_robot) by extensions ['colcon_pkg']
[0.482s] Level 1:colcon.colcon_core.package_identification:_identify(src/movement_robot) by extension 'colcon_pkg'
[0.482s] Level 1:colcon.colcon_core.package_identification:_identify(src/movement_robot) by extensions ['colcon_meta']
[0.482s] Level 1:colcon.colcon_core.package_identification:_identify(src/movement_robot) by extension 'colcon_meta'
[0.482s] Level 1:colcon.colcon_core.package_identification:_identify(src/movement_robot) by extensions ['ros']
[0.482s] Level 1:colcon.colcon_core.package_identification:_identify(src/movement_robot) by extension 'ros'
[0.483s] DEBUG:colcon.colcon_core.package_identification:Package 'src/movement_robot' with type 'ros.ament_cmake' and name 'movement_robot'
[0.484s] Level 1:colcon.colcon_core.package_identification:_identify(src/very_simple_robot_simulator) by extensions ['ignore', 'ignore_ament_install']
[0.484s] Level 1:colcon.colcon_core.package_identification:_identify(src/very_simple_robot_simulator) by extension 'ignore'
[0.484s] Level 1:colcon.colcon_core.package_identification:_identify(src/very_simple_robot_simulator) by extension 'ignore_ament_install'
[0.484s] Level 1:colcon.colcon_core.package_identification:_identify(src/very_simple_robot_simulator) by extensions ['colcon_pkg']
[0.484s] Level 1:colcon.colcon_core.package_identification:_identify(src/very_simple_robot_simulator) by extension 'colcon_pkg'
[0.484s] Level 1:colcon.colcon_core.package_identification:_identify(src/very_simple_robot_simulator) by extensions ['colcon_meta']
[0.484s] Level 1:colcon.colcon_core.package_identification:_identify(src/very_simple_robot_simulator) by extension 'colcon_meta'
[0.484s] Level 1:colcon.colcon_core.package_identification:_identify(src/very_simple_robot_simulator) by extensions ['ros']
[0.484s] Level 1:colcon.colcon_core.package_identification:_identify(src/very_simple_robot_simulator) by extension 'ros'
[0.485s] DEBUG:colcon.colcon_core.package_identification:Package 'src/very_simple_robot_simulator' with type 'ros.ament_cmake' and name 'very_simple_robot_simulator'
[0.485s] Level 1:colcon.colcon_core.package_discovery:discover_packages(recursive) using defaults
[0.485s] Level 1:colcon.colcon_core.package_discovery:discover_packages(ignore) discover
[0.485s] Level 1:colcon.colcon_core.package_discovery:discover_packages(ignore) using defaults
[0.485s] Level 1:colcon.colcon_core.package_discovery:discover_packages(path) discover
[0.485s] Level 1:colcon.colcon_core.package_discovery:discover_packages(path) using defaults
[0.522s] Level 1:colcon.colcon_core.package_discovery:discover_packages(prefix_path) check parameters
[0.522s] Level 1:colcon.colcon_core.package_discovery:discover_packages(prefix_path) discover
[0.524s] DEBUG:colcon.colcon_installed_package_information.package_discovery:Found 6 installed packages in /home/maty/rob_movil_ws/install
[0.526s] DEBUG:colcon.colcon_installed_package_information.package_discovery:Found 274 installed packages in /opt/ros/humble
[0.527s] Level 1:colcon.colcon_core.package_discovery:discover_packages(prefix_path) using defaults
[0.571s] Level 5:colcon.colcon_core.verb:set package 'cmd_vel_mux' build argument 'cmake_args' from command line to 'None'
[0.571s] Level 5:colcon.colcon_core.verb:set package 'cmd_vel_mux' build argument 'cmake_target' from command line to 'None'
[0.571s] Level 5:colcon.colcon_core.verb:set package 'cmd_vel_mux' build argument 'cmake_target_skip_unavailable' from command line to 'False'
[0.571s] Level 5:colcon.colcon_core.verb:set package 'cmd_vel_mux' build argument 'cmake_clean_cache' from command line to 'False'
[0.571s] Level 5:colcon.colcon_core.verb:set package 'cmd_vel_mux' build argument 'cmake_clean_first' from command line to 'False'
[0.572s] Level 5:colcon.colcon_core.verb:set package 'cmd_vel_mux' build argument 'cmake_force_configure' from command line to 'False'
[0.572s] Level 5:colcon.colcon_core.verb:set package 'cmd_vel_mux' build argument 'ament_cmake_args' from command line to 'None'
[0.572s] Level 5:colcon.colcon_core.verb:set package 'cmd_vel_mux' build argument 'catkin_cmake_args' from command line to 'None'
[0.572s] Level 5:colcon.colcon_core.verb:set package 'cmd_vel_mux' build argument 'catkin_skip_building_tests' from command line to 'False'
[0.572s] DEBUG:colcon.colcon_core.verb:Building package 'cmd_vel_mux' with the following arguments: {'ament_cmake_args': None, 'build_base': '/home/maty/rob_movil_ws/build/cmd_vel_mux', 'catkin_cmake_args': None, 'catkin_skip_building_tests': False, 'cmake_args': None, 'cmake_clean_cache': False, 'cmake_clean_first': False, 'cmake_force_configure': False, 'cmake_target': None, 'cmake_target_skip_unavailable': False, 'install_base': '/home/maty/rob_movil_ws/install/cmd_vel_mux', 'merge_install': False, 'path': '/home/maty/rob_movil_ws/src/cmd_vel_mux', 'symlink_install': False, 'test_result_base': None}
[0.572s] Level 5:colcon.colcon_core.verb:set package 'lab2_iic2685' build argument 'cmake_args' from command line to 'None'
[0.572s] Level 5:colcon.colcon_core.verb:set package 'lab2_iic2685' build argument 'cmake_target' from command line to 'None'
[0.572s] Level 5:colcon.colcon_core.verb:set package 'lab2_iic2685' build argument 'cmake_target_skip_unavailable' from command line to 'False'
[0.572s] Level 5:colcon.colcon_core.verb:set package 'lab2_iic2685' build argument 'cmake_clean_cache' from command line to 'False'
[0.572s] Level 5:colcon.colcon_core.verb:set package 'lab2_iic2685' build argument 'cmake_clean_first' from command line to 'False'
[0.572s] Level 5:colcon.colcon_core.verb:set package 'lab2_iic2685' build argument 'cmake_force_configure' from command line to 'False'
[0.572s] Level 5:colcon.colcon_core.verb:set package 'lab2_iic2685' build argument 'ament_cmake_args' from command line to 'None'
[0.572s] Level 5:colcon.colcon_core.verb:set package 'lab2_iic2685' build argument 'catkin_cmake_args' from command line to 'None'
[0.572s] Level 5:colcon.colcon_core.verb:set package 'lab2_iic2685' build argument 'catkin_skip_building_tests' from command line to 'False'
[0.572s] DEBUG:colcon.colcon_core.verb:Building package 'lab2_iic2685' with the following arguments: {'ament_cmake_args': None, 'build_base': '/home/maty/rob_movil_ws/build/lab2_iic2685', 'catkin_cmake_args': None, 'catkin_skip_building_tests': False, 'cmake_args': None, 'cmake_clean_cache': False, 'cmake_clean_first': False, 'cmake_force_configure': False, 'cmake_target': None, 'cmake_target_skip_unavailable': False, 'install_base': '/home/maty/rob_movil_ws/install/lab2_iic2685', 'merge_install': False, 'path': '/home/maty/rob_movil_ws/src/lab2_iic2685', 'symlink_install': False, 'test_result_base': None}
[0.572s] Level 5:colcon.colcon_core.verb:set package 'mini_tarea_2' build argument 'cmake_args' from command line to 'None'
[0.572s] Level 5:colcon.colcon_core.verb:set package 'mini_tarea_2' build argument 'cmake_target' from command line to 'None'
[0.573s] Level 5:colcon.colcon_core.verb:set package 'mini_tarea_2' build argument 'cmake_target_skip_unavailable' from command line to 'False'
[0.573s] Level 5:colcon.colcon_core.verb:set package 'mini_tarea_2' build argument 'cmake_clean_cache' from command line to 'False'
[0.573s] Level 5:colcon.colcon_core.verb:set package 'mini_tarea_2' build argument 'cmake_clean_first' from command line to 'False'
[0.573s] Level 5:colcon.colcon_core.verb:set package 'mini_tarea_2' build argument 'cmake_force_configure' from command line to 'False'
[0.573s] Level 5:colcon.colcon_core.verb:set package 'mini_tarea_2' build argument 'ament_cmake_args' from command line to 'None'
[0.573s] Level 5:colcon.colcon_core.verb:set package 'mini_tarea_2' build argument 'catkin_cmake_args' from command line to 'None'
[0.573s] Level 5:colcon.colcon_core.verb:set package 'mini_tarea_2' build argument 'catkin_skip_building_tests' from command line to 'False'
[0.573s] DEBUG:colcon.colcon_core.verb:Building package 'mini_tarea_2' with the following arguments: {'ament_cmake_args': None, 'build_base': '/home/maty/rob_movil_ws/build/mini_tarea_2', 'catkin_cmake_args': None, 'catkin_skip_building_tests': False, 'cmake_args': None, 'cmake_clean_cache': False, 'cmake_clean_first': False, 'cmake_force_configure': False, 'cmake_target': None, 'cmake_target_skip_unavailable': False, 'install_base': '/home/maty/rob_movil_ws/install/mini_tarea_2', 'merge_install': False, 'path': '/home/maty/rob_movil_ws/src/mini_tarea_2', 'symlink_install': False, 'test_result_base': None}
[0.573s] Level 5:colcon.colcon_core.verb:set package 'movement_robot' build argument 'cmake_args' from command line to 'None'
[0.573s] Level 5:colcon.colcon_core.verb:set package 'movement_robot' build argument 'cmake_target' from command line to 'None'
[0.573s] Level 5:colcon.colcon_core.verb:set package 'movement_robot' build argument 'cmake_target_skip_unavailable' from command line to 'False'
[0.573s] Level 5:colcon.colcon_core.verb:set package 'movement_robot' build argument 'cmake_clean_cache' from command line to 'False'
[0.573s] Level 5:colcon.colcon_core.verb:set package 'movement_robot' build argument 'cmake_clean_first' from command line to 'False'
[0.573s] Level 5:colcon.colcon_core.verb:set package 'movement_robot' build argument 'cmake_force_configure' from command line to 'False'
[0.573s] Level 5:colcon.colcon_core.verb:set package 'movement_robot' build argument 'ament_cmake_args' from command line to 'None'
[0.573s] Level 5:colcon.colcon_core.verb:set package 'movement_robot' build argument 'catkin_cmake_args' from command line to 'None'
[0.573s] Level 5:colcon.colcon_core.verb:set package 'movement_robot' build argument 'catkin_skip_building_tests' from command line to 'False'
[0.573s] DEBUG:colcon.colcon_core.verb:Building package 'movement_robot' with the following arguments: {'ament_cmake_args': None, 'build_base': '/home/maty/rob_movil_ws/build/movement_robot', 'catkin_cmake_args': None, 'catkin_skip_building_tests': False, 'cmake_args': None, 'cmake_clean_cache': False, 'cmake_clean_first': False, 'cmake_force_configure': False, 'cmake_target': None, 'cmake_target_skip_unavailable': False, 'install_base': '/home/maty/rob_movil_ws/install/movement_robot', 'merge_install': False, 'path': '/home/maty/rob_movil_ws/src/movement_robot', 'symlink_install': False, 'test_result_base': None}
[0.573s] Level 5:colcon.colcon_core.verb:set package 'very_simple_robot_simulator' build argument 'cmake_args' from command line to 'None'
[0.573s] Level 5:colcon.colcon_core.verb:set package 'very_simple_robot_simulator' build argument 'cmake_target' from command line to 'None'
[0.574s] Level 5:colcon.colcon_core.verb:set package 'very_simple_robot_simulator' build argument 'cmake_target_skip_unavailable' from command line to 'False'
[0.574s] Level 5:colcon.colcon_core.verb:set package 'very_simple_robot_simulator' build argument 'cmake_clean_cache' from command line to 'False'
[0.574s] Level 5:colcon.colcon_core.verb:set package 'very_simple_robot_simulator' build argument 'cmake_clean_first' from command line to 'False'
[0.574s] Level 5:colcon.colcon_core.verb:set package 'very_simple_robot_simulator' build argument 'cmake_force_configure' from command line to 'False'
[0.574s] Level 5:colcon.colcon_core.verb:set package 'very_simple_robot_simulator' build argument 'ament_cmake_args' from command line to 'None'
[0.574s] Level 5:colcon.colcon_core.verb:set package 'very_simple_robot_simulator' build argument 'catkin_cmake_args' from command line to 'None'
[0.574s] Level 5:colcon.colcon_core.verb:set package 'very_simple_robot_simulator' build argument 'catkin_skip_building_tests' from command line to 'False'
[0.574s] DEBUG:colcon.colcon_core.verb:Building package 'very_simple_robot_simulator' with the following arguments: {'ament_cmake_args': None, 'build_base': '/home/maty/rob_movil_ws/build/very_simple_robot_simulator', 'catkin_cmake_args': None, 'catkin_skip_building_tests': False, 'cmake_args': None, 'cmake_clean_cache': False, 'cmake_clean_first': False, 'cmake_force_configure': False, 'cmake_target': None, 'cmake_target_skip_unavailable': False, 'install_base': '/home/maty/rob_movil_ws/install/very_simple_robot_simulator', 'merge_install': False, 'path': '/home/maty/rob_movil_ws/src/very_simple_robot_simulator', 'symlink_install': False, 'test_result_base': None}
[0.574s] INFO:colcon.colcon_core.executor:Executing jobs using 'parallel' executor
[0.576s] DEBUG:colcon.colcon_parallel_executor.executor.parallel:run_until_complete
[0.576s] INFO:colcon.colcon_ros.task.ament_cmake.build:Building ROS package in '/home/maty/rob_movil_ws/src/cmd_vel_mux' with build type 'ament_cmake'
[0.576s] INFO:colcon.colcon_cmake.task.cmake.build:Building CMake package in '/home/maty/rob_movil_ws/src/cmd_vel_mux'
[0.591s] INFO:colcon.colcon_core.plugin_system:Skipping extension 'colcon_core.shell.bat': Not used on non-Windows systems
[0.591s] INFO:colcon.colcon_core.shell:Skip shell extension 'powershell' for command environment: Not usable outside of PowerShell
[0.592s] DEBUG:colcon.colcon_core.shell:Skip shell extension 'dsv' for command environment
[0.598s] INFO:colcon.colcon_ros.task.ament_cmake.build:Building ROS package in '/home/maty/rob_movil_ws/src/lab2_iic2685' with build type 'ament_cmake'
[0.598s] INFO:colcon.colcon_cmake.task.cmake.build:Building CMake package in '/home/maty/rob_movil_ws/src/lab2_iic2685'
[0.599s] INFO:colcon.colcon_core.shell:Skip shell extension 'powershell' for command environment: Not usable outside of PowerShell
[0.599s] DEBUG:colcon.colcon_core.shell:Skip shell extension 'dsv' for command environment
[0.607s] INFO:colcon.colcon_ros.task.ament_cmake.build:Building ROS package in '/home/maty/rob_movil_ws/src/mini_tarea_2' with build type 'ament_cmake'
[0.607s] INFO:colcon.colcon_cmake.task.cmake.build:Building CMake package in '/home/maty/rob_movil_ws/src/mini_tarea_2'
[0.608s] INFO:colcon.colcon_core.shell:Skip shell extension 'powershell' for command environment: Not usable outside of PowerShell
[0.608s] DEBUG:colcon.colcon_core.shell:Skip shell extension 'dsv' for command environment
[0.615s] INFO:colcon.colcon_ros.task.ament_cmake.build:Building ROS package in '/home/maty/rob_movil_ws/src/movement_robot' with build type 'ament_cmake'
[0.615s] INFO:colcon.colcon_cmake.task.cmake.build:Building CMake package in '/home/maty/rob_movil_ws/src/movement_robot'
[0.615s] INFO:colcon.colcon_core.shell:Skip shell extension 'powershell' for command environment: Not usable outside of PowerShell
[0.615s] DEBUG:colcon.colcon_core.shell:Skip shell extension 'dsv' for command environment
[0.620s] INFO:colcon.colcon_ros.task.ament_cmake.build:Building ROS package in '/home/maty/rob_movil_ws/src/very_simple_robot_simulator' with build type 'ament_cmake'
[0.620s] INFO:colcon.colcon_cmake.task.cmake.build:Building CMake package in '/home/maty/rob_movil_ws/src/very_simple_robot_simulator'
[0.621s] INFO:colcon.colcon_core.shell:Skip shell extension 'powershell' for command environment: Not usable outside of PowerShell
[0.621s] DEBUG:colcon.colcon_core.shell:Skip shell extension 'dsv' for command environment
[0.643s] DEBUG:colcon.colcon_core.event_handler.log_command:Invoking command in '/home/maty/rob_movil_ws/build/cmd_vel_mux': CMAKE_PREFIX_PATH=${CMAKE_PREFIX_PATH}:/opt/ros/humble /usr/bin/cmake /home/maty/rob_movil_ws/src/cmd_vel_mux -DCMAKE_INSTALL_PREFIX=/home/maty/rob_movil_ws/install/cmd_vel_mux
[0.648s] DEBUG:colcon.colcon_core.event_handler.log_command:Invoking command in '/home/maty/rob_movil_ws/build/lab2_iic2685': CMAKE_PREFIX_PATH=${CMAKE_PREFIX_PATH}:/opt/ros/humble /usr/bin/cmake /home/maty/rob_movil_ws/src/lab2_iic2685 -DCMAKE_INSTALL_PREFIX=/home/maty/rob_movil_ws/install/lab2_iic2685
[0.659s] DEBUG:colcon.colcon_core.event_handler.log_command:Invoking command in '/home/maty/rob_movil_ws/build/mini_tarea_2': CMAKE_PREFIX_PATH=${CMAKE_PREFIX_PATH}:/opt/ros/humble /usr/bin/cmake /home/maty/rob_movil_ws/src/mini_tarea_2 -DCMAKE_INSTALL_PREFIX=/home/maty/rob_movil_ws/install/mini_tarea_2
[0.673s] DEBUG:colcon.colcon_core.event_handler.log_command:Invoking command in '/home/maty/rob_movil_ws/build/movement_robot': CMAKE_PREFIX_PATH=${CMAKE_PREFIX_PATH}:/opt/ros/humble /usr/bin/cmake /home/maty/rob_movil_ws/src/movement_robot -DCMAKE_INSTALL_PREFIX=/home/maty/rob_movil_ws/install/movement_robot
[0.690s] DEBUG:colcon.colcon_core.event_handler.log_command:Invoking command in '/home/maty/rob_movil_ws/build/very_simple_robot_simulator': CMAKE_PREFIX_PATH=${CMAKE_PREFIX_PATH}:/opt/ros/humble /usr/bin/cmake /home/maty/rob_movil_ws/src/very_simple_robot_simulator -DCMAKE_INSTALL_PREFIX=/home/maty/rob_movil_ws/install/very_simple_robot_simulator
[1.103s] DEBUG:colcon.colcon_core.event_handler.log_command:Invoked command in '/home/maty/rob_movil_ws/build/movement_robot' returned '0': CMAKE_PREFIX_PATH=${CMAKE_PREFIX_PATH}:/opt/ros/humble /usr/bin/cmake /home/maty/rob_movil_ws/src/movement_robot -DCMAKE_INSTALL_PREFIX=/home/maty/rob_movil_ws/install/movement_robot
[1.104s] DEBUG:colcon.colcon_core.event_handler.log_command:Invoking command in '/home/maty/rob_movil_ws/build/movement_robot': CMAKE_PREFIX_PATH=${CMAKE_PREFIX_PATH}:/opt/ros/humble /usr/bin/cmake --build /home/maty/rob_movil_ws/build/movement_robot -- -j22 -l22
[1.139s] DEBUG:colcon.colcon_core.event_handler.log_command:Invoked command in '/home/maty/rob_movil_ws/build/movement_robot' returned '0': CMAKE_PREFIX_PATH=${CMAKE_PREFIX_PATH}:/opt/ros/humble /usr/bin/cmake --build /home/maty/rob_movil_ws/build/movement_robot -- -j22 -l22
[1.149s] DEBUG:colcon.colcon_core.event_handler.log_command:Invoking command in '/home/maty/rob_movil_ws/build/movement_robot': CMAKE_PREFIX_PATH=${CMAKE_PREFIX_PATH}:/opt/ros/humble /usr/bin/cmake --install /home/maty/rob_movil_ws/build/movement_robot
[1.178s] Level 1:colcon.colcon_core.environment:create_environment_scripts_only(movement_robot)
[1.179s] DEBUG:colcon.colcon_core.event_handler.log_command:Invoked command in '/home/maty/rob_movil_ws/build/movement_robot' returned '0': CMAKE_PREFIX_PATH=${CMAKE_PREFIX_PATH}:/opt/ros/humble /usr/bin/cmake --install /home/maty/rob_movil_ws/build/movement_robot
[1.190s] Level 1:colcon.colcon_core.environment:checking '/home/maty/rob_movil_ws/install/movement_robot' for CMake module files
[1.192s] Level 1:colcon.colcon_core.environment:checking '/home/maty/rob_movil_ws/install/movement_robot' for CMake config files
[1.193s] Level 1:colcon.colcon_core.shell:create_environment_hook('movement_robot', 'cmake_prefix_path')
[1.194s] INFO:colcon.colcon_core.shell:Creating environment hook '/home/maty/rob_movil_ws/install/movement_robot/share/movement_robot/hook/cmake_prefix_path.ps1'
[1.195s] INFO:colcon.colcon_core.shell:Creating environment descriptor '/home/maty/rob_movil_ws/install/movement_robot/share/movement_robot/hook/cmake_prefix_path.dsv'
[1.196s] INFO:colcon.colcon_core.shell:Creating environment hook '/home/maty/rob_movil_ws/install/movement_robot/share/movement_robot/hook/cmake_prefix_path.sh'
[1.200s] Level 1:colcon.colcon_core.environment:checking '/home/maty/rob_movil_ws/install/movement_robot/lib'
[1.201s] Level 1:colcon.colcon_core.environment:checking '/home/maty/rob_movil_ws/install/movement_robot/bin'
[1.201s] Level 1:colcon.colcon_core.environment:checking '/home/maty/rob_movil_ws/install/movement_robot/lib/pkgconfig/movement_robot.pc'
[1.201s] Level 1:colcon.colcon_core.environment:checking '/home/maty/rob_movil_ws/install/movement_robot/lib/python3.10/site-packages'
[1.201s] Level 1:colcon.colcon_core.environment:checking '/home/maty/rob_movil_ws/install/movement_robot/bin'
[1.202s] INFO:colcon.colcon_core.shell:Creating package script '/home/maty/rob_movil_ws/install/movement_robot/share/movement_robot/package.ps1'
[1.204s] INFO:colcon.colcon_core.shell:Creating package descriptor '/home/maty/rob_movil_ws/install/movement_robot/share/movement_robot/package.dsv'
[1.205s] INFO:colcon.colcon_core.shell:Creating package script '/home/maty/rob_movil_ws/install/movement_robot/share/movement_robot/package.sh'
[1.206s] INFO:colcon.colcon_core.shell:Creating package script '/home/maty/rob_movil_ws/install/movement_robot/share/movement_robot/package.bash'
[1.208s] INFO:colcon.colcon_core.shell:Creating package script '/home/maty/rob_movil_ws/install/movement_robot/share/movement_robot/package.zsh'
[1.210s] Level 1:colcon.colcon_core.environment:create_file_with_runtime_dependencies(/home/maty/rob_movil_ws/install/movement_robot/share/colcon-core/packages/movement_robot)
[1.211s] Level 1:colcon.colcon_core.environment:create_environment_scripts_only(movement_robot)
[1.211s] Level 1:colcon.colcon_core.environment:checking '/home/maty/rob_movil_ws/install/movement_robot' for CMake module files
[1.211s] Level 1:colcon.colcon_core.environment:checking '/home/maty/rob_movil_ws/install/movement_robot' for CMake config files
[1.212s] Level 1:colcon.colcon_core.shell:create_environment_hook('movement_robot', 'cmake_prefix_path')
[1.212s] INFO:colcon.colcon_core.shell:Creating environment hook '/home/maty/rob_movil_ws/install/movement_robot/share/movement_robot/hook/cmake_prefix_path.ps1'
[1.212s] INFO:colcon.colcon_core.shell:Creating environment descriptor '/home/maty/rob_movil_ws/install/movement_robot/share/movement_robot/hook/cmake_prefix_path.dsv'
[1.212s] INFO:colcon.colcon_core.shell:Creating environment hook '/home/maty/rob_movil_ws/install/movement_robot/share/movement_robot/hook/cmake_prefix_path.sh'
[1.213s] Level 1:colcon.colcon_core.environment:checking '/home/maty/rob_movil_ws/install/movement_robot/lib'
[1.213s] Level 1:colcon.colcon_core.environment:checking '/home/maty/rob_movil_ws/install/movement_robot/bin'
[1.213s] Level 1:colcon.colcon_core.environment:checking '/home/maty/rob_movil_ws/install/movement_robot/lib/pkgconfig/movement_robot.pc'
[1.213s] Level 1:colcon.colcon_core.environment:checking '/home/maty/rob_movil_ws/install/movement_robot/lib/python3.10/site-packages'
[1.214s] Level 1:colcon.colcon_core.environment:checking '/home/maty/rob_movil_ws/install/movement_robot/bin'
[1.214s] INFO:colcon.colcon_core.shell:Creating package script '/home/maty/rob_movil_ws/install/movement_robot/share/movement_robot/package.ps1'
[1.214s] INFO:colcon.colcon_core.shell:Creating package descriptor '/home/maty/rob_movil_ws/install/movement_robot/share/movement_robot/package.dsv'
[1.215s] INFO:colcon.colcon_core.shell:Creating package script '/home/maty/rob_movil_ws/install/movement_robot/share/movement_robot/package.sh'
[1.215s] INFO:colcon.colcon_core.shell:Creating package script '/home/maty/rob_movil_ws/install/movement_robot/share/movement_robot/package.bash'
[1.216s] INFO:colcon.colcon_core.shell:Creating package script '/home/maty/rob_movil_ws/install/movement_robot/share/movement_robot/package.zsh'
[1.216s] Level 1:colcon.colcon_core.environment:create_file_with_runtime_dependencies(/home/maty/rob_movil_ws/install/movement_robot/share/colcon-core/packages/movement_robot)
[1.219s] DEBUG:colcon.colcon_core.event_handler.log_command:Invoked command in '/home/maty/rob_movil_ws/build/lab2_iic2685' returned '0': CMAKE_PREFIX_PATH=${CMAKE_PREFIX_PATH}:/opt/ros/humble /usr/bin/cmake /home/maty/rob_movil_ws/src/lab2_iic2685 -DCMAKE_INSTALL_PREFIX=/home/maty/rob_movil_ws/install/lab2_iic2685
[1.222s] DEBUG:colcon.colcon_core.event_handler.log_command:Invoking command in '/home/maty/rob_movil_ws/build/lab2_iic2685': CMAKE_PREFIX_PATH=${CMAKE_PREFIX_PATH}:/opt/ros/humble /usr/bin/cmake --build /home/maty/rob_movil_ws/build/lab2_iic2685 -- -j22 -l22
[1.499s] DEBUG:colcon.colcon_core.event_handler.log_command:Invoked command in '/home/maty/rob_movil_ws/build/mini_tarea_2' returned '0': CMAKE_PREFIX_PATH=${CMAKE_PREFIX_PATH}:/opt/ros/humble /usr/bin/cmake /home/maty/rob_movil_ws/src/mini_tarea_2 -DCMAKE_INSTALL_PREFIX=/home/maty/rob_movil_ws/install/mini_tarea_2
[1.501s] DEBUG:colcon.colcon_core.event_handler.log_command:Invoking command in '/home/maty/rob_movil_ws/build/mini_tarea_2': CMAKE_PREFIX_PATH=${CMAKE_PREFIX_PATH}:/opt/ros/humble /usr/bin/cmake --build /home/maty/rob_movil_ws/build/mini_tarea_2 -- -j22 -l22
[1.596s] DEBUG:colcon.colcon_core.event_handler.log_command:Invoked command in '/home/maty/rob_movil_ws/build/lab2_iic2685' returned '0': CMAKE_PREFIX_PATH=${CMAKE_PREFIX_PATH}:/opt/ros/humble /usr/bin/cmake --build /home/maty/rob_movil_ws/build/lab2_iic2685 -- -j22 -l22
[1.599s] DEBUG:colcon.colcon_core.event_handler.log_command:Invoking command in '/home/maty/rob_movil_ws/build/lab2_iic2685': CMAKE_PREFIX_PATH=${CMAKE_PREFIX_PATH}:/opt/ros/humble /usr/bin/cmake --install /home/maty/rob_movil_ws/build/lab2_iic2685
[1.665s] Level 1:colcon.colcon_core.environment:create_environment_scripts_only(lab2_iic2685)
[1.666s] DEBUG:colcon.colcon_core.event_handler.log_command:Invoked command in '/home/maty/rob_movil_ws/build/lab2_iic2685' returned '0': CMAKE_PREFIX_PATH=${CMAKE_PREFIX_PATH}:/opt/ros/humble /usr/bin/cmake --install /home/maty/rob_movil_ws/build/lab2_iic2685
[1.666s] Level 1:colcon.colcon_core.environment:checking '/home/maty/rob_movil_ws/install/lab2_iic2685' for CMake module files
[1.667s] Level 1:colcon.colcon_core.environment:checking '/home/maty/rob_movil_ws/install/lab2_iic2685' for CMake config files
[1.673s] Level 1:colcon.colcon_core.shell:create_environment_hook('lab2_iic2685', 'cmake_prefix_path')
[1.673s] INFO:colcon.colcon_core.shell:Creating environment hook '/home/maty/rob_movil_ws/install/lab2_iic2685/share/lab2_iic2685/hook/cmake_prefix_path.ps1'
[1.674s] INFO:colcon.colcon_core.shell:Creating environment descriptor '/home/maty/rob_movil_ws/install/lab2_iic2685/share/lab2_iic2685/hook/cmake_prefix_path.dsv'
[1.674s] INFO:colcon.colcon_core.shell:Creating environment hook '/home/maty/rob_movil_ws/install/lab2_iic2685/share/lab2_iic2685/hook/cmake_prefix_path.sh'
[1.675s] Level 1:colcon.colcon_core.environment:checking '/home/maty/rob_movil_ws/install/lab2_iic2685/lib'
[1.675s] Level 1:colcon.colcon_core.environment:checking '/home/maty/rob_movil_ws/install/lab2_iic2685/bin'
[1.675s] Level 1:colcon.colcon_core.environment:checking '/home/maty/rob_movil_ws/install/lab2_iic2685/lib/pkgconfig/lab2_iic2685.pc'
[1.675s] Level 1:colcon.colcon_core.environment:checking '/home/maty/rob_movil_ws/install/lab2_iic2685/lib/python3.10/site-packages'
[1.675s] Level 1:colcon.colcon_core.environment:checking '/home/maty/rob_movil_ws/install/lab2_iic2685/bin'
[1.676s] INFO:colcon.colcon_core.shell:Creating package script '/home/maty/rob_movil_ws/install/lab2_iic2685/share/lab2_iic2685/package.ps1'
[1.676s] INFO:colcon.colcon_core.shell:Creating package descriptor '/home/maty/rob_movil_ws/install/lab2_iic2685/share/lab2_iic2685/package.dsv'
[1.677s] INFO:colcon.colcon_core.shell:Creating package script '/home/maty/rob_movil_ws/install/lab2_iic2685/share/lab2_iic2685/package.sh'
[1.677s] INFO:colcon.colcon_core.shell:Creating package script '/home/maty/rob_movil_ws/install/lab2_iic2685/share/lab2_iic2685/package.bash'
[1.678s] INFO:colcon.colcon_core.shell:Creating package script '/home/maty/rob_movil_ws/install/lab2_iic2685/share/lab2_iic2685/package.zsh'
[1.678s] Level 1:colcon.colcon_core.environment:create_file_with_runtime_dependencies(/home/maty/rob_movil_ws/install/lab2_iic2685/share/colcon-core/packages/lab2_iic2685)
[1.679s] Level 1:colcon.colcon_core.environment:create_environment_scripts_only(lab2_iic2685)
[1.679s] Level 1:colcon.colcon_core.environment:checking '/home/maty/rob_movil_ws/install/lab2_iic2685' for CMake module files
[1.680s] Level 1:colcon.colcon_core.environment:checking '/home/maty/rob_movil_ws/install/lab2_iic2685' for CMake config files
[1.680s] Level 1:colcon.colcon_core.shell:create_environment_hook('lab2_iic2685', 'cmake_prefix_path')
[1.680s] INFO:colcon.colcon_core.shell:Creating environment hook '/home/maty/rob_movil_ws/install/lab2_iic2685/share/lab2_iic2685/hook/cmake_prefix_path.ps1'
[1.681s] INFO:colcon.colcon_core.shell:Creating environment descriptor '/home/maty/rob_movil_ws/install/lab2_iic2685/share/lab2_iic2685/hook/cmake_prefix_path.dsv'
[1.681s] INFO:colcon.colcon_core.shell:Creating environment hook '/home/maty/rob_movil_ws/install/lab2_iic2685/share/lab2_iic2685/hook/cmake_prefix_path.sh'
[1.682s] Level 1:colcon.colcon_core.environment:checking '/home/maty/rob_movil_ws/install/lab2_iic2685/lib'
[1.682s] Level 1:colcon.colcon_core.environment:checking '/home/maty/rob_movil_ws/install/lab2_iic2685/bin'
[1.682s] Level 1:colcon.colcon_core.environment:checking '/home/maty/rob_movil_ws/install/lab2_iic2685/lib/pkgconfig/lab2_iic2685.pc'
[1.682s] Level 1:colcon.colcon_core.environment:checking '/home/maty/rob_movil_ws/install/lab2_iic2685/lib/python3.10/site-packages'
[1.682s] Level 1:colcon.colcon_core.environment:checking '/home/maty/rob_movil_ws/install/lab2_iic2685/bin'
[1.683s] INFO:colcon.colcon_core.shell:Creating package script '/home/maty/rob_movil_ws/install/lab2_iic2685/share/lab2_iic2685/package.ps1'
[1.683s] INFO:colcon.colcon_core.shell:Creating package descriptor '/home/maty/rob_movil_ws/install/lab2_iic2685/share/lab2_iic2685/package.dsv'
[1.684s] INFO:colcon.colcon_core.shell:Creating package script '/home/maty/rob_movil_ws/install/lab2_iic2685/share/lab2_iic2685/package.sh'
[1.684s] INFO:colcon.colcon_core.shell:Creating package script '/home/maty/rob_movil_ws/install/lab2_iic2685/share/lab2_iic2685/package.bash'
[1.684s] INFO:colcon.colcon_core.shell:Creating package script '/home/maty/rob_movil_ws/install/lab2_iic2685/share/lab2_iic2685/package.zsh'
[1.685s] Level 1:colcon.colcon_core.environment:create_file_with_runtime_dependencies(/home/maty/rob_movil_ws/install/lab2_iic2685/share/colcon-core/packages/lab2_iic2685)
[1.848s] DEBUG:colcon.colcon_core.event_handler.log_command:Invoked command in '/home/maty/rob_movil_ws/build/mini_tarea_2' returned '0': CMAKE_PREFIX_PATH=${CMAKE_PREFIX_PATH}:/opt/ros/humble /usr/bin/cmake --build /home/maty/rob_movil_ws/build/mini_tarea_2 -- -j22 -l22
[1.851s] DEBUG:colcon.colcon_core.event_handler.log_command:Invoking command in '/home/maty/rob_movil_ws/build/mini_tarea_2': CMAKE_PREFIX_PATH=${CMAKE_PREFIX_PATH}:/opt/ros/humble /usr/bin/cmake --install /home/maty/rob_movil_ws/build/mini_tarea_2
[1.926s] Level 1:colcon.colcon_core.environment:create_environment_scripts_only(mini_tarea_2)
[1.926s] Level 1:colcon.colcon_core.environment:checking '/home/maty/rob_movil_ws/install/mini_tarea_2' for CMake module files
[1.927s] DEBUG:colcon.colcon_core.event_handler.log_command:Invoked command in '/home/maty/rob_movil_ws/build/mini_tarea_2' returned '0': CMAKE_PREFIX_PATH=${CMAKE_PREFIX_PATH}:/opt/ros/humble /usr/bin/cmake --install /home/maty/rob_movil_ws/build/mini_tarea_2
[1.928s] Level 1:colcon.colcon_core.environment:checking '/home/maty/rob_movil_ws/install/mini_tarea_2' for CMake config files
[1.931s] Level 1:colcon.colcon_core.shell:create_environment_hook('mini_tarea_2', 'cmake_prefix_path')
[1.931s] INFO:colcon.colcon_core.shell:Creating environment hook '/home/maty/rob_movil_ws/install/mini_tarea_2/share/mini_tarea_2/hook/cmake_prefix_path.ps1'
[1.931s] INFO:colcon.colcon_core.shell:Creating environment descriptor '/home/maty/rob_movil_ws/install/mini_tarea_2/share/mini_tarea_2/hook/cmake_prefix_path.dsv'
[1.932s] INFO:colcon.colcon_core.shell:Creating environment hook '/home/maty/rob_movil_ws/install/mini_tarea_2/share/mini_tarea_2/hook/cmake_prefix_path.sh'
[1.932s] Level 1:colcon.colcon_core.environment:checking '/home/maty/rob_movil_ws/install/mini_tarea_2/lib'
[1.932s] Level 1:colcon.colcon_core.environment:checking '/home/maty/rob_movil_ws/install/mini_tarea_2/bin'
[1.933s] Level 1:colcon.colcon_core.environment:checking '/home/maty/rob_movil_ws/install/mini_tarea_2/lib/pkgconfig/mini_tarea_2.pc'
[1.933s] Level 1:colcon.colcon_core.environment:checking '/home/maty/rob_movil_ws/install/mini_tarea_2/lib/python3.10/site-packages'
[1.933s] Level 1:colcon.colcon_core.environment:checking '/home/maty/rob_movil_ws/install/mini_tarea_2/bin'
[1.933s] INFO:colcon.colcon_core.shell:Creating package script '/home/maty/rob_movil_ws/install/mini_tarea_2/share/mini_tarea_2/package.ps1'
[1.934s] INFO:colcon.colcon_core.shell:Creating package descriptor '/home/maty/rob_movil_ws/install/mini_tarea_2/share/mini_tarea_2/package.dsv'
[1.934s] INFO:colcon.colcon_core.shell:Creating package script '/home/maty/rob_movil_ws/install/mini_tarea_2/share/mini_tarea_2/package.sh'
[1.935s] INFO:colcon.colcon_core.shell:Creating package script '/home/maty/rob_movil_ws/install/mini_tarea_2/share/mini_tarea_2/package.bash'
[1.935s] INFO:colcon.colcon_core.shell:Creating package script '/home/maty/rob_movil_ws/install/mini_tarea_2/share/mini_tarea_2/package.zsh'
[1.936s] Level 1:colcon.colcon_core.environment:create_file_with_runtime_dependencies(/home/maty/rob_movil_ws/install/mini_tarea_2/share/colcon-core/packages/mini_tarea_2)
[1.936s] Level 1:colcon.colcon_core.environment:create_environment_scripts_only(mini_tarea_2)
[1.937s] Level 1:colcon.colcon_core.environment:checking '/home/maty/rob_movil_ws/install/mini_tarea_2' for CMake module files
[1.937s] Level 1:colcon.colcon_core.environment:checking '/home/maty/rob_movil_ws/install/mini_tarea_2' for CMake config files
[1.938s] Level 1:colcon.colcon_core.shell:create_environment_hook('mini_tarea_2', 'cmake_prefix_path')
[1.938s] INFO:colcon.colcon_core.shell:Creating environment hook '/home/maty/rob_movil_ws/install/mini_tarea_2/share/mini_tarea_2/hook/cmake_prefix_path.ps1'
[1.938s] INFO:colcon.colcon_core.shell:Creating environment descriptor '/home/maty/rob_movil_ws/install/mini_tarea_2/share/mini_tarea_2/hook/cmake_prefix_path.dsv'
[1.939s] INFO:colcon.colcon_core.shell:Creating environment hook '/home/maty/rob_movil_ws/install/mini_tarea_2/share/mini_tarea_2/hook/cmake_prefix_path.sh'
[1.939s] Level 1:colcon.colcon_core.environment:checking '/home/maty/rob_movil_ws/install/mini_tarea_2/lib'
[1.939s] Level 1:colcon.colcon_core.environment:checking '/home/maty/rob_movil_ws/install/mini_tarea_2/bin'
[1.939s] Level 1:colcon.colcon_core.environment:checking '/home/maty/rob_movil_ws/install/mini_tarea_2/lib/pkgconfig/mini_tarea_2.pc'
[1.940s] Level 1:colcon.colcon_core.environment:checking '/home/maty/rob_movil_ws/install/mini_tarea_2/lib/python3.10/site-packages'
[1.940s] Level 1:colcon.colcon_core.environment:checking '/home/maty/rob_movil_ws/install/mini_tarea_2/bin'
[1.940s] INFO:colcon.colcon_core.shell:Creating package script '/home/maty/rob_movil_ws/install/mini_tarea_2/share/mini_tarea_2/package.ps1'
[1.941s] INFO:colcon.colcon_core.shell:Creating package descriptor '/home/maty/rob_movil_ws/install/mini_tarea_2/share/mini_tarea_2/package.dsv'
[1.941s] INFO:colcon.colcon_core.shell:Creating package script '/home/maty/rob_movil_ws/install/mini_tarea_2/share/mini_tarea_2/package.sh'
[1.942s] INFO:colcon.colcon_core.shell:Creating package script '/home/maty/rob_movil_ws/install/mini_tarea_2/share/mini_tarea_2/package.bash'
[1.942s] INFO:colcon.colcon_core.shell:Creating package script '/home/maty/rob_movil_ws/install/mini_tarea_2/share/mini_tarea_2/package.zsh'
[1.943s] Level 1:colcon.colcon_core.environment:create_file_with_runtime_dependencies(/home/maty/rob_movil_ws/install/mini_tarea_2/share/colcon-core/packages/mini_tarea_2)
[3.840s] DEBUG:colcon.colcon_core.event_handler.log_command:Invoked command in '/home/maty/rob_movil_ws/build/cmd_vel_mux' returned '0': CMAKE_PREFIX_PATH=${CMAKE_PREFIX_PATH}:/opt/ros/humble /usr/bin/cmake /home/maty/rob_movil_ws/src/cmd_vel_mux -DCMAKE_INSTALL_PREFIX=/home/maty/rob_movil_ws/install/cmd_vel_mux
[3.842s] DEBUG:colcon.colcon_core.event_handler.log_command:Invoking command in '/home/maty/rob_movil_ws/build/cmd_vel_mux': CMAKE_PREFIX_PATH=${CMAKE_PREFIX_PATH}:/opt/ros/humble /usr/bin/cmake --build /home/maty/rob_movil_ws/build/cmd_vel_mux -- -j22 -l22
[3.908s] DEBUG:colcon.colcon_core.event_handler.log_command:Invoked command in '/home/maty/rob_movil_ws/build/cmd_vel_mux' returned '0': CMAKE_PREFIX_PATH=${CMAKE_PREFIX_PATH}:/opt/ros/humble /usr/bin/cmake --build /home/maty/rob_movil_ws/build/cmd_vel_mux -- -j22 -l22
[3.911s] DEBUG:colcon.colcon_core.event_handler.log_command:Invoking command in '/home/maty/rob_movil_ws/build/cmd_vel_mux': CMAKE_PREFIX_PATH=${CMAKE_PREFIX_PATH}:/opt/ros/humble /usr/bin/cmake --install /home/maty/rob_movil_ws/build/cmd_vel_mux
[3.938s] Level 1:colcon.colcon_core.environment:create_environment_scripts_only(cmd_vel_mux)
[3.938s] DEBUG:colcon.colcon_core.event_handler.log_command:Invoked command in '/home/maty/rob_movil_ws/build/cmd_vel_mux' returned '0': CMAKE_PREFIX_PATH=${CMAKE_PREFIX_PATH}:/opt/ros/humble /usr/bin/cmake --install /home/maty/rob_movil_ws/build/cmd_vel_mux
[3.939s] Level 1:colcon.colcon_core.environment:checking '/home/maty/rob_movil_ws/install/cmd_vel_mux' for CMake module files
[3.940s] Level 1:colcon.colcon_core.environment:checking '/home/maty/rob_movil_ws/install/cmd_vel_mux' for CMake config files
[3.942s] Level 1:colcon.colcon_core.shell:create_environment_hook('cmd_vel_mux', 'cmake_prefix_path')
[3.942s] INFO:colcon.colcon_core.shell:Creating environment hook '/home/maty/rob_movil_ws/install/cmd_vel_mux/share/cmd_vel_mux/hook/cmake_prefix_path.ps1'
[3.943s] INFO:colcon.colcon_core.shell:Creating environment descriptor '/home/maty/rob_movil_ws/install/cmd_vel_mux/share/cmd_vel_mux/hook/cmake_prefix_path.dsv'
[3.943s] INFO:colcon.colcon_core.shell:Creating environment hook '/home/maty/rob_movil_ws/install/cmd_vel_mux/share/cmd_vel_mux/hook/cmake_prefix_path.sh'
[3.944s] Level 1:colcon.colcon_core.environment:checking '/home/maty/rob_movil_ws/install/cmd_vel_mux/lib'
[3.944s] Level 1:colcon.colcon_core.shell:create_environment_hook('cmd_vel_mux', 'ld_library_path_lib')
[3.944s] INFO:colcon.colcon_core.shell:Creating environment hook '/home/maty/rob_movil_ws/install/cmd_vel_mux/share/cmd_vel_mux/hook/ld_library_path_lib.ps1'
[3.945s] INFO:colcon.colcon_core.shell:Creating environment descriptor '/home/maty/rob_movil_ws/install/cmd_vel_mux/share/cmd_vel_mux/hook/ld_library_path_lib.dsv'
[3.945s] INFO:colcon.colcon_core.shell:Creating environment hook '/home/maty/rob_movil_ws/install/cmd_vel_mux/share/cmd_vel_mux/hook/ld_library_path_lib.sh'
[3.946s] Level 1:colcon.colcon_core.environment:checking '/home/maty/rob_movil_ws/install/cmd_vel_mux/bin'
[3.946s] Level 1:colcon.colcon_core.environment:checking '/home/maty/rob_movil_ws/install/cmd_vel_mux/lib/pkgconfig/cmd_vel_mux.pc'
[3.946s] Level 1:colcon.colcon_core.environment:checking '/home/maty/rob_movil_ws/install/cmd_vel_mux/lib/python3.10/site-packages'
[3.947s] Level 1:colcon.colcon_core.environment:checking '/home/maty/rob_movil_ws/install/cmd_vel_mux/bin'
[3.947s] INFO:colcon.colcon_core.shell:Creating package script '/home/maty/rob_movil_ws/install/cmd_vel_mux/share/cmd_vel_mux/package.ps1'
[3.947s] INFO:colcon.colcon_core.shell:Creating package descriptor '/home/maty/rob_movil_ws/install/cmd_vel_mux/share/cmd_vel_mux/package.dsv'
[3.948s] INFO:colcon.colcon_core.shell:Creating package script '/home/maty/rob_movil_ws/install/cmd_vel_mux/share/cmd_vel_mux/package.sh'
[3.948s] INFO:colcon.colcon_core.shell:Creating package script '/home/maty/rob_movil_ws/install/cmd_vel_mux/share/cmd_vel_mux/package.bash'
[3.949s] INFO:colcon.colcon_core.shell:Creating package script '/home/maty/rob_movil_ws/install/cmd_vel_mux/share/cmd_vel_mux/package.zsh'
[3.949s] Level 1:colcon.colcon_core.environment:create_file_with_runtime_dependencies(/home/maty/rob_movil_ws/install/cmd_vel_mux/share/colcon-core/packages/cmd_vel_mux)
[3.950s] Level 1:colcon.colcon_core.environment:create_environment_scripts_only(cmd_vel_mux)
[3.950s] Level 1:colcon.colcon_core.environment:checking '/home/maty/rob_movil_ws/install/cmd_vel_mux' for CMake module files
[3.950s] Level 1:colcon.colcon_core.environment:checking '/home/maty/rob_movil_ws/install/cmd_vel_mux' for CMake config files
[3.951s] Level 1:colcon.colcon_core.shell:create_environment_hook('cmd_vel_mux', 'cmake_prefix_path')
[3.951s] INFO:colcon.colcon_core.shell:Creating environment hook '/home/maty/rob_movil_ws/install/cmd_vel_mux/share/cmd_vel_mux/hook/cmake_prefix_path.ps1'
[3.951s] INFO:colcon.colcon_core.shell:Creating environment descriptor '/home/maty/rob_movil_ws/install/cmd_vel_mux/share/cmd_vel_mux/hook/cmake_prefix_path.dsv'
[3.952s] INFO:colcon.colcon_core.shell:Creating environment hook '/home/maty/rob_movil_ws/install/cmd_vel_mux/share/cmd_vel_mux/hook/cmake_prefix_path.sh'
[3.952s] Level 1:colcon.colcon_core.environment:checking '/home/maty/rob_movil_ws/install/cmd_vel_mux/lib'
[3.952s] Level 1:colcon.colcon_core.shell:create_environment_hook('cmd_vel_mux', 'ld_library_path_lib')
[3.953s] INFO:colcon.colcon_core.shell:Creating environment hook '/home/maty/rob_movil_ws/install/cmd_vel_mux/share/cmd_vel_mux/hook/ld_library_path_lib.ps1'
[3.953s] INFO:colcon.colcon_core.shell:Creating environment descriptor '/home/maty/rob_movil_ws/install/cmd_vel_mux/share/cmd_vel_mux/hook/ld_library_path_lib.dsv'
[3.953s] INFO:colcon.colcon_core.shell:Creating environment hook '/home/maty/rob_movil_ws/install/cmd_vel_mux/share/cmd_vel_mux/hook/ld_library_path_lib.sh'
[3.954s] Level 1:colcon.colcon_core.environment:checking '/home/maty/rob_movil_ws/install/cmd_vel_mux/bin'
[3.954s] Level 1:colcon.colcon_core.environment:checking '/home/maty/rob_movil_ws/install/cmd_vel_mux/lib/pkgconfig/cmd_vel_mux.pc'
[3.954s] Level 1:colcon.colcon_core.environment:checking '/home/maty/rob_movil_ws/install/cmd_vel_mux/lib/python3.10/site-packages'
[3.954s] Level 1:colcon.colcon_core.environment:checking '/home/maty/rob_movil_ws/install/cmd_vel_mux/bin'
[3.954s] INFO:colcon.colcon_core.shell:Creating package script '/home/maty/rob_movil_ws/install/cmd_vel_mux/share/cmd_vel_mux/package.ps1'
[3.955s] INFO:colcon.colcon_core.shell:Creating package descriptor '/home/maty/rob_movil_ws/install/cmd_vel_mux/share/cmd_vel_mux/package.dsv'
[3.955s] INFO:colcon.colcon_core.shell:Creating package script '/home/maty/rob_movil_ws/install/cmd_vel_mux/share/cmd_vel_mux/package.sh'
[3.956s] INFO:colcon.colcon_core.shell:Creating package script '/home/maty/rob_movil_ws/install/cmd_vel_mux/share/cmd_vel_mux/package.bash'
[3.956s] INFO:colcon.colcon_core.shell:Creating package script '/home/maty/rob_movil_ws/install/cmd_vel_mux/share/cmd_vel_mux/package.zsh'
[3.956s] Level 1:colcon.colcon_core.environment:create_file_with_runtime_dependencies(/home/maty/rob_movil_ws/install/cmd_vel_mux/share/colcon-core/packages/cmd_vel_mux)
[5.364s] DEBUG:colcon.colcon_core.event_handler.log_command:Invoked command in '/home/maty/rob_movil_ws/build/very_simple_robot_simulator' returned '0': CMAKE_PREFIX_PATH=${CMAKE_PREFIX_PATH}:/opt/ros/humble /usr/bin/cmake /home/maty/rob_movil_ws/src/very_simple_robot_simulator -DCMAKE_INSTALL_PREFIX=/home/maty/rob_movil_ws/install/very_simple_robot_simulator
[5.365s] DEBUG:colcon.colcon_core.event_handler.log_command:Invoking command in '/home/maty/rob_movil_ws/build/very_simple_robot_simulator': CMAKE_PREFIX_PATH=${CMAKE_PREFIX_PATH}:/opt/ros/humble /usr/bin/cmake --build /home/maty/rob_movil_ws/build/very_simple_robot_simulator -- -j22 -l22
[5.740s] DEBUG:colcon.colcon_core.event_handler.log_command:Invoked command in '/home/maty/rob_movil_ws/build/very_simple_robot_simulator' returned '0': CMAKE_PREFIX_PATH=${CMAKE_PREFIX_PATH}:/opt/ros/humble /usr/bin/cmake --build /home/maty/rob_movil_ws/build/very_simple_robot_simulator -- -j22 -l22
[5.743s] DEBUG:colcon.colcon_core.event_handler.log_command:Invoking command in '/home/maty/rob_movil_ws/build/very_simple_robot_simulator': CMAKE_PREFIX_PATH=${CMAKE_PREFIX_PATH}:/opt/ros/humble /usr/bin/cmake --install /home/maty/rob_movil_ws/build/very_simple_robot_simulator
[5.828s] Level 1:colcon.colcon_core.environment:create_environment_scripts_only(very_simple_robot_simulator)
[5.828s] Level 1:colcon.colcon_core.environment:checking '/home/maty/rob_movil_ws/install/very_simple_robot_simulator' for CMake module files
[5.829s] DEBUG:colcon.colcon_core.event_handler.log_command:Invoked command in '/home/maty/rob_movil_ws/build/very_simple_robot_simulator' returned '0': CMAKE_PREFIX_PATH=${CMAKE_PREFIX_PATH}:/opt/ros/humble /usr/bin/cmake --install /home/maty/rob_movil_ws/build/very_simple_robot_simulator
[5.830s] Level 1:colcon.colcon_core.environment:checking '/home/maty/rob_movil_ws/install/very_simple_robot_simulator' for CMake config files
[5.834s] Level 1:colcon.colcon_core.shell:create_environment_hook('very_simple_robot_simulator', 'cmake_prefix_path')
[5.834s] INFO:colcon.colcon_core.shell:Creating environment hook '/home/maty/rob_movil_ws/install/very_simple_robot_simulator/share/very_simple_robot_simulator/hook/cmake_prefix_path.ps1'
[5.835s] INFO:colcon.colcon_core.shell:Creating environment descriptor '/home/maty/rob_movil_ws/install/very_simple_robot_simulator/share/very_simple_robot_simulator/hook/cmake_prefix_path.dsv'
[5.835s] INFO:colcon.colcon_core.shell:Creating environment hook '/home/maty/rob_movil_ws/install/very_simple_robot_simulator/share/very_simple_robot_simulator/hook/cmake_prefix_path.sh'
[5.836s] Level 1:colcon.colcon_core.environment:checking '/home/maty/rob_movil_ws/install/very_simple_robot_simulator/lib'
[5.836s] Level 1:colcon.colcon_core.environment:checking '/home/maty/rob_movil_ws/install/very_simple_robot_simulator/bin'
[5.836s] Level 1:colcon.colcon_core.environment:checking '/home/maty/rob_movil_ws/install/very_simple_robot_simulator/lib/pkgconfig/very_simple_robot_simulator.pc'
[5.836s] Level 1:colcon.colcon_core.environment:checking '/home/maty/rob_movil_ws/install/very_simple_robot_simulator/lib/python3.10/site-packages'
[5.837s] Level 1:colcon.colcon_core.environment:checking '/home/maty/rob_movil_ws/install/very_simple_robot_simulator/bin'
[5.837s] INFO:colcon.colcon_core.shell:Creating package script '/home/maty/rob_movil_ws/install/very_simple_robot_simulator/share/very_simple_robot_simulator/package.ps1'
[5.838s] INFO:colcon.colcon_core.shell:Creating package descriptor '/home/maty/rob_movil_ws/install/very_simple_robot_simulator/share/very_simple_robot_simulator/package.dsv'
[5.838s] INFO:colcon.colcon_core.shell:Creating package script '/home/maty/rob_movil_ws/install/very_simple_robot_simulator/share/very_simple_robot_simulator/package.sh'
[5.839s] INFO:colcon.colcon_core.shell:Creating package script '/home/maty/rob_movil_ws/install/very_simple_robot_simulator/share/very_simple_robot_simulator/package.bash'
[5.839s] INFO:colcon.colcon_core.shell:Creating package script '/home/maty/rob_movil_ws/install/very_simple_robot_simulator/share/very_simple_robot_simulator/package.zsh'
[5.840s] Level 1:colcon.colcon_core.environment:create_file_with_runtime_dependencies(/home/maty/rob_movil_ws/install/very_simple_robot_simulator/share/colcon-core/packages/very_simple_robot_simulator)
[5.841s] Level 1:colcon.colcon_core.environment:create_environment_scripts_only(very_simple_robot_simulator)
[5.841s] Level 1:colcon.colcon_core.environment:checking '/home/maty/rob_movil_ws/install/very_simple_robot_simulator' for CMake module files
[5.842s] Level 1:colcon.colcon_core.environment:checking '/home/maty/rob_movil_ws/install/very_simple_robot_simulator' for CMake config files
[5.842s] Level 1:colcon.colcon_core.shell:create_environment_hook('very_simple_robot_simulator', 'cmake_prefix_path')
[5.843s] INFO:colcon.colcon_core.shell:Creating environment hook '/home/maty/rob_movil_ws/install/very_simple_robot_simulator/share/very_simple_robot_simulator/hook/cmake_prefix_path.ps1'
[5.843s] INFO:colcon.colcon_core.shell:Creating environment descriptor '/home/maty/rob_movil_ws/install/very_simple_robot_simulator/share/very_simple_robot_simulator/hook/cmake_prefix_path.dsv'
[5.844s] INFO:colcon.colcon_core.shell:Creating environment hook '/home/maty/rob_movil_ws/install/very_simple_robot_simulator/share/very_simple_robot_simulator/hook/cmake_prefix_path.sh'
[5.844s] Level 1:colcon.colcon_core.environment:checking '/home/maty/rob_movil_ws/install/very_simple_robot_simulator/lib'
[5.844s] Level 1:colcon.colcon_core.environment:checking '/home/maty/rob_movil_ws/install/very_simple_robot_simulator/bin'
[5.844s] Level 1:colcon.colcon_core.environment:checking '/home/maty/rob_movil_ws/install/very_simple_robot_simulator/lib/pkgconfig/very_simple_robot_simulator.pc'
[5.845s] Level 1:colcon.colcon_core.environment:checking '/home/maty/rob_movil_ws/install/very_simple_robot_simulator/lib/python3.10/site-packages'
[5.845s] Level 1:colcon.colcon_core.environment:checking '/home/maty/rob_movil_ws/install/very_simple_robot_simulator/bin'
[5.845s] INFO:colcon.colcon_core.shell:Creating package script '/home/maty/rob_movil_ws/install/very_simple_robot_simulator/share/very_simple_robot_simulator/package.ps1'
[5.846s] INFO:colcon.colcon_core.shell:Creating package descriptor '/home/maty/rob_movil_ws/install/very_simple_robot_simulator/share/very_simple_robot_simulator/package.dsv'
[5.846s] INFO:colcon.colcon_core.shell:Creating package script '/home/maty/rob_movil_ws/install/very_simple_robot_simulator/share/very_simple_robot_simulator/package.sh'
[5.847s] INFO:colcon.colcon_core.shell:Creating package script '/home/maty/rob_movil_ws/install/very_simple_robot_simulator/share/very_simple_robot_simulator/package.bash'
[5.847s] INFO:colcon.colcon_core.shell:Creating package script '/home/maty/rob_movil_ws/install/very_simple_robot_simulator/share/very_simple_robot_simulator/package.zsh'
[5.847s] Level 1:colcon.colcon_core.environment:create_file_with_runtime_dependencies(/home/maty/rob_movil_ws/install/very_simple_robot_simulator/share/colcon-core/packages/very_simple_robot_simulator)
[5.848s] DEBUG:colcon.colcon_parallel_executor.executor.parallel:closing loop
[5.848s] DEBUG:colcon.colcon_parallel_executor.executor.parallel:loop closed
[5.848s] DEBUG:colcon.colcon_parallel_executor.executor.parallel:run_until_complete finished with '0'
[5.848s] DEBUG:colcon.colcon_core.event_reactor:joining thread
[5.914s] INFO:colcon.colcon_core.plugin_system:Skipping extension 'colcon_notification.desktop_notification.notify_send': Could not find 'notify-send'
[5.915s] INFO:colcon.colcon_core.plugin_system:Skipping extension 'colcon_notification.desktop_notification.terminal_notifier': Not used on non-Darwin systems
[5.915s] INFO:colcon.colcon_core.plugin_system:Skipping extension 'colcon_notification.desktop_notification.win32': Not used on non-Windows systems
[5.915s] INFO:colcon.colcon_notification.desktop_notification:Sending desktop notification using 'notify2'
[5.915s] DEBUG:colcon.colcon_notification.desktop_notification.notify2:Failed to initialize notify2: org.freedesktop.DBus.Error.FileNotFound: Failed to connect to socket /run/user/1000/bus: No such file or directory
[5.916s] DEBUG:colcon.colcon_core.event_reactor:joined thread
[5.916s] INFO:colcon.colcon_core.shell:Creating prefix script '/home/maty/rob_movil_ws/install/local_setup.ps1'
[5.919s] INFO:colcon.colcon_core.shell:Creating prefix util module '/home/maty/rob_movil_ws/install/_local_setup_util_ps1.py'
[5.922s] INFO:colcon.colcon_core.shell:Creating prefix chain script '/home/maty/rob_movil_ws/install/setup.ps1'
[5.924s] INFO:colcon.colcon_core.shell:Creating prefix script '/home/maty/rob_movil_ws/install/local_setup.sh'
[5.926s] INFO:colcon.colcon_core.shell:Creating prefix util module '/home/maty/rob_movil_ws/install/_local_setup_util_sh.py'
[5.926s] INFO:colcon.colcon_core.shell:Creating prefix chain script '/home/maty/rob_movil_ws/install/setup.sh'
[5.929s] INFO:colcon.colcon_core.shell:Creating prefix script '/home/maty/rob_movil_ws/install/local_setup.bash'
[5.930s] INFO:colcon.colcon_core.shell:Creating prefix chain script '/home/maty/rob_movil_ws/install/setup.bash'
[5.933s] INFO:colcon.colcon_core.shell:Creating prefix script '/home/maty/rob_movil_ws/install/local_setup.zsh'
[5.934s] INFO:colcon.colcon_core.shell:Creating prefix chain script '/home/maty/rob_movil_ws/install/setup.zsh'
