[0.036s] Invoking command in '/home/maty/rob_movil_ws/build/mini_tarea_2': CMAKE_PREFIX_PATH=${CMAKE_PREFIX_PATH}:/opt/ros/humble /usr/bin/cmake --build /home/maty/rob_movil_ws/build/mini_tarea_2 -- -j22 -l22
[0.092s] Built target ament_cmake_python_symlink_mini_tarea_2
[0.352s] running egg_info
[0.352s] writing mini_tarea_2.egg-info/PKG-INFO
[0.353s] writing dependency_links to mini_tarea_2.egg-info/dependency_links.txt
[0.353s] writing top-level names to mini_tarea_2.egg-info/top_level.txt
[0.356s] reading manifest file 'mini_tarea_2.egg-info/SOURCES.txt'
[0.356s] writing manifest file 'mini_tarea_2.egg-info/SOURCES.txt'
[0.389s] Built target ament_cmake_python_build_mini_tarea_2_egg
[0.400s] Invoked command in '/home/maty/rob_movil_ws/build/mini_tarea_2' returned '0': CMAKE_PREFIX_PATH=${CMAKE_PREFIX_PATH}:/opt/ros/humble /usr/bin/cmake --build /home/maty/rob_movil_ws/build/mini_tarea_2 -- -j22 -l22
[0.403s] Invoking command in '/home/maty/rob_movil_ws/build/mini_tarea_2': CMAKE_PREFIX_PATH=${CMAKE_PREFIX_PATH}:/opt/ros/humble /usr/bin/cmake --install /home/maty/rob_movil_ws/build/mini_tarea_2
[0.410s] -- Install configuration: ""
[0.411s] -- Execute custom install script
[0.412s] -- Up-to-date symlink: /home/maty/rob_movil_ws/install/mini_tarea_2/share/mini_tarea_2/environment/pythonpath.sh
[0.412s] -- Up-to-date symlink: /home/maty/rob_movil_ws/install/mini_tarea_2/share/mini_tarea_2/environment/pythonpath.dsv
[0.412s] -- Up-to-date symlink: /home/maty/rob_movil_ws/install/mini_tarea_2/local/lib/python3.10/dist-packages/mini_tarea_2-0.0.0-py3.10.egg-info/PKG-INFO
[0.413s] -- Up-to-date symlink: /home/maty/rob_movil_ws/install/mini_tarea_2/local/lib/python3.10/dist-packages/mini_tarea_2-0.0.0-py3.10.egg-info/SOURCES.txt
[0.413s] -- Up-to-date symlink: /home/maty/rob_movil_ws/install/mini_tarea_2/local/lib/python3.10/dist-packages/mini_tarea_2-0.0.0-py3.10.egg-info/dependency_links.txt
[0.413s] -- Up-to-date symlink: /home/maty/rob_movil_ws/install/mini_tarea_2/local/lib/python3.10/dist-packages/mini_tarea_2-0.0.0-py3.10.egg-info/top_level.txt
[0.414s] -- Up-to-date symlink: /home/maty/rob_movil_ws/install/mini_tarea_2/local/lib/python3.10/dist-packages/mini_tarea_2/__init__.py
[0.415s] -- Up-to-date symlink: /home/maty/rob_movil_ws/install/mini_tarea_2/lib/mini_tarea_2/pid_controller.py
[0.415s] -- Up-to-date symlink: /home/maty/rob_movil_ws/install/mini_tarea_2/lib/mini_tarea_2/virtual_robot.py
[0.415s] -- Up-to-date symlink: /home/maty/rob_movil_ws/install/mini_tarea_2/share/mini_tarea_2/launch/launch.py
[0.416s] -- Up-to-date symlink: /home/maty/rob_movil_ws/install/mini_tarea_2/share/ament_index/resource_index/package_run_dependencies/mini_tarea_2
[0.416s] -- Up-to-date symlink: /home/maty/rob_movil_ws/install/mini_tarea_2/share/ament_index/resource_index/parent_prefix_path/mini_tarea_2
[0.416s] -- Up-to-date symlink: /home/maty/rob_movil_ws/install/mini_tarea_2/share/mini_tarea_2/environment/ament_prefix_path.sh
[0.416s] -- Up-to-date symlink: /home/maty/rob_movil_ws/install/mini_tarea_2/share/mini_tarea_2/environment/ament_prefix_path.dsv
[0.418s] -- Up-to-date symlink: /home/maty/rob_movil_ws/install/mini_tarea_2/share/mini_tarea_2/environment/path.sh
[0.419s] -- Up-to-date symlink: /home/maty/rob_movil_ws/install/mini_tarea_2/share/mini_tarea_2/environment/path.dsv
[0.419s] -- Up-to-date symlink: /home/maty/rob_movil_ws/install/mini_tarea_2/share/mini_tarea_2/local_setup.bash
[0.420s] -- Up-to-date symlink: /home/maty/rob_movil_ws/install/mini_tarea_2/share/mini_tarea_2/local_setup.sh
[0.420s] -- Up-to-date symlink: /home/maty/rob_movil_ws/install/mini_tarea_2/share/mini_tarea_2/local_setup.zsh
[0.421s] -- Up-to-date symlink: /home/maty/rob_movil_ws/install/mini_tarea_2/share/mini_tarea_2/local_setup.dsv
[0.421s] -- Symlinking: /home/maty/rob_movil_ws/install/mini_tarea_2/share/mini_tarea_2/package.dsv
[0.425s] -- Up-to-date symlink: /home/maty/rob_movil_ws/install/mini_tarea_2/share/ament_index/resource_index/packages/mini_tarea_2
[0.427s] -- Up-to-date symlink: /home/maty/rob_movil_ws/install/mini_tarea_2/share/mini_tarea_2/cmake/mini_tarea_2Config.cmake
[0.428s] -- Up-to-date symlink: /home/maty/rob_movil_ws/install/mini_tarea_2/share/mini_tarea_2/cmake/mini_tarea_2Config-version.cmake
[0.428s] -- Up-to-date symlink: /home/maty/rob_movil_ws/install/mini_tarea_2/share/mini_tarea_2/package.xml
[0.465s] Listing '/home/maty/rob_movil_ws/install/mini_tarea_2/local/lib/python3.10/dist-packages/mini_tarea_2'...
[0.473s] Invoked command in '/home/maty/rob_movil_ws/build/mini_tarea_2' returned '0': CMAKE_PREFIX_PATH=${CMAKE_PREFIX_PATH}:/opt/ros/humble /usr/bin/cmake --install /home/maty/rob_movil_ws/build/mini_tarea_2
