[0.031s] Invoking command in '/home/maty/rob_movil_ws/build/very_simple_robot_simulator': /usr/bin/cmake /home/maty/rob_movil_ws/src/very_simple_robot_simulator -DCATKIN_INSTALL_INTO_PREFIX_ROOT=0 -DCMAKE_INSTALL_PREFIX=/home/maty/rob_movil_ws/install/very_simple_robot_simulator
[0.041s] [0mCMake Deprecation Warning at CMakeLists.txt:1 (cmake_minimum_required):
[0.041s]   Compatibility with CMake < 2.8.12 will be removed from a future version of
[0.041s]   CMake.
[0.041s] 
[0.041s]   Update the VERSION argument <min> value or use a ...<max> suffix to tell
[0.041s]   CMake that the project does not need compatibility with older versions.
[0.041s] 
[0.041s] [0m
[1.198s] [31mCMake Error at CMakeLists.txt:10 (find_package):
[1.198s]   By not providing "Findcatkin.cmake" in CMAKE_MODULE_PATH this project has
[1.198s]   asked CMake to find a package configuration file provided by "catkin", but
[1.199s]   CMake did not find one.
[1.199s] 
[1.199s]   Could not find a package configuration file provided by "catkin" with any
[1.199s]   of the following names:
[1.199s] 
[1.199s]     catkinConfig.cmake
[1.199s]     catkin-config.cmake
[1.199s] 
[1.199s]   Add the installation prefix of "catkin" to CMAKE_PREFIX_PATH or set
[1.199s]   "catkin_DIR" to a directory containing one of the above files.  If "catkin"
[1.199s]   provides a separate development package or SDK, be sure it has been
[1.199s]   installed.
[1.199s] 
[1.199s] [0m
[1.199s] -- Configuring incomplete, errors occurred!
[1.199s] See also "/home/maty/rob_movil_ws/build/very_simple_robot_simulator/CMakeFiles/CMakeOutput.log".
[1.201s] Invoked command in '/home/maty/rob_movil_ws/build/very_simple_robot_simulator' returned '1': /usr/bin/cmake /home/maty/rob_movil_ws/src/very_simple_robot_simulator -DCATKIN_INSTALL_INTO_PREFIX_ROOT=0 -DCMAKE_INSTALL_PREFIX=/home/maty/rob_movil_ws/install/very_simple_robot_simulator
