[0.230s] DEBUG:colcon:Command line arguments: ['/usr/bin/colcon', 'build', '--symlink-install']
[0.231s] DEBUG:colcon:Parsed command line arguments: Namespace(log_base=None, log_level=None, verb_name='build', build_base='build', install_base='install', merge_install=False, symlink_install=True, test_result_base=None, continue_on_error=False, executor='parallel', parallel_workers=22, event_handlers=None, ignore_user_meta=False, metas=['./colcon.meta'], base_paths=['.'], packages_ignore=None, packages_ignore_regex=None, paths=None, packages_up_to=None, packages_up_to_regex=None, packages_above=None, packages_above_and_dependencies=None, packages_above_depth=None, packages_select_by_dep=None, packages_skip_by_dep=None, packages_skip_up_to=None, packages_select_build_failed=False, packages_skip_build_finished=False, packages_select_test_failures=False, packages_skip_test_passed=False, packages_select=None, packages_skip=None, packages_select_regex=None, packages_skip_regex=None, packages_start=None, packages_end=None, allow_overriding=[], cmake_args=None, cmake_target=None, cmake_target_skip_unavailable=False, cmake_clean_cache=False, cmake_clean_first=False, cmake_force_configure=False, ament_cmake_args=None, catkin_cmake_args=None, catkin_skip_building_tests=False, mixin_files=None, mixin=None, verb_parser=<colcon_mixin.mixin.mixin_argument.MixinArgumentDecorator object at 0x7fb8d7fe56c0>, verb_extension=<colcon_core.verb.build.BuildVerb object at 0x7fb8d8172c20>, main=<bound method BuildVerb.main of <colcon_core.verb.build.BuildVerb object at 0x7fb8d8172c20>>, mixin_verb=('build',))
[0.756s] Level 1:colcon.colcon_core.package_discovery:discover_packages(colcon_meta) check parameters
[0.756s] Level 1:colcon.colcon_core.package_discovery:discover_packages(recursive) check parameters
[0.756s] Level 1:colcon.colcon_core.package_discovery:discover_packages(ignore) check parameters
[0.756s] Level 1:colcon.colcon_core.package_discovery:discover_packages(path) check parameters
[0.757s] Level 1:colcon.colcon_core.package_discovery:discover_packages(colcon_meta) discover
[0.757s] Level 1:colcon.colcon_core.package_discovery:discover_packages(recursive) discover
[0.757s] INFO:colcon.colcon_core.package_discovery:Crawling recursively for packages in '/home/maty/rob_movil_ws/src/lab2_iic2685'
[0.757s] Level 1:colcon.colcon_core.package_identification:_identify(.) by extensions ['ignore', 'ignore_ament_install']
[0.757s] Level 1:colcon.colcon_core.package_identification:_identify(.) by extension 'ignore'
[0.757s] Level 1:colcon.colcon_core.package_identification:_identify(.) by extension 'ignore_ament_install'
[0.757s] Level 1:colcon.colcon_core.package_identification:_identify(.) by extensions ['colcon_pkg']
[0.757s] Level 1:colcon.colcon_core.package_identification:_identify(.) by extension 'colcon_pkg'
[0.757s] Level 1:colcon.colcon_core.package_identification:_identify(.) by extensions ['colcon_meta']
[0.757s] Level 1:colcon.colcon_core.package_identification:_identify(.) by extension 'colcon_meta'
[0.757s] Level 1:colcon.colcon_core.package_identification:_identify(.) by extensions ['ros']
[0.757s] Level 1:colcon.colcon_core.package_identification:_identify(.) by extension 'ros'
[0.787s] DEBUG:colcon.colcon_core.package_identification:Package '.' with type 'ros.ament_cmake' and name 'lab2_iic2685'
[0.787s] Level 1:colcon.colcon_core.package_discovery:discover_packages(recursive) using defaults
[0.787s] Level 1:colcon.colcon_core.package_discovery:discover_packages(ignore) discover
[0.787s] Level 1:colcon.colcon_core.package_discovery:discover_packages(ignore) using defaults
[0.787s] Level 1:colcon.colcon_core.package_discovery:discover_packages(path) discover
[0.787s] Level 1:colcon.colcon_core.package_discovery:discover_packages(path) using defaults
[0.870s] Level 1:colcon.colcon_core.package_discovery:discover_packages(prefix_path) check parameters
[0.870s] Level 1:colcon.colcon_core.package_discovery:discover_packages(prefix_path) discover
[0.883s] DEBUG:colcon.colcon_installed_package_information.package_discovery:Found 5 installed packages in /home/maty/rob_movil_ws/install
[0.888s] DEBUG:colcon.colcon_installed_package_information.package_discovery:Found 274 installed packages in /opt/ros/humble
[0.890s] Level 1:colcon.colcon_core.package_discovery:discover_packages(prefix_path) using defaults
[1.064s] Level 5:colcon.colcon_core.verb:set package 'lab2_iic2685' build argument 'cmake_args' from command line to 'None'
[1.065s] Level 5:colcon.colcon_core.verb:set package 'lab2_iic2685' build argument 'cmake_target' from command line to 'None'
[1.065s] Level 5:colcon.colcon_core.verb:set package 'lab2_iic2685' build argument 'cmake_target_skip_unavailable' from command line to 'False'
[1.065s] Level 5:colcon.colcon_core.verb:set package 'lab2_iic2685' build argument 'cmake_clean_cache' from command line to 'False'
[1.065s] Level 5:colcon.colcon_core.verb:set package 'lab2_iic2685' build argument 'cmake_clean_first' from command line to 'False'
[1.065s] Level 5:colcon.colcon_core.verb:set package 'lab2_iic2685' build argument 'cmake_force_configure' from command line to 'False'
[1.065s] Level 5:colcon.colcon_core.verb:set package 'lab2_iic2685' build argument 'ament_cmake_args' from command line to 'None'
[1.065s] Level 5:colcon.colcon_core.verb:set package 'lab2_iic2685' build argument 'catkin_cmake_args' from command line to 'None'
[1.065s] Level 5:colcon.colcon_core.verb:set package 'lab2_iic2685' build argument 'catkin_skip_building_tests' from command line to 'False'
[1.065s] DEBUG:colcon.colcon_core.verb:Building package 'lab2_iic2685' with the following arguments: {'ament_cmake_args': None, 'build_base': '/home/maty/rob_movil_ws/src/lab2_iic2685/build/lab2_iic2685', 'catkin_cmake_args': None, 'catkin_skip_building_tests': False, 'cmake_args': None, 'cmake_clean_cache': False, 'cmake_clean_first': False, 'cmake_force_configure': False, 'cmake_target': None, 'cmake_target_skip_unavailable': False, 'install_base': '/home/maty/rob_movil_ws/src/lab2_iic2685/install/lab2_iic2685', 'merge_install': False, 'path': '/home/maty/rob_movil_ws/src/lab2_iic2685', 'symlink_install': True, 'test_result_base': None}
[1.066s] INFO:colcon.colcon_core.executor:Executing jobs using 'parallel' executor
[1.067s] DEBUG:colcon.colcon_parallel_executor.executor.parallel:run_until_complete
[1.068s] INFO:colcon.colcon_ros.task.ament_cmake.build:Building ROS package in '/home/maty/rob_movil_ws/src/lab2_iic2685' with build type 'ament_cmake'
[1.068s] INFO:colcon.colcon_cmake.task.cmake.build:Building CMake package in '/home/maty/rob_movil_ws/src/lab2_iic2685'
[1.078s] INFO:colcon.colcon_core.plugin_system:Skipping extension 'colcon_core.shell.bat': Not used on non-Windows systems
[1.079s] INFO:colcon.colcon_core.shell:Skip shell extension 'powershell' for command environment: Not usable outside of PowerShell
[1.079s] DEBUG:colcon.colcon_core.shell:Skip shell extension 'dsv' for command environment
[1.097s] DEBUG:colcon.colcon_core.event_handler.log_command:Invoking command in '/home/maty/rob_movil_ws/src/lab2_iic2685/build/lab2_iic2685': CMAKE_PREFIX_PATH=${CMAKE_PREFIX_PATH}:/opt/ros/humble /usr/bin/cmake --build /home/maty/rob_movil_ws/src/lab2_iic2685/build/lab2_iic2685 -- -j22 -l22
[2.158s] DEBUG:colcon.colcon_core.event_handler.log_command:Invoked command in '/home/maty/rob_movil_ws/src/lab2_iic2685/build/lab2_iic2685' returned '0': CMAKE_PREFIX_PATH=${CMAKE_PREFIX_PATH}:/opt/ros/humble /usr/bin/cmake --build /home/maty/rob_movil_ws/src/lab2_iic2685/build/lab2_iic2685 -- -j22 -l22
[2.167s] DEBUG:colcon.colcon_core.event_handler.log_command:Invoking command in '/home/maty/rob_movil_ws/src/lab2_iic2685/build/lab2_iic2685': CMAKE_PREFIX_PATH=${CMAKE_PREFIX_PATH}:/opt/ros/humble /usr/bin/cmake --install /home/maty/rob_movil_ws/src/lab2_iic2685/build/lab2_iic2685
[2.243s] Level 1:colcon.colcon_core.environment:create_environment_scripts_only(lab2_iic2685)
[2.244s] DEBUG:colcon.colcon_core.event_handler.log_command:Invoked command in '/home/maty/rob_movil_ws/src/lab2_iic2685/build/lab2_iic2685' returned '0': CMAKE_PREFIX_PATH=${CMAKE_PREFIX_PATH}:/opt/ros/humble /usr/bin/cmake --install /home/maty/rob_movil_ws/src/lab2_iic2685/build/lab2_iic2685
[2.252s] Level 1:colcon.colcon_core.environment:checking '/home/maty/rob_movil_ws/src/lab2_iic2685/install/lab2_iic2685' for CMake module files
[2.253s] Level 1:colcon.colcon_core.environment:checking '/home/maty/rob_movil_ws/src/lab2_iic2685/install/lab2_iic2685' for CMake config files
[2.253s] Level 1:colcon.colcon_core.shell:create_environment_hook('lab2_iic2685', 'cmake_prefix_path')
[2.253s] INFO:colcon.colcon_core.shell:Creating environment hook '/home/maty/rob_movil_ws/src/lab2_iic2685/install/lab2_iic2685/share/lab2_iic2685/hook/cmake_prefix_path.ps1'
[2.254s] INFO:colcon.colcon_core.shell:Creating environment descriptor '/home/maty/rob_movil_ws/src/lab2_iic2685/install/lab2_iic2685/share/lab2_iic2685/hook/cmake_prefix_path.dsv'
[2.256s] INFO:colcon.colcon_core.shell:Creating environment hook '/home/maty/rob_movil_ws/src/lab2_iic2685/install/lab2_iic2685/share/lab2_iic2685/hook/cmake_prefix_path.sh'
[2.257s] Level 1:colcon.colcon_core.environment:checking '/home/maty/rob_movil_ws/src/lab2_iic2685/install/lab2_iic2685/lib'
[2.258s] Level 1:colcon.colcon_core.environment:checking '/home/maty/rob_movil_ws/src/lab2_iic2685/install/lab2_iic2685/bin'
[2.258s] Level 1:colcon.colcon_core.environment:checking '/home/maty/rob_movil_ws/src/lab2_iic2685/install/lab2_iic2685/lib/pkgconfig/lab2_iic2685.pc'
[2.258s] Level 1:colcon.colcon_core.environment:checking '/home/maty/rob_movil_ws/src/lab2_iic2685/install/lab2_iic2685/lib/python3.10/site-packages'
[2.258s] Level 1:colcon.colcon_core.environment:checking '/home/maty/rob_movil_ws/src/lab2_iic2685/install/lab2_iic2685/bin'
[2.259s] INFO:colcon.colcon_core.shell:Creating package script '/home/maty/rob_movil_ws/src/lab2_iic2685/install/lab2_iic2685/share/lab2_iic2685/package.ps1'
[2.260s] INFO:colcon.colcon_core.shell:Creating package descriptor '/home/maty/rob_movil_ws/src/lab2_iic2685/install/lab2_iic2685/share/lab2_iic2685/package.dsv'
[2.262s] INFO:colcon.colcon_core.shell:Creating package script '/home/maty/rob_movil_ws/src/lab2_iic2685/install/lab2_iic2685/share/lab2_iic2685/package.sh'
[2.263s] INFO:colcon.colcon_core.shell:Creating package script '/home/maty/rob_movil_ws/src/lab2_iic2685/install/lab2_iic2685/share/lab2_iic2685/package.bash'
[2.264s] INFO:colcon.colcon_core.shell:Creating package script '/home/maty/rob_movil_ws/src/lab2_iic2685/install/lab2_iic2685/share/lab2_iic2685/package.zsh'
[2.266s] Level 1:colcon.colcon_core.environment:create_file_with_runtime_dependencies(/home/maty/rob_movil_ws/src/lab2_iic2685/install/lab2_iic2685/share/colcon-core/packages/lab2_iic2685)
[2.266s] Level 1:colcon.colcon_core.environment:create_environment_scripts_only(lab2_iic2685)
[2.267s] Level 1:colcon.colcon_core.environment:checking '/home/maty/rob_movil_ws/src/lab2_iic2685/install/lab2_iic2685' for CMake module files
[2.267s] Level 1:colcon.colcon_core.environment:checking '/home/maty/rob_movil_ws/src/lab2_iic2685/install/lab2_iic2685' for CMake config files
[2.267s] Level 1:colcon.colcon_core.shell:create_environment_hook('lab2_iic2685', 'cmake_prefix_path')
[2.268s] INFO:colcon.colcon_core.shell:Creating environment hook '/home/maty/rob_movil_ws/src/lab2_iic2685/install/lab2_iic2685/share/lab2_iic2685/hook/cmake_prefix_path.ps1'
[2.268s] INFO:colcon.colcon_core.shell:Creating environment descriptor '/home/maty/rob_movil_ws/src/lab2_iic2685/install/lab2_iic2685/share/lab2_iic2685/hook/cmake_prefix_path.dsv'
[2.268s] INFO:colcon.colcon_core.shell:Creating environment hook '/home/maty/rob_movil_ws/src/lab2_iic2685/install/lab2_iic2685/share/lab2_iic2685/hook/cmake_prefix_path.sh'
[2.269s] Level 1:colcon.colcon_core.environment:checking '/home/maty/rob_movil_ws/src/lab2_iic2685/install/lab2_iic2685/lib'
[2.269s] Level 1:colcon.colcon_core.environment:checking '/home/maty/rob_movil_ws/src/lab2_iic2685/install/lab2_iic2685/bin'
[2.269s] Level 1:colcon.colcon_core.environment:checking '/home/maty/rob_movil_ws/src/lab2_iic2685/install/lab2_iic2685/lib/pkgconfig/lab2_iic2685.pc'
[2.269s] Level 1:colcon.colcon_core.environment:checking '/home/maty/rob_movil_ws/src/lab2_iic2685/install/lab2_iic2685/lib/python3.10/site-packages'
[2.270s] Level 1:colcon.colcon_core.environment:checking '/home/maty/rob_movil_ws/src/lab2_iic2685/install/lab2_iic2685/bin'
[2.270s] INFO:colcon.colcon_core.shell:Creating package script '/home/maty/rob_movil_ws/src/lab2_iic2685/install/lab2_iic2685/share/lab2_iic2685/package.ps1'
[2.270s] INFO:colcon.colcon_core.shell:Creating package descriptor '/home/maty/rob_movil_ws/src/lab2_iic2685/install/lab2_iic2685/share/lab2_iic2685/package.dsv'
[2.271s] INFO:colcon.colcon_core.shell:Creating package script '/home/maty/rob_movil_ws/src/lab2_iic2685/install/lab2_iic2685/share/lab2_iic2685/package.sh'
[2.271s] INFO:colcon.colcon_core.shell:Creating package script '/home/maty/rob_movil_ws/src/lab2_iic2685/install/lab2_iic2685/share/lab2_iic2685/package.bash'
[2.273s] INFO:colcon.colcon_core.shell:Creating package script '/home/maty/rob_movil_ws/src/lab2_iic2685/install/lab2_iic2685/share/lab2_iic2685/package.zsh'
[2.273s] Level 1:colcon.colcon_core.environment:create_file_with_runtime_dependencies(/home/maty/rob_movil_ws/src/lab2_iic2685/install/lab2_iic2685/share/colcon-core/packages/lab2_iic2685)
[2.274s] DEBUG:colcon.colcon_parallel_executor.executor.parallel:closing loop
[2.274s] DEBUG:colcon.colcon_parallel_executor.executor.parallel:loop closed
[2.274s] DEBUG:colcon.colcon_parallel_executor.executor.parallel:run_until_complete finished with '0'
[2.274s] DEBUG:colcon.colcon_core.event_reactor:joining thread
[2.312s] INFO:colcon.colcon_core.plugin_system:Skipping extension 'colcon_notification.desktop_notification.notify_send': Could not find 'notify-send'
[2.312s] INFO:colcon.colcon_core.plugin_system:Skipping extension 'colcon_notification.desktop_notification.terminal_notifier': Not used on non-Darwin systems
[2.312s] INFO:colcon.colcon_core.plugin_system:Skipping extension 'colcon_notification.desktop_notification.win32': Not used on non-Windows systems
[2.312s] INFO:colcon.colcon_notification.desktop_notification:Sending desktop notification using 'notify2'
[2.313s] DEBUG:colcon.colcon_notification.desktop_notification.notify2:Failed to initialize notify2: org.freedesktop.DBus.Error.FileNotFound: Failed to connect to socket /run/user/1000/bus: No such file or directory
[2.313s] DEBUG:colcon.colcon_core.event_reactor:joined thread
[2.313s] INFO:colcon.colcon_core.shell:Creating prefix script '/home/maty/rob_movil_ws/src/lab2_iic2685/install/local_setup.ps1'
[2.315s] INFO:colcon.colcon_core.shell:Creating prefix util module '/home/maty/rob_movil_ws/src/lab2_iic2685/install/_local_setup_util_ps1.py'
[2.317s] INFO:colcon.colcon_core.shell:Creating prefix chain script '/home/maty/rob_movil_ws/src/lab2_iic2685/install/setup.ps1'
[2.318s] INFO:colcon.colcon_core.shell:Creating prefix script '/home/maty/rob_movil_ws/src/lab2_iic2685/install/local_setup.sh'
[2.319s] INFO:colcon.colcon_core.shell:Creating prefix util module '/home/maty/rob_movil_ws/src/lab2_iic2685/install/_local_setup_util_sh.py'
[2.320s] INFO:colcon.colcon_core.shell:Creating prefix chain script '/home/maty/rob_movil_ws/src/lab2_iic2685/install/setup.sh'
[2.322s] INFO:colcon.colcon_core.shell:Creating prefix script '/home/maty/rob_movil_ws/src/lab2_iic2685/install/local_setup.bash'
[2.323s] INFO:colcon.colcon_core.shell:Creating prefix chain script '/home/maty/rob_movil_ws/src/lab2_iic2685/install/setup.bash'
[2.325s] INFO:colcon.colcon_core.shell:Creating prefix script '/home/maty/rob_movil_ws/src/lab2_iic2685/install/local_setup.zsh'
[2.327s] INFO:colcon.colcon_core.shell:Creating prefix chain script '/home/maty/rob_movil_ws/src/lab2_iic2685/install/setup.zsh'
