[0.028s] Invoking command in '/home/maty/rob_movil_ws/build/lab2_iic2685': CMAKE_PREFIX_PATH=${CMAKE_PREFIX_PATH}:/opt/ros/humble /usr/bin/cmake --build /home/maty/rob_movil_ws/build/lab2_iic2685 -- -j22 -l22
[0.090s] Built target ament_cmake_python_symlink_lab2_iic2685
[0.377s] running egg_info
[0.378s] writing lab2_iic2685.egg-info/PKG-INFO
[0.378s] writing dependency_links to lab2_iic2685.egg-info/dependency_links.txt
[0.379s] writing top-level names to lab2_iic2685.egg-info/top_level.txt
[0.385s] reading manifest file 'lab2_iic2685.egg-info/SOURCES.txt'
[0.386s] writing manifest file 'lab2_iic2685.egg-info/SOURCES.txt'
[0.424s] Built target ament_cmake_python_build_lab2_iic2685_egg
[0.436s] Invoked command in '/home/maty/rob_movil_ws/build/lab2_iic2685' returned '0': CMAKE_PREFIX_PATH=${CMAKE_PREFIX_PATH}:/opt/ros/humble /usr/bin/cmake --build /home/maty/rob_movil_ws/build/lab2_iic2685 -- -j22 -l22
[0.447s] Invoking command in '/home/maty/rob_movil_ws/build/lab2_iic2685': CMAKE_PREFIX_PATH=${CMAKE_PREFIX_PATH}:/opt/ros/humble /usr/bin/cmake --install /home/maty/rob_movil_ws/build/lab2_iic2685
[0.453s] -- Install configuration: ""
[0.454s] -- Execute custom install script
[0.454s] -- Up-to-date symlink: /home/maty/rob_movil_ws/install/lab2_iic2685/share/lab2_iic2685/environment/pythonpath.sh
[0.455s] -- Up-to-date symlink: /home/maty/rob_movil_ws/install/lab2_iic2685/share/lab2_iic2685/environment/pythonpath.dsv
[0.455s] -- Up-to-date symlink: /home/maty/rob_movil_ws/install/lab2_iic2685/local/lib/python3.10/dist-packages/lab2_iic2685-0.0.0-py3.10.egg-info/PKG-INFO
[0.456s] -- Up-to-date symlink: /home/maty/rob_movil_ws/install/lab2_iic2685/local/lib/python3.10/dist-packages/lab2_iic2685-0.0.0-py3.10.egg-info/SOURCES.txt
[0.456s] -- Up-to-date symlink: /home/maty/rob_movil_ws/install/lab2_iic2685/local/lib/python3.10/dist-packages/lab2_iic2685-0.0.0-py3.10.egg-info/dependency_links.txt
[0.456s] -- Up-to-date symlink: /home/maty/rob_movil_ws/install/lab2_iic2685/local/lib/python3.10/dist-packages/lab2_iic2685-0.0.0-py3.10.egg-info/top_level.txt
[0.456s] -- Up-to-date symlink: /home/maty/rob_movil_ws/install/lab2_iic2685/local/lib/python3.10/dist-packages/lab2_iic2685/__init__.py
[0.456s] -- Up-to-date symlink: /home/maty/rob_movil_ws/install/lab2_iic2685/lib/lab2_iic2685/dead_reckoning_nav.py
[0.457s] -- Up-to-date symlink: /home/maty/rob_movil_ws/install/lab2_iic2685/lib/lab2_iic2685/pose_loader.py
[0.457s] -- Up-to-date symlink: /home/maty/rob_movil_ws/install/lab2_iic2685/share/lab2_iic2685/launch/avanzar_y_rotar.xml
[0.458s] -- Up-to-date symlink: /home/maty/rob_movil_ws/install/lab2_iic2685/share/ament_index/resource_index/package_run_dependencies/lab2_iic2685
[0.458s] -- Up-to-date symlink: /home/maty/rob_movil_ws/install/lab2_iic2685/share/ament_index/resource_index/parent_prefix_path/lab2_iic2685
[0.458s] -- Up-to-date symlink: /home/maty/rob_movil_ws/install/lab2_iic2685/share/lab2_iic2685/environment/ament_prefix_path.sh
[0.458s] -- Up-to-date symlink: /home/maty/rob_movil_ws/install/lab2_iic2685/share/lab2_iic2685/environment/ament_prefix_path.dsv
[0.458s] -- Up-to-date symlink: /home/maty/rob_movil_ws/install/lab2_iic2685/share/lab2_iic2685/environment/path.sh
[0.458s] -- Up-to-date symlink: /home/maty/rob_movil_ws/install/lab2_iic2685/share/lab2_iic2685/environment/path.dsv
[0.458s] -- Up-to-date symlink: /home/maty/rob_movil_ws/install/lab2_iic2685/share/lab2_iic2685/local_setup.bash
[0.458s] -- Up-to-date symlink: /home/maty/rob_movil_ws/install/lab2_iic2685/share/lab2_iic2685/local_setup.sh
[0.459s] -- Up-to-date symlink: /home/maty/rob_movil_ws/install/lab2_iic2685/share/lab2_iic2685/local_setup.zsh
[0.459s] -- Up-to-date symlink: /home/maty/rob_movil_ws/install/lab2_iic2685/share/lab2_iic2685/local_setup.dsv
[0.460s] -- Symlinking: /home/maty/rob_movil_ws/install/lab2_iic2685/share/lab2_iic2685/package.dsv
[0.471s] -- Up-to-date symlink: /home/maty/rob_movil_ws/install/lab2_iic2685/share/ament_index/resource_index/packages/lab2_iic2685
[0.471s] -- Up-to-date symlink: /home/maty/rob_movil_ws/install/lab2_iic2685/share/lab2_iic2685/cmake/lab2_iic2685Config.cmake
[0.471s] -- Up-to-date symlink: /home/maty/rob_movil_ws/install/lab2_iic2685/share/lab2_iic2685/cmake/lab2_iic2685Config-version.cmake
[0.472s] -- Up-to-date symlink: /home/maty/rob_movil_ws/install/lab2_iic2685/share/lab2_iic2685/package.xml
[0.511s] Listing '/home/maty/rob_movil_ws/install/lab2_iic2685/local/lib/python3.10/dist-packages/lab2_iic2685'...
[0.545s] Invoked command in '/home/maty/rob_movil_ws/build/lab2_iic2685' returned '0': CMAKE_PREFIX_PATH=${CMAKE_PREFIX_PATH}:/opt/ros/humble /usr/bin/cmake --install /home/maty/rob_movil_ws/build/lab2_iic2685
