[0.011s] Invoking command in '/home/maty/rob_movil_ws/src/lab2_iic2685/build/lab2_iic2685': CMAKE_PREFIX_PATH=${CMAKE_PREFIX_PATH}:/opt/ros/humble /usr/bin/cmake --build /home/maty/rob_movil_ws/src/lab2_iic2685/build/lab2_iic2685 -- -j22 -l22
[0.034s] -- Found ament_cmake: 1.3.11 (/opt/ros/humble/share/ament_cmake/cmake)
[0.178s] -- Override CMake install command with custom implementation using symlinks instead of copying resources
[0.261s] -- Found ament_lint_auto: 0.12.12 (/opt/ros/humble/share/ament_lint_auto/cmake)
[0.349s] -- Added test 'cppcheck' to perform static code analysis on C / C++ code
[0.349s] -- Configured cppcheck include dirs: 
[0.349s] -- Configured cppcheck exclude dirs and/or files: 
[0.350s] -- Added test 'flake8' to check Python code syntax and style conventions
[0.352s] -- Added test 'lint_cmake' to check CMake code style
[0.353s] -- Added test 'pep257' to check Python code against some of the docstring style conventions in PEP 257
[0.368s] -- Added test 'uncrustify' to check C / C++ code style
[0.368s] -- Configured uncrustify additional arguments: 
[0.368s] -- Added test 'xmllint' to check XML markup files
[0.368s] -- Configuring done
[0.379s] -- Generating done
[0.381s] -- Build files have been written to: /home/maty/rob_movil_ws/src/lab2_iic2685/build/lab2_iic2685
[0.417s] Built target ament_cmake_python_symlink_lab2_iic2685
[0.678s] running egg_info
[0.679s] writing lab2_iic2685.egg-info/PKG-INFO
[0.679s] writing dependency_links to lab2_iic2685.egg-info/dependency_links.txt
[0.679s] writing top-level names to lab2_iic2685.egg-info/top_level.txt
[0.685s] reading manifest file 'lab2_iic2685.egg-info/SOURCES.txt'
[0.686s] writing manifest file 'lab2_iic2685.egg-info/SOURCES.txt'
[0.709s] Built target ament_cmake_python_build_lab2_iic2685_egg
[0.721s] Invoked command in '/home/maty/rob_movil_ws/src/lab2_iic2685/build/lab2_iic2685' returned '0': CMAKE_PREFIX_PATH=${CMAKE_PREFIX_PATH}:/opt/ros/humble /usr/bin/cmake --build /home/maty/rob_movil_ws/src/lab2_iic2685/build/lab2_iic2685 -- -j22 -l22
[0.730s] Invoking command in '/home/maty/rob_movil_ws/src/lab2_iic2685/build/lab2_iic2685': CMAKE_PREFIX_PATH=${CMAKE_PREFIX_PATH}:/opt/ros/humble /usr/bin/cmake --install /home/maty/rob_movil_ws/src/lab2_iic2685/build/lab2_iic2685
[0.739s] -- Install configuration: ""
[0.740s] -- Execute custom install script
[0.741s] -- Up-to-date symlink: /home/maty/rob_movil_ws/src/lab2_iic2685/install/lab2_iic2685/share/lab2_iic2685/environment/pythonpath.sh
[0.741s] -- Up-to-date symlink: /home/maty/rob_movil_ws/src/lab2_iic2685/install/lab2_iic2685/share/lab2_iic2685/environment/pythonpath.dsv
[0.742s] -- Up-to-date symlink: /home/maty/rob_movil_ws/src/lab2_iic2685/install/lab2_iic2685/local/lib/python3.10/dist-packages/lab2_iic2685-0.0.0-py3.10.egg-info/PKG-INFO
[0.742s] -- Up-to-date symlink: /home/maty/rob_movil_ws/src/lab2_iic2685/install/lab2_iic2685/local/lib/python3.10/dist-packages/lab2_iic2685-0.0.0-py3.10.egg-info/SOURCES.txt
[0.742s] -- Up-to-date symlink: /home/maty/rob_movil_ws/src/lab2_iic2685/install/lab2_iic2685/local/lib/python3.10/dist-packages/lab2_iic2685-0.0.0-py3.10.egg-info/dependency_links.txt
[0.742s] -- Up-to-date symlink: /home/maty/rob_movil_ws/src/lab2_iic2685/install/lab2_iic2685/local/lib/python3.10/dist-packages/lab2_iic2685-0.0.0-py3.10.egg-info/top_level.txt
[0.743s] -- Up-to-date symlink: /home/maty/rob_movil_ws/src/lab2_iic2685/install/lab2_iic2685/local/lib/python3.10/dist-packages/lab2_iic2685/__init__.py
[0.743s] -- Symlinking: /home/maty/rob_movil_ws/src/lab2_iic2685/install/lab2_iic2685/lib/lab2_iic2685/dead_reckoning_nav.py
[0.751s] [31mCMake Error at ament_cmake_symlink_install/ament_cmake_symlink_install.cmake:100 (message):
[0.751s]   ament_cmake_symlink_install_directory() can't find
[0.751s]   '/home/maty/rob_movil_ws/src/lab2_iic2685/src/avanzar_y_rotar'
[0.751s] Call Stack (most recent call first):
[0.752s]   ament_cmake_symlink_install/ament_cmake_symlink_install.cmake:329 (ament_cmake_symlink_install_directory)
[0.752s]   cmake_install.cmake:46 (include)
[0.752s] 
[0.752s] [0m
[0.757s] Invoked command in '/home/maty/rob_movil_ws/src/lab2_iic2685/build/lab2_iic2685' returned '1': CMAKE_PREFIX_PATH=${CMAKE_PREFIX_PATH}:/opt/ros/humble /usr/bin/cmake --install /home/maty/rob_movil_ws/src/lab2_iic2685/build/lab2_iic2685
