-- Found ament_cmake_ros: 0.10.0 (/opt/ros/humble/share/ament_cmake_ros/cmake)
-- Found geometry_msgs: 4.8.0 (/opt/ros/humble/share/geometry_msgs/cmake)
-- Found rosidl_generator_c: 3.1.6 (/opt/ros/humble/share/rosidl_generator_c/cmake)
-- Found rosidl_adapter: 3.1.6 (/opt/ros/humble/share/rosidl_adapter/cmake)
-- Found rosidl_generator_cpp: 3.1.6 (/opt/ros/humble/share/rosidl_generator_cpp/cmake)
-- Using all available rosidl_typesupport_c: rosidl_typesupport_fastrtps_c;rosidl_typesupport_introspection_c
-- Using all available rosidl_typesupport_cpp: rosidl_typesupport_fastrtps_cpp;rosidl_typesupport_introspection_cpp
-- Found rcl_interfaces: 1.2.1 (/opt/ros/humble/share/rcl_interfaces/cmake)
-- Found rclcpp: 16.0.12 (/opt/ros/humble/share/rclcpp/cmake)
-- Found rmw_implementation_cmake: 6.1.2 (/opt/ros/humble/share/rmw_implementation_cmake/cmake)
-- Found rmw_fastrtps_cpp: 6.2.7 (/opt/ros/humble/share/rmw_fastrtps_cpp/cmake)
-- Using RMW implementation 'rmw_fastrtps_cpp' as default
-- Found rclcpp_components: 16.0.12 (/opt/ros/humble/share/rclcpp_components/cmake)
-- Found ament_lint_auto: 0.12.12 (/opt/ros/humble/share/ament_lint_auto/cmake)
-- Found launch_testing_ament_cmake: 1.0.8 (/opt/ros/humble/share/launch_testing_ament_cmake/cmake)
-- Found python_cmake_module: 0.10.0 (/opt/ros/humble/share/python_cmake_module/cmake)
-- Using PYTHON_EXECUTABLE: /usr/bin/python3
-- Using PYTHON_INCLUDE_DIRS: /usr/include/python3.10
-- Using PYTHON_LIBRARIES: /usr/lib/x86_64-linux-gnu/libpython3.10.so
-- Added test 'cppcheck' to perform static code analysis on C / C++ code
-- Configured cppcheck include dirs: /home/maty/rob_movil_ws/src/cmd_vel_mux/include
-- Configured cppcheck exclude dirs and/or files: 
-- Added test 'cpplint' to check C / C++ code against the Google style
-- Configured cpplint exclude dirs and/or files: 
-- Added test 'flake8' to check Python code syntax and style conventions
-- Added test 'lint_cmake' to check CMake code style
-- Added test 'pep257' to check Python code against some of the docstring style conventions in PEP 257
-- Added test 'uncrustify' to check C / C++ code style
-- Configured uncrustify additional arguments: 
-- Added test 'xmllint' to check XML markup files
-- Configuring done
-- Generating done
-- Build files have been written to: /home/maty/rob_movil_ws/src/build/cmd_vel_mux
[35m[1mConsolidate compiler generated dependencies of target cmd_vel_mux_node[0m
[35m[1mConsolidate compiler generated dependencies of target cmd_vel_mux[0m
[ 75%] Built target cmd_vel_mux_node
[ 75%] [32mBuilding CXX object CMakeFiles/cmd_vel_mux.dir/src/cmd_vel_mux.cpp.o[0m
[100%] [32m[1mLinking CXX shared library libcmd_vel_mux.so[0m
[100%] Built target cmd_vel_mux
-- Install configuration: ""
-- Up-to-date: /home/maty/rob_movil_ws/src/install/cmd_vel_mux/lib/cmd_vel_mux/cmd_vel_mux_node
-- Installing: /home/maty/rob_movil_ws/src/install/cmd_vel_mux/lib/libcmd_vel_mux.so
-- Set runtime path of "/home/maty/rob_movil_ws/src/install/cmd_vel_mux/lib/libcmd_vel_mux.so" to ""
-- Up-to-date: /home/maty/rob_movil_ws/src/install/cmd_vel_mux/include/cmd_vel_mux
-- Installing: /home/maty/rob_movil_ws/src/install/cmd_vel_mux/include/cmd_vel_mux/cmd_vel_mux.hpp
-- Up-to-date: /home/maty/rob_movil_ws/src/install/cmd_vel_mux/share/cmd_vel_mux/config
-- Installing: /home/maty/rob_movil_ws/src/install/cmd_vel_mux/share/cmd_vel_mux/config/cmd_vel_mux_params.yaml
-- Up-to-date: /home/maty/rob_movil_ws/src/install/cmd_vel_mux/share/cmd_vel_mux/launch
-- Installing: /home/maty/rob_movil_ws/src/install/cmd_vel_mux/share/cmd_vel_mux/launch/cmd_vel_mux-composed-launch.py
-- Installing: /home/maty/rob_movil_ws/src/install/cmd_vel_mux/share/cmd_vel_mux/launch/cmd_vel_mux-launch.py
-- Up-to-date: /home/maty/rob_movil_ws/src/install/cmd_vel_mux/share/ament_index/resource_index/package_run_dependencies/cmd_vel_mux
-- Installing: /home/maty/rob_movil_ws/src/install/cmd_vel_mux/share/ament_index/resource_index/parent_prefix_path/cmd_vel_mux
-- Up-to-date: /home/maty/rob_movil_ws/src/install/cmd_vel_mux/share/cmd_vel_mux/environment/ament_prefix_path.sh
-- Installing: /home/maty/rob_movil_ws/src/install/cmd_vel_mux/share/cmd_vel_mux/environment/ament_prefix_path.dsv
-- Up-to-date: /home/maty/rob_movil_ws/src/install/cmd_vel_mux/share/cmd_vel_mux/environment/path.sh
-- Installing: /home/maty/rob_movil_ws/src/install/cmd_vel_mux/share/cmd_vel_mux/environment/path.dsv
-- Up-to-date: /home/maty/rob_movil_ws/src/install/cmd_vel_mux/share/cmd_vel_mux/local_setup.bash
-- Up-to-date: /home/maty/rob_movil_ws/src/install/cmd_vel_mux/share/cmd_vel_mux/local_setup.sh
-- Up-to-date: /home/maty/rob_movil_ws/src/install/cmd_vel_mux/share/cmd_vel_mux/local_setup.zsh
-- Installing: /home/maty/rob_movil_ws/src/install/cmd_vel_mux/share/cmd_vel_mux/local_setup.dsv
-- Installing: /home/maty/rob_movil_ws/src/install/cmd_vel_mux/share/cmd_vel_mux/package.dsv
-- Up-to-date: /home/maty/rob_movil_ws/src/install/cmd_vel_mux/share/ament_index/resource_index/packages/cmd_vel_mux
-- Up-to-date: /home/maty/rob_movil_ws/src/install/cmd_vel_mux/share/ament_index/resource_index/rclcpp_components/cmd_vel_mux
-- Up-to-date: /home/maty/rob_movil_ws/src/install/cmd_vel_mux/share/cmd_vel_mux/cmake/cmd_vel_muxConfig.cmake
-- Up-to-date: /home/maty/rob_movil_ws/src/install/cmd_vel_mux/share/cmd_vel_mux/cmake/cmd_vel_muxConfig-version.cmake
-- Installing: /home/maty/rob_movil_ws/src/install/cmd_vel_mux/share/cmd_vel_mux/package.xml
