[0.027s] Invoking command in '/home/maty/rob_movil_ws/src/build/cmd_vel_mux': CMAKE_PREFIX_PATH=/opt/ros/humble:${CMAKE_PREFIX_PATH} /usr/bin/cmake --build /home/maty/rob_movil_ws/src/build/cmd_vel_mux -- -j22 -l22
[0.065s] -- Found ament_cmake_ros: 0.10.0 (/opt/ros/humble/share/ament_cmake_ros/cmake)
[0.221s] -- Found geometry_msgs: 4.8.0 (/opt/ros/humble/share/geometry_msgs/cmake)
[0.447s] -- Found rosidl_generator_c: 3.1.6 (/opt/ros/humble/share/rosidl_generator_c/cmake)
[0.450s] -- Found rosidl_adapter: 3.1.6 (/opt/ros/humble/share/rosidl_adapter/cmake)
[0.455s] -- Found rosidl_generator_cpp: 3.1.6 (/opt/ros/humble/share/rosidl_generator_cpp/cmake)
[0.468s] -- Using all available rosidl_typesupport_c: rosidl_typesupport_fastrtps_c;rosidl_typesupport_introspection_c
[0.483s] -- Using all available rosidl_typesupport_cpp: rosidl_typesupport_fastrtps_cpp;rosidl_typesupport_introspection_cpp
[0.523s] -- Found rcl_interfaces: 1.2.1 (/opt/ros/humble/share/rcl_interfaces/cmake)
[0.536s] -- Found rclcpp: 16.0.12 (/opt/ros/humble/share/rclcpp/cmake)
[0.553s] -- Found rmw_implementation_cmake: 6.1.2 (/opt/ros/humble/share/rmw_implementation_cmake/cmake)
[0.554s] -- Found rmw_fastrtps_cpp: 6.2.7 (/opt/ros/humble/share/rmw_fastrtps_cpp/cmake)
[6.626s] -- Using RMW implementation 'rmw_fastrtps_cpp' as default
[6.673s] -- Found rclcpp_components: 16.0.12 (/opt/ros/humble/share/rclcpp_components/cmake)
[6.699s] -- Found ament_lint_auto: 0.12.12 (/opt/ros/humble/share/ament_lint_auto/cmake)
[6.781s] -- Found launch_testing_ament_cmake: 1.0.8 (/opt/ros/humble/share/launch_testing_ament_cmake/cmake)
[6.781s] -- Found python_cmake_module: 0.10.0 (/opt/ros/humble/share/python_cmake_module/cmake)
[6.810s] -- Using PYTHON_EXECUTABLE: /usr/bin/python3
[6.810s] -- Using PYTHON_INCLUDE_DIRS: /usr/include/python3.10
[6.810s] -- Using PYTHON_LIBRARIES: /usr/lib/x86_64-linux-gnu/libpython3.10.so
[6.824s] -- Added test 'cppcheck' to perform static code analysis on C / C++ code
[6.824s] -- Configured cppcheck include dirs: /home/maty/rob_movil_ws/src/cmd_vel_mux/include
[6.824s] -- Configured cppcheck exclude dirs and/or files: 
[6.826s] -- Added test 'cpplint' to check C / C++ code against the Google style
[6.826s] -- Configured cpplint exclude dirs and/or files: 
[6.826s] -- Added test 'flake8' to check Python code syntax and style conventions
[6.827s] -- Added test 'lint_cmake' to check CMake code style
[6.827s] -- Added test 'pep257' to check Python code against some of the docstring style conventions in PEP 257
[6.830s] -- Added test 'uncrustify' to check C / C++ code style
[6.830s] -- Configured uncrustify additional arguments: 
[6.830s] -- Added test 'xmllint' to check XML markup files
[6.833s] -- Configuring done
[6.857s] -- Generating done
[6.864s] -- Build files have been written to: /home/maty/rob_movil_ws/src/build/cmd_vel_mux
[6.891s] [35m[1mConsolidate compiler generated dependencies of target cmd_vel_mux_node[0m
[6.891s] [35m[1mConsolidate compiler generated dependencies of target cmd_vel_mux[0m
[6.907s] [ 75%] Built target cmd_vel_mux_node
[6.908s] [ 75%] [32mBuilding CXX object CMakeFiles/cmd_vel_mux.dir/src/cmd_vel_mux.cpp.o[0m
[19.826s] [100%] [32m[1mLinking CXX shared library libcmd_vel_mux.so[0m
[20.439s] [100%] Built target cmd_vel_mux
[20.451s] Invoked command in '/home/maty/rob_movil_ws/src/build/cmd_vel_mux' returned '0': CMAKE_PREFIX_PATH=/opt/ros/humble:${CMAKE_PREFIX_PATH} /usr/bin/cmake --build /home/maty/rob_movil_ws/src/build/cmd_vel_mux -- -j22 -l22
[20.453s] Invoking command in '/home/maty/rob_movil_ws/src/build/cmd_vel_mux': CMAKE_PREFIX_PATH=/opt/ros/humble:${CMAKE_PREFIX_PATH} /usr/bin/cmake --install /home/maty/rob_movil_ws/src/build/cmd_vel_mux
[20.459s] -- Install configuration: ""
[20.462s] -- Up-to-date: /home/maty/rob_movil_ws/src/install/cmd_vel_mux/lib/cmd_vel_mux/cmd_vel_mux_node
[20.464s] -- Installing: /home/maty/rob_movil_ws/src/install/cmd_vel_mux/lib/libcmd_vel_mux.so
[20.472s] -- Set runtime path of "/home/maty/rob_movil_ws/src/install/cmd_vel_mux/lib/libcmd_vel_mux.so" to ""
[20.472s] -- Up-to-date: /home/maty/rob_movil_ws/src/install/cmd_vel_mux/include/cmd_vel_mux
[20.472s] -- Installing: /home/maty/rob_movil_ws/src/install/cmd_vel_mux/include/cmd_vel_mux/cmd_vel_mux.hpp
[20.472s] -- Up-to-date: /home/maty/rob_movil_ws/src/install/cmd_vel_mux/share/cmd_vel_mux/config
[20.473s] -- Installing: /home/maty/rob_movil_ws/src/install/cmd_vel_mux/share/cmd_vel_mux/config/cmd_vel_mux_params.yaml
[20.473s] -- Up-to-date: /home/maty/rob_movil_ws/src/install/cmd_vel_mux/share/cmd_vel_mux/launch
[20.473s] -- Installing: /home/maty/rob_movil_ws/src/install/cmd_vel_mux/share/cmd_vel_mux/launch/cmd_vel_mux-composed-launch.py
[20.473s] -- Installing: /home/maty/rob_movil_ws/src/install/cmd_vel_mux/share/cmd_vel_mux/launch/cmd_vel_mux-launch.py
[20.473s] -- Up-to-date: /home/maty/rob_movil_ws/src/install/cmd_vel_mux/share/ament_index/resource_index/package_run_dependencies/cmd_vel_mux
[20.473s] -- Installing: /home/maty/rob_movil_ws/src/install/cmd_vel_mux/share/ament_index/resource_index/parent_prefix_path/cmd_vel_mux
[20.474s] -- Up-to-date: /home/maty/rob_movil_ws/src/install/cmd_vel_mux/share/cmd_vel_mux/environment/ament_prefix_path.sh
[20.474s] -- Installing: /home/maty/rob_movil_ws/src/install/cmd_vel_mux/share/cmd_vel_mux/environment/ament_prefix_path.dsv
[20.474s] -- Up-to-date: /home/maty/rob_movil_ws/src/install/cmd_vel_mux/share/cmd_vel_mux/environment/path.sh
[20.474s] -- Installing: /home/maty/rob_movil_ws/src/install/cmd_vel_mux/share/cmd_vel_mux/environment/path.dsv
[20.474s] -- Up-to-date: /home/maty/rob_movil_ws/src/install/cmd_vel_mux/share/cmd_vel_mux/local_setup.bash
[20.474s] -- Up-to-date: /home/maty/rob_movil_ws/src/install/cmd_vel_mux/share/cmd_vel_mux/local_setup.sh
[20.475s] -- Up-to-date: /home/maty/rob_movil_ws/src/install/cmd_vel_mux/share/cmd_vel_mux/local_setup.zsh
[20.475s] -- Installing: /home/maty/rob_movil_ws/src/install/cmd_vel_mux/share/cmd_vel_mux/local_setup.dsv
[20.475s] -- Installing: /home/maty/rob_movil_ws/src/install/cmd_vel_mux/share/cmd_vel_mux/package.dsv
[20.475s] -- Up-to-date: /home/maty/rob_movil_ws/src/install/cmd_vel_mux/share/ament_index/resource_index/packages/cmd_vel_mux
[20.475s] -- Up-to-date: /home/maty/rob_movil_ws/src/install/cmd_vel_mux/share/ament_index/resource_index/rclcpp_components/cmd_vel_mux
[20.475s] -- Up-to-date: /home/maty/rob_movil_ws/src/install/cmd_vel_mux/share/cmd_vel_mux/cmake/cmd_vel_muxConfig.cmake
[20.475s] -- Up-to-date: /home/maty/rob_movil_ws/src/install/cmd_vel_mux/share/cmd_vel_mux/cmake/cmd_vel_muxConfig-version.cmake
[20.476s] -- Installing: /home/maty/rob_movil_ws/src/install/cmd_vel_mux/share/cmd_vel_mux/package.xml
[20.478s] Invoked command in '/home/maty/rob_movil_ws/src/build/cmd_vel_mux' returned '0': CMAKE_PREFIX_PATH=/opt/ros/humble:${CMAKE_PREFIX_PATH} /usr/bin/cmake --install /home/maty/rob_movil_ws/src/build/cmd_vel_mux
