[0.036s] Invoking command in '/home/maty/rob_movil_ws/build/cmd_vel_mux': CMAKE_PREFIX_PATH=${CMAKE_PREFIX_PATH}:/opt/ros/humble /usr/bin/cmake --build /home/maty/rob_movil_ws/build/cmd_vel_mux -- -j22 -l22
[0.093s] [35m[1mConsolidate compiler generated dependencies of target cmd_vel_mux[0m
[0.113s] [ 50%] Built target cmd_vel_mux
[0.121s] [100%] Built target cmd_vel_mux_node
[0.140s] Invoked command in '/home/maty/rob_movil_ws/build/cmd_vel_mux' returned '0': CMAKE_PREFIX_PATH=${CMAKE_PREFIX_PATH}:/opt/ros/humble /usr/bin/cmake --build /home/maty/rob_movil_ws/build/cmd_vel_mux -- -j22 -l22
[0.157s] Invoking command in '/home/maty/rob_movil_ws/build/cmd_vel_mux': CMAKE_PREFIX_PATH=${CMAKE_PREFIX_PATH}:/opt/ros/humble /usr/bin/cmake --install /home/maty/rob_movil_ws/build/cmd_vel_mux
[0.164s] -- Install configuration: ""
[0.167s] -- Execute custom install script
[0.167s] -- Up-to-date symlink: /home/maty/rob_movil_ws/install/cmd_vel_mux/lib/cmd_vel_mux/cmd_vel_mux_node
[0.167s] -- Up-to-date symlink: /home/maty/rob_movil_ws/install/cmd_vel_mux/lib/libcmd_vel_mux.so
[0.170s] -- Up-to-date symlink: /home/maty/rob_movil_ws/install/cmd_vel_mux/include/cmd_vel_mux/cmd_vel_mux.hpp
[0.170s] -- Up-to-date symlink: /home/maty/rob_movil_ws/install/cmd_vel_mux/share/cmd_vel_mux/config/cmd_vel_mux_params.yaml
[0.170s] -- Up-to-date symlink: /home/maty/rob_movil_ws/install/cmd_vel_mux/share/cmd_vel_mux/launch/cmd_vel_mux-composed-launch.py
[0.170s] -- Up-to-date symlink: /home/maty/rob_movil_ws/install/cmd_vel_mux/share/cmd_vel_mux/launch/cmd_vel_mux-launch.py
[0.171s] -- Up-to-date symlink: /home/maty/rob_movil_ws/install/cmd_vel_mux/share/ament_index/resource_index/package_run_dependencies/cmd_vel_mux
[0.171s] -- Up-to-date symlink: /home/maty/rob_movil_ws/install/cmd_vel_mux/share/ament_index/resource_index/parent_prefix_path/cmd_vel_mux
[0.171s] -- Up-to-date symlink: /home/maty/rob_movil_ws/install/cmd_vel_mux/share/cmd_vel_mux/environment/ament_prefix_path.sh
[0.171s] -- Up-to-date symlink: /home/maty/rob_movil_ws/install/cmd_vel_mux/share/cmd_vel_mux/environment/ament_prefix_path.dsv
[0.172s] -- Up-to-date symlink: /home/maty/rob_movil_ws/install/cmd_vel_mux/share/cmd_vel_mux/environment/path.sh
[0.172s] -- Up-to-date symlink: /home/maty/rob_movil_ws/install/cmd_vel_mux/share/cmd_vel_mux/environment/path.dsv
[0.175s] -- Up-to-date symlink: /home/maty/rob_movil_ws/install/cmd_vel_mux/share/cmd_vel_mux/local_setup.bash
[0.175s] -- Up-to-date symlink: /home/maty/rob_movil_ws/install/cmd_vel_mux/share/cmd_vel_mux/local_setup.sh
[0.175s] -- Up-to-date symlink: /home/maty/rob_movil_ws/install/cmd_vel_mux/share/cmd_vel_mux/local_setup.zsh
[0.175s] -- Up-to-date symlink: /home/maty/rob_movil_ws/install/cmd_vel_mux/share/cmd_vel_mux/local_setup.dsv
[0.175s] -- Symlinking: /home/maty/rob_movil_ws/install/cmd_vel_mux/share/cmd_vel_mux/package.dsv
[0.185s] -- Up-to-date symlink: /home/maty/rob_movil_ws/install/cmd_vel_mux/share/ament_index/resource_index/packages/cmd_vel_mux
[0.186s] -- Up-to-date symlink: /home/maty/rob_movil_ws/install/cmd_vel_mux/share/ament_index/resource_index/rclcpp_components/cmd_vel_mux
[0.186s] -- Up-to-date symlink: /home/maty/rob_movil_ws/install/cmd_vel_mux/share/cmd_vel_mux/cmake/cmd_vel_muxConfig.cmake
[0.186s] -- Up-to-date symlink: /home/maty/rob_movil_ws/install/cmd_vel_mux/share/cmd_vel_mux/cmake/cmd_vel_muxConfig-version.cmake
[0.186s] -- Up-to-date symlink: /home/maty/rob_movil_ws/install/cmd_vel_mux/share/cmd_vel_mux/package.xml
[0.189s] Invoked command in '/home/maty/rob_movil_ws/build/cmd_vel_mux' returned '0': CMAKE_PREFIX_PATH=${CMAKE_PREFIX_PATH}:/opt/ros/humble /usr/bin/cmake --install /home/maty/rob_movil_ws/build/cmd_vel_mux
