[0.016s] Invoking command in '/home/maty/rob_movil_ws/build/mini_tarea_2': CMAKE_PREFIX_PATH=${CMAKE_PREFIX_PATH}:/opt/ros/humble /usr/bin/cmake --build /home/maty/rob_movil_ws/build/mini_tarea_2 -- -j22 -l22
[0.050s] Built target ament_cmake_python_symlink_mini_tarea_2
[0.178s] running egg_info
[0.178s] writing mini_tarea_2.egg-info/PKG-INFO
[0.179s] writing dependency_links to mini_tarea_2.egg-info/dependency_links.txt
[0.179s] writing top-level names to mini_tarea_2.egg-info/top_level.txt
[0.180s] reading manifest file 'mini_tarea_2.egg-info/SOURCES.txt'
[0.180s] writing manifest file 'mini_tarea_2.egg-info/SOURCES.txt'
[0.199s] Built target ament_cmake_python_build_mini_tarea_2_egg
[0.205s] Invoked command in '/home/maty/rob_movil_ws/build/mini_tarea_2' returned '0': CMAKE_PREFIX_PATH=${CMAKE_PREFIX_PATH}:/opt/ros/humble /usr/bin/cmake --build /home/maty/rob_movil_ws/build/mini_tarea_2 -- -j22 -l22
[0.206s] Invoking command in '/home/maty/rob_movil_ws/build/mini_tarea_2': CMAKE_PREFIX_PATH=${CMAKE_PREFIX_PATH}:/opt/ros/humble /usr/bin/cmake --install /home/maty/rob_movil_ws/build/mini_tarea_2
[0.210s] -- Install configuration: ""
[0.210s] -- Execute custom install script
[0.210s] -- Up-to-date symlink: /home/maty/rob_movil_ws/install/mini_tarea_2/share/mini_tarea_2/environment/pythonpath.sh
[0.210s] -- Up-to-date symlink: /home/maty/rob_movil_ws/install/mini_tarea_2/share/mini_tarea_2/environment/pythonpath.dsv
[0.210s] -- Up-to-date symlink: /home/maty/rob_movil_ws/install/mini_tarea_2/local/lib/python3.10/dist-packages/mini_tarea_2-0.0.0-py3.10.egg-info/PKG-INFO
[0.211s] -- Up-to-date symlink: /home/maty/rob_movil_ws/install/mini_tarea_2/local/lib/python3.10/dist-packages/mini_tarea_2-0.0.0-py3.10.egg-info/SOURCES.txt
[0.211s] -- Up-to-date symlink: /home/maty/rob_movil_ws/install/mini_tarea_2/local/lib/python3.10/dist-packages/mini_tarea_2-0.0.0-py3.10.egg-info/dependency_links.txt
[0.211s] -- Up-to-date symlink: /home/maty/rob_movil_ws/install/mini_tarea_2/local/lib/python3.10/dist-packages/mini_tarea_2-0.0.0-py3.10.egg-info/top_level.txt
[0.211s] -- Up-to-date symlink: /home/maty/rob_movil_ws/install/mini_tarea_2/local/lib/python3.10/dist-packages/mini_tarea_2/__init__.py
[0.211s] -- Up-to-date symlink: /home/maty/rob_movil_ws/install/mini_tarea_2/lib/mini_tarea_2/pid_controller.py
[0.211s] -- Up-to-date symlink: /home/maty/rob_movil_ws/install/mini_tarea_2/lib/mini_tarea_2/virtual_robot.py
[0.211s] -- Up-to-date symlink: /home/maty/rob_movil_ws/install/mini_tarea_2/share/mini_tarea_2/launch/launch.py
[0.211s] -- Up-to-date symlink: /home/maty/rob_movil_ws/install/mini_tarea_2/share/ament_index/resource_index/package_run_dependencies/mini_tarea_2
[0.211s] -- Up-to-date symlink: /home/maty/rob_movil_ws/install/mini_tarea_2/share/ament_index/resource_index/parent_prefix_path/mini_tarea_2
[0.211s] -- Up-to-date symlink: /home/maty/rob_movil_ws/install/mini_tarea_2/share/mini_tarea_2/environment/ament_prefix_path.sh
[0.212s] -- Up-to-date symlink: /home/maty/rob_movil_ws/install/mini_tarea_2/share/mini_tarea_2/environment/ament_prefix_path.dsv
[0.212s] -- Up-to-date symlink: /home/maty/rob_movil_ws/install/mini_tarea_2/share/mini_tarea_2/environment/path.sh
[0.212s] -- Up-to-date symlink: /home/maty/rob_movil_ws/install/mini_tarea_2/share/mini_tarea_2/environment/path.dsv
[0.212s] -- Up-to-date symlink: /home/maty/rob_movil_ws/install/mini_tarea_2/share/mini_tarea_2/local_setup.bash
[0.212s] -- Up-to-date symlink: /home/maty/rob_movil_ws/install/mini_tarea_2/share/mini_tarea_2/local_setup.sh
[0.212s] -- Up-to-date symlink: /home/maty/rob_movil_ws/install/mini_tarea_2/share/mini_tarea_2/local_setup.zsh
[0.212s] -- Up-to-date symlink: /home/maty/rob_movil_ws/install/mini_tarea_2/share/mini_tarea_2/local_setup.dsv
[0.212s] -- Symlinking: /home/maty/rob_movil_ws/install/mini_tarea_2/share/mini_tarea_2/package.dsv
[0.216s] -- Up-to-date symlink: /home/maty/rob_movil_ws/install/mini_tarea_2/share/ament_index/resource_index/packages/mini_tarea_2
[0.216s] -- Up-to-date symlink: /home/maty/rob_movil_ws/install/mini_tarea_2/share/mini_tarea_2/cmake/mini_tarea_2Config.cmake
[0.216s] -- Up-to-date symlink: /home/maty/rob_movil_ws/install/mini_tarea_2/share/mini_tarea_2/cmake/mini_tarea_2Config-version.cmake
[0.217s] -- Up-to-date symlink: /home/maty/rob_movil_ws/install/mini_tarea_2/share/mini_tarea_2/package.xml
[0.234s] Listing '/home/maty/rob_movil_ws/install/mini_tarea_2/local/lib/python3.10/dist-packages/mini_tarea_2'...
[0.244s] Invoked command in '/home/maty/rob_movil_ws/build/mini_tarea_2' returned '0': CMAKE_PREFIX_PATH=${CMAKE_PREFIX_PATH}:/opt/ros/humble /usr/bin/cmake --install /home/maty/rob_movil_ws/build/mini_tarea_2
