[0.043s] Invoking command in '/home/maty/rob_movil_ws/build/very_simple_robot_simulator': CMAKE_PREFIX_PATH=${CMAKE_PREFIX_PATH}:/opt/ros/humble /usr/bin/cmake --build /home/maty/rob_movil_ws/build/very_simple_robot_simulator -- -j22 -l22
[0.112s] [ 50%] Built target lidar_simulator
[0.114s] [ 50%] Built target ament_cmake_python_symlink_very_simple_robot_simulator
[0.118s] [100%] Built target kinect_simulator
[0.398s] running egg_info
[0.399s] writing very_simple_robot_simulator.egg-info/PKG-INFO
[0.399s] writing dependency_links to very_simple_robot_simulator.egg-info/dependency_links.txt
[0.399s] writing top-level names to very_simple_robot_simulator.egg-info/top_level.txt
[0.402s] reading manifest file 'very_simple_robot_simulator.egg-info/SOURCES.txt'
[0.404s] writing manifest file 'very_simple_robot_simulator.egg-info/SOURCES.txt'
[0.430s] [100%] Built target ament_cmake_python_build_very_simple_robot_simulator_egg
[0.440s] Invoked command in '/home/maty/rob_movil_ws/build/very_simple_robot_simulator' returned '0': CMAKE_PREFIX_PATH=${CMAKE_PREFIX_PATH}:/opt/ros/humble /usr/bin/cmake --build /home/maty/rob_movil_ws/build/very_simple_robot_simulator -- -j22 -l22
[0.443s] Invoking command in '/home/maty/rob_movil_ws/build/very_simple_robot_simulator': CMAKE_PREFIX_PATH=${CMAKE_PREFIX_PATH}:/opt/ros/humble /usr/bin/cmake --install /home/maty/rob_movil_ws/build/very_simple_robot_simulator
[0.449s] -- Install configuration: ""
[0.449s] -- Execute custom install script
[0.450s] -- Up-to-date symlink: /home/maty/rob_movil_ws/install/very_simple_robot_simulator/lib/very_simple_robot_simulator/kinect_simulator
[0.451s] -- Up-to-date symlink: /home/maty/rob_movil_ws/install/very_simple_robot_simulator/lib/very_simple_robot_simulator/lidar_simulator
[0.451s] -- Up-to-date symlink: /home/maty/rob_movil_ws/install/very_simple_robot_simulator/share/very_simple_robot_simulator/environment/pythonpath.sh
[0.451s] -- Up-to-date symlink: /home/maty/rob_movil_ws/install/very_simple_robot_simulator/share/very_simple_robot_simulator/environment/pythonpath.dsv
[0.451s] -- Up-to-date symlink: /home/maty/rob_movil_ws/install/very_simple_robot_simulator/local/lib/python3.10/dist-packages/very_simple_robot_simulator-0.0.0-py3.10.egg-info/PKG-INFO
[0.451s] -- Up-to-date symlink: /home/maty/rob_movil_ws/install/very_simple_robot_simulator/local/lib/python3.10/dist-packages/very_simple_robot_simulator-0.0.0-py3.10.egg-info/SOURCES.txt
[0.452s] -- Up-to-date symlink: /home/maty/rob_movil_ws/install/very_simple_robot_simulator/local/lib/python3.10/dist-packages/very_simple_robot_simulator-0.0.0-py3.10.egg-info/dependency_links.txt
[0.452s] -- Up-to-date symlink: /home/maty/rob_movil_ws/install/very_simple_robot_simulator/local/lib/python3.10/dist-packages/very_simple_robot_simulator-0.0.0-py3.10.egg-info/top_level.txt
[0.452s] -- Up-to-date symlink: /home/maty/rob_movil_ws/install/very_simple_robot_simulator/local/lib/python3.10/dist-packages/very_simple_robot_simulator/__init__.py
[0.452s] -- Up-to-date symlink: /home/maty/rob_movil_ws/install/very_simple_robot_simulator/lib/very_simple_robot_simulator/kinect_simulator.py
[0.452s] -- Up-to-date symlink: /home/maty/rob_movil_ws/install/very_simple_robot_simulator/lib/very_simple_robot_simulator/kobuki_simulator.py
[0.453s] -- Up-to-date symlink: /home/maty/rob_movil_ws/install/very_simple_robot_simulator/lib/very_simple_robot_simulator/lidar_simulator.py
[0.453s] -- Up-to-date symlink: /home/maty/rob_movil_ws/install/very_simple_robot_simulator/lib/very_simple_robot_simulator/rangefinder.py
[0.453s] -- Up-to-date symlink: /home/maty/rob_movil_ws/install/very_simple_robot_simulator/lib/very_simple_robot_simulator/utils.py
[0.454s] -- Up-to-date symlink: /home/maty/rob_movil_ws/install/very_simple_robot_simulator/lib/very_simple_robot_simulator/world_state_gui.py
[0.454s] -- Up-to-date symlink: /home/maty/rob_movil_ws/install/very_simple_robot_simulator/share/very_simple_robot_simulator//launch/lidar_simulator.xml
[0.454s] -- Up-to-date symlink: /home/maty/rob_movil_ws/install/very_simple_robot_simulator/share/very_simple_robot_simulator//launch/minimal_simulator.xml
[0.454s] -- Up-to-date symlink: /home/maty/rob_movil_ws/install/very_simple_robot_simulator/share/very_simple_robot_simulator//launch/minimal_simulator_py.xml
[0.454s] -- Up-to-date symlink: /home/maty/rob_movil_ws/install/very_simple_robot_simulator/share/very_simple_robot_simulator//launch/openni_simulator.xml
[0.454s] -- Up-to-date symlink: /home/maty/rob_movil_ws/install/very_simple_robot_simulator/share/very_simple_robot_simulator//launch/openni_simulator_py.xml
[0.455s] -- Up-to-date symlink: /home/maty/rob_movil_ws/install/very_simple_robot_simulator/share/very_simple_robot_simulator//launch/run_all.xml
[0.455s] -- Up-to-date symlink: /home/maty/rob_movil_ws/install/very_simple_robot_simulator/share/very_simple_robot_simulator//launch/world_state.xml
[0.455s] -- Up-to-date symlink: /home/maty/rob_movil_ws/install/very_simple_robot_simulator/share/ament_index/resource_index/package_run_dependencies/very_simple_robot_simulator
[0.455s] -- Up-to-date symlink: /home/maty/rob_movil_ws/install/very_simple_robot_simulator/share/ament_index/resource_index/parent_prefix_path/very_simple_robot_simulator
[0.455s] -- Up-to-date symlink: /home/maty/rob_movil_ws/install/very_simple_robot_simulator/share/very_simple_robot_simulator/environment/ament_prefix_path.sh
[0.455s] -- Up-to-date symlink: /home/maty/rob_movil_ws/install/very_simple_robot_simulator/share/very_simple_robot_simulator/environment/ament_prefix_path.dsv
[0.455s] -- Up-to-date symlink: /home/maty/rob_movil_ws/install/very_simple_robot_simulator/share/very_simple_robot_simulator/environment/path.sh
[0.456s] -- Up-to-date symlink: /home/maty/rob_movil_ws/install/very_simple_robot_simulator/share/very_simple_robot_simulator/environment/path.dsv
[0.456s] -- Up-to-date symlink: /home/maty/rob_movil_ws/install/very_simple_robot_simulator/share/very_simple_robot_simulator/local_setup.bash
[0.456s] -- Up-to-date symlink: /home/maty/rob_movil_ws/install/very_simple_robot_simulator/share/very_simple_robot_simulator/local_setup.sh
[0.457s] -- Up-to-date symlink: /home/maty/rob_movil_ws/install/very_simple_robot_simulator/share/very_simple_robot_simulator/local_setup.zsh
[0.458s] -- Up-to-date symlink: /home/maty/rob_movil_ws/install/very_simple_robot_simulator/share/very_simple_robot_simulator/local_setup.dsv
[0.458s] -- Symlinking: /home/maty/rob_movil_ws/install/very_simple_robot_simulator/share/very_simple_robot_simulator/package.dsv
[0.465s] -- Up-to-date symlink: /home/maty/rob_movil_ws/install/very_simple_robot_simulator/share/ament_index/resource_index/packages/very_simple_robot_simulator
[0.466s] -- Up-to-date symlink: /home/maty/rob_movil_ws/install/very_simple_robot_simulator/share/very_simple_robot_simulator/cmake/very_simple_robot_simulatorConfig.cmake
[0.466s] -- Up-to-date symlink: /home/maty/rob_movil_ws/install/very_simple_robot_simulator/share/very_simple_robot_simulator/cmake/very_simple_robot_simulatorConfig-version.cmake
[0.466s] -- Up-to-date symlink: /home/maty/rob_movil_ws/install/very_simple_robot_simulator/share/very_simple_robot_simulator/package.xml
[0.498s] Listing '/home/maty/rob_movil_ws/install/very_simple_robot_simulator/local/lib/python3.10/dist-packages/very_simple_robot_simulator'...
[0.505s] Invoked command in '/home/maty/rob_movil_ws/build/very_simple_robot_simulator' returned '0': CMAKE_PREFIX_PATH=${CMAKE_PREFIX_PATH}:/opt/ros/humble /usr/bin/cmake --install /home/maty/rob_movil_ws/build/very_simple_robot_simulator
