[0.037s] Invoking command in '/home/maty/rob_movil_ws/build/movement_robot': CMAKE_PREFIX_PATH=${CMAKE_PREFIX_PATH}:/opt/ros/humble /usr/bin/cmake --build /home/maty/rob_movil_ws/build/movement_robot -- -j22 -l22
[0.083s] Invoked command in '/home/maty/rob_movil_ws/build/movement_robot' returned '0': CMAKE_PREFIX_PATH=${CMAKE_PREFIX_PATH}:/opt/ros/humble /usr/bin/cmake --build /home/maty/rob_movil_ws/build/movement_robot -- -j22 -l22
[0.098s] Invoking command in '/home/maty/rob_movil_ws/build/movement_robot': CMAKE_PREFIX_PATH=${CMAKE_PREFIX_PATH}:/opt/ros/humble /usr/bin/cmake --install /home/maty/rob_movil_ws/build/movement_robot
[0.111s] -- Install configuration: ""
[0.112s] -- Execute custom install script
[0.112s] -- Up-to-date symlink: /home/maty/rob_movil_ws/install/movement_robot/share/ament_index/resource_index/package_run_dependencies/movement_robot
[0.113s] -- Up-to-date symlink: /home/maty/rob_movil_ws/install/movement_robot/share/ament_index/resource_index/parent_prefix_path/movement_robot
[0.113s] -- Up-to-date symlink: /home/maty/rob_movil_ws/install/movement_robot/share/movement_robot/environment/ament_prefix_path.sh
[0.114s] -- Up-to-date symlink: /home/maty/rob_movil_ws/install/movement_robot/share/movement_robot/environment/ament_prefix_path.dsv
[0.114s] -- Up-to-date symlink: /home/maty/rob_movil_ws/install/movement_robot/share/movement_robot/environment/path.sh
[0.114s] -- Up-to-date symlink: /home/maty/rob_movil_ws/install/movement_robot/share/movement_robot/environment/path.dsv
[0.114s] -- Up-to-date symlink: /home/maty/rob_movil_ws/install/movement_robot/share/movement_robot/local_setup.bash
[0.116s] -- Up-to-date symlink: /home/maty/rob_movil_ws/install/movement_robot/share/movement_robot/local_setup.sh
[0.117s] -- Up-to-date symlink: /home/maty/rob_movil_ws/install/movement_robot/share/movement_robot/local_setup.zsh
[0.117s] -- Up-to-date symlink: /home/maty/rob_movil_ws/install/movement_robot/share/movement_robot/local_setup.dsv
[0.117s] -- Symlinking: /home/maty/rob_movil_ws/install/movement_robot/share/movement_robot/package.dsv
[0.125s] -- Up-to-date symlink: /home/maty/rob_movil_ws/install/movement_robot/share/ament_index/resource_index/packages/movement_robot
[0.126s] -- Up-to-date symlink: /home/maty/rob_movil_ws/install/movement_robot/share/movement_robot/cmake/movement_robotConfig.cmake
[0.127s] -- Up-to-date symlink: /home/maty/rob_movil_ws/install/movement_robot/share/movement_robot/cmake/movement_robotConfig-version.cmake
[0.127s] -- Up-to-date symlink: /home/maty/rob_movil_ws/install/movement_robot/share/movement_robot/package.xml
[0.139s] Invoked command in '/home/maty/rob_movil_ws/build/movement_robot' returned '0': CMAKE_PREFIX_PATH=${CMAKE_PREFIX_PATH}:/opt/ros/humble /usr/bin/cmake --install /home/maty/rob_movil_ws/build/movement_robot
