-- The C compiler identification is GNU 11.4.0
-- The CXX compiler identification is GNU 11.4.0
-- Detecting C compiler ABI info
-- Detecting C compiler ABI info - done
-- Check for working C compiler: /usr/bin/cc - skipped
-- Detecting C compile features
-- Detecting C compile features - done
-- Detecting CXX compiler ABI info
-- Detecting CXX compiler ABI info - done
-- Check for working CXX compiler: /usr/bin/c++ - skipped
-- Detecting CXX compile features
-- Detecting CXX compile features - done
-- Found ament_cmake: 1.3.11 (/opt/ros/humble/share/ament_cmake/cmake)
-- Found Python3: /usr/bin/python3 (found version "3.10.12") found components: Interpreter 
-- Found rclpy: 3.3.16 (/opt/ros/humble/share/rclpy/cmake)
-- Found std_msgs: 4.8.0 (/opt/ros/humble/share/std_msgs/cmake)
-- Found rosidl_generator_c: 3.1.6 (/opt/ros/humble/share/rosidl_generator_c/cmake)
-- Found rosidl_adapter: 3.1.6 (/opt/ros/humble/share/rosidl_adapter/cmake)
-- Found rosidl_generator_cpp: 3.1.6 (/opt/ros/humble/share/rosidl_generator_cpp/cmake)
-- Using all available rosidl_typesupport_c: rosidl_typesupport_fastrtps_c;rosidl_typesupport_introspection_c
-- Using all available rosidl_typesupport_cpp: rosidl_typesupport_fastrtps_cpp;rosidl_typesupport_introspection_cpp
-- Found ament_lint_auto: 0.12.12 (/opt/ros/humble/share/ament_lint_auto/cmake)
-- Added test 'cppcheck' to perform static code analysis on C / C++ code
-- Configured cppcheck include dirs: 
-- Configured cppcheck exclude dirs and/or files: 
-- Added test 'flake8' to check Python code syntax and style conventions
-- Added test 'lint_cmake' to check CMake code style
-- Added test 'pep257' to check Python code against some of the docstring style conventions in PEP 257
-- Added test 'uncrustify' to check C / C++ code style
-- Configured uncrustify additional arguments: 
-- Added test 'xmllint' to check XML markup files
-- Configuring done
-- Generating done
-- Build files have been written to: /home/maty/rob_movil_ws/src/build/mini_tarea_2
Built target ament_cmake_python_copy_mini_tarea_2
running egg_info
creating mini_tarea_2.egg-info
writing mini_tarea_2.egg-info/PKG-INFO
writing dependency_links to mini_tarea_2.egg-info/dependency_links.txt
writing top-level names to mini_tarea_2.egg-info/top_level.txt
writing manifest file 'mini_tarea_2.egg-info/SOURCES.txt'
reading manifest file 'mini_tarea_2.egg-info/SOURCES.txt'
writing manifest file 'mini_tarea_2.egg-info/SOURCES.txt'
Built target ament_cmake_python_build_mini_tarea_2_egg
-- Install configuration: ""
-- Installing: /home/maty/rob_movil_ws/src/install/mini_tarea_2/share/mini_tarea_2/environment/pythonpath.sh
-- Installing: /home/maty/rob_movil_ws/src/install/mini_tarea_2/share/mini_tarea_2/environment/pythonpath.dsv
-- Installing: /home/maty/rob_movil_ws/src/install/mini_tarea_2/local/lib/python3.10/dist-packages/mini_tarea_2-0.0.0-py3.10.egg-info
-- Installing: /home/maty/rob_movil_ws/src/install/mini_tarea_2/local/lib/python3.10/dist-packages/mini_tarea_2-0.0.0-py3.10.egg-info/top_level.txt
-- Installing: /home/maty/rob_movil_ws/src/install/mini_tarea_2/local/lib/python3.10/dist-packages/mini_tarea_2-0.0.0-py3.10.egg-info/PKG-INFO
-- Installing: /home/maty/rob_movil_ws/src/install/mini_tarea_2/local/lib/python3.10/dist-packages/mini_tarea_2-0.0.0-py3.10.egg-info/SOURCES.txt
-- Installing: /home/maty/rob_movil_ws/src/install/mini_tarea_2/local/lib/python3.10/dist-packages/mini_tarea_2-0.0.0-py3.10.egg-info/dependency_links.txt
-- Installing: /home/maty/rob_movil_ws/src/install/mini_tarea_2/local/lib/python3.10/dist-packages/mini_tarea_2
-- Installing: /home/maty/rob_movil_ws/src/install/mini_tarea_2/local/lib/python3.10/dist-packages/mini_tarea_2/__init__.py
Listing '/home/maty/rob_movil_ws/src/install/mini_tarea_2/local/lib/python3.10/dist-packages/mini_tarea_2'...
Compiling '/home/maty/rob_movil_ws/src/install/mini_tarea_2/local/lib/python3.10/dist-packages/mini_tarea_2/__init__.py'...
-- Installing: /home/maty/rob_movil_ws/src/install/mini_tarea_2/lib/mini_tarea_2/pid_controller.py
-- Installing: /home/maty/rob_movil_ws/src/install/mini_tarea_2/lib/mini_tarea_2/virtual_robot.py
-- Installing: /home/maty/rob_movil_ws/src/install/mini_tarea_2/share/mini_tarea_2/launch
-- Installing: /home/maty/rob_movil_ws/src/install/mini_tarea_2/share/mini_tarea_2/launch/launch.py
-- Installing: /home/maty/rob_movil_ws/src/install/mini_tarea_2/share/ament_index/resource_index/package_run_dependencies/mini_tarea_2
-- Installing: /home/maty/rob_movil_ws/src/install/mini_tarea_2/share/ament_index/resource_index/parent_prefix_path/mini_tarea_2
-- Installing: /home/maty/rob_movil_ws/src/install/mini_tarea_2/share/mini_tarea_2/environment/ament_prefix_path.sh
-- Installing: /home/maty/rob_movil_ws/src/install/mini_tarea_2/share/mini_tarea_2/environment/ament_prefix_path.dsv
-- Installing: /home/maty/rob_movil_ws/src/install/mini_tarea_2/share/mini_tarea_2/environment/path.sh
-- Installing: /home/maty/rob_movil_ws/src/install/mini_tarea_2/share/mini_tarea_2/environment/path.dsv
-- Installing: /home/maty/rob_movil_ws/src/install/mini_tarea_2/share/mini_tarea_2/local_setup.bash
-- Installing: /home/maty/rob_movil_ws/src/install/mini_tarea_2/share/mini_tarea_2/local_setup.sh
-- Installing: /home/maty/rob_movil_ws/src/install/mini_tarea_2/share/mini_tarea_2/local_setup.zsh
-- Installing: /home/maty/rob_movil_ws/src/install/mini_tarea_2/share/mini_tarea_2/local_setup.dsv
-- Installing: /home/maty/rob_movil_ws/src/install/mini_tarea_2/share/mini_tarea_2/package.dsv
-- Installing: /home/maty/rob_movil_ws/src/install/mini_tarea_2/share/ament_index/resource_index/packages/mini_tarea_2
-- Installing: /home/maty/rob_movil_ws/src/install/mini_tarea_2/share/mini_tarea_2/cmake/mini_tarea_2Config.cmake
-- Installing: /home/maty/rob_movil_ws/src/install/mini_tarea_2/share/mini_tarea_2/cmake/mini_tarea_2Config-version.cmake
-- Installing: /home/maty/rob_movil_ws/src/install/mini_tarea_2/share/mini_tarea_2/package.xml
