[0.032s] Invoking command in '/home/maty/rob_movil_ws/src/build/mini_tarea_2': CMAKE_PREFIX_PATH=/opt/ros/humble:${CMAKE_PREFIX_PATH} /usr/bin/cmake /home/maty/rob_movil_ws/src/mini_tarea_2 -DCMAKE_INSTALL_PREFIX=/home/maty/rob_movil_ws/src/install/mini_tarea_2
[0.267s] -- The C compiler identification is GNU 11.4.0
[0.690s] -- The CXX compiler identification is GNU 11.4.0
[0.910s] -- Detecting C compiler ABI info
[1.023s] -- Detecting C compiler ABI info - done
[1.030s] -- Check for working C compiler: /usr/bin/cc - skipped
[1.032s] -- Detecting C compile features
[1.033s] -- Detecting C compile features - done
[1.037s] -- Detecting CXX compiler ABI info
[1.153s] -- Detecting CXX compiler ABI info - done
[1.161s] -- Check for working CXX compiler: /usr/bin/c++ - skipped
[1.161s] -- Detecting CXX compile features
[1.162s] -- Detecting CXX compile features - done
[1.169s] -- Found ament_cmake: 1.3.11 (/opt/ros/humble/share/ament_cmake/cmake)
[1.345s] -- Found Python3: /usr/bin/python3 (found version "3.10.12") found components: Interpreter 
[1.453s] -- Found rclpy: 3.3.16 (/opt/ros/humble/share/rclpy/cmake)
[1.454s] -- Found std_msgs: 4.8.0 (/opt/ros/humble/share/std_msgs/cmake)
[1.630s] -- Found rosidl_generator_c: 3.1.6 (/opt/ros/humble/share/rosidl_generator_c/cmake)
[1.636s] -- Found rosidl_adapter: 3.1.6 (/opt/ros/humble/share/rosidl_adapter/cmake)
[1.646s] -- Found rosidl_generator_cpp: 3.1.6 (/opt/ros/humble/share/rosidl_generator_cpp/cmake)
[1.666s] -- Using all available rosidl_typesupport_c: rosidl_typesupport_fastrtps_c;rosidl_typesupport_introspection_c
[1.687s] -- Using all available rosidl_typesupport_cpp: rosidl_typesupport_fastrtps_cpp;rosidl_typesupport_introspection_cpp
[1.820s] -- Found ament_lint_auto: 0.12.12 (/opt/ros/humble/share/ament_lint_auto/cmake)
[1.905s] -- Added test 'cppcheck' to perform static code analysis on C / C++ code
[1.905s] -- Configured cppcheck include dirs: 
[1.905s] -- Configured cppcheck exclude dirs and/or files: 
[1.906s] -- Added test 'flake8' to check Python code syntax and style conventions
[1.908s] -- Added test 'lint_cmake' to check CMake code style
[1.909s] -- Added test 'pep257' to check Python code against some of the docstring style conventions in PEP 257
[1.912s] -- Added test 'uncrustify' to check C / C++ code style
[1.912s] -- Configured uncrustify additional arguments: 
[1.913s] -- Added test 'xmllint' to check XML markup files
[1.916s] -- Configuring done
[1.921s] -- Generating done
[1.924s] -- Build files have been written to: /home/maty/rob_movil_ws/src/build/mini_tarea_2
[1.933s] Invoked command in '/home/maty/rob_movil_ws/src/build/mini_tarea_2' returned '0': CMAKE_PREFIX_PATH=/opt/ros/humble:${CMAKE_PREFIX_PATH} /usr/bin/cmake /home/maty/rob_movil_ws/src/mini_tarea_2 -DCMAKE_INSTALL_PREFIX=/home/maty/rob_movil_ws/src/install/mini_tarea_2
[1.934s] Invoking command in '/home/maty/rob_movil_ws/src/build/mini_tarea_2': CMAKE_PREFIX_PATH=/opt/ros/humble:${CMAKE_PREFIX_PATH} /usr/bin/cmake --build /home/maty/rob_movil_ws/src/build/mini_tarea_2 -- -j22 -l22
[1.982s] Built target ament_cmake_python_copy_mini_tarea_2
[2.243s] running egg_info
[2.243s] creating mini_tarea_2.egg-info
[2.244s] writing mini_tarea_2.egg-info/PKG-INFO
[2.244s] writing dependency_links to mini_tarea_2.egg-info/dependency_links.txt
[2.244s] writing top-level names to mini_tarea_2.egg-info/top_level.txt
[2.244s] writing manifest file 'mini_tarea_2.egg-info/SOURCES.txt'
[2.246s] reading manifest file 'mini_tarea_2.egg-info/SOURCES.txt'
[2.247s] writing manifest file 'mini_tarea_2.egg-info/SOURCES.txt'
[2.277s] Built target ament_cmake_python_build_mini_tarea_2_egg
[2.287s] Invoked command in '/home/maty/rob_movil_ws/src/build/mini_tarea_2' returned '0': CMAKE_PREFIX_PATH=/opt/ros/humble:${CMAKE_PREFIX_PATH} /usr/bin/cmake --build /home/maty/rob_movil_ws/src/build/mini_tarea_2 -- -j22 -l22
[2.290s] Invoking command in '/home/maty/rob_movil_ws/src/build/mini_tarea_2': CMAKE_PREFIX_PATH=/opt/ros/humble:${CMAKE_PREFIX_PATH} /usr/bin/cmake --install /home/maty/rob_movil_ws/src/build/mini_tarea_2
[2.297s] -- Install configuration: ""
[2.298s] -- Installing: /home/maty/rob_movil_ws/src/install/mini_tarea_2/share/mini_tarea_2/environment/pythonpath.sh
[2.298s] -- Installing: /home/maty/rob_movil_ws/src/install/mini_tarea_2/share/mini_tarea_2/environment/pythonpath.dsv
[2.298s] -- Installing: /home/maty/rob_movil_ws/src/install/mini_tarea_2/local/lib/python3.10/dist-packages/mini_tarea_2-0.0.0-py3.10.egg-info
[2.299s] -- Installing: /home/maty/rob_movil_ws/src/install/mini_tarea_2/local/lib/python3.10/dist-packages/mini_tarea_2-0.0.0-py3.10.egg-info/top_level.txt
[2.300s] -- Installing: /home/maty/rob_movil_ws/src/install/mini_tarea_2/local/lib/python3.10/dist-packages/mini_tarea_2-0.0.0-py3.10.egg-info/PKG-INFO
[2.300s] -- Installing: /home/maty/rob_movil_ws/src/install/mini_tarea_2/local/lib/python3.10/dist-packages/mini_tarea_2-0.0.0-py3.10.egg-info/SOURCES.txt
[2.300s] -- Installing: /home/maty/rob_movil_ws/src/install/mini_tarea_2/local/lib/python3.10/dist-packages/mini_tarea_2-0.0.0-py3.10.egg-info/dependency_links.txt
[2.301s] -- Installing: /home/maty/rob_movil_ws/src/install/mini_tarea_2/local/lib/python3.10/dist-packages/mini_tarea_2
[2.301s] -- Installing: /home/maty/rob_movil_ws/src/install/mini_tarea_2/local/lib/python3.10/dist-packages/mini_tarea_2/__init__.py
[2.338s] Listing '/home/maty/rob_movil_ws/src/install/mini_tarea_2/local/lib/python3.10/dist-packages/mini_tarea_2'...
[2.339s] Compiling '/home/maty/rob_movil_ws/src/install/mini_tarea_2/local/lib/python3.10/dist-packages/mini_tarea_2/__init__.py'...
[2.344s] -- Installing: /home/maty/rob_movil_ws/src/install/mini_tarea_2/lib/mini_tarea_2/pid_controller.py
[2.346s] -- Installing: /home/maty/rob_movil_ws/src/install/mini_tarea_2/lib/mini_tarea_2/virtual_robot.py
[2.347s] -- Installing: /home/maty/rob_movil_ws/src/install/mini_tarea_2/share/mini_tarea_2/launch
[2.347s] -- Installing: /home/maty/rob_movil_ws/src/install/mini_tarea_2/share/mini_tarea_2/launch/launch.py
[2.348s] -- Installing: /home/maty/rob_movil_ws/src/install/mini_tarea_2/share/ament_index/resource_index/package_run_dependencies/mini_tarea_2
[2.348s] -- Installing: /home/maty/rob_movil_ws/src/install/mini_tarea_2/share/ament_index/resource_index/parent_prefix_path/mini_tarea_2
[2.349s] -- Installing: /home/maty/rob_movil_ws/src/install/mini_tarea_2/share/mini_tarea_2/environment/ament_prefix_path.sh
[2.349s] -- Installing: /home/maty/rob_movil_ws/src/install/mini_tarea_2/share/mini_tarea_2/environment/ament_prefix_path.dsv
[2.349s] -- Installing: /home/maty/rob_movil_ws/src/install/mini_tarea_2/share/mini_tarea_2/environment/path.sh
[2.349s] -- Installing: /home/maty/rob_movil_ws/src/install/mini_tarea_2/share/mini_tarea_2/environment/path.dsv
[2.350s] -- Installing: /home/maty/rob_movil_ws/src/install/mini_tarea_2/share/mini_tarea_2/local_setup.bash
[2.350s] -- Installing: /home/maty/rob_movil_ws/src/install/mini_tarea_2/share/mini_tarea_2/local_setup.sh
[2.350s] -- Installing: /home/maty/rob_movil_ws/src/install/mini_tarea_2/share/mini_tarea_2/local_setup.zsh
[2.350s] -- Installing: /home/maty/rob_movil_ws/src/install/mini_tarea_2/share/mini_tarea_2/local_setup.dsv
[2.350s] -- Installing: /home/maty/rob_movil_ws/src/install/mini_tarea_2/share/mini_tarea_2/package.dsv
[2.350s] -- Installing: /home/maty/rob_movil_ws/src/install/mini_tarea_2/share/ament_index/resource_index/packages/mini_tarea_2
[2.350s] -- Installing: /home/maty/rob_movil_ws/src/install/mini_tarea_2/share/mini_tarea_2/cmake/mini_tarea_2Config.cmake
[2.350s] -- Installing: /home/maty/rob_movil_ws/src/install/mini_tarea_2/share/mini_tarea_2/cmake/mini_tarea_2Config-version.cmake
[2.351s] -- Installing: /home/maty/rob_movil_ws/src/install/mini_tarea_2/share/mini_tarea_2/package.xml
[2.354s] Invoked command in '/home/maty/rob_movil_ws/src/build/mini_tarea_2' returned '0': CMAKE_PREFIX_PATH=/opt/ros/humble:${CMAKE_PREFIX_PATH} /usr/bin/cmake --install /home/maty/rob_movil_ws/src/build/mini_tarea_2
