[0.028s] Invoking command in '/home/maty/rob_movil_ws/build/lab2_iic2685': CMAKE_PREFIX_PATH=/opt/ros/humble:${CMAKE_PREFIX_PATH} /usr/bin/cmake /home/maty/rob_movil_ws/src/lab2_iic2685 -DCMAKE_INSTALL_PREFIX=/home/maty/rob_movil_ws/install/lab2_iic2685
[0.055s] -- Found ament_cmake: 1.3.11 (/opt/ros/humble/share/ament_cmake/cmake)
[0.211s] -- Override CMake install command with custom implementation using symlinks instead of copying resources
[0.302s] -- Found ament_lint_auto: 0.12.12 (/opt/ros/humble/share/ament_lint_auto/cmake)
[0.399s] -- Added test 'cppcheck' to perform static code analysis on C / C++ code
[0.399s] -- Configured cppcheck include dirs: 
[0.399s] -- Configured cppcheck exclude dirs and/or files: 
[0.400s] -- Added test 'flake8' to check Python code syntax and style conventions
[0.402s] -- Added test 'lint_cmake' to check CMake code style
[0.404s] -- Added test 'pep257' to check Python code against some of the docstring style conventions in PEP 257
[0.413s] -- Added test 'uncrustify' to check C / C++ code style
[0.413s] -- Configured uncrustify additional arguments: 
[0.416s] -- Added test 'xmllint' to check XML markup files
[0.417s] -- Configuring done
[0.421s] -- Generating done
[0.423s] -- Build files have been written to: /home/maty/rob_movil_ws/build/lab2_iic2685
[0.427s] Invoked command in '/home/maty/rob_movil_ws/build/lab2_iic2685' returned '0': CMAKE_PREFIX_PATH=/opt/ros/humble:${CMAKE_PREFIX_PATH} /usr/bin/cmake /home/maty/rob_movil_ws/src/lab2_iic2685 -DCMAKE_INSTALL_PREFIX=/home/maty/rob_movil_ws/install/lab2_iic2685
[0.430s] Invoking command in '/home/maty/rob_movil_ws/build/lab2_iic2685': CMAKE_PREFIX_PATH=/opt/ros/humble:${CMAKE_PREFIX_PATH} /usr/bin/cmake --build /home/maty/rob_movil_ws/build/lab2_iic2685 -- -j22 -l22
[0.484s] Built target ament_cmake_python_symlink_lab2_iic2685
[0.787s] running egg_info
[0.788s] writing lab2_iic2685.egg-info/PKG-INFO
[0.789s] writing dependency_links to lab2_iic2685.egg-info/dependency_links.txt
[0.789s] writing top-level names to lab2_iic2685.egg-info/top_level.txt
[0.791s] reading manifest file 'lab2_iic2685.egg-info/SOURCES.txt'
[0.791s] writing manifest file 'lab2_iic2685.egg-info/SOURCES.txt'
[0.821s] Built target ament_cmake_python_build_lab2_iic2685_egg
[0.832s] Invoked command in '/home/maty/rob_movil_ws/build/lab2_iic2685' returned '0': CMAKE_PREFIX_PATH=/opt/ros/humble:${CMAKE_PREFIX_PATH} /usr/bin/cmake --build /home/maty/rob_movil_ws/build/lab2_iic2685 -- -j22 -l22
[0.845s] Invoking command in '/home/maty/rob_movil_ws/build/lab2_iic2685': CMAKE_PREFIX_PATH=/opt/ros/humble:${CMAKE_PREFIX_PATH} /usr/bin/cmake --install /home/maty/rob_movil_ws/build/lab2_iic2685
[0.851s] -- Install configuration: ""
[0.852s] -- Execute custom install script
[0.852s] -- Up-to-date symlink: /home/maty/rob_movil_ws/install/lab2_iic2685/share/lab2_iic2685/environment/pythonpath.sh
[0.852s] -- Up-to-date symlink: /home/maty/rob_movil_ws/install/lab2_iic2685/share/lab2_iic2685/environment/pythonpath.dsv
[0.853s] -- Up-to-date symlink: /home/maty/rob_movil_ws/install/lab2_iic2685/local/lib/python3.10/dist-packages/lab2_iic2685-0.0.0-py3.10.egg-info/PKG-INFO
[0.853s] -- Up-to-date symlink: /home/maty/rob_movil_ws/install/lab2_iic2685/local/lib/python3.10/dist-packages/lab2_iic2685-0.0.0-py3.10.egg-info/SOURCES.txt
[0.853s] -- Up-to-date symlink: /home/maty/rob_movil_ws/install/lab2_iic2685/local/lib/python3.10/dist-packages/lab2_iic2685-0.0.0-py3.10.egg-info/dependency_links.txt
[0.853s] -- Up-to-date symlink: /home/maty/rob_movil_ws/install/lab2_iic2685/local/lib/python3.10/dist-packages/lab2_iic2685-0.0.0-py3.10.egg-info/top_level.txt
[0.854s] -- Up-to-date symlink: /home/maty/rob_movil_ws/install/lab2_iic2685/local/lib/python3.10/dist-packages/lab2_iic2685/__init__.py
[0.854s] -- Up-to-date symlink: /home/maty/rob_movil_ws/install/lab2_iic2685/lib/lab2_iic2685/dead_reckoning_nav.py
[0.854s] -- Up-to-date symlink: /home/maty/rob_movil_ws/install/lab2_iic2685/lib/lab2_iic2685/pose_loader.py
[0.854s] -- Up-to-date symlink: /home/maty/rob_movil_ws/install/lab2_iic2685/share/lab2_iic2685/launch/avanzar_y_rotar.xml
[0.854s] -- Up-to-date symlink: /home/maty/rob_movil_ws/install/lab2_iic2685/share/ament_index/resource_index/package_run_dependencies/lab2_iic2685
[0.854s] -- Up-to-date symlink: /home/maty/rob_movil_ws/install/lab2_iic2685/share/ament_index/resource_index/parent_prefix_path/lab2_iic2685
[0.855s] -- Up-to-date symlink: /home/maty/rob_movil_ws/install/lab2_iic2685/share/lab2_iic2685/environment/ament_prefix_path.sh
[0.855s] -- Up-to-date symlink: /home/maty/rob_movil_ws/install/lab2_iic2685/share/lab2_iic2685/environment/ament_prefix_path.dsv
[0.855s] -- Up-to-date symlink: /home/maty/rob_movil_ws/install/lab2_iic2685/share/lab2_iic2685/environment/path.sh
[0.856s] -- Up-to-date symlink: /home/maty/rob_movil_ws/install/lab2_iic2685/share/lab2_iic2685/environment/path.dsv
[0.856s] -- Up-to-date symlink: /home/maty/rob_movil_ws/install/lab2_iic2685/share/lab2_iic2685/local_setup.bash
[0.857s] -- Up-to-date symlink: /home/maty/rob_movil_ws/install/lab2_iic2685/share/lab2_iic2685/local_setup.sh
[0.857s] -- Up-to-date symlink: /home/maty/rob_movil_ws/install/lab2_iic2685/share/lab2_iic2685/local_setup.zsh
[0.857s] -- Up-to-date symlink: /home/maty/rob_movil_ws/install/lab2_iic2685/share/lab2_iic2685/local_setup.dsv
[0.857s] -- Symlinking: /home/maty/rob_movil_ws/install/lab2_iic2685/share/lab2_iic2685/package.dsv
[0.865s] -- Up-to-date symlink: /home/maty/rob_movil_ws/install/lab2_iic2685/share/ament_index/resource_index/packages/lab2_iic2685
[0.866s] -- Up-to-date symlink: /home/maty/rob_movil_ws/install/lab2_iic2685/share/lab2_iic2685/cmake/lab2_iic2685Config.cmake
[0.866s] -- Up-to-date symlink: /home/maty/rob_movil_ws/install/lab2_iic2685/share/lab2_iic2685/cmake/lab2_iic2685Config-version.cmake
[0.866s] -- Up-to-date symlink: /home/maty/rob_movil_ws/install/lab2_iic2685/share/lab2_iic2685/package.xml
[0.905s] Listing '/home/maty/rob_movil_ws/install/lab2_iic2685/local/lib/python3.10/dist-packages/lab2_iic2685'...
[0.913s] Invoked command in '/home/maty/rob_movil_ws/build/lab2_iic2685' returned '0': CMAKE_PREFIX_PATH=/opt/ros/humble:${CMAKE_PREFIX_PATH} /usr/bin/cmake --install /home/maty/rob_movil_ws/build/lab2_iic2685
