[0.012s] Invoking command in '/home/maty/rob_movil_ws/src/lab2_iic2685/build/lab2_iic2685': CMAKE_PREFIX_PATH=${CMAKE_PREFIX_PATH}:/opt/ros/humble /usr/bin/cmake --build /home/maty/rob_movil_ws/src/lab2_iic2685/build/lab2_iic2685 -- -j22 -l22
[0.040s] -- Found ament_cmake: 1.3.11 (/opt/ros/humble/share/ament_cmake/cmake)
[0.173s] -- Override CMake install command with custom implementation using symlinks instead of copying resources
[0.256s] -- Found ament_lint_auto: 0.12.12 (/opt/ros/humble/share/ament_lint_auto/cmake)
[0.384s] -- Added test 'cppcheck' to perform static code analysis on C / C++ code
[0.384s] -- Configured cppcheck include dirs: 
[0.384s] -- Configured cppcheck exclude dirs and/or files: 
[0.386s] -- Added test 'flake8' to check Python code syntax and style conventions
[0.388s] -- Added test 'lint_cmake' to check CMake code style
[0.389s] -- Added test 'pep257' to check Python code against some of the docstring style conventions in PEP 257
[0.397s] -- Added test 'uncrustify' to check C / C++ code style
[0.397s] -- Configured uncrustify additional arguments: 
[0.398s] -- Added test 'xmllint' to check XML markup files
[0.399s] -- Configuring done
[0.402s] -- Generating done
[0.405s] -- Build files have been written to: /home/maty/rob_movil_ws/src/lab2_iic2685/build/lab2_iic2685
[0.438s] Built target ament_cmake_python_symlink_lab2_iic2685
[0.711s] running egg_info
[0.714s] writing lab2_iic2685.egg-info/PKG-INFO
[0.714s] writing dependency_links to lab2_iic2685.egg-info/dependency_links.txt
[0.714s] writing top-level names to lab2_iic2685.egg-info/top_level.txt
[0.716s] reading manifest file 'lab2_iic2685.egg-info/SOURCES.txt'
[0.716s] writing manifest file 'lab2_iic2685.egg-info/SOURCES.txt'
[0.747s] Built target ament_cmake_python_build_lab2_iic2685_egg
[0.760s] Invoked command in '/home/maty/rob_movil_ws/src/lab2_iic2685/build/lab2_iic2685' returned '0': CMAKE_PREFIX_PATH=${CMAKE_PREFIX_PATH}:/opt/ros/humble /usr/bin/cmake --build /home/maty/rob_movil_ws/src/lab2_iic2685/build/lab2_iic2685 -- -j22 -l22
[0.767s] Invoking command in '/home/maty/rob_movil_ws/src/lab2_iic2685/build/lab2_iic2685': CMAKE_PREFIX_PATH=${CMAKE_PREFIX_PATH}:/opt/ros/humble /usr/bin/cmake --install /home/maty/rob_movil_ws/src/lab2_iic2685/build/lab2_iic2685
[0.776s] -- Install configuration: ""
[0.776s] -- Execute custom install script
[0.776s] -- Up-to-date symlink: /home/maty/rob_movil_ws/src/lab2_iic2685/install/lab2_iic2685/share/lab2_iic2685/environment/pythonpath.sh
[0.777s] -- Up-to-date symlink: /home/maty/rob_movil_ws/src/lab2_iic2685/install/lab2_iic2685/share/lab2_iic2685/environment/pythonpath.dsv
[0.778s] -- Up-to-date symlink: /home/maty/rob_movil_ws/src/lab2_iic2685/install/lab2_iic2685/local/lib/python3.10/dist-packages/lab2_iic2685-0.0.0-py3.10.egg-info/PKG-INFO
[0.778s] -- Up-to-date symlink: /home/maty/rob_movil_ws/src/lab2_iic2685/install/lab2_iic2685/local/lib/python3.10/dist-packages/lab2_iic2685-0.0.0-py3.10.egg-info/SOURCES.txt
[0.779s] -- Up-to-date symlink: /home/maty/rob_movil_ws/src/lab2_iic2685/install/lab2_iic2685/local/lib/python3.10/dist-packages/lab2_iic2685-0.0.0-py3.10.egg-info/dependency_links.txt
[0.779s] -- Up-to-date symlink: /home/maty/rob_movil_ws/src/lab2_iic2685/install/lab2_iic2685/local/lib/python3.10/dist-packages/lab2_iic2685-0.0.0-py3.10.egg-info/top_level.txt
[0.779s] -- Up-to-date symlink: /home/maty/rob_movil_ws/src/lab2_iic2685/install/lab2_iic2685/local/lib/python3.10/dist-packages/lab2_iic2685/__init__.py
[0.780s] -- Up-to-date symlink: /home/maty/rob_movil_ws/src/lab2_iic2685/install/lab2_iic2685/lib/lab2_iic2685/dead_reckoning_nav.py
[0.781s] -- Symlinking: /home/maty/rob_movil_ws/src/lab2_iic2685/install/lab2_iic2685/share/mini_tarea_2/launch/avanzar_y_rotar.py
[0.790s] -- Symlinking: /home/maty/rob_movil_ws/src/lab2_iic2685/install/lab2_iic2685/share/ament_index/resource_index/package_run_dependencies/lab2_iic2685
[0.798s] -- Symlinking: /home/maty/rob_movil_ws/src/lab2_iic2685/install/lab2_iic2685/share/ament_index/resource_index/parent_prefix_path/lab2_iic2685
[0.805s] -- Symlinking: /home/maty/rob_movil_ws/src/lab2_iic2685/install/lab2_iic2685/share/lab2_iic2685/environment/ament_prefix_path.sh
[0.812s] -- Symlinking: /home/maty/rob_movil_ws/src/lab2_iic2685/install/lab2_iic2685/share/lab2_iic2685/environment/ament_prefix_path.dsv
[0.820s] -- Symlinking: /home/maty/rob_movil_ws/src/lab2_iic2685/install/lab2_iic2685/share/lab2_iic2685/environment/path.sh
[0.829s] -- Symlinking: /home/maty/rob_movil_ws/src/lab2_iic2685/install/lab2_iic2685/share/lab2_iic2685/environment/path.dsv
[0.837s] -- Symlinking: /home/maty/rob_movil_ws/src/lab2_iic2685/install/lab2_iic2685/share/lab2_iic2685/local_setup.bash
[0.844s] -- Symlinking: /home/maty/rob_movil_ws/src/lab2_iic2685/install/lab2_iic2685/share/lab2_iic2685/local_setup.sh
[0.851s] -- Symlinking: /home/maty/rob_movil_ws/src/lab2_iic2685/install/lab2_iic2685/share/lab2_iic2685/local_setup.zsh
[0.859s] -- Symlinking: /home/maty/rob_movil_ws/src/lab2_iic2685/install/lab2_iic2685/share/lab2_iic2685/local_setup.dsv
[0.866s] -- Symlinking: /home/maty/rob_movil_ws/src/lab2_iic2685/install/lab2_iic2685/share/lab2_iic2685/package.dsv
[0.873s] -- Symlinking: /home/maty/rob_movil_ws/src/lab2_iic2685/install/lab2_iic2685/share/ament_index/resource_index/packages/lab2_iic2685
[0.882s] -- Symlinking: /home/maty/rob_movil_ws/src/lab2_iic2685/install/lab2_iic2685/share/lab2_iic2685/cmake/lab2_iic2685Config.cmake
[0.890s] -- Symlinking: /home/maty/rob_movil_ws/src/lab2_iic2685/install/lab2_iic2685/share/lab2_iic2685/cmake/lab2_iic2685Config-version.cmake
[0.897s] -- Symlinking: /home/maty/rob_movil_ws/src/lab2_iic2685/install/lab2_iic2685/share/lab2_iic2685/package.xml
[0.945s] Listing '/home/maty/rob_movil_ws/src/lab2_iic2685/install/lab2_iic2685/local/lib/python3.10/dist-packages/lab2_iic2685'...
[0.945s] Compiling '/home/maty/rob_movil_ws/src/lab2_iic2685/install/lab2_iic2685/local/lib/python3.10/dist-packages/lab2_iic2685/__init__.py'...
[0.954s] Invoked command in '/home/maty/rob_movil_ws/src/lab2_iic2685/build/lab2_iic2685' returned '0': CMAKE_PREFIX_PATH=${CMAKE_PREFIX_PATH}:/opt/ros/humble /usr/bin/cmake --install /home/maty/rob_movil_ws/src/lab2_iic2685/build/lab2_iic2685
