[0.022s] Invoking command in '/home/maty/rob_movil_ws/build/Mini_Tarea_2': CMAKE_PREFIX_PATH=${CMAKE_PREFIX_PATH}:/opt/ros/humble /usr/bin/cmake /home/maty/rob_movil_ws/src/Mini_Tarea_2 -DAMENT_CMAKE_SYMLINK_INSTALL=1 -DCMAKE_INSTALL_PREFIX=/home/maty/rob_movil_ws/install/Mini_Tarea_2
[0.248s] -- The C compiler identification is GNU 11.4.0
[0.438s] -- The CXX compiler identification is GNU 11.4.0
[0.547s] -- Detecting C compiler ABI info
[0.607s] -- Detecting C compiler ABI info - done
[0.611s] -- Check for working C compiler: /usr/bin/cc - skipped
[0.611s] -- Detecting C compile features
[0.612s] -- Detecting C compile features - done
[0.615s] -- Detecting CXX compiler ABI info
[0.683s] -- Detecting CXX compiler ABI info - done
[0.686s] -- Check for working CXX compiler: /usr/bin/c++ - skipped
[0.686s] -- Detecting CXX compile features
[0.687s] -- Detecting CXX compile features - done
[0.706s] -- Found ament_cmake: 1.3.11 (/opt/ros/humble/share/ament_cmake/cmake)
[0.797s] -- Found Python3: /usr/bin/python3 (found version "3.10.12") found components: Interpreter 
[0.837s] -- Override CMake install command with custom implementation using symlinks instead of copying resources
[0.910s] WARNING: Package name "Mini_Tarea_2" does not follow the naming conventions. It should start with a lower case letter and only contain lower case letters, digits, underscores, and dashes.
[0.915s] [31mCMake Error at /opt/ros/humble/share/ament_cmake_python/cmake/ament_python_install_package.cmake:66 (message):
[0.915s]   ament_python_install_package() the Python package folder
[0.915s]   '/home/maty/rob_movil_ws/src/Mini_Tarea_2/Mini_Tarea_2' doesn't contain an
[0.915s]   '__init__.py' file
[0.915s] Call Stack (most recent call first):
[0.915s]   /opt/ros/humble/share/ament_cmake_python/cmake/ament_python_install_package.cmake:39 (_ament_cmake_python_install_package)
[0.915s]   CMakeLists.txt:15 (ament_python_install_package)
[0.915s] 
[0.915s] [0m
[0.915s] -- Configuring incomplete, errors occurred!
[0.915s] See also "/home/maty/rob_movil_ws/build/Mini_Tarea_2/CMakeFiles/CMakeOutput.log".
[0.919s] Invoked command in '/home/maty/rob_movil_ws/build/Mini_Tarea_2' returned '1': CMAKE_PREFIX_PATH=${CMAKE_PREFIX_PATH}:/opt/ros/humble /usr/bin/cmake /home/maty/rob_movil_ws/src/Mini_Tarea_2 -DAMENT_CMAKE_SYMLINK_INSTALL=1 -DCMAKE_INSTALL_PREFIX=/home/maty/rob_movil_ws/install/Mini_Tarea_2
