[0.016s] Invoking command in '/home/maty/rob_movil_ws/build/movement_robot': CMAKE_PREFIX_PATH=${CMAKE_PREFIX_PATH}:/opt/ros/humble /usr/bin/cmake /home/maty/rob_movil_ws/src/movement_robot -DAMENT_CMAKE_SYMLINK_INSTALL=1 -DCMAKE_INSTALL_PREFIX=/home/maty/rob_movil_ws/install/movement_robot
[0.207s] -- The C compiler identification is GNU 11.4.0
[0.455s] -- The CXX compiler identification is GNU 11.4.0
[0.546s] -- Detecting C compiler ABI info
[0.625s] -- Detecting C compiler ABI info - done
[0.629s] -- Check for working C compiler: /usr/bin/cc - skipped
[0.629s] -- Detecting C compile features
[0.630s] -- Detecting C compile features - done
[0.634s] -- Detecting CXX compiler ABI info
[0.706s] -- Detecting CXX compiler ABI info - done
[0.710s] -- Check for working CXX compiler: /usr/bin/c++ - skipped
[0.711s] -- Detecting CXX compile features
[0.711s] -- Detecting CXX compile features - done
[0.719s] -- Found ament_cmake: 1.3.11 (/opt/ros/humble/share/ament_cmake/cmake)
[0.814s] -- Found Python3: /usr/bin/python3 (found version "3.10.12") found components: Interpreter 
[0.865s] -- Override CMake install command with custom implementation using symlinks instead of copying resources
[0.898s] -- Found ament_lint_auto: 0.12.12 (/opt/ros/humble/share/ament_lint_auto/cmake)
[0.957s] -- Added test 'flake8' to check Python code syntax and style conventions
[0.957s] -- Added test 'lint_cmake' to check CMake code style
[0.958s] -- Added test 'pep257' to check Python code against some of the docstring style conventions in PEP 257
[0.959s] -- Added test 'xmllint' to check XML markup files
[0.961s] -- Configuring done
[0.963s] -- Generating done
[0.964s] -- Build files have been written to: /home/maty/rob_movil_ws/build/movement_robot
[0.967s] Invoked command in '/home/maty/rob_movil_ws/build/movement_robot' returned '0': CMAKE_PREFIX_PATH=${CMAKE_PREFIX_PATH}:/opt/ros/humble /usr/bin/cmake /home/maty/rob_movil_ws/src/movement_robot -DAMENT_CMAKE_SYMLINK_INSTALL=1 -DCMAKE_INSTALL_PREFIX=/home/maty/rob_movil_ws/install/movement_robot
[0.969s] Invoking command in '/home/maty/rob_movil_ws/build/movement_robot': CMAKE_PREFIX_PATH=${CMAKE_PREFIX_PATH}:/opt/ros/humble /usr/bin/cmake --build /home/maty/rob_movil_ws/build/movement_robot -- -j22 -l22
[0.990s] Invoked command in '/home/maty/rob_movil_ws/build/movement_robot' returned '0': CMAKE_PREFIX_PATH=${CMAKE_PREFIX_PATH}:/opt/ros/humble /usr/bin/cmake --build /home/maty/rob_movil_ws/build/movement_robot -- -j22 -l22
[0.997s] Invoking command in '/home/maty/rob_movil_ws/build/movement_robot': CMAKE_PREFIX_PATH=${CMAKE_PREFIX_PATH}:/opt/ros/humble /usr/bin/cmake --install /home/maty/rob_movil_ws/build/movement_robot
[1.000s] -- Install configuration: ""
[1.000s] -- Execute custom install script
[1.000s] -- Symlinking: /home/maty/rob_movil_ws/install/movement_robot/share/ament_index/resource_index/package_run_dependencies/movement_robot
[1.005s] -- Symlinking: /home/maty/rob_movil_ws/install/movement_robot/share/ament_index/resource_index/parent_prefix_path/movement_robot
[1.009s] -- Symlinking: /home/maty/rob_movil_ws/install/movement_robot/share/movement_robot/environment/ament_prefix_path.sh
[1.013s] -- Symlinking: /home/maty/rob_movil_ws/install/movement_robot/share/movement_robot/environment/ament_prefix_path.dsv
[1.017s] -- Symlinking: /home/maty/rob_movil_ws/install/movement_robot/share/movement_robot/environment/path.sh
[1.021s] -- Symlinking: /home/maty/rob_movil_ws/install/movement_robot/share/movement_robot/environment/path.dsv
[1.025s] -- Symlinking: /home/maty/rob_movil_ws/install/movement_robot/share/movement_robot/local_setup.bash
[1.029s] -- Symlinking: /home/maty/rob_movil_ws/install/movement_robot/share/movement_robot/local_setup.sh
[1.033s] -- Symlinking: /home/maty/rob_movil_ws/install/movement_robot/share/movement_robot/local_setup.zsh
[1.037s] -- Symlinking: /home/maty/rob_movil_ws/install/movement_robot/share/movement_robot/local_setup.dsv
[1.041s] -- Symlinking: /home/maty/rob_movil_ws/install/movement_robot/share/movement_robot/package.dsv
[1.045s] -- Symlinking: /home/maty/rob_movil_ws/install/movement_robot/share/ament_index/resource_index/packages/movement_robot
[1.050s] -- Symlinking: /home/maty/rob_movil_ws/install/movement_robot/share/movement_robot/cmake/movement_robotConfig.cmake
[1.054s] -- Symlinking: /home/maty/rob_movil_ws/install/movement_robot/share/movement_robot/cmake/movement_robotConfig-version.cmake
[1.058s] -- Symlinking: /home/maty/rob_movil_ws/install/movement_robot/share/movement_robot/package.xml
[1.063s] Invoked command in '/home/maty/rob_movil_ws/build/movement_robot' returned '0': CMAKE_PREFIX_PATH=${CMAKE_PREFIX_PATH}:/opt/ros/humble /usr/bin/cmake --install /home/maty/rob_movil_ws/build/movement_robot
