[0.030s] Invoking command in '/home/maty/rob_movil_ws/build/cmd_vel_mux': CMAKE_PREFIX_PATH=${CMAKE_PREFIX_PATH}:/opt/ros/humble /usr/bin/cmake --build /home/maty/rob_movil_ws/build/cmd_vel_mux -- -j22 -l22
[0.070s] -- Found ament_cmake_ros: 0.10.0 (/opt/ros/humble/share/ament_cmake_ros/cmake)
[0.247s] -- Override CMake install command with custom implementation using symlinks instead of copying resources
[0.261s] -- Found geometry_msgs: 4.8.0 (/opt/ros/humble/share/geometry_msgs/cmake)
[0.435s] -- Found rosidl_generator_c: 3.1.6 (/opt/ros/humble/share/rosidl_generator_c/cmake)
[0.438s] -- Found rosidl_adapter: 3.1.6 (/opt/ros/humble/share/rosidl_adapter/cmake)
[0.448s] -- Found rosidl_generator_cpp: 3.1.6 (/opt/ros/humble/share/rosidl_generator_cpp/cmake)
[0.463s] -- Using all available rosidl_typesupport_c: rosidl_typesupport_fastrtps_c;rosidl_typesupport_introspection_c
[0.483s] -- Using all available rosidl_typesupport_cpp: rosidl_typesupport_fastrtps_cpp;rosidl_typesupport_introspection_cpp
[0.538s] -- Found rcl_interfaces: 1.2.1 (/opt/ros/humble/share/rcl_interfaces/cmake)
[0.553s] -- Found rclcpp: 16.0.12 (/opt/ros/humble/share/rclcpp/cmake)
[0.574s] -- Found rmw_implementation_cmake: 6.1.2 (/opt/ros/humble/share/rmw_implementation_cmake/cmake)
[0.576s] -- Found rmw_fastrtps_cpp: 6.2.7 (/opt/ros/humble/share/rmw_fastrtps_cpp/cmake)
[5.533s] -- Using RMW implementation 'rmw_fastrtps_cpp' as default
[5.583s] -- Found rclcpp_components: 16.0.12 (/opt/ros/humble/share/rclcpp_components/cmake)
[5.612s] -- Found ament_lint_auto: 0.12.12 (/opt/ros/humble/share/ament_lint_auto/cmake)
[5.695s] -- Found launch_testing_ament_cmake: 1.0.8 (/opt/ros/humble/share/launch_testing_ament_cmake/cmake)
[5.697s] -- Found python_cmake_module: 0.10.0 (/opt/ros/humble/share/python_cmake_module/cmake)
[5.727s] -- Using PYTHON_EXECUTABLE: /usr/bin/python3
[5.727s] -- Using PYTHON_INCLUDE_DIRS: /usr/include/python3.10
[5.727s] -- Using PYTHON_LIBRARIES: /usr/lib/x86_64-linux-gnu/libpython3.10.so
[5.739s] -- Added test 'cppcheck' to perform static code analysis on C / C++ code
[5.740s] -- Configured cppcheck include dirs: /home/maty/rob_movil_ws/src/cmd_vel_mux/include
[5.740s] -- Configured cppcheck exclude dirs and/or files: 
[5.742s] -- Added test 'cpplint' to check C / C++ code against the Google style
[5.742s] -- Configured cpplint exclude dirs and/or files: 
[5.742s] -- Added test 'flake8' to check Python code syntax and style conventions
[5.743s] -- Added test 'lint_cmake' to check CMake code style
[5.744s] -- Added test 'pep257' to check Python code against some of the docstring style conventions in PEP 257
[5.746s] -- Added test 'uncrustify' to check C / C++ code style
[5.746s] -- Configured uncrustify additional arguments: 
[5.747s] -- Added test 'xmllint' to check XML markup files
[5.748s] -- Configuring done
[5.772s] -- Generating done
[5.780s] -- Build files have been written to: /home/maty/rob_movil_ws/build/cmd_vel_mux
[5.810s] [35m[1mConsolidate compiler generated dependencies of target cmd_vel_mux[0m
[5.810s] [35m[1mConsolidate compiler generated dependencies of target cmd_vel_mux_node[0m
[5.830s] [ 75%] Built target cmd_vel_mux_node
[5.830s] [ 75%] [32mBuilding CXX object CMakeFiles/cmd_vel_mux.dir/src/cmd_vel_mux.cpp.o[0m
[20.054s] [100%] [32m[1mLinking CXX shared library libcmd_vel_mux.so[0m
[20.698s] [100%] Built target cmd_vel_mux
