-- Found ament_cmake: 1.3.11 (/opt/ros/humble/share/ament_cmake/cmake)
-- Override CMake install command with custom implementation using symlinks instead of copying resources
-- Found rclcpp: 16.0.12 (/opt/ros/humble/share/rclcpp/cmake)
-- Found rosidl_generator_c: 3.1.6 (/opt/ros/humble/share/rosidl_generator_c/cmake)
-- Found rosidl_adapter: 3.1.6 (/opt/ros/humble/share/rosidl_adapter/cmake)
-- Found rosidl_generator_cpp: 3.1.6 (/opt/ros/humble/share/rosidl_generator_cpp/cmake)
-- Using all available rosidl_typesupport_c: rosidl_typesupport_fastrtps_c;rosidl_typesupport_introspection_c
-- Using all available rosidl_typesupport_cpp: rosidl_typesupport_fastrtps_cpp;rosidl_typesupport_introspection_cpp
-- Found rmw_implementation_cmake: 6.1.2 (/opt/ros/humble/share/rmw_implementation_cmake/cmake)
-- Found rmw_fastrtps_cpp: 6.2.7 (/opt/ros/humble/share/rmw_fastrtps_cpp/cmake)
-- Using RMW implementation 'rmw_fastrtps_cpp' as default
-- Found rclpy: 3.3.16 (/opt/ros/humble/share/rclpy/cmake)
-- Found image_transport: 3.1.11 (/opt/ros/humble/share/image_transport/cmake)
-- Found nav_msgs: 4.8.0 (/opt/ros/humble/share/nav_msgs/cmake)
-- Found tf2: 0.25.12 (/opt/ros/humble/share/tf2/cmake)
-- Found tf2_geometry_msgs: 0.25.12 (/opt/ros/humble/share/tf2_geometry_msgs/cmake)
-- Found eigen3_cmake_module: 0.1.1 (/opt/ros/humble/share/eigen3_cmake_module/cmake)
-- Ensuring Eigen3 include directory is part of orocos-kdl CMake target
-- Found cv_bridge: 3.2.1 (/opt/ros/humble/share/cv_bridge/cmake)
-- Found ament_lint_auto: 0.12.12 (/opt/ros/humble/share/ament_lint_auto/cmake)
-- Added test 'cppcheck' to perform static code analysis on C / C++ code
-- Configured cppcheck include dirs: /home/maty/rob_movil_ws/src/very_simple_robot_simulator/include/very_simple_robot_simulator
-- Configured cppcheck exclude dirs and/or files: 
-- Added test 'flake8' to check Python code syntax and style conventions
-- Added test 'lint_cmake' to check CMake code style
-- Added test 'pep257' to check Python code against some of the docstring style conventions in PEP 257
-- Added test 'uncrustify' to check C / C++ code style
-- Configured uncrustify additional arguments: 
-- Added test 'xmllint' to check XML markup files
-- Configuring done
-- Generating done
-- Build files have been written to: /home/maty/rob_movil_ws/build/very_simple_robot_simulator
[35m[1mConsolidate compiler generated dependencies of target kinect_simulator[0m
[35m[1mConsolidate compiler generated dependencies of target lidar_simulator[0m
[  0%] Built target ament_cmake_python_symlink_very_simple_robot_simulator
[ 50%] Built target kinect_simulator
[100%] Built target lidar_simulator
running egg_info
writing very_simple_robot_simulator.egg-info/PKG-INFO
writing dependency_links to very_simple_robot_simulator.egg-info/dependency_links.txt
writing top-level names to very_simple_robot_simulator.egg-info/top_level.txt
reading manifest file 'very_simple_robot_simulator.egg-info/SOURCES.txt'
writing manifest file 'very_simple_robot_simulator.egg-info/SOURCES.txt'
[100%] Built target ament_cmake_python_build_very_simple_robot_simulator_egg
-- Install configuration: ""
-- Execute custom install script
-- Up-to-date symlink: /home/maty/rob_movil_ws/install/very_simple_robot_simulator/lib/very_simple_robot_simulator/kinect_simulator
-- Up-to-date symlink: /home/maty/rob_movil_ws/install/very_simple_robot_simulator/lib/very_simple_robot_simulator/lidar_simulator
-- Up-to-date symlink: /home/maty/rob_movil_ws/install/very_simple_robot_simulator/share/very_simple_robot_simulator/environment/pythonpath.sh
-- Up-to-date symlink: /home/maty/rob_movil_ws/install/very_simple_robot_simulator/share/very_simple_robot_simulator/environment/pythonpath.dsv
-- Up-to-date symlink: /home/maty/rob_movil_ws/install/very_simple_robot_simulator/local/lib/python3.10/dist-packages/very_simple_robot_simulator-0.0.0-py3.10.egg-info/PKG-INFO
-- Up-to-date symlink: /home/maty/rob_movil_ws/install/very_simple_robot_simulator/local/lib/python3.10/dist-packages/very_simple_robot_simulator-0.0.0-py3.10.egg-info/SOURCES.txt
-- Up-to-date symlink: /home/maty/rob_movil_ws/install/very_simple_robot_simulator/local/lib/python3.10/dist-packages/very_simple_robot_simulator-0.0.0-py3.10.egg-info/dependency_links.txt
-- Up-to-date symlink: /home/maty/rob_movil_ws/install/very_simple_robot_simulator/local/lib/python3.10/dist-packages/very_simple_robot_simulator-0.0.0-py3.10.egg-info/top_level.txt
-- Up-to-date symlink: /home/maty/rob_movil_ws/install/very_simple_robot_simulator/local/lib/python3.10/dist-packages/very_simple_robot_simulator/__init__.py
-- Up-to-date symlink: /home/maty/rob_movil_ws/install/very_simple_robot_simulator/lib/very_simple_robot_simulator/kinect_simulator.py
-- Up-to-date symlink: /home/maty/rob_movil_ws/install/very_simple_robot_simulator/lib/very_simple_robot_simulator/kobuki_simulator.py
-- Up-to-date symlink: /home/maty/rob_movil_ws/install/very_simple_robot_simulator/lib/very_simple_robot_simulator/lidar_simulator.py
-- Up-to-date symlink: /home/maty/rob_movil_ws/install/very_simple_robot_simulator/lib/very_simple_robot_simulator/rangefinder.py
-- Up-to-date symlink: /home/maty/rob_movil_ws/install/very_simple_robot_simulator/lib/very_simple_robot_simulator/utils.py
-- Up-to-date symlink: /home/maty/rob_movil_ws/install/very_simple_robot_simulator/lib/very_simple_robot_simulator/world_state_gui.py
-- Up-to-date symlink: /home/maty/rob_movil_ws/install/very_simple_robot_simulator/share/very_simple_robot_simulator//launch/lidar_simulator.xml
-- Up-to-date symlink: /home/maty/rob_movil_ws/install/very_simple_robot_simulator/share/very_simple_robot_simulator//launch/minimal_simulator.xml
-- Up-to-date symlink: /home/maty/rob_movil_ws/install/very_simple_robot_simulator/share/very_simple_robot_simulator//launch/minimal_simulator_py.xml
-- Up-to-date symlink: /home/maty/rob_movil_ws/install/very_simple_robot_simulator/share/very_simple_robot_simulator//launch/openni_simulator.xml
-- Up-to-date symlink: /home/maty/rob_movil_ws/install/very_simple_robot_simulator/share/very_simple_robot_simulator//launch/openni_simulator_py.xml
-- Up-to-date symlink: /home/maty/rob_movil_ws/install/very_simple_robot_simulator/share/very_simple_robot_simulator//launch/run_all.xml
-- Up-to-date symlink: /home/maty/rob_movil_ws/install/very_simple_robot_simulator/share/very_simple_robot_simulator//launch/world_state.xml
-- Up-to-date symlink: /home/maty/rob_movil_ws/install/very_simple_robot_simulator/share/ament_index/resource_index/package_run_dependencies/very_simple_robot_simulator
-- Up-to-date symlink: /home/maty/rob_movil_ws/install/very_simple_robot_simulator/share/ament_index/resource_index/parent_prefix_path/very_simple_robot_simulator
-- Up-to-date symlink: /home/maty/rob_movil_ws/install/very_simple_robot_simulator/share/very_simple_robot_simulator/environment/ament_prefix_path.sh
-- Up-to-date symlink: /home/maty/rob_movil_ws/install/very_simple_robot_simulator/share/very_simple_robot_simulator/environment/ament_prefix_path.dsv
-- Up-to-date symlink: /home/maty/rob_movil_ws/install/very_simple_robot_simulator/share/very_simple_robot_simulator/environment/path.sh
-- Up-to-date symlink: /home/maty/rob_movil_ws/install/very_simple_robot_simulator/share/very_simple_robot_simulator/environment/path.dsv
-- Up-to-date symlink: /home/maty/rob_movil_ws/install/very_simple_robot_simulator/share/very_simple_robot_simulator/local_setup.bash
-- Up-to-date symlink: /home/maty/rob_movil_ws/install/very_simple_robot_simulator/share/very_simple_robot_simulator/local_setup.sh
-- Up-to-date symlink: /home/maty/rob_movil_ws/install/very_simple_robot_simulator/share/very_simple_robot_simulator/local_setup.zsh
-- Up-to-date symlink: /home/maty/rob_movil_ws/install/very_simple_robot_simulator/share/very_simple_robot_simulator/local_setup.dsv
-- Symlinking: /home/maty/rob_movil_ws/install/very_simple_robot_simulator/share/very_simple_robot_simulator/package.dsv
-- Up-to-date symlink: /home/maty/rob_movil_ws/install/very_simple_robot_simulator/share/ament_index/resource_index/packages/very_simple_robot_simulator
-- Up-to-date symlink: /home/maty/rob_movil_ws/install/very_simple_robot_simulator/share/very_simple_robot_simulator/cmake/very_simple_robot_simulatorConfig.cmake
-- Up-to-date symlink: /home/maty/rob_movil_ws/install/very_simple_robot_simulator/share/very_simple_robot_simulator/cmake/very_simple_robot_simulatorConfig-version.cmake
-- Up-to-date symlink: /home/maty/rob_movil_ws/install/very_simple_robot_simulator/share/very_simple_robot_simulator/package.xml
Listing '/home/maty/rob_movil_ws/install/very_simple_robot_simulator/local/lib/python3.10/dist-packages/very_simple_robot_simulator'...
