[0.040s] Invoking command in '/home/maty/rob_movil_ws/build/very_simple_robot_simulator': CMAKE_PREFIX_PATH=${CMAKE_PREFIX_PATH}:/opt/ros/humble /usr/bin/cmake /home/maty/rob_movil_ws/src/very_simple_robot_simulator -DAMENT_CMAKE_SYMLINK_INSTALL=1 -DCMAKE_INSTALL_PREFIX=/home/maty/rob_movil_ws/install/very_simple_robot_simulator
[0.056s] -- Found ament_cmake: 1.3.11 (/opt/ros/humble/share/ament_cmake/cmake)
[0.226s] -- Override CMake install command with custom implementation using symlinks instead of copying resources
[0.233s] -- Found rclcpp: 16.0.12 (/opt/ros/humble/share/rclcpp/cmake)
[0.422s] -- Found rosidl_generator_c: 3.1.6 (/opt/ros/humble/share/rosidl_generator_c/cmake)
[0.424s] -- Found rosidl_adapter: 3.1.6 (/opt/ros/humble/share/rosidl_adapter/cmake)
[0.431s] -- Found rosidl_generator_cpp: 3.1.6 (/opt/ros/humble/share/rosidl_generator_cpp/cmake)
[0.441s] -- Using all available rosidl_typesupport_c: rosidl_typesupport_fastrtps_c;rosidl_typesupport_introspection_c
[0.455s] -- Using all available rosidl_typesupport_cpp: rosidl_typesupport_fastrtps_cpp;rosidl_typesupport_introspection_cpp
[0.494s] -- Found rmw_implementation_cmake: 6.1.2 (/opt/ros/humble/share/rmw_implementation_cmake/cmake)
[0.496s] -- Found rmw_fastrtps_cpp: 6.2.7 (/opt/ros/humble/share/rmw_fastrtps_cpp/cmake)
[2.805s] -- Using RMW implementation 'rmw_fastrtps_cpp' as default
[2.857s] -- Found rclpy: 3.3.16 (/opt/ros/humble/share/rclpy/cmake)
[2.857s] -- Found image_transport: 3.1.11 (/opt/ros/humble/share/image_transport/cmake)
[4.185s] -- Found nav_msgs: 4.8.0 (/opt/ros/humble/share/nav_msgs/cmake)
[4.203s] -- Found tf2: 0.25.12 (/opt/ros/humble/share/tf2/cmake)
[4.207s] -- Found tf2_geometry_msgs: 0.25.12 (/opt/ros/humble/share/tf2_geometry_msgs/cmake)
[4.210s] -- Found eigen3_cmake_module: 0.1.1 (/opt/ros/humble/share/eigen3_cmake_module/cmake)
[4.212s] -- Ensuring Eigen3 include directory is part of orocos-kdl CMake target
[4.296s] -- Found cv_bridge: 3.2.1 (/opt/ros/humble/share/cv_bridge/cmake)
[4.393s] -- Found ament_lint_auto: 0.12.12 (/opt/ros/humble/share/ament_lint_auto/cmake)
[4.478s] -- Added test 'cppcheck' to perform static code analysis on C / C++ code
[4.480s] -- Configured cppcheck include dirs: /home/maty/rob_movil_ws/src/very_simple_robot_simulator/include/very_simple_robot_simulator
[4.480s] -- Configured cppcheck exclude dirs and/or files: 
[4.481s] -- Added test 'flake8' to check Python code syntax and style conventions
[4.482s] -- Added test 'lint_cmake' to check CMake code style
[4.482s] -- Added test 'pep257' to check Python code against some of the docstring style conventions in PEP 257
[4.485s] -- Added test 'uncrustify' to check C / C++ code style
[4.485s] -- Configured uncrustify additional arguments: 
[4.485s] -- Added test 'xmllint' to check XML markup files
[4.486s] -- Configuring done
[4.513s] -- Generating done
[4.524s] -- Build files have been written to: /home/maty/rob_movil_ws/build/very_simple_robot_simulator
[4.539s] Invoked command in '/home/maty/rob_movil_ws/build/very_simple_robot_simulator' returned '0': CMAKE_PREFIX_PATH=${CMAKE_PREFIX_PATH}:/opt/ros/humble /usr/bin/cmake /home/maty/rob_movil_ws/src/very_simple_robot_simulator -DAMENT_CMAKE_SYMLINK_INSTALL=1 -DCMAKE_INSTALL_PREFIX=/home/maty/rob_movil_ws/install/very_simple_robot_simulator
[4.540s] Invoking command in '/home/maty/rob_movil_ws/build/very_simple_robot_simulator': CMAKE_PREFIX_PATH=${CMAKE_PREFIX_PATH}:/opt/ros/humble /usr/bin/cmake --build /home/maty/rob_movil_ws/build/very_simple_robot_simulator -- -j22 -l22
[4.577s] [35m[1mConsolidate compiler generated dependencies of target kinect_simulator[0m
[4.584s] [35m[1mConsolidate compiler generated dependencies of target lidar_simulator[0m
[4.594s] [  0%] Built target ament_cmake_python_symlink_very_simple_robot_simulator
[4.606s] [ 50%] Built target kinect_simulator
[4.613s] [100%] Built target lidar_simulator
[4.857s] running egg_info
[4.857s] writing very_simple_robot_simulator.egg-info/PKG-INFO
[4.858s] writing dependency_links to very_simple_robot_simulator.egg-info/dependency_links.txt
[4.858s] writing top-level names to very_simple_robot_simulator.egg-info/top_level.txt
[4.864s] reading manifest file 'very_simple_robot_simulator.egg-info/SOURCES.txt'
[4.864s] writing manifest file 'very_simple_robot_simulator.egg-info/SOURCES.txt'
[4.900s] [100%] Built target ament_cmake_python_build_very_simple_robot_simulator_egg
[4.913s] Invoked command in '/home/maty/rob_movil_ws/build/very_simple_robot_simulator' returned '0': CMAKE_PREFIX_PATH=${CMAKE_PREFIX_PATH}:/opt/ros/humble /usr/bin/cmake --build /home/maty/rob_movil_ws/build/very_simple_robot_simulator -- -j22 -l22
[4.916s] Invoking command in '/home/maty/rob_movil_ws/build/very_simple_robot_simulator': CMAKE_PREFIX_PATH=${CMAKE_PREFIX_PATH}:/opt/ros/humble /usr/bin/cmake --install /home/maty/rob_movil_ws/build/very_simple_robot_simulator
[4.922s] -- Install configuration: ""
[4.923s] -- Execute custom install script
[4.923s] -- Up-to-date symlink: /home/maty/rob_movil_ws/install/very_simple_robot_simulator/lib/very_simple_robot_simulator/kinect_simulator
[4.923s] -- Up-to-date symlink: /home/maty/rob_movil_ws/install/very_simple_robot_simulator/lib/very_simple_robot_simulator/lidar_simulator
[4.924s] -- Up-to-date symlink: /home/maty/rob_movil_ws/install/very_simple_robot_simulator/share/very_simple_robot_simulator/environment/pythonpath.sh
[4.924s] -- Up-to-date symlink: /home/maty/rob_movil_ws/install/very_simple_robot_simulator/share/very_simple_robot_simulator/environment/pythonpath.dsv
[4.925s] -- Up-to-date symlink: /home/maty/rob_movil_ws/install/very_simple_robot_simulator/local/lib/python3.10/dist-packages/very_simple_robot_simulator-0.0.0-py3.10.egg-info/PKG-INFO
[4.926s] -- Up-to-date symlink: /home/maty/rob_movil_ws/install/very_simple_robot_simulator/local/lib/python3.10/dist-packages/very_simple_robot_simulator-0.0.0-py3.10.egg-info/SOURCES.txt
[4.926s] -- Up-to-date symlink: /home/maty/rob_movil_ws/install/very_simple_robot_simulator/local/lib/python3.10/dist-packages/very_simple_robot_simulator-0.0.0-py3.10.egg-info/dependency_links.txt
[4.926s] -- Up-to-date symlink: /home/maty/rob_movil_ws/install/very_simple_robot_simulator/local/lib/python3.10/dist-packages/very_simple_robot_simulator-0.0.0-py3.10.egg-info/top_level.txt
[4.927s] -- Up-to-date symlink: /home/maty/rob_movil_ws/install/very_simple_robot_simulator/local/lib/python3.10/dist-packages/very_simple_robot_simulator/__init__.py
[4.927s] -- Up-to-date symlink: /home/maty/rob_movil_ws/install/very_simple_robot_simulator/lib/very_simple_robot_simulator/kinect_simulator.py
[4.927s] -- Up-to-date symlink: /home/maty/rob_movil_ws/install/very_simple_robot_simulator/lib/very_simple_robot_simulator/kobuki_simulator.py
[4.927s] -- Up-to-date symlink: /home/maty/rob_movil_ws/install/very_simple_robot_simulator/lib/very_simple_robot_simulator/lidar_simulator.py
[4.927s] -- Up-to-date symlink: /home/maty/rob_movil_ws/install/very_simple_robot_simulator/lib/very_simple_robot_simulator/rangefinder.py
[4.927s] -- Up-to-date symlink: /home/maty/rob_movil_ws/install/very_simple_robot_simulator/lib/very_simple_robot_simulator/utils.py
[4.928s] -- Up-to-date symlink: /home/maty/rob_movil_ws/install/very_simple_robot_simulator/lib/very_simple_robot_simulator/world_state_gui.py
[4.928s] -- Up-to-date symlink: /home/maty/rob_movil_ws/install/very_simple_robot_simulator/share/very_simple_robot_simulator//launch/lidar_simulator.xml
[4.928s] -- Up-to-date symlink: /home/maty/rob_movil_ws/install/very_simple_robot_simulator/share/very_simple_robot_simulator//launch/minimal_simulator.xml
[4.928s] -- Up-to-date symlink: /home/maty/rob_movil_ws/install/very_simple_robot_simulator/share/very_simple_robot_simulator//launch/minimal_simulator_py.xml
[4.929s] -- Up-to-date symlink: /home/maty/rob_movil_ws/install/very_simple_robot_simulator/share/very_simple_robot_simulator//launch/openni_simulator.xml
[4.929s] -- Up-to-date symlink: /home/maty/rob_movil_ws/install/very_simple_robot_simulator/share/very_simple_robot_simulator//launch/openni_simulator_py.xml
[4.929s] -- Up-to-date symlink: /home/maty/rob_movil_ws/install/very_simple_robot_simulator/share/very_simple_robot_simulator//launch/run_all.xml
[4.929s] -- Up-to-date symlink: /home/maty/rob_movil_ws/install/very_simple_robot_simulator/share/very_simple_robot_simulator//launch/world_state.xml
[4.929s] -- Up-to-date symlink: /home/maty/rob_movil_ws/install/very_simple_robot_simulator/share/ament_index/resource_index/package_run_dependencies/very_simple_robot_simulator
[4.930s] -- Up-to-date symlink: /home/maty/rob_movil_ws/install/very_simple_robot_simulator/share/ament_index/resource_index/parent_prefix_path/very_simple_robot_simulator
[4.930s] -- Up-to-date symlink: /home/maty/rob_movil_ws/install/very_simple_robot_simulator/share/very_simple_robot_simulator/environment/ament_prefix_path.sh
[4.930s] -- Up-to-date symlink: /home/maty/rob_movil_ws/install/very_simple_robot_simulator/share/very_simple_robot_simulator/environment/ament_prefix_path.dsv
[4.930s] -- Up-to-date symlink: /home/maty/rob_movil_ws/install/very_simple_robot_simulator/share/very_simple_robot_simulator/environment/path.sh
[4.931s] -- Up-to-date symlink: /home/maty/rob_movil_ws/install/very_simple_robot_simulator/share/very_simple_robot_simulator/environment/path.dsv
[4.931s] -- Up-to-date symlink: /home/maty/rob_movil_ws/install/very_simple_robot_simulator/share/very_simple_robot_simulator/local_setup.bash
[4.931s] -- Up-to-date symlink: /home/maty/rob_movil_ws/install/very_simple_robot_simulator/share/very_simple_robot_simulator/local_setup.sh
[4.931s] -- Up-to-date symlink: /home/maty/rob_movil_ws/install/very_simple_robot_simulator/share/very_simple_robot_simulator/local_setup.zsh
[4.931s] -- Up-to-date symlink: /home/maty/rob_movil_ws/install/very_simple_robot_simulator/share/very_simple_robot_simulator/local_setup.dsv
[4.931s] -- Symlinking: /home/maty/rob_movil_ws/install/very_simple_robot_simulator/share/very_simple_robot_simulator/package.dsv
[4.939s] -- Up-to-date symlink: /home/maty/rob_movil_ws/install/very_simple_robot_simulator/share/ament_index/resource_index/packages/very_simple_robot_simulator
[4.940s] -- Up-to-date symlink: /home/maty/rob_movil_ws/install/very_simple_robot_simulator/share/very_simple_robot_simulator/cmake/very_simple_robot_simulatorConfig.cmake
[4.940s] -- Up-to-date symlink: /home/maty/rob_movil_ws/install/very_simple_robot_simulator/share/very_simple_robot_simulator/cmake/very_simple_robot_simulatorConfig-version.cmake
[4.940s] -- Up-to-date symlink: /home/maty/rob_movil_ws/install/very_simple_robot_simulator/share/very_simple_robot_simulator/package.xml
[4.973s] Listing '/home/maty/rob_movil_ws/install/very_simple_robot_simulator/local/lib/python3.10/dist-packages/very_simple_robot_simulator'...
[4.982s] Invoked command in '/home/maty/rob_movil_ws/build/very_simple_robot_simulator' returned '0': CMAKE_PREFIX_PATH=${CMAKE_PREFIX_PATH}:/opt/ros/humble /usr/bin/cmake --install /home/maty/rob_movil_ws/build/very_simple_robot_simulator
