[0.022s] Invoking command in '/home/maty/rob_movil_ws/build/movement_robot': CMAKE_PREFIX_PATH=${CMAKE_PREFIX_PATH}:/opt/ros/humble /usr/bin/cmake --build /home/maty/rob_movil_ws/build/movement_robot -- -j22 -l22
[0.053s] Invoked command in '/home/maty/rob_movil_ws/build/movement_robot' returned '0': CMAKE_PREFIX_PATH=${CMAKE_PREFIX_PATH}:/opt/ros/humble /usr/bin/cmake --build /home/maty/rob_movil_ws/build/movement_robot -- -j22 -l22
[0.063s] Invoking command in '/home/maty/rob_movil_ws/build/movement_robot': CMAKE_PREFIX_PATH=${CMAKE_PREFIX_PATH}:/opt/ros/humble /usr/bin/cmake --install /home/maty/rob_movil_ws/build/movement_robot
[0.067s] -- Install configuration: ""
[0.068s] -- Execute custom install script
[0.068s] -- Up-to-date symlink: /home/maty/rob_movil_ws/install/movement_robot/share/ament_index/resource_index/package_run_dependencies/movement_robot
[0.070s] -- Up-to-date symlink: /home/maty/rob_movil_ws/install/movement_robot/share/ament_index/resource_index/parent_prefix_path/movement_robot
[0.071s] -- Up-to-date symlink: /home/maty/rob_movil_ws/install/movement_robot/share/movement_robot/environment/ament_prefix_path.sh
[0.071s] -- Up-to-date symlink: /home/maty/rob_movil_ws/install/movement_robot/share/movement_robot/environment/ament_prefix_path.dsv
[0.072s] -- Up-to-date symlink: /home/maty/rob_movil_ws/install/movement_robot/share/movement_robot/environment/path.sh
[0.072s] -- Up-to-date symlink: /home/maty/rob_movil_ws/install/movement_robot/share/movement_robot/environment/path.dsv
[0.073s] -- Up-to-date symlink: /home/maty/rob_movil_ws/install/movement_robot/share/movement_robot/local_setup.bash
[0.074s] -- Up-to-date symlink: /home/maty/rob_movil_ws/install/movement_robot/share/movement_robot/local_setup.sh
[0.074s] -- Up-to-date symlink: /home/maty/rob_movil_ws/install/movement_robot/share/movement_robot/local_setup.zsh
[0.075s] -- Up-to-date symlink: /home/maty/rob_movil_ws/install/movement_robot/share/movement_robot/local_setup.dsv
[0.076s] -- Symlinking: /home/maty/rob_movil_ws/install/movement_robot/share/movement_robot/package.dsv
[0.081s] -- Up-to-date symlink: /home/maty/rob_movil_ws/install/movement_robot/share/ament_index/resource_index/packages/movement_robot
[0.082s] -- Up-to-date symlink: /home/maty/rob_movil_ws/install/movement_robot/share/movement_robot/cmake/movement_robotConfig.cmake
[0.082s] -- Up-to-date symlink: /home/maty/rob_movil_ws/install/movement_robot/share/movement_robot/cmake/movement_robotConfig-version.cmake
[0.082s] -- Up-to-date symlink: /home/maty/rob_movil_ws/install/movement_robot/share/movement_robot/package.xml
[0.084s] Invoked command in '/home/maty/rob_movil_ws/build/movement_robot' returned '0': CMAKE_PREFIX_PATH=${CMAKE_PREFIX_PATH}:/opt/ros/humble /usr/bin/cmake --install /home/maty/rob_movil_ws/build/movement_robot
