[0.065s] Invoking command in '/home/maty/rob_movil_ws/build/cmd_vel_mux': CMAKE_PREFIX_PATH=${CMAKE_PREFIX_PATH}:/opt/ros/humble /usr/bin/cmake /home/maty/rob_movil_ws/src/cmd_vel_mux -DCMAKE_INSTALL_PREFIX=/home/maty/rob_movil_ws/install/cmd_vel_mux
[0.153s] -- Found ament_cmake_ros: 0.10.0 (/opt/ros/humble/share/ament_cmake_ros/cmake)
[0.349s] -- Override CMake install command with custom implementation using symlinks instead of copying resources
[0.386s] -- Found geometry_msgs: 4.8.0 (/opt/ros/humble/share/geometry_msgs/cmake)
[0.575s] -- Found rosidl_generator_c: 3.1.6 (/opt/ros/humble/share/rosidl_generator_c/cmake)
[0.580s] -- Found rosidl_adapter: 3.1.6 (/opt/ros/humble/share/rosidl_adapter/cmake)
[0.595s] -- Found rosidl_generator_cpp: 3.1.6 (/opt/ros/humble/share/rosidl_generator_cpp/cmake)
[0.622s] -- Using all available rosidl_typesupport_c: rosidl_typesupport_fastrtps_c;rosidl_typesupport_introspection_c
[0.649s] -- Using all available rosidl_typesupport_cpp: rosidl_typesupport_fastrtps_cpp;rosidl_typesupport_introspection_cpp
[0.724s] -- Found rcl_interfaces: 1.2.1 (/opt/ros/humble/share/rcl_interfaces/cmake)
[0.740s] -- Found rclcpp: 16.0.12 (/opt/ros/humble/share/rclcpp/cmake)
[0.759s] -- Found rmw_implementation_cmake: 6.1.2 (/opt/ros/humble/share/rmw_implementation_cmake/cmake)
[0.761s] -- Found rmw_fastrtps_cpp: 6.2.7 (/opt/ros/humble/share/rmw_fastrtps_cpp/cmake)
[2.922s] -- Using RMW implementation 'rmw_fastrtps_cpp' as default
[3.016s] -- Found rclcpp_components: 16.0.12 (/opt/ros/humble/share/rclcpp_components/cmake)
[3.065s] -- Found ament_lint_auto: 0.12.12 (/opt/ros/humble/share/ament_lint_auto/cmake)
[3.144s] -- Found launch_testing_ament_cmake: 1.0.8 (/opt/ros/humble/share/launch_testing_ament_cmake/cmake)
[3.145s] -- Found python_cmake_module: 0.10.0 (/opt/ros/humble/share/python_cmake_module/cmake)
[3.179s] -- Using PYTHON_EXECUTABLE: /usr/bin/python3
[3.179s] -- Using PYTHON_INCLUDE_DIRS: /usr/include/python3.10
[3.179s] -- Using PYTHON_LIBRARIES: /usr/lib/x86_64-linux-gnu/libpython3.10.so
[3.205s] -- Added test 'cppcheck' to perform static code analysis on C / C++ code
[3.205s] -- Configured cppcheck include dirs: /home/maty/rob_movil_ws/src/cmd_vel_mux/include
[3.205s] -- Configured cppcheck exclude dirs and/or files: 
[3.207s] -- Added test 'cpplint' to check C / C++ code against the Google style
[3.207s] -- Configured cpplint exclude dirs and/or files: 
[3.208s] -- Added test 'flake8' to check Python code syntax and style conventions
[3.209s] -- Added test 'lint_cmake' to check CMake code style
[3.209s] -- Added test 'pep257' to check Python code against some of the docstring style conventions in PEP 257
[3.212s] -- Added test 'uncrustify' to check C / C++ code style
[3.212s] -- Configured uncrustify additional arguments: 
[3.213s] -- Added test 'xmllint' to check XML markup files
[3.216s] -- Configuring done
[3.245s] -- Generating done
[3.253s] -- Build files have been written to: /home/maty/rob_movil_ws/build/cmd_vel_mux
[3.263s] Invoked command in '/home/maty/rob_movil_ws/build/cmd_vel_mux' returned '0': CMAKE_PREFIX_PATH=${CMAKE_PREFIX_PATH}:/opt/ros/humble /usr/bin/cmake /home/maty/rob_movil_ws/src/cmd_vel_mux -DCMAKE_INSTALL_PREFIX=/home/maty/rob_movil_ws/install/cmd_vel_mux
[3.264s] Invoking command in '/home/maty/rob_movil_ws/build/cmd_vel_mux': CMAKE_PREFIX_PATH=${CMAKE_PREFIX_PATH}:/opt/ros/humble /usr/bin/cmake --build /home/maty/rob_movil_ws/build/cmd_vel_mux -- -j22 -l22
[3.302s] [35m[1mConsolidate compiler generated dependencies of target cmd_vel_mux_node[0m
[3.302s] [35m[1mConsolidate compiler generated dependencies of target cmd_vel_mux[0m
[3.318s] [ 50%] Built target cmd_vel_mux
[3.319s] [100%] Built target cmd_vel_mux_node
[3.330s] Invoked command in '/home/maty/rob_movil_ws/build/cmd_vel_mux' returned '0': CMAKE_PREFIX_PATH=${CMAKE_PREFIX_PATH}:/opt/ros/humble /usr/bin/cmake --build /home/maty/rob_movil_ws/build/cmd_vel_mux -- -j22 -l22
[3.333s] Invoking command in '/home/maty/rob_movil_ws/build/cmd_vel_mux': CMAKE_PREFIX_PATH=${CMAKE_PREFIX_PATH}:/opt/ros/humble /usr/bin/cmake --install /home/maty/rob_movil_ws/build/cmd_vel_mux
[3.338s] -- Install configuration: ""
[3.339s] -- Execute custom install script
[3.339s] -- Up-to-date symlink: /home/maty/rob_movil_ws/install/cmd_vel_mux/lib/cmd_vel_mux/cmd_vel_mux_node
[3.340s] -- Up-to-date symlink: /home/maty/rob_movil_ws/install/cmd_vel_mux/lib/libcmd_vel_mux.so
[3.341s] -- Up-to-date symlink: /home/maty/rob_movil_ws/install/cmd_vel_mux/include/cmd_vel_mux/cmd_vel_mux.hpp
[3.341s] -- Up-to-date symlink: /home/maty/rob_movil_ws/install/cmd_vel_mux/share/cmd_vel_mux/config/cmd_vel_mux_params.yaml
[3.342s] -- Up-to-date symlink: /home/maty/rob_movil_ws/install/cmd_vel_mux/share/cmd_vel_mux/launch/cmd_vel_mux-composed-launch.py
[3.342s] -- Up-to-date symlink: /home/maty/rob_movil_ws/install/cmd_vel_mux/share/cmd_vel_mux/launch/cmd_vel_mux-launch.py
[3.342s] -- Up-to-date symlink: /home/maty/rob_movil_ws/install/cmd_vel_mux/share/ament_index/resource_index/package_run_dependencies/cmd_vel_mux
[3.343s] -- Up-to-date symlink: /home/maty/rob_movil_ws/install/cmd_vel_mux/share/ament_index/resource_index/parent_prefix_path/cmd_vel_mux
[3.343s] -- Up-to-date symlink: /home/maty/rob_movil_ws/install/cmd_vel_mux/share/cmd_vel_mux/environment/ament_prefix_path.sh
[3.344s] -- Up-to-date symlink: /home/maty/rob_movil_ws/install/cmd_vel_mux/share/cmd_vel_mux/environment/ament_prefix_path.dsv
[3.344s] -- Up-to-date symlink: /home/maty/rob_movil_ws/install/cmd_vel_mux/share/cmd_vel_mux/environment/path.sh
[3.345s] -- Up-to-date symlink: /home/maty/rob_movil_ws/install/cmd_vel_mux/share/cmd_vel_mux/environment/path.dsv
[3.346s] -- Up-to-date symlink: /home/maty/rob_movil_ws/install/cmd_vel_mux/share/cmd_vel_mux/local_setup.bash
[3.346s] -- Up-to-date symlink: /home/maty/rob_movil_ws/install/cmd_vel_mux/share/cmd_vel_mux/local_setup.sh
[3.347s] -- Up-to-date symlink: /home/maty/rob_movil_ws/install/cmd_vel_mux/share/cmd_vel_mux/local_setup.zsh
[3.348s] -- Up-to-date symlink: /home/maty/rob_movil_ws/install/cmd_vel_mux/share/cmd_vel_mux/local_setup.dsv
[3.348s] -- Symlinking: /home/maty/rob_movil_ws/install/cmd_vel_mux/share/cmd_vel_mux/package.dsv
[3.356s] -- Up-to-date symlink: /home/maty/rob_movil_ws/install/cmd_vel_mux/share/ament_index/resource_index/packages/cmd_vel_mux
[3.357s] -- Up-to-date symlink: /home/maty/rob_movil_ws/install/cmd_vel_mux/share/ament_index/resource_index/rclcpp_components/cmd_vel_mux
[3.358s] -- Up-to-date symlink: /home/maty/rob_movil_ws/install/cmd_vel_mux/share/cmd_vel_mux/cmake/cmd_vel_muxConfig.cmake
[3.358s] -- Up-to-date symlink: /home/maty/rob_movil_ws/install/cmd_vel_mux/share/cmd_vel_mux/cmake/cmd_vel_muxConfig-version.cmake
[3.359s] -- Up-to-date symlink: /home/maty/rob_movil_ws/install/cmd_vel_mux/share/cmd_vel_mux/package.xml
[3.360s] Invoked command in '/home/maty/rob_movil_ws/build/cmd_vel_mux' returned '0': CMAKE_PREFIX_PATH=${CMAKE_PREFIX_PATH}:/opt/ros/humble /usr/bin/cmake --install /home/maty/rob_movil_ws/build/cmd_vel_mux
