[0.013s] Invoking command in '/home/maty/rob_movil_ws/build/mini_tarea_2': CMAKE_PREFIX_PATH=${CMAKE_PREFIX_PATH}:/opt/ros/humble /usr/bin/cmake /home/maty/rob_movil_ws/src/mini_tarea_2 -DAMENT_CMAKE_SYMLINK_INSTALL=1 -DCMAKE_INSTALL_PREFIX=/home/maty/rob_movil_ws/install/mini_tarea_2
[0.025s] -- Found ament_cmake: 1.3.11 (/opt/ros/humble/share/ament_cmake/cmake)
[0.090s] -- Override CMake install command with custom implementation using symlinks instead of copying resources
[0.097s] -- Found ament_lint_auto: 0.12.12 (/opt/ros/humble/share/ament_lint_auto/cmake)
[0.174s] -- Added test 'cppcheck' to perform static code analysis on C / C++ code
[0.174s] -- Configured cppcheck include dirs: 
[0.174s] -- Configured cppcheck exclude dirs and/or files: 
[0.175s] -- Added test 'flake8' to check Python code syntax and style conventions
[0.177s] -- Added test 'lint_cmake' to check CMake code style
[0.178s] -- Added test 'pep257' to check Python code against some of the docstring style conventions in PEP 257
[0.181s] -- Added test 'uncrustify' to check C / C++ code style
[0.181s] -- Configured uncrustify additional arguments: 
[0.182s] -- Added test 'xmllint' to check XML markup files
[0.183s] -- Configuring done
[0.185s] -- Generating done
[0.186s] -- Build files have been written to: /home/maty/rob_movil_ws/build/mini_tarea_2
[0.189s] Invoked command in '/home/maty/rob_movil_ws/build/mini_tarea_2' returned '0': CMAKE_PREFIX_PATH=${CMAKE_PREFIX_PATH}:/opt/ros/humble /usr/bin/cmake /home/maty/rob_movil_ws/src/mini_tarea_2 -DAMENT_CMAKE_SYMLINK_INSTALL=1 -DCMAKE_INSTALL_PREFIX=/home/maty/rob_movil_ws/install/mini_tarea_2
[0.190s] Invoking command in '/home/maty/rob_movil_ws/build/mini_tarea_2': CMAKE_PREFIX_PATH=${CMAKE_PREFIX_PATH}:/opt/ros/humble /usr/bin/cmake --build /home/maty/rob_movil_ws/build/mini_tarea_2 -- -j22 -l22
[0.211s] Invoked command in '/home/maty/rob_movil_ws/build/mini_tarea_2' returned '0': CMAKE_PREFIX_PATH=${CMAKE_PREFIX_PATH}:/opt/ros/humble /usr/bin/cmake --build /home/maty/rob_movil_ws/build/mini_tarea_2 -- -j22 -l22
[0.213s] Invoking command in '/home/maty/rob_movil_ws/build/mini_tarea_2': CMAKE_PREFIX_PATH=${CMAKE_PREFIX_PATH}:/opt/ros/humble /usr/bin/cmake --install /home/maty/rob_movil_ws/build/mini_tarea_2
[0.216s] -- Install configuration: ""
[0.216s] -- Execute custom install script
[0.217s] [31mCMake Error at ament_cmake_symlink_install/ament_cmake_symlink_install.cmake:204 (message):
[0.217s]   ament_cmake_symlink_install_programs() can't find
[0.217s]   '/home/maty/rob_movil_ws/src/mini_tarea_2/nodes/pid_controller.py'
[0.217s] Call Stack (most recent call first):
[0.217s]   ament_cmake_symlink_install/ament_cmake_symlink_install.cmake:314 (ament_cmake_symlink_install_programs)
[0.217s]   cmake_install.cmake:46 (include)
[0.217s] 
[0.217s] [0m
[0.218s] Invoked command in '/home/maty/rob_movil_ws/build/mini_tarea_2' returned '1': CMAKE_PREFIX_PATH=${CMAKE_PREFIX_PATH}:/opt/ros/humble /usr/bin/cmake --install /home/maty/rob_movil_ws/build/mini_tarea_2
