[0.012s] Invoking command in '/home/maty/rob_movil_ws/build/mini_tarea_2': CMAKE_PREFIX_PATH=${CMAKE_PREFIX_PATH}:/opt/ros/humble /usr/bin/cmake /home/maty/rob_movil_ws/src/mini_tarea_2 -DCMAKE_INSTALL_PREFIX=/home/maty/rob_movil_ws/install/mini_tarea_2
[0.018s] -- Found ament_cmake: 1.3.11 (/opt/ros/humble/share/ament_cmake/cmake)
[0.083s] -- Override CMake install command with custom implementation using symlinks instead of copying resources
[0.087s] -- Found ament_lint_auto: 0.12.12 (/opt/ros/humble/share/ament_lint_auto/cmake)
[0.130s] -- Added test 'cppcheck' to perform static code analysis on C / C++ code
[0.130s] -- Configured cppcheck include dirs: 
[0.130s] -- Configured cppcheck exclude dirs and/or files: 
[0.130s] -- Added test 'flake8' to check Python code syntax and style conventions
[0.131s] -- Added test 'lint_cmake' to check CMake code style
[0.131s] -- Added test 'pep257' to check Python code against some of the docstring style conventions in PEP 257
[0.133s] -- Added test 'uncrustify' to check C / C++ code style
[0.133s] -- Configured uncrustify additional arguments: 
[0.133s] -- Added test 'xmllint' to check XML markup files
[0.134s] -- Configuring done
[0.135s] -- Generating done
[0.136s] -- Build files have been written to: /home/maty/rob_movil_ws/build/mini_tarea_2
[0.138s] Invoked command in '/home/maty/rob_movil_ws/build/mini_tarea_2' returned '0': CMAKE_PREFIX_PATH=${CMAKE_PREFIX_PATH}:/opt/ros/humble /usr/bin/cmake /home/maty/rob_movil_ws/src/mini_tarea_2 -DCMAKE_INSTALL_PREFIX=/home/maty/rob_movil_ws/install/mini_tarea_2
[0.140s] Invoking command in '/home/maty/rob_movil_ws/build/mini_tarea_2': CMAKE_PREFIX_PATH=${CMAKE_PREFIX_PATH}:/opt/ros/humble /usr/bin/cmake --build /home/maty/rob_movil_ws/build/mini_tarea_2 -- -j22 -l22
[0.158s] Invoked command in '/home/maty/rob_movil_ws/build/mini_tarea_2' returned '0': CMAKE_PREFIX_PATH=${CMAKE_PREFIX_PATH}:/opt/ros/humble /usr/bin/cmake --build /home/maty/rob_movil_ws/build/mini_tarea_2 -- -j22 -l22
[0.163s] Invoking command in '/home/maty/rob_movil_ws/build/mini_tarea_2': CMAKE_PREFIX_PATH=${CMAKE_PREFIX_PATH}:/opt/ros/humble /usr/bin/cmake --install /home/maty/rob_movil_ws/build/mini_tarea_2
[0.167s] -- Install configuration: ""
[0.167s] -- Execute custom install script
[0.167s] -- Symlinking: /home/maty/rob_movil_ws/install/mini_tarea_2/lib/mini_tarea_2/pid_controller.py
[0.171s] -- Symlinking: /home/maty/rob_movil_ws/install/mini_tarea_2/lib/mini_tarea_2/virtual_robot.py
[0.175s] [31mCMake Error at ament_cmake_symlink_install/ament_cmake_symlink_install.cmake:100 (message):
[0.175s]   ament_cmake_symlink_install_directory() can't find
[0.175s]   '/home/maty/rob_movil_ws/src/mini_tarea_2/launch'
[0.175s] Call Stack (most recent call first):
[0.175s]   ament_cmake_symlink_install/ament_cmake_symlink_install.cmake:320 (ament_cmake_symlink_install_directory)
[0.175s]   cmake_install.cmake:46 (include)
[0.175s] 
[0.175s] [0m
[0.176s] Invoked command in '/home/maty/rob_movil_ws/build/mini_tarea_2' returned '1': CMAKE_PREFIX_PATH=${CMAKE_PREFIX_PATH}:/opt/ros/humble /usr/bin/cmake --install /home/maty/rob_movil_ws/build/mini_tarea_2
