-- The C compiler identification is GNU 11.4.0
-- The CXX compiler identification is GNU 11.4.0
-- Detecting C compiler ABI info
-- Detecting C compiler ABI info - done
-- Check for working C compiler: /usr/bin/cc - skipped
-- Detecting C compile features
-- Detecting C compile features - done
-- Detecting CXX compiler ABI info
-- Detecting CXX compiler ABI info - done
-- Check for working CXX compiler: /usr/bin/c++ - skipped
-- Detecting CXX compile features
-- Detecting CXX compile features - done
-- Found ament_cmake: 1.3.11 (/opt/ros/humble/share/ament_cmake/cmake)
-- Found Python3: /usr/bin/python3 (found version "3.10.12") found components: Interpreter 
-- Found ament_lint_auto: 0.12.12 (/opt/ros/humble/share/ament_lint_auto/cmake)
-- Added test 'cppcheck' to perform static code analysis on C / C++ code
-- Configured cppcheck include dirs: 
-- Configured cppcheck exclude dirs and/or files: 
-- Added test 'flake8' to check Python code syntax and style conventions
-- Added test 'lint_cmake' to check CMake code style
-- Added test 'pep257' to check Python code against some of the docstring style conventions in PEP 257
-- Added test 'uncrustify' to check C / C++ code style
-- Configured uncrustify additional arguments: 
-- Added test 'xmllint' to check XML markup files
-- Configuring done
-- Generating done
-- Build files have been written to: /home/maty/rob_movil_ws/src/build/lab2_iic2685
Built target ament_cmake_python_copy_lab2_iic2685
running egg_info
creating lab2_iic2685.egg-info
writing lab2_iic2685.egg-info/PKG-INFO
writing dependency_links to lab2_iic2685.egg-info/dependency_links.txt
writing top-level names to lab2_iic2685.egg-info/top_level.txt
writing manifest file 'lab2_iic2685.egg-info/SOURCES.txt'
reading manifest file 'lab2_iic2685.egg-info/SOURCES.txt'
writing manifest file 'lab2_iic2685.egg-info/SOURCES.txt'
Built target ament_cmake_python_build_lab2_iic2685_egg
-- Install configuration: ""
-- Installing: /home/maty/rob_movil_ws/src/install/lab2_iic2685/share/lab2_iic2685/environment/pythonpath.sh
-- Installing: /home/maty/rob_movil_ws/src/install/lab2_iic2685/share/lab2_iic2685/environment/pythonpath.dsv
-- Installing: /home/maty/rob_movil_ws/src/install/lab2_iic2685/local/lib/python3.10/dist-packages/lab2_iic2685-0.0.0-py3.10.egg-info
-- Installing: /home/maty/rob_movil_ws/src/install/lab2_iic2685/local/lib/python3.10/dist-packages/lab2_iic2685-0.0.0-py3.10.egg-info/top_level.txt
-- Installing: /home/maty/rob_movil_ws/src/install/lab2_iic2685/local/lib/python3.10/dist-packages/lab2_iic2685-0.0.0-py3.10.egg-info/PKG-INFO
-- Installing: /home/maty/rob_movil_ws/src/install/lab2_iic2685/local/lib/python3.10/dist-packages/lab2_iic2685-0.0.0-py3.10.egg-info/SOURCES.txt
-- Installing: /home/maty/rob_movil_ws/src/install/lab2_iic2685/local/lib/python3.10/dist-packages/lab2_iic2685-0.0.0-py3.10.egg-info/dependency_links.txt
-- Installing: /home/maty/rob_movil_ws/src/install/lab2_iic2685/local/lib/python3.10/dist-packages/lab2_iic2685
-- Installing: /home/maty/rob_movil_ws/src/install/lab2_iic2685/local/lib/python3.10/dist-packages/lab2_iic2685/__init__.py
Listing '/home/maty/rob_movil_ws/src/install/lab2_iic2685/local/lib/python3.10/dist-packages/lab2_iic2685'...
Compiling '/home/maty/rob_movil_ws/src/install/lab2_iic2685/local/lib/python3.10/dist-packages/lab2_iic2685/__init__.py'...
-- Installing: /home/maty/rob_movil_ws/src/install/lab2_iic2685/lib/lab2_iic2685/dead_reckoning_nav.py
-- Installing: /home/maty/rob_movil_ws/src/install/lab2_iic2685/lib/lab2_iic2685/pose_loader.py
-- Installing: /home/maty/rob_movil_ws/src/install/lab2_iic2685/share/lab2_iic2685/launch
-- Installing: /home/maty/rob_movil_ws/src/install/lab2_iic2685/share/lab2_iic2685/launch/avanzar_y_rotar.xml
-- Installing: /home/maty/rob_movil_ws/src/install/lab2_iic2685/share/ament_index/resource_index/package_run_dependencies/lab2_iic2685
-- Installing: /home/maty/rob_movil_ws/src/install/lab2_iic2685/share/ament_index/resource_index/parent_prefix_path/lab2_iic2685
-- Installing: /home/maty/rob_movil_ws/src/install/lab2_iic2685/share/lab2_iic2685/environment/ament_prefix_path.sh
-- Installing: /home/maty/rob_movil_ws/src/install/lab2_iic2685/share/lab2_iic2685/environment/ament_prefix_path.dsv
-- Installing: /home/maty/rob_movil_ws/src/install/lab2_iic2685/share/lab2_iic2685/environment/path.sh
-- Installing: /home/maty/rob_movil_ws/src/install/lab2_iic2685/share/lab2_iic2685/environment/path.dsv
-- Installing: /home/maty/rob_movil_ws/src/install/lab2_iic2685/share/lab2_iic2685/local_setup.bash
-- Installing: /home/maty/rob_movil_ws/src/install/lab2_iic2685/share/lab2_iic2685/local_setup.sh
-- Installing: /home/maty/rob_movil_ws/src/install/lab2_iic2685/share/lab2_iic2685/local_setup.zsh
-- Installing: /home/maty/rob_movil_ws/src/install/lab2_iic2685/share/lab2_iic2685/local_setup.dsv
-- Installing: /home/maty/rob_movil_ws/src/install/lab2_iic2685/share/lab2_iic2685/package.dsv
-- Installing: /home/maty/rob_movil_ws/src/install/lab2_iic2685/share/ament_index/resource_index/packages/lab2_iic2685
-- Installing: /home/maty/rob_movil_ws/src/install/lab2_iic2685/share/lab2_iic2685/cmake/lab2_iic2685Config.cmake
-- Installing: /home/maty/rob_movil_ws/src/install/lab2_iic2685/share/lab2_iic2685/cmake/lab2_iic2685Config-version.cmake
-- Installing: /home/maty/rob_movil_ws/src/install/lab2_iic2685/share/lab2_iic2685/package.xml
