-- Found ament_cmake: 1.3.11 (/opt/ros/humble/share/ament_cmake/cmake)
-- Override CMake install command with custom implementation using symlinks instead of copying resources
-- Found ament_lint_auto: 0.12.12 (/opt/ros/humble/share/ament_lint_auto/cmake)
-- Added test 'flake8' to check Python code syntax and style conventions
-- Added test 'lint_cmake' to check CMake code style
-- Added test 'pep257' to check Python code against some of the docstring style conventions in PEP 257
-- Added test 'xmllint' to check XML markup files
-- Configuring done
-- Generating done
-- Build files have been written to: /home/maty/rob_movil_ws/build/movement_robot
-- Install configuration: ""
-- Execute custom install script
-- Up-to-date symlink: /home/maty/rob_movil_ws/install/movement_robot/share/ament_index/resource_index/package_run_dependencies/movement_robot
-- Up-to-date symlink: /home/maty/rob_movil_ws/install/movement_robot/share/ament_index/resource_index/parent_prefix_path/movement_robot
-- Up-to-date symlink: /home/maty/rob_movil_ws/install/movement_robot/share/movement_robot/environment/ament_prefix_path.sh
-- Up-to-date symlink: /home/maty/rob_movil_ws/install/movement_robot/share/movement_robot/environment/ament_prefix_path.dsv
-- Up-to-date symlink: /home/maty/rob_movil_ws/install/movement_robot/share/movement_robot/environment/path.sh
-- Up-to-date symlink: /home/maty/rob_movil_ws/install/movement_robot/share/movement_robot/environment/path.dsv
-- Up-to-date symlink: /home/maty/rob_movil_ws/install/movement_robot/share/movement_robot/local_setup.bash
-- Up-to-date symlink: /home/maty/rob_movil_ws/install/movement_robot/share/movement_robot/local_setup.sh
-- Up-to-date symlink: /home/maty/rob_movil_ws/install/movement_robot/share/movement_robot/local_setup.zsh
-- Up-to-date symlink: /home/maty/rob_movil_ws/install/movement_robot/share/movement_robot/local_setup.dsv
-- Symlinking: /home/maty/rob_movil_ws/install/movement_robot/share/movement_robot/package.dsv
-- Up-to-date symlink: /home/maty/rob_movil_ws/install/movement_robot/share/ament_index/resource_index/packages/movement_robot
-- Up-to-date symlink: /home/maty/rob_movil_ws/install/movement_robot/share/movement_robot/cmake/movement_robotConfig.cmake
-- Up-to-date symlink: /home/maty/rob_movil_ws/install/movement_robot/share/movement_robot/cmake/movement_robotConfig-version.cmake
-- Up-to-date symlink: /home/maty/rob_movil_ws/install/movement_robot/share/movement_robot/package.xml
