[0.566s] DEBUG:colcon:Command line arguments: ['/usr/bin/colcon', 'build']
[0.566s] DEBUG:colcon:Parsed command line arguments: Namespace(log_base=None, log_level=None, verb_name='build', build_base='build', install_base='install', merge_install=False, symlink_install=False, test_result_base=None, continue_on_error=False, executor='parallel', parallel_workers=22, event_handlers=None, ignore_user_meta=False, metas=['./colcon.meta'], base_paths=['.'], packages_ignore=None, packages_ignore_regex=None, paths=None, packages_up_to=None, packages_up_to_regex=None, packages_above=None, packages_above_and_dependencies=None, packages_above_depth=None, packages_select_by_dep=None, packages_skip_by_dep=None, packages_skip_up_to=None, packages_select_build_failed=False, packages_skip_build_finished=False, packages_select_test_failures=False, packages_skip_test_passed=False, packages_select=None, packages_skip=None, packages_select_regex=None, packages_skip_regex=None, packages_start=None, packages_end=None, allow_overriding=[], cmake_args=None, cmake_target=None, cmake_target_skip_unavailable=False, cmake_clean_cache=False, cmake_clean_first=False, cmake_force_configure=False, ament_cmake_args=None, catkin_cmake_args=None, catkin_skip_building_tests=False, mixin_files=None, mixin=None, verb_parser=<colcon_mixin.mixin.mixin_argument.MixinArgumentDecorator object at 0x7f08fbe8d450>, verb_extension=<colcon_core.verb.build.BuildVerb object at 0x7f08fc0129b0>, main=<bound method BuildVerb.main of <colcon_core.verb.build.BuildVerb object at 0x7f08fc0129b0>>, mixin_verb=('build',))
[1.029s] Level 1:colcon.colcon_core.package_discovery:discover_packages(colcon_meta) check parameters
[1.029s] Level 1:colcon.colcon_core.package_discovery:discover_packages(recursive) check parameters
[1.029s] Level 1:colcon.colcon_core.package_discovery:discover_packages(ignore) check parameters
[1.029s] Level 1:colcon.colcon_core.package_discovery:discover_packages(path) check parameters
[1.029s] Level 1:colcon.colcon_core.package_discovery:discover_packages(colcon_meta) discover
[1.029s] Level 1:colcon.colcon_core.package_discovery:discover_packages(recursive) discover
[1.029s] INFO:colcon.colcon_core.package_discovery:Crawling recursively for packages in '/home/maty/rob_movil_ws/src'
[1.029s] Level 1:colcon.colcon_core.package_identification:_identify(.) by extensions ['ignore', 'ignore_ament_install']
[1.029s] Level 1:colcon.colcon_core.package_identification:_identify(.) by extension 'ignore'
[1.029s] Level 1:colcon.colcon_core.package_identification:_identify(.) by extension 'ignore_ament_install'
[1.029s] Level 1:colcon.colcon_core.package_identification:_identify(.) by extensions ['colcon_pkg']
[1.029s] Level 1:colcon.colcon_core.package_identification:_identify(.) by extension 'colcon_pkg'
[1.030s] Level 1:colcon.colcon_core.package_identification:_identify(.) by extensions ['colcon_meta']
[1.030s] Level 1:colcon.colcon_core.package_identification:_identify(.) by extension 'colcon_meta'
[1.030s] Level 1:colcon.colcon_core.package_identification:_identify(.) by extensions ['ros']
[1.030s] Level 1:colcon.colcon_core.package_identification:_identify(.) by extension 'ros'
[1.042s] Level 1:colcon.colcon_core.package_identification:_identify(.) by extensions ['cmake', 'python']
[1.042s] Level 1:colcon.colcon_core.package_identification:_identify(.) by extension 'cmake'
[1.042s] Level 1:colcon.colcon_core.package_identification:_identify(.) by extension 'python'
[1.042s] Level 1:colcon.colcon_core.package_identification:_identify(.) by extensions ['python_setup_py']
[1.042s] Level 1:colcon.colcon_core.package_identification:_identify(.) by extension 'python_setup_py'
[1.042s] Level 1:colcon.colcon_core.package_identification:_identify(Mini_Tarea_2) by extensions ['ignore', 'ignore_ament_install']
[1.042s] Level 1:colcon.colcon_core.package_identification:_identify(Mini_Tarea_2) by extension 'ignore'
[1.042s] Level 1:colcon.colcon_core.package_identification:_identify(Mini_Tarea_2) by extension 'ignore_ament_install'
[1.042s] Level 1:colcon.colcon_core.package_identification:_identify(Mini_Tarea_2) by extensions ['colcon_pkg']
[1.043s] Level 1:colcon.colcon_core.package_identification:_identify(Mini_Tarea_2) by extension 'colcon_pkg'
[1.043s] Level 1:colcon.colcon_core.package_identification:_identify(Mini_Tarea_2) by extensions ['colcon_meta']
[1.043s] Level 1:colcon.colcon_core.package_identification:_identify(Mini_Tarea_2) by extension 'colcon_meta'
[1.043s] Level 1:colcon.colcon_core.package_identification:_identify(Mini_Tarea_2) by extensions ['ros']
[1.043s] Level 1:colcon.colcon_core.package_identification:_identify(Mini_Tarea_2) by extension 'ros'
[1.048s] DEBUG:colcon.colcon_core.package_identification:Package 'Mini_Tarea_2' with type 'ros.ament_cmake' and name 'Mini_Tarea_2'
[1.048s] Level 1:colcon.colcon_core.package_identification:_identify(build) by extensions ['ignore', 'ignore_ament_install']
[1.048s] Level 1:colcon.colcon_core.package_identification:_identify(build) by extension 'ignore'
[1.048s] Level 1:colcon.colcon_core.package_identification:_identify(build) ignored
[1.049s] Level 1:colcon.colcon_core.package_identification:_identify(cmd_vel_mux) by extensions ['ignore', 'ignore_ament_install']
[1.049s] Level 1:colcon.colcon_core.package_identification:_identify(cmd_vel_mux) by extension 'ignore'
[1.049s] Level 1:colcon.colcon_core.package_identification:_identify(cmd_vel_mux) by extension 'ignore_ament_install'
[1.050s] Level 1:colcon.colcon_core.package_identification:_identify(cmd_vel_mux) by extensions ['colcon_pkg']
[1.050s] Level 1:colcon.colcon_core.package_identification:_identify(cmd_vel_mux) by extension 'colcon_pkg'
[1.050s] Level 1:colcon.colcon_core.package_identification:_identify(cmd_vel_mux) by extensions ['colcon_meta']
[1.050s] Level 1:colcon.colcon_core.package_identification:_identify(cmd_vel_mux) by extension 'colcon_meta'
[1.050s] Level 1:colcon.colcon_core.package_identification:_identify(cmd_vel_mux) by extensions ['ros']
[1.050s] Level 1:colcon.colcon_core.package_identification:_identify(cmd_vel_mux) by extension 'ros'
[1.051s] DEBUG:colcon.colcon_core.package_identification:Package 'cmd_vel_mux' with type 'ros.ament_cmake' and name 'cmd_vel_mux'
[1.051s] Level 1:colcon.colcon_core.package_identification:_identify(install) by extensions ['ignore', 'ignore_ament_install']
[1.051s] Level 1:colcon.colcon_core.package_identification:_identify(install) by extension 'ignore'
[1.052s] Level 1:colcon.colcon_core.package_identification:_identify(install) ignored
[1.052s] Level 1:colcon.colcon_core.package_identification:_identify(log) by extensions ['ignore', 'ignore_ament_install']
[1.052s] Level 1:colcon.colcon_core.package_identification:_identify(log) by extension 'ignore'
[1.052s] Level 1:colcon.colcon_core.package_identification:_identify(log) ignored
[1.052s] Level 1:colcon.colcon_core.package_identification:_identify(movement_robot) by extensions ['ignore', 'ignore_ament_install']
[1.053s] Level 1:colcon.colcon_core.package_identification:_identify(movement_robot) by extension 'ignore'
[1.053s] Level 1:colcon.colcon_core.package_identification:_identify(movement_robot) by extension 'ignore_ament_install'
[1.053s] Level 1:colcon.colcon_core.package_identification:_identify(movement_robot) by extensions ['colcon_pkg']
[1.053s] Level 1:colcon.colcon_core.package_identification:_identify(movement_robot) by extension 'colcon_pkg'
[1.053s] Level 1:colcon.colcon_core.package_identification:_identify(movement_robot) by extensions ['colcon_meta']
[1.053s] Level 1:colcon.colcon_core.package_identification:_identify(movement_robot) by extension 'colcon_meta'
[1.053s] Level 1:colcon.colcon_core.package_identification:_identify(movement_robot) by extensions ['ros']
[1.053s] Level 1:colcon.colcon_core.package_identification:_identify(movement_robot) by extension 'ros'
[1.055s] DEBUG:colcon.colcon_core.package_identification:Package 'movement_robot' with type 'ros.ament_cmake' and name 'movement_robot'
[1.056s] Level 1:colcon.colcon_core.package_identification:_identify(very_simple_robot_simulator) by extensions ['ignore', 'ignore_ament_install']
[1.056s] Level 1:colcon.colcon_core.package_identification:_identify(very_simple_robot_simulator) by extension 'ignore'
[1.056s] Level 1:colcon.colcon_core.package_identification:_identify(very_simple_robot_simulator) by extension 'ignore_ament_install'
[1.056s] Level 1:colcon.colcon_core.package_identification:_identify(very_simple_robot_simulator) by extensions ['colcon_pkg']
[1.056s] Level 1:colcon.colcon_core.package_identification:_identify(very_simple_robot_simulator) by extension 'colcon_pkg'
[1.056s] Level 1:colcon.colcon_core.package_identification:_identify(very_simple_robot_simulator) by extensions ['colcon_meta']
[1.056s] Level 1:colcon.colcon_core.package_identification:_identify(very_simple_robot_simulator) by extension 'colcon_meta'
[1.056s] Level 1:colcon.colcon_core.package_identification:_identify(very_simple_robot_simulator) by extensions ['ros']
[1.056s] Level 1:colcon.colcon_core.package_identification:_identify(very_simple_robot_simulator) by extension 'ros'
[1.057s] DEBUG:colcon.colcon_core.package_identification:Package 'very_simple_robot_simulator' with type 'ros.ament_cmake' and name 'very_simple_robot_simulator'
[1.057s] Level 1:colcon.colcon_core.package_discovery:discover_packages(recursive) using defaults
[1.057s] Level 1:colcon.colcon_core.package_discovery:discover_packages(ignore) discover
[1.057s] Level 1:colcon.colcon_core.package_discovery:discover_packages(ignore) using defaults
[1.057s] Level 1:colcon.colcon_core.package_discovery:discover_packages(path) discover
[1.057s] Level 1:colcon.colcon_core.package_discovery:discover_packages(path) using defaults
[1.117s] Level 1:colcon.colcon_core.package_discovery:discover_packages(prefix_path) check parameters
[1.117s] Level 1:colcon.colcon_core.package_discovery:discover_packages(prefix_path) discover
[1.124s] DEBUG:colcon.colcon_installed_package_information.package_discovery:Found 3 installed packages in /home/maty/rob_movil_ws/install
[1.126s] DEBUG:colcon.colcon_installed_package_information.package_discovery:Found 274 installed packages in /opt/ros/humble
[1.127s] Level 1:colcon.colcon_core.package_discovery:discover_packages(prefix_path) using defaults
[1.180s] Level 5:colcon.colcon_core.verb:set package 'Mini_Tarea_2' build argument 'cmake_args' from command line to 'None'
[1.180s] Level 5:colcon.colcon_core.verb:set package 'Mini_Tarea_2' build argument 'cmake_target' from command line to 'None'
[1.180s] Level 5:colcon.colcon_core.verb:set package 'Mini_Tarea_2' build argument 'cmake_target_skip_unavailable' from command line to 'False'
[1.180s] Level 5:colcon.colcon_core.verb:set package 'Mini_Tarea_2' build argument 'cmake_clean_cache' from command line to 'False'
[1.180s] Level 5:colcon.colcon_core.verb:set package 'Mini_Tarea_2' build argument 'cmake_clean_first' from command line to 'False'
[1.180s] Level 5:colcon.colcon_core.verb:set package 'Mini_Tarea_2' build argument 'cmake_force_configure' from command line to 'False'
[1.180s] Level 5:colcon.colcon_core.verb:set package 'Mini_Tarea_2' build argument 'ament_cmake_args' from command line to 'None'
[1.180s] Level 5:colcon.colcon_core.verb:set package 'Mini_Tarea_2' build argument 'catkin_cmake_args' from command line to 'None'
[1.180s] Level 5:colcon.colcon_core.verb:set package 'Mini_Tarea_2' build argument 'catkin_skip_building_tests' from command line to 'False'
[1.180s] DEBUG:colcon.colcon_core.verb:Building package 'Mini_Tarea_2' with the following arguments: {'ament_cmake_args': None, 'build_base': '/home/maty/rob_movil_ws/src/build/Mini_Tarea_2', 'catkin_cmake_args': None, 'catkin_skip_building_tests': False, 'cmake_args': None, 'cmake_clean_cache': False, 'cmake_clean_first': False, 'cmake_force_configure': False, 'cmake_target': None, 'cmake_target_skip_unavailable': False, 'install_base': '/home/maty/rob_movil_ws/src/install/Mini_Tarea_2', 'merge_install': False, 'path': '/home/maty/rob_movil_ws/src/Mini_Tarea_2', 'symlink_install': False, 'test_result_base': None}
[1.181s] Level 5:colcon.colcon_core.verb:set package 'cmd_vel_mux' build argument 'cmake_args' from command line to 'None'
[1.181s] Level 5:colcon.colcon_core.verb:set package 'cmd_vel_mux' build argument 'cmake_target' from command line to 'None'
[1.181s] Level 5:colcon.colcon_core.verb:set package 'cmd_vel_mux' build argument 'cmake_target_skip_unavailable' from command line to 'False'
[1.181s] Level 5:colcon.colcon_core.verb:set package 'cmd_vel_mux' build argument 'cmake_clean_cache' from command line to 'False'
[1.181s] Level 5:colcon.colcon_core.verb:set package 'cmd_vel_mux' build argument 'cmake_clean_first' from command line to 'False'
[1.181s] Level 5:colcon.colcon_core.verb:set package 'cmd_vel_mux' build argument 'cmake_force_configure' from command line to 'False'
[1.181s] Level 5:colcon.colcon_core.verb:set package 'cmd_vel_mux' build argument 'ament_cmake_args' from command line to 'None'
[1.181s] Level 5:colcon.colcon_core.verb:set package 'cmd_vel_mux' build argument 'catkin_cmake_args' from command line to 'None'
[1.181s] Level 5:colcon.colcon_core.verb:set package 'cmd_vel_mux' build argument 'catkin_skip_building_tests' from command line to 'False'
[1.181s] DEBUG:colcon.colcon_core.verb:Building package 'cmd_vel_mux' with the following arguments: {'ament_cmake_args': None, 'build_base': '/home/maty/rob_movil_ws/src/build/cmd_vel_mux', 'catkin_cmake_args': None, 'catkin_skip_building_tests': False, 'cmake_args': None, 'cmake_clean_cache': False, 'cmake_clean_first': False, 'cmake_force_configure': False, 'cmake_target': None, 'cmake_target_skip_unavailable': False, 'install_base': '/home/maty/rob_movil_ws/src/install/cmd_vel_mux', 'merge_install': False, 'path': '/home/maty/rob_movil_ws/src/cmd_vel_mux', 'symlink_install': False, 'test_result_base': None}
[1.181s] Level 5:colcon.colcon_core.verb:set package 'movement_robot' build argument 'cmake_args' from command line to 'None'
[1.181s] Level 5:colcon.colcon_core.verb:set package 'movement_robot' build argument 'cmake_target' from command line to 'None'
[1.181s] Level 5:colcon.colcon_core.verb:set package 'movement_robot' build argument 'cmake_target_skip_unavailable' from command line to 'False'
[1.181s] Level 5:colcon.colcon_core.verb:set package 'movement_robot' build argument 'cmake_clean_cache' from command line to 'False'
[1.181s] Level 5:colcon.colcon_core.verb:set package 'movement_robot' build argument 'cmake_clean_first' from command line to 'False'
[1.181s] Level 5:colcon.colcon_core.verb:set package 'movement_robot' build argument 'cmake_force_configure' from command line to 'False'
[1.181s] Level 5:colcon.colcon_core.verb:set package 'movement_robot' build argument 'ament_cmake_args' from command line to 'None'
[1.181s] Level 5:colcon.colcon_core.verb:set package 'movement_robot' build argument 'catkin_cmake_args' from command line to 'None'
[1.181s] Level 5:colcon.colcon_core.verb:set package 'movement_robot' build argument 'catkin_skip_building_tests' from command line to 'False'
[1.181s] DEBUG:colcon.colcon_core.verb:Building package 'movement_robot' with the following arguments: {'ament_cmake_args': None, 'build_base': '/home/maty/rob_movil_ws/src/build/movement_robot', 'catkin_cmake_args': None, 'catkin_skip_building_tests': False, 'cmake_args': None, 'cmake_clean_cache': False, 'cmake_clean_first': False, 'cmake_force_configure': False, 'cmake_target': None, 'cmake_target_skip_unavailable': False, 'install_base': '/home/maty/rob_movil_ws/src/install/movement_robot', 'merge_install': False, 'path': '/home/maty/rob_movil_ws/src/movement_robot', 'symlink_install': False, 'test_result_base': None}
[1.182s] Level 5:colcon.colcon_core.verb:set package 'very_simple_robot_simulator' build argument 'cmake_args' from command line to 'None'
[1.182s] Level 5:colcon.colcon_core.verb:set package 'very_simple_robot_simulator' build argument 'cmake_target' from command line to 'None'
[1.182s] Level 5:colcon.colcon_core.verb:set package 'very_simple_robot_simulator' build argument 'cmake_target_skip_unavailable' from command line to 'False'
[1.182s] Level 5:colcon.colcon_core.verb:set package 'very_simple_robot_simulator' build argument 'cmake_clean_cache' from command line to 'False'
[1.182s] Level 5:colcon.colcon_core.verb:set package 'very_simple_robot_simulator' build argument 'cmake_clean_first' from command line to 'False'
[1.182s] Level 5:colcon.colcon_core.verb:set package 'very_simple_robot_simulator' build argument 'cmake_force_configure' from command line to 'False'
[1.183s] Level 5:colcon.colcon_core.verb:set package 'very_simple_robot_simulator' build argument 'ament_cmake_args' from command line to 'None'
[1.183s] Level 5:colcon.colcon_core.verb:set package 'very_simple_robot_simulator' build argument 'catkin_cmake_args' from command line to 'None'
[1.183s] Level 5:colcon.colcon_core.verb:set package 'very_simple_robot_simulator' build argument 'catkin_skip_building_tests' from command line to 'False'
[1.183s] DEBUG:colcon.colcon_core.verb:Building package 'very_simple_robot_simulator' with the following arguments: {'ament_cmake_args': None, 'build_base': '/home/maty/rob_movil_ws/src/build/very_simple_robot_simulator', 'catkin_cmake_args': None, 'catkin_skip_building_tests': False, 'cmake_args': None, 'cmake_clean_cache': False, 'cmake_clean_first': False, 'cmake_force_configure': False, 'cmake_target': None, 'cmake_target_skip_unavailable': False, 'install_base': '/home/maty/rob_movil_ws/src/install/very_simple_robot_simulator', 'merge_install': False, 'path': '/home/maty/rob_movil_ws/src/very_simple_robot_simulator', 'symlink_install': False, 'test_result_base': None}
[1.183s] INFO:colcon.colcon_core.executor:Executing jobs using 'parallel' executor
[1.185s] DEBUG:colcon.colcon_parallel_executor.executor.parallel:run_until_complete
[1.185s] INFO:colcon.colcon_ros.task.ament_cmake.build:Building ROS package in '/home/maty/rob_movil_ws/src/Mini_Tarea_2' with build type 'ament_cmake'
[1.185s] INFO:colcon.colcon_cmake.task.cmake.build:Building CMake package in '/home/maty/rob_movil_ws/src/Mini_Tarea_2'
[1.199s] INFO:colcon.colcon_core.plugin_system:Skipping extension 'colcon_core.shell.bat': Not used on non-Windows systems
[1.199s] INFO:colcon.colcon_core.shell:Skip shell extension 'powershell' for command environment: Not usable outside of PowerShell
[1.199s] DEBUG:colcon.colcon_core.shell:Skip shell extension 'dsv' for command environment
[1.206s] INFO:colcon.colcon_ros.task.ament_cmake.build:Building ROS package in '/home/maty/rob_movil_ws/src/cmd_vel_mux' with build type 'ament_cmake'
[1.206s] INFO:colcon.colcon_cmake.task.cmake.build:Building CMake package in '/home/maty/rob_movil_ws/src/cmd_vel_mux'
[1.206s] INFO:colcon.colcon_core.shell:Skip shell extension 'powershell' for command environment: Not usable outside of PowerShell
[1.207s] DEBUG:colcon.colcon_core.shell:Skip shell extension 'dsv' for command environment
[1.213s] INFO:colcon.colcon_ros.task.ament_cmake.build:Building ROS package in '/home/maty/rob_movil_ws/src/movement_robot' with build type 'ament_cmake'
[1.213s] INFO:colcon.colcon_cmake.task.cmake.build:Building CMake package in '/home/maty/rob_movil_ws/src/movement_robot'
[1.214s] INFO:colcon.colcon_core.shell:Skip shell extension 'powershell' for command environment: Not usable outside of PowerShell
[1.214s] DEBUG:colcon.colcon_core.shell:Skip shell extension 'dsv' for command environment
[1.218s] INFO:colcon.colcon_ros.task.ament_cmake.build:Building ROS package in '/home/maty/rob_movil_ws/src/very_simple_robot_simulator' with build type 'ament_cmake'
[1.218s] INFO:colcon.colcon_cmake.task.cmake.build:Building CMake package in '/home/maty/rob_movil_ws/src/very_simple_robot_simulator'
[1.218s] INFO:colcon.colcon_core.shell:Skip shell extension 'powershell' for command environment: Not usable outside of PowerShell
[1.218s] DEBUG:colcon.colcon_core.shell:Skip shell extension 'dsv' for command environment
[1.232s] DEBUG:colcon.colcon_core.event_handler.log_command:Invoking command in '/home/maty/rob_movil_ws/src/build/Mini_Tarea_2': CMAKE_PREFIX_PATH=${CMAKE_PREFIX_PATH}:/opt/ros/humble /usr/bin/cmake /home/maty/rob_movil_ws/src/Mini_Tarea_2 -DCMAKE_INSTALL_PREFIX=/home/maty/rob_movil_ws/src/install/Mini_Tarea_2
[1.236s] DEBUG:colcon.colcon_core.event_handler.log_command:Invoking command in '/home/maty/rob_movil_ws/src/build/cmd_vel_mux': CMAKE_PREFIX_PATH=${CMAKE_PREFIX_PATH}:/opt/ros/humble /usr/bin/cmake /home/maty/rob_movil_ws/src/cmd_vel_mux -DCMAKE_INSTALL_PREFIX=/home/maty/rob_movil_ws/src/install/cmd_vel_mux
[1.240s] DEBUG:colcon.colcon_core.event_handler.log_command:Invoking command in '/home/maty/rob_movil_ws/src/build/movement_robot': CMAKE_PREFIX_PATH=${CMAKE_PREFIX_PATH}:/opt/ros/humble /usr/bin/cmake /home/maty/rob_movil_ws/src/movement_robot -DCMAKE_INSTALL_PREFIX=/home/maty/rob_movil_ws/src/install/movement_robot
[1.254s] DEBUG:colcon.colcon_core.event_handler.log_command:Invoking command in '/home/maty/rob_movil_ws/src/build/very_simple_robot_simulator': CMAKE_PREFIX_PATH=${CMAKE_PREFIX_PATH}:/opt/ros/humble /usr/bin/cmake /home/maty/rob_movil_ws/src/very_simple_robot_simulator -DCMAKE_INSTALL_PREFIX=/home/maty/rob_movil_ws/src/install/very_simple_robot_simulator
[3.052s] DEBUG:colcon.colcon_core.event_handler.log_command:Invoked command in '/home/maty/rob_movil_ws/src/build/Mini_Tarea_2' returned '0': CMAKE_PREFIX_PATH=${CMAKE_PREFIX_PATH}:/opt/ros/humble /usr/bin/cmake /home/maty/rob_movil_ws/src/Mini_Tarea_2 -DCMAKE_INSTALL_PREFIX=/home/maty/rob_movil_ws/src/install/Mini_Tarea_2
[3.054s] DEBUG:colcon.colcon_core.event_handler.log_command:Invoking command in '/home/maty/rob_movil_ws/src/build/Mini_Tarea_2': CMAKE_PREFIX_PATH=${CMAKE_PREFIX_PATH}:/opt/ros/humble /usr/bin/cmake --build /home/maty/rob_movil_ws/src/build/Mini_Tarea_2 -- -j22 -l22
[3.055s] DEBUG:colcon.colcon_core.event_handler.log_command:Invoked command in '/home/maty/rob_movil_ws/src/build/movement_robot' returned '0': CMAKE_PREFIX_PATH=${CMAKE_PREFIX_PATH}:/opt/ros/humble /usr/bin/cmake /home/maty/rob_movil_ws/src/movement_robot -DCMAKE_INSTALL_PREFIX=/home/maty/rob_movil_ws/src/install/movement_robot
[3.057s] DEBUG:colcon.colcon_core.event_handler.log_command:Invoking command in '/home/maty/rob_movil_ws/src/build/movement_robot': CMAKE_PREFIX_PATH=${CMAKE_PREFIX_PATH}:/opt/ros/humble /usr/bin/cmake --build /home/maty/rob_movil_ws/src/build/movement_robot -- -j22 -l22
[3.086s] DEBUG:colcon.colcon_core.event_handler.log_command:Invoked command in '/home/maty/rob_movil_ws/src/build/Mini_Tarea_2' returned '0': CMAKE_PREFIX_PATH=${CMAKE_PREFIX_PATH}:/opt/ros/humble /usr/bin/cmake --build /home/maty/rob_movil_ws/src/build/Mini_Tarea_2 -- -j22 -l22
[3.094s] DEBUG:colcon.colcon_core.event_handler.log_command:Invoking command in '/home/maty/rob_movil_ws/src/build/Mini_Tarea_2': CMAKE_PREFIX_PATH=${CMAKE_PREFIX_PATH}:/opt/ros/humble /usr/bin/cmake --install /home/maty/rob_movil_ws/src/build/Mini_Tarea_2
[3.097s] DEBUG:colcon.colcon_core.event_handler.log_command:Invoked command in '/home/maty/rob_movil_ws/src/build/movement_robot' returned '0': CMAKE_PREFIX_PATH=${CMAKE_PREFIX_PATH}:/opt/ros/humble /usr/bin/cmake --build /home/maty/rob_movil_ws/src/build/movement_robot -- -j22 -l22
[3.098s] DEBUG:colcon.colcon_core.event_handler.log_command:Invoking command in '/home/maty/rob_movil_ws/src/build/movement_robot': CMAKE_PREFIX_PATH=${CMAKE_PREFIX_PATH}:/opt/ros/humble /usr/bin/cmake --install /home/maty/rob_movil_ws/src/build/movement_robot
[3.105s] Level 1:colcon.colcon_core.environment:create_environment_scripts_only(Mini_Tarea_2)
[3.105s] DEBUG:colcon.colcon_core.event_handler.log_command:Invoked command in '/home/maty/rob_movil_ws/src/build/Mini_Tarea_2' returned '0': CMAKE_PREFIX_PATH=${CMAKE_PREFIX_PATH}:/opt/ros/humble /usr/bin/cmake --install /home/maty/rob_movil_ws/src/build/Mini_Tarea_2
[3.117s] Level 1:colcon.colcon_core.environment:checking '/home/maty/rob_movil_ws/src/install/Mini_Tarea_2' for CMake module files
[3.118s] Level 1:colcon.colcon_core.environment:checking '/home/maty/rob_movil_ws/src/install/Mini_Tarea_2' for CMake config files
[3.118s] Level 1:colcon.colcon_core.shell:create_environment_hook('Mini_Tarea_2', 'cmake_prefix_path')
[3.119s] INFO:colcon.colcon_core.shell:Creating environment hook '/home/maty/rob_movil_ws/src/install/Mini_Tarea_2/share/Mini_Tarea_2/hook/cmake_prefix_path.ps1'
[3.120s] INFO:colcon.colcon_core.shell:Creating environment descriptor '/home/maty/rob_movil_ws/src/install/Mini_Tarea_2/share/Mini_Tarea_2/hook/cmake_prefix_path.dsv'
[3.121s] INFO:colcon.colcon_core.shell:Creating environment hook '/home/maty/rob_movil_ws/src/install/Mini_Tarea_2/share/Mini_Tarea_2/hook/cmake_prefix_path.sh'
[3.122s] Level 1:colcon.colcon_core.environment:checking '/home/maty/rob_movil_ws/src/install/Mini_Tarea_2/bin'
[3.122s] Level 1:colcon.colcon_core.environment:checking '/home/maty/rob_movil_ws/src/install/Mini_Tarea_2/lib/pkgconfig/Mini_Tarea_2.pc'
[3.123s] Level 1:colcon.colcon_core.environment:checking '/home/maty/rob_movil_ws/src/install/Mini_Tarea_2/lib/python3.10/site-packages'
[3.123s] Level 1:colcon.colcon_core.environment:checking '/home/maty/rob_movil_ws/src/install/Mini_Tarea_2/bin'
[3.123s] INFO:colcon.colcon_core.shell:Creating package script '/home/maty/rob_movil_ws/src/install/Mini_Tarea_2/share/Mini_Tarea_2/package.ps1'
[3.124s] INFO:colcon.colcon_core.shell:Creating package descriptor '/home/maty/rob_movil_ws/src/install/Mini_Tarea_2/share/Mini_Tarea_2/package.dsv'
[3.126s] INFO:colcon.colcon_core.shell:Creating package script '/home/maty/rob_movil_ws/src/install/Mini_Tarea_2/share/Mini_Tarea_2/package.sh'
[3.127s] INFO:colcon.colcon_core.shell:Creating package script '/home/maty/rob_movil_ws/src/install/Mini_Tarea_2/share/Mini_Tarea_2/package.bash'
[3.129s] INFO:colcon.colcon_core.shell:Creating package script '/home/maty/rob_movil_ws/src/install/Mini_Tarea_2/share/Mini_Tarea_2/package.zsh'
[3.131s] Level 1:colcon.colcon_core.environment:create_file_with_runtime_dependencies(/home/maty/rob_movil_ws/src/install/Mini_Tarea_2/share/colcon-core/packages/Mini_Tarea_2)
[3.132s] Level 1:colcon.colcon_core.environment:create_environment_scripts_only(Mini_Tarea_2)
[3.132s] Level 1:colcon.colcon_core.environment:checking '/home/maty/rob_movil_ws/src/install/Mini_Tarea_2' for CMake module files
[3.132s] Level 1:colcon.colcon_core.environment:checking '/home/maty/rob_movil_ws/src/install/Mini_Tarea_2' for CMake config files
[3.133s] Level 1:colcon.colcon_core.shell:create_environment_hook('Mini_Tarea_2', 'cmake_prefix_path')
[3.133s] INFO:colcon.colcon_core.shell:Creating environment hook '/home/maty/rob_movil_ws/src/install/Mini_Tarea_2/share/Mini_Tarea_2/hook/cmake_prefix_path.ps1'
[3.133s] INFO:colcon.colcon_core.shell:Creating environment descriptor '/home/maty/rob_movil_ws/src/install/Mini_Tarea_2/share/Mini_Tarea_2/hook/cmake_prefix_path.dsv'
[3.133s] INFO:colcon.colcon_core.shell:Creating environment hook '/home/maty/rob_movil_ws/src/install/Mini_Tarea_2/share/Mini_Tarea_2/hook/cmake_prefix_path.sh'
[3.134s] Level 1:colcon.colcon_core.environment:checking '/home/maty/rob_movil_ws/src/install/Mini_Tarea_2/bin'
[3.134s] Level 1:colcon.colcon_core.environment:checking '/home/maty/rob_movil_ws/src/install/Mini_Tarea_2/lib/pkgconfig/Mini_Tarea_2.pc'
[3.134s] Level 1:colcon.colcon_core.environment:checking '/home/maty/rob_movil_ws/src/install/Mini_Tarea_2/lib/python3.10/site-packages'
[3.135s] Level 1:colcon.colcon_core.environment:checking '/home/maty/rob_movil_ws/src/install/Mini_Tarea_2/bin'
[3.135s] INFO:colcon.colcon_core.shell:Creating package script '/home/maty/rob_movil_ws/src/install/Mini_Tarea_2/share/Mini_Tarea_2/package.ps1'
[3.135s] INFO:colcon.colcon_core.shell:Creating package descriptor '/home/maty/rob_movil_ws/src/install/Mini_Tarea_2/share/Mini_Tarea_2/package.dsv'
[3.136s] INFO:colcon.colcon_core.shell:Creating package script '/home/maty/rob_movil_ws/src/install/Mini_Tarea_2/share/Mini_Tarea_2/package.sh'
[3.136s] INFO:colcon.colcon_core.shell:Creating package script '/home/maty/rob_movil_ws/src/install/Mini_Tarea_2/share/Mini_Tarea_2/package.bash'
[3.137s] INFO:colcon.colcon_core.shell:Creating package script '/home/maty/rob_movil_ws/src/install/Mini_Tarea_2/share/Mini_Tarea_2/package.zsh'
[3.137s] Level 1:colcon.colcon_core.environment:create_file_with_runtime_dependencies(/home/maty/rob_movil_ws/src/install/Mini_Tarea_2/share/colcon-core/packages/Mini_Tarea_2)
[3.139s] Level 1:colcon.colcon_core.environment:create_environment_scripts_only(movement_robot)
[3.140s] Level 1:colcon.colcon_core.environment:checking '/home/maty/rob_movil_ws/src/install/movement_robot' for CMake module files
[3.140s] DEBUG:colcon.colcon_core.event_handler.log_command:Invoked command in '/home/maty/rob_movil_ws/src/build/movement_robot' returned '0': CMAKE_PREFIX_PATH=${CMAKE_PREFIX_PATH}:/opt/ros/humble /usr/bin/cmake --install /home/maty/rob_movil_ws/src/build/movement_robot
[3.141s] Level 1:colcon.colcon_core.environment:checking '/home/maty/rob_movil_ws/src/install/movement_robot' for CMake config files
[3.141s] Level 1:colcon.colcon_core.shell:create_environment_hook('movement_robot', 'cmake_prefix_path')
[3.141s] INFO:colcon.colcon_core.shell:Creating environment hook '/home/maty/rob_movil_ws/src/install/movement_robot/share/movement_robot/hook/cmake_prefix_path.ps1'
[3.141s] INFO:colcon.colcon_core.shell:Creating environment descriptor '/home/maty/rob_movil_ws/src/install/movement_robot/share/movement_robot/hook/cmake_prefix_path.dsv'
[3.142s] INFO:colcon.colcon_core.shell:Creating environment hook '/home/maty/rob_movil_ws/src/install/movement_robot/share/movement_robot/hook/cmake_prefix_path.sh'
[3.142s] Level 1:colcon.colcon_core.environment:checking '/home/maty/rob_movil_ws/src/install/movement_robot/bin'
[3.142s] Level 1:colcon.colcon_core.environment:checking '/home/maty/rob_movil_ws/src/install/movement_robot/lib/pkgconfig/movement_robot.pc'
[3.143s] Level 1:colcon.colcon_core.environment:checking '/home/maty/rob_movil_ws/src/install/movement_robot/lib/python3.10/site-packages'
[3.143s] Level 1:colcon.colcon_core.environment:checking '/home/maty/rob_movil_ws/src/install/movement_robot/bin'
[3.143s] INFO:colcon.colcon_core.shell:Creating package script '/home/maty/rob_movil_ws/src/install/movement_robot/share/movement_robot/package.ps1'
[3.144s] INFO:colcon.colcon_core.shell:Creating package descriptor '/home/maty/rob_movil_ws/src/install/movement_robot/share/movement_robot/package.dsv'
[3.144s] INFO:colcon.colcon_core.shell:Creating package script '/home/maty/rob_movil_ws/src/install/movement_robot/share/movement_robot/package.sh'
[3.144s] INFO:colcon.colcon_core.shell:Creating package script '/home/maty/rob_movil_ws/src/install/movement_robot/share/movement_robot/package.bash'
[3.145s] INFO:colcon.colcon_core.shell:Creating package script '/home/maty/rob_movil_ws/src/install/movement_robot/share/movement_robot/package.zsh'
[3.145s] Level 1:colcon.colcon_core.environment:create_file_with_runtime_dependencies(/home/maty/rob_movil_ws/src/install/movement_robot/share/colcon-core/packages/movement_robot)
[3.146s] Level 1:colcon.colcon_core.environment:create_environment_scripts_only(movement_robot)
[3.146s] Level 1:colcon.colcon_core.environment:checking '/home/maty/rob_movil_ws/src/install/movement_robot' for CMake module files
[3.146s] Level 1:colcon.colcon_core.environment:checking '/home/maty/rob_movil_ws/src/install/movement_robot' for CMake config files
[3.146s] Level 1:colcon.colcon_core.shell:create_environment_hook('movement_robot', 'cmake_prefix_path')
[3.147s] INFO:colcon.colcon_core.shell:Creating environment hook '/home/maty/rob_movil_ws/src/install/movement_robot/share/movement_robot/hook/cmake_prefix_path.ps1'
[3.147s] INFO:colcon.colcon_core.shell:Creating environment descriptor '/home/maty/rob_movil_ws/src/install/movement_robot/share/movement_robot/hook/cmake_prefix_path.dsv'
[3.147s] INFO:colcon.colcon_core.shell:Creating environment hook '/home/maty/rob_movil_ws/src/install/movement_robot/share/movement_robot/hook/cmake_prefix_path.sh'
[3.148s] Level 1:colcon.colcon_core.environment:checking '/home/maty/rob_movil_ws/src/install/movement_robot/bin'
[3.148s] Level 1:colcon.colcon_core.environment:checking '/home/maty/rob_movil_ws/src/install/movement_robot/lib/pkgconfig/movement_robot.pc'
[3.148s] Level 1:colcon.colcon_core.environment:checking '/home/maty/rob_movil_ws/src/install/movement_robot/lib/python3.10/site-packages'
[3.148s] Level 1:colcon.colcon_core.environment:checking '/home/maty/rob_movil_ws/src/install/movement_robot/bin'
[3.148s] INFO:colcon.colcon_core.shell:Creating package script '/home/maty/rob_movil_ws/src/install/movement_robot/share/movement_robot/package.ps1'
[3.149s] INFO:colcon.colcon_core.shell:Creating package descriptor '/home/maty/rob_movil_ws/src/install/movement_robot/share/movement_robot/package.dsv'
[3.150s] INFO:colcon.colcon_core.shell:Creating package script '/home/maty/rob_movil_ws/src/install/movement_robot/share/movement_robot/package.sh'
[3.150s] INFO:colcon.colcon_core.shell:Creating package script '/home/maty/rob_movil_ws/src/install/movement_robot/share/movement_robot/package.bash'
[3.150s] INFO:colcon.colcon_core.shell:Creating package script '/home/maty/rob_movil_ws/src/install/movement_robot/share/movement_robot/package.zsh'
[3.151s] Level 1:colcon.colcon_core.environment:create_file_with_runtime_dependencies(/home/maty/rob_movil_ws/src/install/movement_robot/share/colcon-core/packages/movement_robot)
[7.143s] DEBUG:colcon.colcon_core.event_handler.log_command:Invoked command in '/home/maty/rob_movil_ws/src/build/cmd_vel_mux' returned '0': CMAKE_PREFIX_PATH=${CMAKE_PREFIX_PATH}:/opt/ros/humble /usr/bin/cmake /home/maty/rob_movil_ws/src/cmd_vel_mux -DCMAKE_INSTALL_PREFIX=/home/maty/rob_movil_ws/src/install/cmd_vel_mux
[7.145s] DEBUG:colcon.colcon_core.event_handler.log_command:Invoking command in '/home/maty/rob_movil_ws/src/build/cmd_vel_mux': CMAKE_PREFIX_PATH=${CMAKE_PREFIX_PATH}:/opt/ros/humble /usr/bin/cmake --build /home/maty/rob_movil_ws/src/build/cmd_vel_mux -- -j22 -l22
[8.416s] DEBUG:colcon.colcon_core.event_handler.log_command:Invoked command in '/home/maty/rob_movil_ws/src/build/very_simple_robot_simulator' returned '0': CMAKE_PREFIX_PATH=${CMAKE_PREFIX_PATH}:/opt/ros/humble /usr/bin/cmake /home/maty/rob_movil_ws/src/very_simple_robot_simulator -DCMAKE_INSTALL_PREFIX=/home/maty/rob_movil_ws/src/install/very_simple_robot_simulator
[8.420s] DEBUG:colcon.colcon_core.event_handler.log_command:Invoking command in '/home/maty/rob_movil_ws/src/build/very_simple_robot_simulator': CMAKE_PREFIX_PATH=${CMAKE_PREFIX_PATH}:/opt/ros/humble /usr/bin/cmake --build /home/maty/rob_movil_ws/src/build/very_simple_robot_simulator -- -j22 -l22
[20.620s] DEBUG:colcon.colcon_core.event_handler.log_command:Invoked command in '/home/maty/rob_movil_ws/src/build/cmd_vel_mux' returned '0': CMAKE_PREFIX_PATH=${CMAKE_PREFIX_PATH}:/opt/ros/humble /usr/bin/cmake --build /home/maty/rob_movil_ws/src/build/cmd_vel_mux -- -j22 -l22
[20.625s] DEBUG:colcon.colcon_core.event_handler.log_command:Invoking command in '/home/maty/rob_movil_ws/src/build/cmd_vel_mux': CMAKE_PREFIX_PATH=${CMAKE_PREFIX_PATH}:/opt/ros/humble /usr/bin/cmake --install /home/maty/rob_movil_ws/src/build/cmd_vel_mux
[20.650s] Level 1:colcon.colcon_core.environment:create_environment_scripts_only(cmd_vel_mux)
[20.651s] Level 1:colcon.colcon_core.environment:checking '/home/maty/rob_movil_ws/src/install/cmd_vel_mux' for CMake module files
[20.652s] DEBUG:colcon.colcon_core.event_handler.log_command:Invoked command in '/home/maty/rob_movil_ws/src/build/cmd_vel_mux' returned '0': CMAKE_PREFIX_PATH=${CMAKE_PREFIX_PATH}:/opt/ros/humble /usr/bin/cmake --install /home/maty/rob_movil_ws/src/build/cmd_vel_mux
[20.652s] Level 1:colcon.colcon_core.environment:checking '/home/maty/rob_movil_ws/src/install/cmd_vel_mux' for CMake config files
[20.652s] Level 1:colcon.colcon_core.shell:create_environment_hook('cmd_vel_mux', 'cmake_prefix_path')
[20.653s] INFO:colcon.colcon_core.shell:Creating environment hook '/home/maty/rob_movil_ws/src/install/cmd_vel_mux/share/cmd_vel_mux/hook/cmake_prefix_path.ps1'
[20.653s] INFO:colcon.colcon_core.shell:Creating environment descriptor '/home/maty/rob_movil_ws/src/install/cmd_vel_mux/share/cmd_vel_mux/hook/cmake_prefix_path.dsv'
[20.654s] INFO:colcon.colcon_core.shell:Creating environment hook '/home/maty/rob_movil_ws/src/install/cmd_vel_mux/share/cmd_vel_mux/hook/cmake_prefix_path.sh'
[20.654s] Level 1:colcon.colcon_core.environment:checking '/home/maty/rob_movil_ws/src/install/cmd_vel_mux/lib'
[20.655s] Level 1:colcon.colcon_core.shell:create_environment_hook('cmd_vel_mux', 'ld_library_path_lib')
[20.655s] INFO:colcon.colcon_core.shell:Creating environment hook '/home/maty/rob_movil_ws/src/install/cmd_vel_mux/share/cmd_vel_mux/hook/ld_library_path_lib.ps1'
[20.655s] INFO:colcon.colcon_core.shell:Creating environment descriptor '/home/maty/rob_movil_ws/src/install/cmd_vel_mux/share/cmd_vel_mux/hook/ld_library_path_lib.dsv'
[20.656s] INFO:colcon.colcon_core.shell:Creating environment hook '/home/maty/rob_movil_ws/src/install/cmd_vel_mux/share/cmd_vel_mux/hook/ld_library_path_lib.sh'
[20.656s] Level 1:colcon.colcon_core.environment:checking '/home/maty/rob_movil_ws/src/install/cmd_vel_mux/bin'
[20.656s] Level 1:colcon.colcon_core.environment:checking '/home/maty/rob_movil_ws/src/install/cmd_vel_mux/lib/pkgconfig/cmd_vel_mux.pc'
[20.656s] Level 1:colcon.colcon_core.environment:checking '/home/maty/rob_movil_ws/src/install/cmd_vel_mux/lib/python3.10/site-packages'
[20.657s] Level 1:colcon.colcon_core.environment:checking '/home/maty/rob_movil_ws/src/install/cmd_vel_mux/bin'
[20.657s] INFO:colcon.colcon_core.shell:Creating package script '/home/maty/rob_movil_ws/src/install/cmd_vel_mux/share/cmd_vel_mux/package.ps1'
[20.657s] INFO:colcon.colcon_core.shell:Creating package descriptor '/home/maty/rob_movil_ws/src/install/cmd_vel_mux/share/cmd_vel_mux/package.dsv'
[20.658s] INFO:colcon.colcon_core.shell:Creating package script '/home/maty/rob_movil_ws/src/install/cmd_vel_mux/share/cmd_vel_mux/package.sh'
[20.658s] INFO:colcon.colcon_core.shell:Creating package script '/home/maty/rob_movil_ws/src/install/cmd_vel_mux/share/cmd_vel_mux/package.bash'
[20.659s] INFO:colcon.colcon_core.shell:Creating package script '/home/maty/rob_movil_ws/src/install/cmd_vel_mux/share/cmd_vel_mux/package.zsh'
[20.659s] Level 1:colcon.colcon_core.environment:create_file_with_runtime_dependencies(/home/maty/rob_movil_ws/src/install/cmd_vel_mux/share/colcon-core/packages/cmd_vel_mux)
[20.660s] Level 1:colcon.colcon_core.environment:create_environment_scripts_only(cmd_vel_mux)
[20.660s] Level 1:colcon.colcon_core.environment:checking '/home/maty/rob_movil_ws/src/install/cmd_vel_mux' for CMake module files
[20.660s] Level 1:colcon.colcon_core.environment:checking '/home/maty/rob_movil_ws/src/install/cmd_vel_mux' for CMake config files
[20.661s] Level 1:colcon.colcon_core.shell:create_environment_hook('cmd_vel_mux', 'cmake_prefix_path')
[20.661s] INFO:colcon.colcon_core.shell:Creating environment hook '/home/maty/rob_movil_ws/src/install/cmd_vel_mux/share/cmd_vel_mux/hook/cmake_prefix_path.ps1'
[20.661s] INFO:colcon.colcon_core.shell:Creating environment descriptor '/home/maty/rob_movil_ws/src/install/cmd_vel_mux/share/cmd_vel_mux/hook/cmake_prefix_path.dsv'
[20.662s] INFO:colcon.colcon_core.shell:Creating environment hook '/home/maty/rob_movil_ws/src/install/cmd_vel_mux/share/cmd_vel_mux/hook/cmake_prefix_path.sh'
[20.662s] Level 1:colcon.colcon_core.environment:checking '/home/maty/rob_movil_ws/src/install/cmd_vel_mux/lib'
[20.662s] Level 1:colcon.colcon_core.shell:create_environment_hook('cmd_vel_mux', 'ld_library_path_lib')
[20.663s] INFO:colcon.colcon_core.shell:Creating environment hook '/home/maty/rob_movil_ws/src/install/cmd_vel_mux/share/cmd_vel_mux/hook/ld_library_path_lib.ps1'
[20.663s] INFO:colcon.colcon_core.shell:Creating environment descriptor '/home/maty/rob_movil_ws/src/install/cmd_vel_mux/share/cmd_vel_mux/hook/ld_library_path_lib.dsv'
[20.663s] INFO:colcon.colcon_core.shell:Creating environment hook '/home/maty/rob_movil_ws/src/install/cmd_vel_mux/share/cmd_vel_mux/hook/ld_library_path_lib.sh'
[20.664s] Level 1:colcon.colcon_core.environment:checking '/home/maty/rob_movil_ws/src/install/cmd_vel_mux/bin'
[20.664s] Level 1:colcon.colcon_core.environment:checking '/home/maty/rob_movil_ws/src/install/cmd_vel_mux/lib/pkgconfig/cmd_vel_mux.pc'
[20.664s] Level 1:colcon.colcon_core.environment:checking '/home/maty/rob_movil_ws/src/install/cmd_vel_mux/lib/python3.10/site-packages'
[20.665s] Level 1:colcon.colcon_core.environment:checking '/home/maty/rob_movil_ws/src/install/cmd_vel_mux/bin'
[20.665s] INFO:colcon.colcon_core.shell:Creating package script '/home/maty/rob_movil_ws/src/install/cmd_vel_mux/share/cmd_vel_mux/package.ps1'
[20.665s] INFO:colcon.colcon_core.shell:Creating package descriptor '/home/maty/rob_movil_ws/src/install/cmd_vel_mux/share/cmd_vel_mux/package.dsv'
[20.666s] INFO:colcon.colcon_core.shell:Creating package script '/home/maty/rob_movil_ws/src/install/cmd_vel_mux/share/cmd_vel_mux/package.sh'
[20.667s] INFO:colcon.colcon_core.shell:Creating package script '/home/maty/rob_movil_ws/src/install/cmd_vel_mux/share/cmd_vel_mux/package.bash'
[20.667s] INFO:colcon.colcon_core.shell:Creating package script '/home/maty/rob_movil_ws/src/install/cmd_vel_mux/share/cmd_vel_mux/package.zsh'
[20.668s] Level 1:colcon.colcon_core.environment:create_file_with_runtime_dependencies(/home/maty/rob_movil_ws/src/install/cmd_vel_mux/share/colcon-core/packages/cmd_vel_mux)
[26.827s] DEBUG:colcon.colcon_core.event_handler.log_command:Invoked command in '/home/maty/rob_movil_ws/src/build/very_simple_robot_simulator' returned '0': CMAKE_PREFIX_PATH=${CMAKE_PREFIX_PATH}:/opt/ros/humble /usr/bin/cmake --build /home/maty/rob_movil_ws/src/build/very_simple_robot_simulator -- -j22 -l22
[26.830s] DEBUG:colcon.colcon_core.event_handler.log_command:Invoking command in '/home/maty/rob_movil_ws/src/build/very_simple_robot_simulator': CMAKE_PREFIX_PATH=${CMAKE_PREFIX_PATH}:/opt/ros/humble /usr/bin/cmake --install /home/maty/rob_movil_ws/src/build/very_simple_robot_simulator
[26.905s] Level 1:colcon.colcon_core.environment:create_environment_scripts_only(very_simple_robot_simulator)
[26.905s] DEBUG:colcon.colcon_core.event_handler.log_command:Invoked command in '/home/maty/rob_movil_ws/src/build/very_simple_robot_simulator' returned '0': CMAKE_PREFIX_PATH=${CMAKE_PREFIX_PATH}:/opt/ros/humble /usr/bin/cmake --install /home/maty/rob_movil_ws/src/build/very_simple_robot_simulator
[26.906s] Level 1:colcon.colcon_core.environment:checking '/home/maty/rob_movil_ws/src/install/very_simple_robot_simulator' for CMake module files
[26.907s] Level 1:colcon.colcon_core.environment:checking '/home/maty/rob_movil_ws/src/install/very_simple_robot_simulator' for CMake config files
[26.907s] Level 1:colcon.colcon_core.shell:create_environment_hook('very_simple_robot_simulator', 'cmake_prefix_path')
[26.907s] INFO:colcon.colcon_core.shell:Creating environment hook '/home/maty/rob_movil_ws/src/install/very_simple_robot_simulator/share/very_simple_robot_simulator/hook/cmake_prefix_path.ps1'
[26.908s] INFO:colcon.colcon_core.shell:Creating environment descriptor '/home/maty/rob_movil_ws/src/install/very_simple_robot_simulator/share/very_simple_robot_simulator/hook/cmake_prefix_path.dsv'
[26.908s] INFO:colcon.colcon_core.shell:Creating environment hook '/home/maty/rob_movil_ws/src/install/very_simple_robot_simulator/share/very_simple_robot_simulator/hook/cmake_prefix_path.sh'
[26.909s] Level 1:colcon.colcon_core.environment:checking '/home/maty/rob_movil_ws/src/install/very_simple_robot_simulator/lib'
[26.909s] Level 1:colcon.colcon_core.environment:checking '/home/maty/rob_movil_ws/src/install/very_simple_robot_simulator/bin'
[26.909s] Level 1:colcon.colcon_core.environment:checking '/home/maty/rob_movil_ws/src/install/very_simple_robot_simulator/lib/pkgconfig/very_simple_robot_simulator.pc'
[26.909s] Level 1:colcon.colcon_core.environment:checking '/home/maty/rob_movil_ws/src/install/very_simple_robot_simulator/lib/python3.10/site-packages'
[26.909s] Level 1:colcon.colcon_core.environment:checking '/home/maty/rob_movil_ws/src/install/very_simple_robot_simulator/bin'
[26.909s] INFO:colcon.colcon_core.shell:Creating package script '/home/maty/rob_movil_ws/src/install/very_simple_robot_simulator/share/very_simple_robot_simulator/package.ps1'
[26.910s] INFO:colcon.colcon_core.shell:Creating package descriptor '/home/maty/rob_movil_ws/src/install/very_simple_robot_simulator/share/very_simple_robot_simulator/package.dsv'
[26.910s] INFO:colcon.colcon_core.shell:Creating package script '/home/maty/rob_movil_ws/src/install/very_simple_robot_simulator/share/very_simple_robot_simulator/package.sh'
[26.911s] INFO:colcon.colcon_core.shell:Creating package script '/home/maty/rob_movil_ws/src/install/very_simple_robot_simulator/share/very_simple_robot_simulator/package.bash'
[26.911s] INFO:colcon.colcon_core.shell:Creating package script '/home/maty/rob_movil_ws/src/install/very_simple_robot_simulator/share/very_simple_robot_simulator/package.zsh'
[26.911s] Level 1:colcon.colcon_core.environment:create_file_with_runtime_dependencies(/home/maty/rob_movil_ws/src/install/very_simple_robot_simulator/share/colcon-core/packages/very_simple_robot_simulator)
[26.912s] Level 1:colcon.colcon_core.environment:create_environment_scripts_only(very_simple_robot_simulator)
[26.912s] Level 1:colcon.colcon_core.environment:checking '/home/maty/rob_movil_ws/src/install/very_simple_robot_simulator' for CMake module files
[26.912s] Level 1:colcon.colcon_core.environment:checking '/home/maty/rob_movil_ws/src/install/very_simple_robot_simulator' for CMake config files
[26.913s] Level 1:colcon.colcon_core.shell:create_environment_hook('very_simple_robot_simulator', 'cmake_prefix_path')
[26.913s] INFO:colcon.colcon_core.shell:Creating environment hook '/home/maty/rob_movil_ws/src/install/very_simple_robot_simulator/share/very_simple_robot_simulator/hook/cmake_prefix_path.ps1'
[26.913s] INFO:colcon.colcon_core.shell:Creating environment descriptor '/home/maty/rob_movil_ws/src/install/very_simple_robot_simulator/share/very_simple_robot_simulator/hook/cmake_prefix_path.dsv'
[26.914s] INFO:colcon.colcon_core.shell:Creating environment hook '/home/maty/rob_movil_ws/src/install/very_simple_robot_simulator/share/very_simple_robot_simulator/hook/cmake_prefix_path.sh'
[26.914s] Level 1:colcon.colcon_core.environment:checking '/home/maty/rob_movil_ws/src/install/very_simple_robot_simulator/lib'
[26.914s] Level 1:colcon.colcon_core.environment:checking '/home/maty/rob_movil_ws/src/install/very_simple_robot_simulator/bin'
[26.915s] Level 1:colcon.colcon_core.environment:checking '/home/maty/rob_movil_ws/src/install/very_simple_robot_simulator/lib/pkgconfig/very_simple_robot_simulator.pc'
[26.915s] Level 1:colcon.colcon_core.environment:checking '/home/maty/rob_movil_ws/src/install/very_simple_robot_simulator/lib/python3.10/site-packages'
[26.915s] Level 1:colcon.colcon_core.environment:checking '/home/maty/rob_movil_ws/src/install/very_simple_robot_simulator/bin'
[26.915s] INFO:colcon.colcon_core.shell:Creating package script '/home/maty/rob_movil_ws/src/install/very_simple_robot_simulator/share/very_simple_robot_simulator/package.ps1'
[26.916s] INFO:colcon.colcon_core.shell:Creating package descriptor '/home/maty/rob_movil_ws/src/install/very_simple_robot_simulator/share/very_simple_robot_simulator/package.dsv'
[26.916s] INFO:colcon.colcon_core.shell:Creating package script '/home/maty/rob_movil_ws/src/install/very_simple_robot_simulator/share/very_simple_robot_simulator/package.sh'
[26.917s] INFO:colcon.colcon_core.shell:Creating package script '/home/maty/rob_movil_ws/src/install/very_simple_robot_simulator/share/very_simple_robot_simulator/package.bash'
[26.917s] INFO:colcon.colcon_core.shell:Creating package script '/home/maty/rob_movil_ws/src/install/very_simple_robot_simulator/share/very_simple_robot_simulator/package.zsh'
[26.918s] Level 1:colcon.colcon_core.environment:create_file_with_runtime_dependencies(/home/maty/rob_movil_ws/src/install/very_simple_robot_simulator/share/colcon-core/packages/very_simple_robot_simulator)
[26.919s] DEBUG:colcon.colcon_parallel_executor.executor.parallel:closing loop
[26.919s] DEBUG:colcon.colcon_parallel_executor.executor.parallel:loop closed
[26.920s] DEBUG:colcon.colcon_parallel_executor.executor.parallel:run_until_complete finished with '0'
[26.920s] DEBUG:colcon.colcon_core.event_reactor:joining thread
[26.971s] INFO:colcon.colcon_core.plugin_system:Skipping extension 'colcon_notification.desktop_notification.notify_send': Could not find 'notify-send'
[26.972s] INFO:colcon.colcon_core.plugin_system:Skipping extension 'colcon_notification.desktop_notification.terminal_notifier': Not used on non-Darwin systems
[26.972s] INFO:colcon.colcon_core.plugin_system:Skipping extension 'colcon_notification.desktop_notification.win32': Not used on non-Windows systems
[26.972s] INFO:colcon.colcon_notification.desktop_notification:Sending desktop notification using 'notify2'
[26.972s] DEBUG:colcon.colcon_notification.desktop_notification.notify2:Failed to initialize notify2: org.freedesktop.DBus.Error.FileNotFound: Failed to connect to socket /run/user/1000/bus: No such file or directory
[26.972s] DEBUG:colcon.colcon_core.event_reactor:joined thread
[26.973s] INFO:colcon.colcon_core.shell:Creating prefix script '/home/maty/rob_movil_ws/src/install/local_setup.ps1'
[26.975s] INFO:colcon.colcon_core.shell:Creating prefix util module '/home/maty/rob_movil_ws/src/install/_local_setup_util_ps1.py'
[26.978s] INFO:colcon.colcon_core.shell:Creating prefix chain script '/home/maty/rob_movil_ws/src/install/setup.ps1'
[26.980s] INFO:colcon.colcon_core.shell:Creating prefix script '/home/maty/rob_movil_ws/src/install/local_setup.sh'
[26.981s] INFO:colcon.colcon_core.shell:Creating prefix util module '/home/maty/rob_movil_ws/src/install/_local_setup_util_sh.py'
[26.982s] INFO:colcon.colcon_core.shell:Creating prefix chain script '/home/maty/rob_movil_ws/src/install/setup.sh'
[26.984s] INFO:colcon.colcon_core.shell:Creating prefix script '/home/maty/rob_movil_ws/src/install/local_setup.bash'
[26.985s] INFO:colcon.colcon_core.shell:Creating prefix chain script '/home/maty/rob_movil_ws/src/install/setup.bash'
[26.987s] INFO:colcon.colcon_core.shell:Creating prefix script '/home/maty/rob_movil_ws/src/install/local_setup.zsh'
[26.988s] INFO:colcon.colcon_core.shell:Creating prefix chain script '/home/maty/rob_movil_ws/src/install/setup.zsh'
