-- The C compiler identification is GNU 11.4.0
-- The CXX compiler identification is GNU 11.4.0
-- Detecting C compiler ABI info
-- Detecting C compiler ABI info - done
-- Check for working C compiler: /usr/bin/cc - skipped
-- Detecting C compile features
-- Detecting C compile features - done
-- Detecting CXX compiler ABI info
-- Detecting CXX compiler ABI info - done
-- Check for working CXX compiler: /usr/bin/c++ - skipped
-- Detecting CXX compile features
-- Detecting CXX compile features - done
-- Found ament_cmake: 1.3.11 (/opt/ros/humble/share/ament_cmake/cmake)
-- Found Python3: /usr/bin/python3 (found version "3.10.12") found components: Interpreter 
-- Found rclcpp: 16.0.12 (/opt/ros/humble/share/rclcpp/cmake)
-- Found rosidl_generator_c: 3.1.6 (/opt/ros/humble/share/rosidl_generator_c/cmake)
-- Found rosidl_adapter: 3.1.6 (/opt/ros/humble/share/rosidl_adapter/cmake)
-- Found rosidl_generator_cpp: 3.1.6 (/opt/ros/humble/share/rosidl_generator_cpp/cmake)
-- Using all available rosidl_typesupport_c: rosidl_typesupport_fastrtps_c;rosidl_typesupport_introspection_c
-- Using all available rosidl_typesupport_cpp: rosidl_typesupport_fastrtps_cpp;rosidl_typesupport_introspection_cpp
-- Found rmw_implementation_cmake: 6.1.2 (/opt/ros/humble/share/rmw_implementation_cmake/cmake)
-- Found rmw_fastrtps_cpp: 6.2.7 (/opt/ros/humble/share/rmw_fastrtps_cpp/cmake)
-- Found OpenSSL: /usr/lib/x86_64-linux-gnu/libcrypto.so (found version "3.0.2")  
-- Found FastRTPS: /opt/ros/humble/include  
-- Using RMW implementation 'rmw_fastrtps_cpp' as default
-- Looking for pthread.h
-- Looking for pthread.h - found
-- Performing Test CMAKE_HAVE_LIBC_PTHREAD
-- Performing Test CMAKE_HAVE_LIBC_PTHREAD - Success
-- Found Threads: TRUE  
-- Found rclpy: 3.3.16 (/opt/ros/humble/share/rclpy/cmake)
-- Found image_transport: 3.1.11 (/opt/ros/humble/share/image_transport/cmake)
-- Found nav_msgs: 4.8.0 (/opt/ros/humble/share/nav_msgs/cmake)
-- Found tf2: 0.25.12 (/opt/ros/humble/share/tf2/cmake)
-- Found tf2_geometry_msgs: 0.25.12 (/opt/ros/humble/share/tf2_geometry_msgs/cmake)
-- Found eigen3_cmake_module: 0.1.1 (/opt/ros/humble/share/eigen3_cmake_module/cmake)
-- Found Eigen3: TRUE (found version "3.4.0") 
-- Ensuring Eigen3 include directory is part of orocos-kdl CMake target
-- Found cv_bridge: 3.2.1 (/opt/ros/humble/share/cv_bridge/cmake)
-- Found OpenCV: /usr (found version "4.5.4") 
-- Found ament_lint_auto: 0.12.12 (/opt/ros/humble/share/ament_lint_auto/cmake)
-- Added test 'cppcheck' to perform static code analysis on C / C++ code
-- Configured cppcheck include dirs: /home/maty/rob_movil_ws/src/very_simple_robot_simulator/include/very_simple_robot_simulator
-- Configured cppcheck exclude dirs and/or files: 
-- Added test 'flake8' to check Python code syntax and style conventions
-- Added test 'lint_cmake' to check CMake code style
-- Added test 'pep257' to check Python code against some of the docstring style conventions in PEP 257
-- Added test 'uncrustify' to check C / C++ code style
-- Configured uncrustify additional arguments: 
-- Added test 'xmllint' to check XML markup files
-- Configuring done
-- Generating done
-- Build files have been written to: /home/maty/rob_movil_ws/src/build/very_simple_robot_simulator
[ 12%] [32mBuilding CXX object CMakeFiles/lidar_simulator.dir/src/lidar_simulator_node.cpp.o[0m
[ 25%] [32mBuilding CXX object CMakeFiles/lidar_simulator.dir/src/lidar_simulator.cpp.o[0m
[ 37%] [32mBuilding CXX object CMakeFiles/lidar_simulator.dir/src/vsrs_utils.cpp.o[0m
[ 50%] [32mBuilding CXX object CMakeFiles/kinect_simulator.dir/src/vsrs_utils.cpp.o[0m
[ 62%] [32mBuilding CXX object CMakeFiles/kinect_simulator.dir/src/kinect_simulator.cpp.o[0m
[ 75%] [32mBuilding CXX object CMakeFiles/kinect_simulator.dir/src/kinect_simulator_node.cpp.o[0m
[ 75%] Built target ament_cmake_python_copy_very_simple_robot_simulator
running egg_info
creating very_simple_robot_simulator.egg-info
writing very_simple_robot_simulator.egg-info/PKG-INFO
writing dependency_links to very_simple_robot_simulator.egg-info/dependency_links.txt
writing top-level names to very_simple_robot_simulator.egg-info/top_level.txt
writing manifest file 'very_simple_robot_simulator.egg-info/SOURCES.txt'
reading manifest file 'very_simple_robot_simulator.egg-info/SOURCES.txt'
writing manifest file 'very_simple_robot_simulator.egg-info/SOURCES.txt'
[ 75%] Built target ament_cmake_python_build_very_simple_robot_simulator_egg
[ 87%] [32m[1mLinking CXX executable kinect_simulator[0m
[100%] [32m[1mLinking CXX executable lidar_simulator[0m
[100%] Built target kinect_simulator
[100%] Built target lidar_simulator
-- Install configuration: ""
-- Installing: /home/maty/rob_movil_ws/src/install/very_simple_robot_simulator/lib/very_simple_robot_simulator/kinect_simulator
-- Set runtime path of "/home/maty/rob_movil_ws/src/install/very_simple_robot_simulator/lib/very_simple_robot_simulator/kinect_simulator" to ""
-- Installing: /home/maty/rob_movil_ws/src/install/very_simple_robot_simulator/lib/very_simple_robot_simulator/lidar_simulator
-- Set runtime path of "/home/maty/rob_movil_ws/src/install/very_simple_robot_simulator/lib/very_simple_robot_simulator/lidar_simulator" to ""
-- Installing: /home/maty/rob_movil_ws/src/install/very_simple_robot_simulator/share/very_simple_robot_simulator/environment/pythonpath.sh
-- Installing: /home/maty/rob_movil_ws/src/install/very_simple_robot_simulator/share/very_simple_robot_simulator/environment/pythonpath.dsv
-- Installing: /home/maty/rob_movil_ws/src/install/very_simple_robot_simulator/local/lib/python3.10/dist-packages/very_simple_robot_simulator-0.0.0-py3.10.egg-info
-- Installing: /home/maty/rob_movil_ws/src/install/very_simple_robot_simulator/local/lib/python3.10/dist-packages/very_simple_robot_simulator-0.0.0-py3.10.egg-info/top_level.txt
-- Installing: /home/maty/rob_movil_ws/src/install/very_simple_robot_simulator/local/lib/python3.10/dist-packages/very_simple_robot_simulator-0.0.0-py3.10.egg-info/PKG-INFO
-- Installing: /home/maty/rob_movil_ws/src/install/very_simple_robot_simulator/local/lib/python3.10/dist-packages/very_simple_robot_simulator-0.0.0-py3.10.egg-info/SOURCES.txt
-- Installing: /home/maty/rob_movil_ws/src/install/very_simple_robot_simulator/local/lib/python3.10/dist-packages/very_simple_robot_simulator-0.0.0-py3.10.egg-info/dependency_links.txt
-- Installing: /home/maty/rob_movil_ws/src/install/very_simple_robot_simulator/local/lib/python3.10/dist-packages/very_simple_robot_simulator
-- Installing: /home/maty/rob_movil_ws/src/install/very_simple_robot_simulator/local/lib/python3.10/dist-packages/very_simple_robot_simulator/__init__.py
Listing '/home/maty/rob_movil_ws/src/install/very_simple_robot_simulator/local/lib/python3.10/dist-packages/very_simple_robot_simulator'...
Compiling '/home/maty/rob_movil_ws/src/install/very_simple_robot_simulator/local/lib/python3.10/dist-packages/very_simple_robot_simulator/__init__.py'...
-- Installing: /home/maty/rob_movil_ws/src/install/very_simple_robot_simulator/lib/very_simple_robot_simulator/kinect_simulator.py
-- Installing: /home/maty/rob_movil_ws/src/install/very_simple_robot_simulator/lib/very_simple_robot_simulator/kobuki_simulator.py
-- Installing: /home/maty/rob_movil_ws/src/install/very_simple_robot_simulator/lib/very_simple_robot_simulator/lidar_simulator.py
-- Installing: /home/maty/rob_movil_ws/src/install/very_simple_robot_simulator/lib/very_simple_robot_simulator/rangefinder.py
-- Installing: /home/maty/rob_movil_ws/src/install/very_simple_robot_simulator/lib/very_simple_robot_simulator/utils.py
-- Installing: /home/maty/rob_movil_ws/src/install/very_simple_robot_simulator/lib/very_simple_robot_simulator/world_state_gui.py
-- Installing: /home/maty/rob_movil_ws/src/install/very_simple_robot_simulator/share/very_simple_robot_simulator//launch
-- Installing: /home/maty/rob_movil_ws/src/install/very_simple_robot_simulator/share/very_simple_robot_simulator//launch/lidar_simulator.xml
-- Installing: /home/maty/rob_movil_ws/src/install/very_simple_robot_simulator/share/very_simple_robot_simulator//launch/world_state.xml
-- Installing: /home/maty/rob_movil_ws/src/install/very_simple_robot_simulator/share/very_simple_robot_simulator//launch/minimal_simulator_py.xml
-- Installing: /home/maty/rob_movil_ws/src/install/very_simple_robot_simulator/share/very_simple_robot_simulator//launch/openni_simulator_py.xml
-- Installing: /home/maty/rob_movil_ws/src/install/very_simple_robot_simulator/share/very_simple_robot_simulator//launch/run_all.xml
-- Installing: /home/maty/rob_movil_ws/src/install/very_simple_robot_simulator/share/very_simple_robot_simulator//launch/openni_simulator.xml
-- Installing: /home/maty/rob_movil_ws/src/install/very_simple_robot_simulator/share/very_simple_robot_simulator//launch/minimal_simulator.xml
-- Installing: /home/maty/rob_movil_ws/src/install/very_simple_robot_simulator/share/ament_index/resource_index/package_run_dependencies/very_simple_robot_simulator
-- Installing: /home/maty/rob_movil_ws/src/install/very_simple_robot_simulator/share/ament_index/resource_index/parent_prefix_path/very_simple_robot_simulator
-- Installing: /home/maty/rob_movil_ws/src/install/very_simple_robot_simulator/share/very_simple_robot_simulator/environment/ament_prefix_path.sh
-- Installing: /home/maty/rob_movil_ws/src/install/very_simple_robot_simulator/share/very_simple_robot_simulator/environment/ament_prefix_path.dsv
-- Installing: /home/maty/rob_movil_ws/src/install/very_simple_robot_simulator/share/very_simple_robot_simulator/environment/path.sh
-- Installing: /home/maty/rob_movil_ws/src/install/very_simple_robot_simulator/share/very_simple_robot_simulator/environment/path.dsv
-- Installing: /home/maty/rob_movil_ws/src/install/very_simple_robot_simulator/share/very_simple_robot_simulator/local_setup.bash
-- Installing: /home/maty/rob_movil_ws/src/install/very_simple_robot_simulator/share/very_simple_robot_simulator/local_setup.sh
-- Installing: /home/maty/rob_movil_ws/src/install/very_simple_robot_simulator/share/very_simple_robot_simulator/local_setup.zsh
-- Installing: /home/maty/rob_movil_ws/src/install/very_simple_robot_simulator/share/very_simple_robot_simulator/local_setup.dsv
-- Installing: /home/maty/rob_movil_ws/src/install/very_simple_robot_simulator/share/very_simple_robot_simulator/package.dsv
-- Installing: /home/maty/rob_movil_ws/src/install/very_simple_robot_simulator/share/ament_index/resource_index/packages/very_simple_robot_simulator
-- Installing: /home/maty/rob_movil_ws/src/install/very_simple_robot_simulator/share/very_simple_robot_simulator/cmake/very_simple_robot_simulatorConfig.cmake
-- Installing: /home/maty/rob_movil_ws/src/install/very_simple_robot_simulator/share/very_simple_robot_simulator/cmake/very_simple_robot_simulatorConfig-version.cmake
-- Installing: /home/maty/rob_movil_ws/src/install/very_simple_robot_simulator/share/very_simple_robot_simulator/package.xml
