[0.030s] Invoking command in '/home/maty/rob_movil_ws/build/mini_tarea_2': CMAKE_PREFIX_PATH=/opt/ros/humble:${CMAKE_PREFIX_PATH} /usr/bin/cmake /home/maty/rob_movil_ws/src/mini_tarea_2 -DCMAKE_INSTALL_PREFIX=/home/maty/rob_movil_ws/install/mini_tarea_2
[0.047s] -- Found ament_cmake: 1.3.11 (/opt/ros/humble/share/ament_cmake/cmake)
[0.199s] -- Override CMake install command with custom implementation using symlinks instead of copying resources
[0.209s] -- Found rclpy: 3.3.16 (/opt/ros/humble/share/rclpy/cmake)
[0.209s] -- Found std_msgs: 4.8.0 (/opt/ros/humble/share/std_msgs/cmake)
[0.341s] -- Found rosidl_generator_c: 3.1.6 (/opt/ros/humble/share/rosidl_generator_c/cmake)
[0.346s] -- Found rosidl_adapter: 3.1.6 (/opt/ros/humble/share/rosidl_adapter/cmake)
[0.351s] -- Found rosidl_generator_cpp: 3.1.6 (/opt/ros/humble/share/rosidl_generator_cpp/cmake)
[0.365s] -- Using all available rosidl_typesupport_c: rosidl_typesupport_fastrtps_c;rosidl_typesupport_introspection_c
[0.380s] -- Using all available rosidl_typesupport_cpp: rosidl_typesupport_fastrtps_cpp;rosidl_typesupport_introspection_cpp
[0.494s] -- Found ament_lint_auto: 0.12.12 (/opt/ros/humble/share/ament_lint_auto/cmake)
[0.592s] -- Added test 'cppcheck' to perform static code analysis on C / C++ code
[0.592s] -- Configured cppcheck include dirs: 
[0.592s] -- Configured cppcheck exclude dirs and/or files: 
[0.592s] -- Added test 'flake8' to check Python code syntax and style conventions
[0.594s] -- Added test 'lint_cmake' to check CMake code style
[0.595s] -- Added test 'pep257' to check Python code against some of the docstring style conventions in PEP 257
[0.598s] -- Added test 'uncrustify' to check C / C++ code style
[0.598s] -- Configured uncrustify additional arguments: 
[0.599s] -- Added test 'xmllint' to check XML markup files
[0.600s] -- Configuring done
[0.606s] -- Generating done
[0.610s] -- Build files have been written to: /home/maty/rob_movil_ws/build/mini_tarea_2
[0.617s] Invoked command in '/home/maty/rob_movil_ws/build/mini_tarea_2' returned '0': CMAKE_PREFIX_PATH=/opt/ros/humble:${CMAKE_PREFIX_PATH} /usr/bin/cmake /home/maty/rob_movil_ws/src/mini_tarea_2 -DCMAKE_INSTALL_PREFIX=/home/maty/rob_movil_ws/install/mini_tarea_2
[0.619s] Invoking command in '/home/maty/rob_movil_ws/build/mini_tarea_2': CMAKE_PREFIX_PATH=/opt/ros/humble:${CMAKE_PREFIX_PATH} /usr/bin/cmake --build /home/maty/rob_movil_ws/build/mini_tarea_2 -- -j22 -l22
[0.671s] Built target ament_cmake_python_symlink_mini_tarea_2
[0.949s] running egg_info
[0.950s] writing mini_tarea_2.egg-info/PKG-INFO
[0.950s] writing dependency_links to mini_tarea_2.egg-info/dependency_links.txt
[0.950s] writing top-level names to mini_tarea_2.egg-info/top_level.txt
[0.954s] reading manifest file 'mini_tarea_2.egg-info/SOURCES.txt'
[0.954s] writing manifest file 'mini_tarea_2.egg-info/SOURCES.txt'
[0.984s] Built target ament_cmake_python_build_mini_tarea_2_egg
[0.994s] Invoked command in '/home/maty/rob_movil_ws/build/mini_tarea_2' returned '0': CMAKE_PREFIX_PATH=/opt/ros/humble:${CMAKE_PREFIX_PATH} /usr/bin/cmake --build /home/maty/rob_movil_ws/build/mini_tarea_2 -- -j22 -l22
[0.997s] Invoking command in '/home/maty/rob_movil_ws/build/mini_tarea_2': CMAKE_PREFIX_PATH=/opt/ros/humble:${CMAKE_PREFIX_PATH} /usr/bin/cmake --install /home/maty/rob_movil_ws/build/mini_tarea_2
[1.003s] -- Install configuration: ""
[1.004s] -- Execute custom install script
[1.004s] -- Up-to-date symlink: /home/maty/rob_movil_ws/install/mini_tarea_2/share/mini_tarea_2/environment/pythonpath.sh
[1.005s] -- Up-to-date symlink: /home/maty/rob_movil_ws/install/mini_tarea_2/share/mini_tarea_2/environment/pythonpath.dsv
[1.005s] -- Up-to-date symlink: /home/maty/rob_movil_ws/install/mini_tarea_2/local/lib/python3.10/dist-packages/mini_tarea_2-0.0.0-py3.10.egg-info/PKG-INFO
[1.005s] -- Up-to-date symlink: /home/maty/rob_movil_ws/install/mini_tarea_2/local/lib/python3.10/dist-packages/mini_tarea_2-0.0.0-py3.10.egg-info/SOURCES.txt
[1.005s] -- Up-to-date symlink: /home/maty/rob_movil_ws/install/mini_tarea_2/local/lib/python3.10/dist-packages/mini_tarea_2-0.0.0-py3.10.egg-info/dependency_links.txt
[1.005s] -- Up-to-date symlink: /home/maty/rob_movil_ws/install/mini_tarea_2/local/lib/python3.10/dist-packages/mini_tarea_2-0.0.0-py3.10.egg-info/top_level.txt
[1.005s] -- Up-to-date symlink: /home/maty/rob_movil_ws/install/mini_tarea_2/local/lib/python3.10/dist-packages/mini_tarea_2/__init__.py
[1.006s] -- Up-to-date symlink: /home/maty/rob_movil_ws/install/mini_tarea_2/lib/mini_tarea_2/pid_controller.py
[1.006s] -- Up-to-date symlink: /home/maty/rob_movil_ws/install/mini_tarea_2/lib/mini_tarea_2/virtual_robot.py
[1.006s] -- Up-to-date symlink: /home/maty/rob_movil_ws/install/mini_tarea_2/share/mini_tarea_2/launch/launch.py
[1.006s] -- Up-to-date symlink: /home/maty/rob_movil_ws/install/mini_tarea_2/share/ament_index/resource_index/package_run_dependencies/mini_tarea_2
[1.006s] -- Up-to-date symlink: /home/maty/rob_movil_ws/install/mini_tarea_2/share/ament_index/resource_index/parent_prefix_path/mini_tarea_2
[1.007s] -- Up-to-date symlink: /home/maty/rob_movil_ws/install/mini_tarea_2/share/mini_tarea_2/environment/ament_prefix_path.sh
[1.007s] -- Up-to-date symlink: /home/maty/rob_movil_ws/install/mini_tarea_2/share/mini_tarea_2/environment/ament_prefix_path.dsv
[1.007s] -- Up-to-date symlink: /home/maty/rob_movil_ws/install/mini_tarea_2/share/mini_tarea_2/environment/path.sh
[1.007s] -- Up-to-date symlink: /home/maty/rob_movil_ws/install/mini_tarea_2/share/mini_tarea_2/environment/path.dsv
[1.008s] -- Up-to-date symlink: /home/maty/rob_movil_ws/install/mini_tarea_2/share/mini_tarea_2/local_setup.bash
[1.008s] -- Up-to-date symlink: /home/maty/rob_movil_ws/install/mini_tarea_2/share/mini_tarea_2/local_setup.sh
[1.008s] -- Up-to-date symlink: /home/maty/rob_movil_ws/install/mini_tarea_2/share/mini_tarea_2/local_setup.zsh
[1.008s] -- Up-to-date symlink: /home/maty/rob_movil_ws/install/mini_tarea_2/share/mini_tarea_2/local_setup.dsv
[1.008s] -- Symlinking: /home/maty/rob_movil_ws/install/mini_tarea_2/share/mini_tarea_2/package.dsv
[1.016s] -- Up-to-date symlink: /home/maty/rob_movil_ws/install/mini_tarea_2/share/ament_index/resource_index/packages/mini_tarea_2
[1.017s] -- Up-to-date symlink: /home/maty/rob_movil_ws/install/mini_tarea_2/share/mini_tarea_2/cmake/mini_tarea_2Config.cmake
[1.017s] -- Up-to-date symlink: /home/maty/rob_movil_ws/install/mini_tarea_2/share/mini_tarea_2/cmake/mini_tarea_2Config-version.cmake
[1.017s] -- Up-to-date symlink: /home/maty/rob_movil_ws/install/mini_tarea_2/share/mini_tarea_2/package.xml
[1.053s] Listing '/home/maty/rob_movil_ws/install/mini_tarea_2/local/lib/python3.10/dist-packages/mini_tarea_2'...
[1.061s] Invoked command in '/home/maty/rob_movil_ws/build/mini_tarea_2' returned '0': CMAKE_PREFIX_PATH=/opt/ros/humble:${CMAKE_PREFIX_PATH} /usr/bin/cmake --install /home/maty/rob_movil_ws/build/mini_tarea_2
