[0.015s] Invoking command in '/home/maty/rob_movil_ws/build/cmd_vel_mux': CMAKE_PREFIX_PATH=${CMAKE_PREFIX_PATH}:/opt/ros/humble /usr/bin/cmake /home/maty/rob_movil_ws/src/cmd_vel_mux -DCMAKE_INSTALL_PREFIX=/home/maty/rob_movil_ws/install/cmd_vel_mux
[0.028s] -- Found ament_cmake_ros: 0.10.0 (/opt/ros/humble/share/ament_cmake_ros/cmake)
[0.108s] -- Override CMake install command with custom implementation using symlinks instead of copying resources
[0.116s] -- Found geometry_msgs: 4.8.0 (/opt/ros/humble/share/geometry_msgs/cmake)
[0.207s] -- Found rosidl_generator_c: 3.1.6 (/opt/ros/humble/share/rosidl_generator_c/cmake)
[0.210s] -- Found rosidl_adapter: 3.1.6 (/opt/ros/humble/share/rosidl_adapter/cmake)
[0.218s] -- Found rosidl_generator_cpp: 3.1.6 (/opt/ros/humble/share/rosidl_generator_cpp/cmake)
[0.229s] -- Using all available rosidl_typesupport_c: rosidl_typesupport_fastrtps_c;rosidl_typesupport_introspection_c
[0.243s] -- Using all available rosidl_typesupport_cpp: rosidl_typesupport_fastrtps_cpp;rosidl_typesupport_introspection_cpp
[0.280s] -- Found rcl_interfaces: 1.2.1 (/opt/ros/humble/share/rcl_interfaces/cmake)
[0.285s] -- Found rclcpp: 16.0.12 (/opt/ros/humble/share/rclcpp/cmake)
[0.294s] -- Found rmw_implementation_cmake: 6.1.2 (/opt/ros/humble/share/rmw_implementation_cmake/cmake)
[0.295s] -- Found rmw_fastrtps_cpp: 6.2.7 (/opt/ros/humble/share/rmw_fastrtps_cpp/cmake)
[1.251s] -- Using RMW implementation 'rmw_fastrtps_cpp' as default
[1.295s] -- Found rclcpp_components: 16.0.12 (/opt/ros/humble/share/rclcpp_components/cmake)
[1.321s] -- Found ament_lint_auto: 0.12.12 (/opt/ros/humble/share/ament_lint_auto/cmake)
[1.358s] -- Found launch_testing_ament_cmake: 1.0.8 (/opt/ros/humble/share/launch_testing_ament_cmake/cmake)
[1.359s] -- Found python_cmake_module: 0.10.0 (/opt/ros/humble/share/python_cmake_module/cmake)
[1.374s] -- Using PYTHON_EXECUTABLE: /usr/bin/python3
[1.374s] -- Using PYTHON_INCLUDE_DIRS: /usr/include/python3.10
[1.374s] -- Using PYTHON_LIBRARIES: /usr/lib/x86_64-linux-gnu/libpython3.10.so
[1.387s] -- Added test 'cppcheck' to perform static code analysis on C / C++ code
[1.387s] -- Configured cppcheck include dirs: /home/maty/rob_movil_ws/src/cmd_vel_mux/include
[1.387s] -- Configured cppcheck exclude dirs and/or files: 
[1.388s] -- Added test 'cpplint' to check C / C++ code against the Google style
[1.388s] -- Configured cpplint exclude dirs and/or files: 
[1.388s] -- Added test 'flake8' to check Python code syntax and style conventions
[1.388s] -- Added test 'lint_cmake' to check CMake code style
[1.389s] -- Added test 'pep257' to check Python code against some of the docstring style conventions in PEP 257
[1.389s] -- Added test 'uncrustify' to check C / C++ code style
[1.389s] -- Configured uncrustify additional arguments: 
[1.390s] -- Added test 'xmllint' to check XML markup files
[1.391s] -- Configuring done
[1.405s] -- Generating done
[1.409s] -- Build files have been written to: /home/maty/rob_movil_ws/build/cmd_vel_mux
