[0.020s] Invoking command in '/home/maty/rob_movil_ws/build/lab2_iic2685': CMAKE_PREFIX_PATH=${CMAKE_PREFIX_PATH}:/opt/ros/humble /usr/bin/cmake --build /home/maty/rob_movil_ws/build/lab2_iic2685 -- -j22 -l22
[0.050s] Built target ament_cmake_python_symlink_lab2_iic2685
[0.185s] running egg_info
[0.185s] writing lab2_iic2685.egg-info/PKG-INFO
[0.186s] writing dependency_links to lab2_iic2685.egg-info/dependency_links.txt
[0.186s] writing top-level names to lab2_iic2685.egg-info/top_level.txt
[0.186s] reading manifest file 'lab2_iic2685.egg-info/SOURCES.txt'
[0.187s] writing manifest file 'lab2_iic2685.egg-info/SOURCES.txt'
[0.204s] Built target ament_cmake_python_build_lab2_iic2685_egg
[0.211s] Invoked command in '/home/maty/rob_movil_ws/build/lab2_iic2685' returned '0': CMAKE_PREFIX_PATH=${CMAKE_PREFIX_PATH}:/opt/ros/humble /usr/bin/cmake --build /home/maty/rob_movil_ws/build/lab2_iic2685 -- -j22 -l22
[0.213s] Invoking command in '/home/maty/rob_movil_ws/build/lab2_iic2685': CMAKE_PREFIX_PATH=${CMAKE_PREFIX_PATH}:/opt/ros/humble /usr/bin/cmake --install /home/maty/rob_movil_ws/build/lab2_iic2685
[0.216s] -- Install configuration: ""
[0.217s] -- Execute custom install script
[0.217s] -- Up-to-date symlink: /home/maty/rob_movil_ws/install/lab2_iic2685/share/lab2_iic2685/environment/pythonpath.sh
[0.217s] -- Up-to-date symlink: /home/maty/rob_movil_ws/install/lab2_iic2685/share/lab2_iic2685/environment/pythonpath.dsv
[0.217s] -- Up-to-date symlink: /home/maty/rob_movil_ws/install/lab2_iic2685/local/lib/python3.10/dist-packages/lab2_iic2685-0.0.0-py3.10.egg-info/PKG-INFO
[0.217s] -- Up-to-date symlink: /home/maty/rob_movil_ws/install/lab2_iic2685/local/lib/python3.10/dist-packages/lab2_iic2685-0.0.0-py3.10.egg-info/SOURCES.txt
[0.218s] -- Up-to-date symlink: /home/maty/rob_movil_ws/install/lab2_iic2685/local/lib/python3.10/dist-packages/lab2_iic2685-0.0.0-py3.10.egg-info/dependency_links.txt
[0.218s] -- Up-to-date symlink: /home/maty/rob_movil_ws/install/lab2_iic2685/local/lib/python3.10/dist-packages/lab2_iic2685-0.0.0-py3.10.egg-info/top_level.txt
[0.218s] -- Up-to-date symlink: /home/maty/rob_movil_ws/install/lab2_iic2685/local/lib/python3.10/dist-packages/lab2_iic2685/__init__.py
[0.218s] -- Up-to-date symlink: /home/maty/rob_movil_ws/install/lab2_iic2685/lib/lab2_iic2685/dead_reckoning_nav.py
[0.218s] -- Up-to-date symlink: /home/maty/rob_movil_ws/install/lab2_iic2685/lib/lab2_iic2685/pose_loader.py
[0.218s] -- Up-to-date symlink: /home/maty/rob_movil_ws/install/lab2_iic2685/share/lab2_iic2685/launch/avanzar_y_rotar.py
[0.218s] -- Up-to-date symlink: /home/maty/rob_movil_ws/install/lab2_iic2685/share/lab2_iic2685/launch/avanzar_y_rotar.xml
[0.219s] -- Up-to-date symlink: /home/maty/rob_movil_ws/install/lab2_iic2685/share/ament_index/resource_index/package_run_dependencies/lab2_iic2685
[0.219s] -- Up-to-date symlink: /home/maty/rob_movil_ws/install/lab2_iic2685/share/ament_index/resource_index/parent_prefix_path/lab2_iic2685
[0.219s] -- Up-to-date symlink: /home/maty/rob_movil_ws/install/lab2_iic2685/share/lab2_iic2685/environment/ament_prefix_path.sh
[0.219s] -- Up-to-date symlink: /home/maty/rob_movil_ws/install/lab2_iic2685/share/lab2_iic2685/environment/ament_prefix_path.dsv
[0.219s] -- Up-to-date symlink: /home/maty/rob_movil_ws/install/lab2_iic2685/share/lab2_iic2685/environment/path.sh
[0.219s] -- Up-to-date symlink: /home/maty/rob_movil_ws/install/lab2_iic2685/share/lab2_iic2685/environment/path.dsv
[0.219s] -- Up-to-date symlink: /home/maty/rob_movil_ws/install/lab2_iic2685/share/lab2_iic2685/local_setup.bash
[0.219s] -- Up-to-date symlink: /home/maty/rob_movil_ws/install/lab2_iic2685/share/lab2_iic2685/local_setup.sh
[0.220s] -- Up-to-date symlink: /home/maty/rob_movil_ws/install/lab2_iic2685/share/lab2_iic2685/local_setup.zsh
[0.220s] -- Up-to-date symlink: /home/maty/rob_movil_ws/install/lab2_iic2685/share/lab2_iic2685/local_setup.dsv
[0.220s] -- Symlinking: /home/maty/rob_movil_ws/install/lab2_iic2685/share/lab2_iic2685/package.dsv
[0.223s] -- Up-to-date symlink: /home/maty/rob_movil_ws/install/lab2_iic2685/share/ament_index/resource_index/packages/lab2_iic2685
[0.223s] -- Up-to-date symlink: /home/maty/rob_movil_ws/install/lab2_iic2685/share/lab2_iic2685/cmake/lab2_iic2685Config.cmake
[0.224s] -- Up-to-date symlink: /home/maty/rob_movil_ws/install/lab2_iic2685/share/lab2_iic2685/cmake/lab2_iic2685Config-version.cmake
[0.224s] -- Up-to-date symlink: /home/maty/rob_movil_ws/install/lab2_iic2685/share/lab2_iic2685/package.xml
[0.244s] Listing '/home/maty/rob_movil_ws/install/lab2_iic2685/local/lib/python3.10/dist-packages/lab2_iic2685'...
[0.248s] Invoked command in '/home/maty/rob_movil_ws/build/lab2_iic2685' returned '0': CMAKE_PREFIX_PATH=${CMAKE_PREFIX_PATH}:/opt/ros/humble /usr/bin/cmake --install /home/maty/rob_movil_ws/build/lab2_iic2685
