[0.013s] Invoking command in '/home/maty/rob_movil_ws/src/mini_tarea_2/build/mini_tarea_2': CMAKE_PREFIX_PATH=${CMAKE_PREFIX_PATH}:/opt/ros/humble /usr/bin/cmake /home/maty/rob_movil_ws/src/mini_tarea_2 -DAMENT_CMAKE_SYMLINK_INSTALL=1 -DCMAKE_INSTALL_PREFIX=/home/maty/rob_movil_ws/src/mini_tarea_2/install/mini_tarea_2
[0.160s] -- The C compiler identification is GNU 11.4.0
[0.363s] -- The CXX compiler identification is GNU 11.4.0
[0.462s] -- Detecting C compiler ABI info
[0.529s] -- Detecting C compiler ABI info - done
[0.533s] -- Check for working C compiler: /usr/bin/cc - skipped
[0.534s] -- Detecting C compile features
[0.534s] -- Detecting C compile features - done
[0.538s] -- Detecting CXX compiler ABI info
[0.600s] -- Detecting CXX compiler ABI info - done
[0.603s] -- Check for working CXX compiler: /usr/bin/c++ - skipped
[0.603s] -- Detecting CXX compile features
[0.604s] -- Detecting CXX compile features - done
[0.715s] -- Found ament_cmake: 1.3.11 (/opt/ros/humble/share/ament_cmake/cmake)
[0.798s] -- Found Python3: /usr/bin/python3 (found version "3.10.12") found components: Interpreter 
[0.840s] -- Override CMake install command with custom implementation using symlinks instead of copying resources
[0.913s] [31mCMake Error at /opt/ros/humble/share/ament_cmake_python/cmake/ament_python_install_package.cmake:66 (message):
[0.913s]   ament_python_install_package() the Python package folder
[0.913s]   '/home/maty/rob_movil_ws/src/mini_tarea_2/mini_tarea_2' doesn't contain an
[0.913s]   '__init__.py' file
[0.913s] Call Stack (most recent call first):
[0.913s]   /opt/ros/humble/share/ament_cmake_python/cmake/ament_python_install_package.cmake:39 (_ament_cmake_python_install_package)
[0.913s]   CMakeLists.txt:15 (ament_python_install_package)
[0.913s] 
[0.913s] [0m
[0.913s] -- Configuring incomplete, errors occurred!
[0.913s] See also "/home/maty/rob_movil_ws/src/mini_tarea_2/build/mini_tarea_2/CMakeFiles/CMakeOutput.log".
[0.917s] Invoked command in '/home/maty/rob_movil_ws/src/mini_tarea_2/build/mini_tarea_2' returned '1': CMAKE_PREFIX_PATH=${CMAKE_PREFIX_PATH}:/opt/ros/humble /usr/bin/cmake /home/maty/rob_movil_ws/src/mini_tarea_2 -DAMENT_CMAKE_SYMLINK_INSTALL=1 -DCMAKE_INSTALL_PREFIX=/home/maty/rob_movil_ws/src/mini_tarea_2/install/mini_tarea_2
