[0.267s] DEBUG:colcon:Command line arguments: ['/usr/bin/colcon', 'build', '--symlink-install']
[0.267s] DEBUG:colcon:Parsed command line arguments: Namespace(log_base=None, log_level=None, verb_name='build', build_base='build', install_base='install', merge_install=False, symlink_install=True, test_result_base=None, continue_on_error=False, executor='parallel', parallel_workers=22, event_handlers=None, ignore_user_meta=False, metas=['./colcon.meta'], base_paths=['.'], packages_ignore=None, packages_ignore_regex=None, paths=None, packages_up_to=None, packages_up_to_regex=None, packages_above=None, packages_above_and_dependencies=None, packages_above_depth=None, packages_select_by_dep=None, packages_skip_by_dep=None, packages_skip_up_to=None, packages_select_build_failed=False, packages_skip_build_finished=False, packages_select_test_failures=False, packages_skip_test_passed=False, packages_select=None, packages_skip=None, packages_select_regex=None, packages_skip_regex=None, packages_start=None, packages_end=None, allow_overriding=[], cmake_args=None, cmake_target=None, cmake_target_skip_unavailable=False, cmake_clean_cache=False, cmake_clean_first=False, cmake_force_configure=False, ament_cmake_args=None, catkin_cmake_args=None, catkin_skip_building_tests=False, mixin_files=None, mixin=None, verb_parser=<colcon_mixin.mixin.mixin_argument.MixinArgumentDecorator object at 0x7f51e95a5f00>, verb_extension=<colcon_core.verb.build.BuildVerb object at 0x7f51e9727460>, main=<bound method BuildVerb.main of <colcon_core.verb.build.BuildVerb object at 0x7f51e9727460>>, mixin_verb=('build',))
[0.457s] Level 1:colcon.colcon_core.package_discovery:discover_packages(colcon_meta) check parameters
[0.457s] Level 1:colcon.colcon_core.package_discovery:discover_packages(recursive) check parameters
[0.457s] Level 1:colcon.colcon_core.package_discovery:discover_packages(ignore) check parameters
[0.457s] Level 1:colcon.colcon_core.package_discovery:discover_packages(path) check parameters
[0.457s] Level 1:colcon.colcon_core.package_discovery:discover_packages(colcon_meta) discover
[0.457s] Level 1:colcon.colcon_core.package_discovery:discover_packages(recursive) discover
[0.457s] INFO:colcon.colcon_core.package_discovery:Crawling recursively for packages in '/home/maty/rob_movil_ws'
[0.457s] Level 1:colcon.colcon_core.package_identification:_identify(.) by extensions ['ignore', 'ignore_ament_install']
[0.458s] Level 1:colcon.colcon_core.package_identification:_identify(.) by extension 'ignore'
[0.458s] Level 1:colcon.colcon_core.package_identification:_identify(.) by extension 'ignore_ament_install'
[0.458s] Level 1:colcon.colcon_core.package_identification:_identify(.) by extensions ['colcon_pkg']
[0.458s] Level 1:colcon.colcon_core.package_identification:_identify(.) by extension 'colcon_pkg'
[0.458s] Level 1:colcon.colcon_core.package_identification:_identify(.) by extensions ['colcon_meta']
[0.458s] Level 1:colcon.colcon_core.package_identification:_identify(.) by extension 'colcon_meta'
[0.458s] Level 1:colcon.colcon_core.package_identification:_identify(.) by extensions ['ros']
[0.458s] Level 1:colcon.colcon_core.package_identification:_identify(.) by extension 'ros'
[0.470s] Level 1:colcon.colcon_core.package_identification:_identify(.) by extensions ['cmake', 'python']
[0.470s] Level 1:colcon.colcon_core.package_identification:_identify(.) by extension 'cmake'
[0.470s] Level 1:colcon.colcon_core.package_identification:_identify(.) by extension 'python'
[0.470s] Level 1:colcon.colcon_core.package_identification:_identify(.) by extensions ['python_setup_py']
[0.470s] Level 1:colcon.colcon_core.package_identification:_identify(.) by extension 'python_setup_py'
[0.470s] Level 1:colcon.colcon_core.package_identification:_identify(build) by extensions ['ignore', 'ignore_ament_install']
[0.470s] Level 1:colcon.colcon_core.package_identification:_identify(build) by extension 'ignore'
[0.470s] Level 1:colcon.colcon_core.package_identification:_identify(build) ignored
[0.470s] Level 1:colcon.colcon_core.package_identification:_identify(install) by extensions ['ignore', 'ignore_ament_install']
[0.470s] Level 1:colcon.colcon_core.package_identification:_identify(install) by extension 'ignore'
[0.470s] Level 1:colcon.colcon_core.package_identification:_identify(install) ignored
[0.471s] Level 1:colcon.colcon_core.package_identification:_identify(log) by extensions ['ignore', 'ignore_ament_install']
[0.471s] Level 1:colcon.colcon_core.package_identification:_identify(log) by extension 'ignore'
[0.471s] Level 1:colcon.colcon_core.package_identification:_identify(log) ignored
[0.471s] Level 1:colcon.colcon_core.package_identification:_identify(src) by extensions ['ignore', 'ignore_ament_install']
[0.471s] Level 1:colcon.colcon_core.package_identification:_identify(src) by extension 'ignore'
[0.471s] Level 1:colcon.colcon_core.package_identification:_identify(src) by extension 'ignore_ament_install'
[0.471s] Level 1:colcon.colcon_core.package_identification:_identify(src) by extensions ['colcon_pkg']
[0.471s] Level 1:colcon.colcon_core.package_identification:_identify(src) by extension 'colcon_pkg'
[0.471s] Level 1:colcon.colcon_core.package_identification:_identify(src) by extensions ['colcon_meta']
[0.471s] Level 1:colcon.colcon_core.package_identification:_identify(src) by extension 'colcon_meta'
[0.471s] Level 1:colcon.colcon_core.package_identification:_identify(src) by extensions ['ros']
[0.471s] Level 1:colcon.colcon_core.package_identification:_identify(src) by extension 'ros'
[0.471s] Level 1:colcon.colcon_core.package_identification:_identify(src) by extensions ['cmake', 'python']
[0.471s] Level 1:colcon.colcon_core.package_identification:_identify(src) by extension 'cmake'
[0.471s] Level 1:colcon.colcon_core.package_identification:_identify(src) by extension 'python'
[0.471s] Level 1:colcon.colcon_core.package_identification:_identify(src) by extensions ['python_setup_py']
[0.471s] Level 1:colcon.colcon_core.package_identification:_identify(src) by extension 'python_setup_py'
[0.471s] Level 1:colcon.colcon_core.package_identification:_identify(src/build) by extensions ['ignore', 'ignore_ament_install']
[0.472s] Level 1:colcon.colcon_core.package_identification:_identify(src/build) by extension 'ignore'
[0.472s] Level 1:colcon.colcon_core.package_identification:_identify(src/build) ignored
[0.472s] Level 1:colcon.colcon_core.package_identification:_identify(src/cmd_vel_mux) by extensions ['ignore', 'ignore_ament_install']
[0.472s] Level 1:colcon.colcon_core.package_identification:_identify(src/cmd_vel_mux) by extension 'ignore'
[0.472s] Level 1:colcon.colcon_core.package_identification:_identify(src/cmd_vel_mux) by extension 'ignore_ament_install'
[0.472s] Level 1:colcon.colcon_core.package_identification:_identify(src/cmd_vel_mux) by extensions ['colcon_pkg']
[0.472s] Level 1:colcon.colcon_core.package_identification:_identify(src/cmd_vel_mux) by extension 'colcon_pkg'
[0.472s] Level 1:colcon.colcon_core.package_identification:_identify(src/cmd_vel_mux) by extensions ['colcon_meta']
[0.472s] Level 1:colcon.colcon_core.package_identification:_identify(src/cmd_vel_mux) by extension 'colcon_meta'
[0.472s] Level 1:colcon.colcon_core.package_identification:_identify(src/cmd_vel_mux) by extensions ['ros']
[0.472s] Level 1:colcon.colcon_core.package_identification:_identify(src/cmd_vel_mux) by extension 'ros'
[0.475s] DEBUG:colcon.colcon_core.package_identification:Package 'src/cmd_vel_mux' with type 'ros.ament_cmake' and name 'cmd_vel_mux'
[0.475s] Level 1:colcon.colcon_core.package_identification:_identify(src/install) by extensions ['ignore', 'ignore_ament_install']
[0.475s] Level 1:colcon.colcon_core.package_identification:_identify(src/install) by extension 'ignore'
[0.475s] Level 1:colcon.colcon_core.package_identification:_identify(src/install) ignored
[0.476s] Level 1:colcon.colcon_core.package_identification:_identify(src/lab2_iic2685) by extensions ['ignore', 'ignore_ament_install']
[0.476s] Level 1:colcon.colcon_core.package_identification:_identify(src/lab2_iic2685) by extension 'ignore'
[0.476s] Level 1:colcon.colcon_core.package_identification:_identify(src/lab2_iic2685) by extension 'ignore_ament_install'
[0.476s] Level 1:colcon.colcon_core.package_identification:_identify(src/lab2_iic2685) by extensions ['colcon_pkg']
[0.476s] Level 1:colcon.colcon_core.package_identification:_identify(src/lab2_iic2685) by extension 'colcon_pkg'
[0.476s] Level 1:colcon.colcon_core.package_identification:_identify(src/lab2_iic2685) by extensions ['colcon_meta']
[0.476s] Level 1:colcon.colcon_core.package_identification:_identify(src/lab2_iic2685) by extension 'colcon_meta'
[0.476s] Level 1:colcon.colcon_core.package_identification:_identify(src/lab2_iic2685) by extensions ['ros']
[0.476s] Level 1:colcon.colcon_core.package_identification:_identify(src/lab2_iic2685) by extension 'ros'
[0.477s] DEBUG:colcon.colcon_core.package_identification:Package 'src/lab2_iic2685' with type 'ros.ament_cmake' and name 'lab2_iic2685'
[0.477s] Level 1:colcon.colcon_core.package_identification:_identify(src/log) by extensions ['ignore', 'ignore_ament_install']
[0.477s] Level 1:colcon.colcon_core.package_identification:_identify(src/log) by extension 'ignore'
[0.477s] Level 1:colcon.colcon_core.package_identification:_identify(src/log) ignored
[0.477s] Level 1:colcon.colcon_core.package_identification:_identify(src/mini_tarea_2) by extensions ['ignore', 'ignore_ament_install']
[0.477s] Level 1:colcon.colcon_core.package_identification:_identify(src/mini_tarea_2) by extension 'ignore'
[0.477s] Level 1:colcon.colcon_core.package_identification:_identify(src/mini_tarea_2) by extension 'ignore_ament_install'
[0.477s] Level 1:colcon.colcon_core.package_identification:_identify(src/mini_tarea_2) by extensions ['colcon_pkg']
[0.477s] Level 1:colcon.colcon_core.package_identification:_identify(src/mini_tarea_2) by extension 'colcon_pkg'
[0.477s] Level 1:colcon.colcon_core.package_identification:_identify(src/mini_tarea_2) by extensions ['colcon_meta']
[0.477s] Level 1:colcon.colcon_core.package_identification:_identify(src/mini_tarea_2) by extension 'colcon_meta'
[0.478s] Level 1:colcon.colcon_core.package_identification:_identify(src/mini_tarea_2) by extensions ['ros']
[0.478s] Level 1:colcon.colcon_core.package_identification:_identify(src/mini_tarea_2) by extension 'ros'
[0.479s] DEBUG:colcon.colcon_core.package_identification:Package 'src/mini_tarea_2' with type 'ros.ament_cmake' and name 'mini_tarea_2'
[0.479s] Level 1:colcon.colcon_core.package_identification:_identify(src/movement_robot) by extensions ['ignore', 'ignore_ament_install']
[0.479s] Level 1:colcon.colcon_core.package_identification:_identify(src/movement_robot) by extension 'ignore'
[0.480s] Level 1:colcon.colcon_core.package_identification:_identify(src/movement_robot) by extension 'ignore_ament_install'
[0.480s] Level 1:colcon.colcon_core.package_identification:_identify(src/movement_robot) by extensions ['colcon_pkg']
[0.480s] Level 1:colcon.colcon_core.package_identification:_identify(src/movement_robot) by extension 'colcon_pkg'
[0.480s] Level 1:colcon.colcon_core.package_identification:_identify(src/movement_robot) by extensions ['colcon_meta']
[0.480s] Level 1:colcon.colcon_core.package_identification:_identify(src/movement_robot) by extension 'colcon_meta'
[0.480s] Level 1:colcon.colcon_core.package_identification:_identify(src/movement_robot) by extensions ['ros']
[0.480s] Level 1:colcon.colcon_core.package_identification:_identify(src/movement_robot) by extension 'ros'
[0.481s] DEBUG:colcon.colcon_core.package_identification:Package 'src/movement_robot' with type 'ros.ament_cmake' and name 'movement_robot'
[0.481s] Level 1:colcon.colcon_core.package_identification:_identify(src/very_simple_robot_simulator) by extensions ['ignore', 'ignore_ament_install']
[0.481s] Level 1:colcon.colcon_core.package_identification:_identify(src/very_simple_robot_simulator) by extension 'ignore'
[0.481s] Level 1:colcon.colcon_core.package_identification:_identify(src/very_simple_robot_simulator) by extension 'ignore_ament_install'
[0.481s] Level 1:colcon.colcon_core.package_identification:_identify(src/very_simple_robot_simulator) by extensions ['colcon_pkg']
[0.481s] Level 1:colcon.colcon_core.package_identification:_identify(src/very_simple_robot_simulator) by extension 'colcon_pkg'
[0.481s] Level 1:colcon.colcon_core.package_identification:_identify(src/very_simple_robot_simulator) by extensions ['colcon_meta']
[0.481s] Level 1:colcon.colcon_core.package_identification:_identify(src/very_simple_robot_simulator) by extension 'colcon_meta'
[0.481s] Level 1:colcon.colcon_core.package_identification:_identify(src/very_simple_robot_simulator) by extensions ['ros']
[0.481s] Level 1:colcon.colcon_core.package_identification:_identify(src/very_simple_robot_simulator) by extension 'ros'
[0.482s] DEBUG:colcon.colcon_core.package_identification:Package 'src/very_simple_robot_simulator' with type 'ros.ament_cmake' and name 'very_simple_robot_simulator'
[0.482s] Level 1:colcon.colcon_core.package_discovery:discover_packages(recursive) using defaults
[0.482s] Level 1:colcon.colcon_core.package_discovery:discover_packages(ignore) discover
[0.482s] Level 1:colcon.colcon_core.package_discovery:discover_packages(ignore) using defaults
[0.482s] Level 1:colcon.colcon_core.package_discovery:discover_packages(path) discover
[0.482s] Level 1:colcon.colcon_core.package_discovery:discover_packages(path) using defaults
[0.516s] Level 1:colcon.colcon_core.package_discovery:discover_packages(prefix_path) check parameters
[0.516s] Level 1:colcon.colcon_core.package_discovery:discover_packages(prefix_path) discover
[0.518s] DEBUG:colcon.colcon_installed_package_information.package_discovery:Found 6 installed packages in /home/maty/rob_movil_ws/install
[0.519s] DEBUG:colcon.colcon_installed_package_information.package_discovery:Found 274 installed packages in /opt/ros/humble
[0.520s] Level 1:colcon.colcon_core.package_discovery:discover_packages(prefix_path) using defaults
[0.562s] Level 5:colcon.colcon_core.verb:set package 'cmd_vel_mux' build argument 'cmake_args' from command line to 'None'
[0.562s] Level 5:colcon.colcon_core.verb:set package 'cmd_vel_mux' build argument 'cmake_target' from command line to 'None'
[0.562s] Level 5:colcon.colcon_core.verb:set package 'cmd_vel_mux' build argument 'cmake_target_skip_unavailable' from command line to 'False'
[0.562s] Level 5:colcon.colcon_core.verb:set package 'cmd_vel_mux' build argument 'cmake_clean_cache' from command line to 'False'
[0.562s] Level 5:colcon.colcon_core.verb:set package 'cmd_vel_mux' build argument 'cmake_clean_first' from command line to 'False'
[0.562s] Level 5:colcon.colcon_core.verb:set package 'cmd_vel_mux' build argument 'cmake_force_configure' from command line to 'False'
[0.562s] Level 5:colcon.colcon_core.verb:set package 'cmd_vel_mux' build argument 'ament_cmake_args' from command line to 'None'
[0.562s] Level 5:colcon.colcon_core.verb:set package 'cmd_vel_mux' build argument 'catkin_cmake_args' from command line to 'None'
[0.562s] Level 5:colcon.colcon_core.verb:set package 'cmd_vel_mux' build argument 'catkin_skip_building_tests' from command line to 'False'
[0.562s] DEBUG:colcon.colcon_core.verb:Building package 'cmd_vel_mux' with the following arguments: {'ament_cmake_args': None, 'build_base': '/home/maty/rob_movil_ws/build/cmd_vel_mux', 'catkin_cmake_args': None, 'catkin_skip_building_tests': False, 'cmake_args': None, 'cmake_clean_cache': False, 'cmake_clean_first': False, 'cmake_force_configure': False, 'cmake_target': None, 'cmake_target_skip_unavailable': False, 'install_base': '/home/maty/rob_movil_ws/install/cmd_vel_mux', 'merge_install': False, 'path': '/home/maty/rob_movil_ws/src/cmd_vel_mux', 'symlink_install': True, 'test_result_base': None}
[0.562s] Level 5:colcon.colcon_core.verb:set package 'lab2_iic2685' build argument 'cmake_args' from command line to 'None'
[0.562s] Level 5:colcon.colcon_core.verb:set package 'lab2_iic2685' build argument 'cmake_target' from command line to 'None'
[0.562s] Level 5:colcon.colcon_core.verb:set package 'lab2_iic2685' build argument 'cmake_target_skip_unavailable' from command line to 'False'
[0.562s] Level 5:colcon.colcon_core.verb:set package 'lab2_iic2685' build argument 'cmake_clean_cache' from command line to 'False'
[0.562s] Level 5:colcon.colcon_core.verb:set package 'lab2_iic2685' build argument 'cmake_clean_first' from command line to 'False'
[0.562s] Level 5:colcon.colcon_core.verb:set package 'lab2_iic2685' build argument 'cmake_force_configure' from command line to 'False'
[0.562s] Level 5:colcon.colcon_core.verb:set package 'lab2_iic2685' build argument 'ament_cmake_args' from command line to 'None'
[0.562s] Level 5:colcon.colcon_core.verb:set package 'lab2_iic2685' build argument 'catkin_cmake_args' from command line to 'None'
[0.562s] Level 5:colcon.colcon_core.verb:set package 'lab2_iic2685' build argument 'catkin_skip_building_tests' from command line to 'False'
[0.563s] DEBUG:colcon.colcon_core.verb:Building package 'lab2_iic2685' with the following arguments: {'ament_cmake_args': None, 'build_base': '/home/maty/rob_movil_ws/build/lab2_iic2685', 'catkin_cmake_args': None, 'catkin_skip_building_tests': False, 'cmake_args': None, 'cmake_clean_cache': False, 'cmake_clean_first': False, 'cmake_force_configure': False, 'cmake_target': None, 'cmake_target_skip_unavailable': False, 'install_base': '/home/maty/rob_movil_ws/install/lab2_iic2685', 'merge_install': False, 'path': '/home/maty/rob_movil_ws/src/lab2_iic2685', 'symlink_install': True, 'test_result_base': None}
[0.563s] Level 5:colcon.colcon_core.verb:set package 'mini_tarea_2' build argument 'cmake_args' from command line to 'None'
[0.563s] Level 5:colcon.colcon_core.verb:set package 'mini_tarea_2' build argument 'cmake_target' from command line to 'None'
[0.563s] Level 5:colcon.colcon_core.verb:set package 'mini_tarea_2' build argument 'cmake_target_skip_unavailable' from command line to 'False'
[0.563s] Level 5:colcon.colcon_core.verb:set package 'mini_tarea_2' build argument 'cmake_clean_cache' from command line to 'False'
[0.563s] Level 5:colcon.colcon_core.verb:set package 'mini_tarea_2' build argument 'cmake_clean_first' from command line to 'False'
[0.563s] Level 5:colcon.colcon_core.verb:set package 'mini_tarea_2' build argument 'cmake_force_configure' from command line to 'False'
[0.563s] Level 5:colcon.colcon_core.verb:set package 'mini_tarea_2' build argument 'ament_cmake_args' from command line to 'None'
[0.563s] Level 5:colcon.colcon_core.verb:set package 'mini_tarea_2' build argument 'catkin_cmake_args' from command line to 'None'
[0.563s] Level 5:colcon.colcon_core.verb:set package 'mini_tarea_2' build argument 'catkin_skip_building_tests' from command line to 'False'
[0.563s] DEBUG:colcon.colcon_core.verb:Building package 'mini_tarea_2' with the following arguments: {'ament_cmake_args': None, 'build_base': '/home/maty/rob_movil_ws/build/mini_tarea_2', 'catkin_cmake_args': None, 'catkin_skip_building_tests': False, 'cmake_args': None, 'cmake_clean_cache': False, 'cmake_clean_first': False, 'cmake_force_configure': False, 'cmake_target': None, 'cmake_target_skip_unavailable': False, 'install_base': '/home/maty/rob_movil_ws/install/mini_tarea_2', 'merge_install': False, 'path': '/home/maty/rob_movil_ws/src/mini_tarea_2', 'symlink_install': True, 'test_result_base': None}
[0.563s] Level 5:colcon.colcon_core.verb:set package 'movement_robot' build argument 'cmake_args' from command line to 'None'
[0.563s] Level 5:colcon.colcon_core.verb:set package 'movement_robot' build argument 'cmake_target' from command line to 'None'
[0.563s] Level 5:colcon.colcon_core.verb:set package 'movement_robot' build argument 'cmake_target_skip_unavailable' from command line to 'False'
[0.564s] Level 5:colcon.colcon_core.verb:set package 'movement_robot' build argument 'cmake_clean_cache' from command line to 'False'
[0.564s] Level 5:colcon.colcon_core.verb:set package 'movement_robot' build argument 'cmake_clean_first' from command line to 'False'
[0.564s] Level 5:colcon.colcon_core.verb:set package 'movement_robot' build argument 'cmake_force_configure' from command line to 'False'
[0.564s] Level 5:colcon.colcon_core.verb:set package 'movement_robot' build argument 'ament_cmake_args' from command line to 'None'
[0.564s] Level 5:colcon.colcon_core.verb:set package 'movement_robot' build argument 'catkin_cmake_args' from command line to 'None'
[0.564s] Level 5:colcon.colcon_core.verb:set package 'movement_robot' build argument 'catkin_skip_building_tests' from command line to 'False'
[0.564s] DEBUG:colcon.colcon_core.verb:Building package 'movement_robot' with the following arguments: {'ament_cmake_args': None, 'build_base': '/home/maty/rob_movil_ws/build/movement_robot', 'catkin_cmake_args': None, 'catkin_skip_building_tests': False, 'cmake_args': None, 'cmake_clean_cache': False, 'cmake_clean_first': False, 'cmake_force_configure': False, 'cmake_target': None, 'cmake_target_skip_unavailable': False, 'install_base': '/home/maty/rob_movil_ws/install/movement_robot', 'merge_install': False, 'path': '/home/maty/rob_movil_ws/src/movement_robot', 'symlink_install': True, 'test_result_base': None}
[0.564s] Level 5:colcon.colcon_core.verb:set package 'very_simple_robot_simulator' build argument 'cmake_args' from command line to 'None'
[0.564s] Level 5:colcon.colcon_core.verb:set package 'very_simple_robot_simulator' build argument 'cmake_target' from command line to 'None'
[0.564s] Level 5:colcon.colcon_core.verb:set package 'very_simple_robot_simulator' build argument 'cmake_target_skip_unavailable' from command line to 'False'
[0.564s] Level 5:colcon.colcon_core.verb:set package 'very_simple_robot_simulator' build argument 'cmake_clean_cache' from command line to 'False'
[0.564s] Level 5:colcon.colcon_core.verb:set package 'very_simple_robot_simulator' build argument 'cmake_clean_first' from command line to 'False'
[0.564s] Level 5:colcon.colcon_core.verb:set package 'very_simple_robot_simulator' build argument 'cmake_force_configure' from command line to 'False'
[0.564s] Level 5:colcon.colcon_core.verb:set package 'very_simple_robot_simulator' build argument 'ament_cmake_args' from command line to 'None'
[0.564s] Level 5:colcon.colcon_core.verb:set package 'very_simple_robot_simulator' build argument 'catkin_cmake_args' from command line to 'None'
[0.564s] Level 5:colcon.colcon_core.verb:set package 'very_simple_robot_simulator' build argument 'catkin_skip_building_tests' from command line to 'False'
[0.564s] DEBUG:colcon.colcon_core.verb:Building package 'very_simple_robot_simulator' with the following arguments: {'ament_cmake_args': None, 'build_base': '/home/maty/rob_movil_ws/build/very_simple_robot_simulator', 'catkin_cmake_args': None, 'catkin_skip_building_tests': False, 'cmake_args': None, 'cmake_clean_cache': False, 'cmake_clean_first': False, 'cmake_force_configure': False, 'cmake_target': None, 'cmake_target_skip_unavailable': False, 'install_base': '/home/maty/rob_movil_ws/install/very_simple_robot_simulator', 'merge_install': False, 'path': '/home/maty/rob_movil_ws/src/very_simple_robot_simulator', 'symlink_install': True, 'test_result_base': None}
[0.565s] INFO:colcon.colcon_core.executor:Executing jobs using 'parallel' executor
[0.567s] DEBUG:colcon.colcon_parallel_executor.executor.parallel:run_until_complete
[0.567s] INFO:colcon.colcon_ros.task.ament_cmake.build:Building ROS package in '/home/maty/rob_movil_ws/src/cmd_vel_mux' with build type 'ament_cmake'
[0.567s] INFO:colcon.colcon_cmake.task.cmake.build:Building CMake package in '/home/maty/rob_movil_ws/src/cmd_vel_mux'
[0.571s] INFO:colcon.colcon_core.plugin_system:Skipping extension 'colcon_core.shell.bat': Not used on non-Windows systems
[0.571s] INFO:colcon.colcon_core.shell:Skip shell extension 'powershell' for command environment: Not usable outside of PowerShell
[0.571s] DEBUG:colcon.colcon_core.shell:Skip shell extension 'dsv' for command environment
[0.578s] INFO:colcon.colcon_ros.task.ament_cmake.build:Building ROS package in '/home/maty/rob_movil_ws/src/lab2_iic2685' with build type 'ament_cmake'
[0.579s] INFO:colcon.colcon_cmake.task.cmake.build:Building CMake package in '/home/maty/rob_movil_ws/src/lab2_iic2685'
[0.579s] INFO:colcon.colcon_core.shell:Skip shell extension 'powershell' for command environment: Not usable outside of PowerShell
[0.579s] DEBUG:colcon.colcon_core.shell:Skip shell extension 'dsv' for command environment
[0.583s] INFO:colcon.colcon_ros.task.ament_cmake.build:Building ROS package in '/home/maty/rob_movil_ws/src/mini_tarea_2' with build type 'ament_cmake'
[0.583s] INFO:colcon.colcon_cmake.task.cmake.build:Building CMake package in '/home/maty/rob_movil_ws/src/mini_tarea_2'
[0.584s] INFO:colcon.colcon_core.shell:Skip shell extension 'powershell' for command environment: Not usable outside of PowerShell
[0.584s] DEBUG:colcon.colcon_core.shell:Skip shell extension 'dsv' for command environment
[0.590s] INFO:colcon.colcon_ros.task.ament_cmake.build:Building ROS package in '/home/maty/rob_movil_ws/src/movement_robot' with build type 'ament_cmake'
[0.590s] INFO:colcon.colcon_cmake.task.cmake.build:Building CMake package in '/home/maty/rob_movil_ws/src/movement_robot'
[0.590s] INFO:colcon.colcon_core.shell:Skip shell extension 'powershell' for command environment: Not usable outside of PowerShell
[0.590s] DEBUG:colcon.colcon_core.shell:Skip shell extension 'dsv' for command environment
[0.596s] INFO:colcon.colcon_ros.task.ament_cmake.build:Building ROS package in '/home/maty/rob_movil_ws/src/very_simple_robot_simulator' with build type 'ament_cmake'
[0.597s] INFO:colcon.colcon_cmake.task.cmake.build:Building CMake package in '/home/maty/rob_movil_ws/src/very_simple_robot_simulator'
[0.597s] INFO:colcon.colcon_core.shell:Skip shell extension 'powershell' for command environment: Not usable outside of PowerShell
[0.598s] DEBUG:colcon.colcon_core.shell:Skip shell extension 'dsv' for command environment
[0.612s] DEBUG:colcon.colcon_core.event_handler.log_command:Invoking command in '/home/maty/rob_movil_ws/build/cmd_vel_mux': CMAKE_PREFIX_PATH=${CMAKE_PREFIX_PATH}:/opt/ros/humble /usr/bin/cmake --build /home/maty/rob_movil_ws/build/cmd_vel_mux -- -j22 -l22
[0.617s] DEBUG:colcon.colcon_core.event_handler.log_command:Invoking command in '/home/maty/rob_movil_ws/build/lab2_iic2685': CMAKE_PREFIX_PATH=${CMAKE_PREFIX_PATH}:/opt/ros/humble /usr/bin/cmake --build /home/maty/rob_movil_ws/build/lab2_iic2685 -- -j22 -l22
[0.627s] DEBUG:colcon.colcon_core.event_handler.log_command:Invoking command in '/home/maty/rob_movil_ws/build/mini_tarea_2': CMAKE_PREFIX_PATH=${CMAKE_PREFIX_PATH}:/opt/ros/humble /usr/bin/cmake --build /home/maty/rob_movil_ws/build/mini_tarea_2 -- -j22 -l22
[0.630s] DEBUG:colcon.colcon_core.event_handler.log_command:Invoking command in '/home/maty/rob_movil_ws/build/movement_robot': CMAKE_PREFIX_PATH=${CMAKE_PREFIX_PATH}:/opt/ros/humble /usr/bin/cmake --build /home/maty/rob_movil_ws/build/movement_robot -- -j22 -l22
[0.653s] DEBUG:colcon.colcon_core.event_handler.log_command:Invoking command in '/home/maty/rob_movil_ws/build/very_simple_robot_simulator': CMAKE_PREFIX_PATH=${CMAKE_PREFIX_PATH}:/opt/ros/humble /usr/bin/cmake --build /home/maty/rob_movil_ws/build/very_simple_robot_simulator -- -j22 -l22
[0.681s] DEBUG:colcon.colcon_core.event_handler.log_command:Invoked command in '/home/maty/rob_movil_ws/build/movement_robot' returned '0': CMAKE_PREFIX_PATH=${CMAKE_PREFIX_PATH}:/opt/ros/humble /usr/bin/cmake --build /home/maty/rob_movil_ws/build/movement_robot -- -j22 -l22
[0.698s] DEBUG:colcon.colcon_core.event_handler.log_command:Invoking command in '/home/maty/rob_movil_ws/build/movement_robot': CMAKE_PREFIX_PATH=${CMAKE_PREFIX_PATH}:/opt/ros/humble /usr/bin/cmake --install /home/maty/rob_movil_ws/build/movement_robot
[0.706s] DEBUG:colcon.colcon_core.event_handler.log_command:Invoked command in '/home/maty/rob_movil_ws/build/cmd_vel_mux' returned '0': CMAKE_PREFIX_PATH=${CMAKE_PREFIX_PATH}:/opt/ros/humble /usr/bin/cmake --build /home/maty/rob_movil_ws/build/cmd_vel_mux -- -j22 -l22
[0.711s] DEBUG:colcon.colcon_core.event_handler.log_command:Invoking command in '/home/maty/rob_movil_ws/build/cmd_vel_mux': CMAKE_PREFIX_PATH=${CMAKE_PREFIX_PATH}:/opt/ros/humble /usr/bin/cmake --install /home/maty/rob_movil_ws/build/cmd_vel_mux
[0.726s] Level 1:colcon.colcon_core.environment:create_environment_scripts_only(movement_robot)
[0.729s] DEBUG:colcon.colcon_core.event_handler.log_command:Invoked command in '/home/maty/rob_movil_ws/build/movement_robot' returned '0': CMAKE_PREFIX_PATH=${CMAKE_PREFIX_PATH}:/opt/ros/humble /usr/bin/cmake --install /home/maty/rob_movil_ws/build/movement_robot
[0.731s] Level 1:colcon.colcon_core.environment:checking '/home/maty/rob_movil_ws/install/movement_robot' for CMake module files
[0.732s] Level 1:colcon.colcon_core.environment:checking '/home/maty/rob_movil_ws/install/movement_robot' for CMake config files
[0.732s] Level 1:colcon.colcon_core.shell:create_environment_hook('movement_robot', 'cmake_prefix_path')
[0.732s] INFO:colcon.colcon_core.shell:Creating environment hook '/home/maty/rob_movil_ws/install/movement_robot/share/movement_robot/hook/cmake_prefix_path.ps1'
[0.733s] INFO:colcon.colcon_core.shell:Creating environment descriptor '/home/maty/rob_movil_ws/install/movement_robot/share/movement_robot/hook/cmake_prefix_path.dsv'
[0.734s] INFO:colcon.colcon_core.shell:Creating environment hook '/home/maty/rob_movil_ws/install/movement_robot/share/movement_robot/hook/cmake_prefix_path.sh'
[0.736s] Level 1:colcon.colcon_core.environment:checking '/home/maty/rob_movil_ws/install/movement_robot/lib'
[0.736s] Level 1:colcon.colcon_core.environment:checking '/home/maty/rob_movil_ws/install/movement_robot/bin'
[0.736s] Level 1:colcon.colcon_core.environment:checking '/home/maty/rob_movil_ws/install/movement_robot/lib/pkgconfig/movement_robot.pc'
[0.737s] Level 1:colcon.colcon_core.environment:checking '/home/maty/rob_movil_ws/install/movement_robot/lib/python3.10/site-packages'
[0.737s] Level 1:colcon.colcon_core.environment:checking '/home/maty/rob_movil_ws/install/movement_robot/bin'
[0.737s] INFO:colcon.colcon_core.shell:Creating package script '/home/maty/rob_movil_ws/install/movement_robot/share/movement_robot/package.ps1'
[0.738s] INFO:colcon.colcon_core.shell:Creating package descriptor '/home/maty/rob_movil_ws/install/movement_robot/share/movement_robot/package.dsv'
[0.740s] INFO:colcon.colcon_core.shell:Creating package script '/home/maty/rob_movil_ws/install/movement_robot/share/movement_robot/package.sh'
[0.741s] INFO:colcon.colcon_core.shell:Creating package script '/home/maty/rob_movil_ws/install/movement_robot/share/movement_robot/package.bash'
[0.741s] INFO:colcon.colcon_core.shell:Creating package script '/home/maty/rob_movil_ws/install/movement_robot/share/movement_robot/package.zsh'
[0.742s] Level 1:colcon.colcon_core.environment:create_file_with_runtime_dependencies(/home/maty/rob_movil_ws/install/movement_robot/share/colcon-core/packages/movement_robot)
[0.743s] Level 1:colcon.colcon_core.environment:create_environment_scripts_only(movement_robot)
[0.743s] Level 1:colcon.colcon_core.environment:checking '/home/maty/rob_movil_ws/install/movement_robot' for CMake module files
[0.744s] Level 1:colcon.colcon_core.environment:checking '/home/maty/rob_movil_ws/install/movement_robot' for CMake config files
[0.745s] Level 1:colcon.colcon_core.shell:create_environment_hook('movement_robot', 'cmake_prefix_path')
[0.745s] INFO:colcon.colcon_core.shell:Creating environment hook '/home/maty/rob_movil_ws/install/movement_robot/share/movement_robot/hook/cmake_prefix_path.ps1'
[0.746s] INFO:colcon.colcon_core.shell:Creating environment descriptor '/home/maty/rob_movil_ws/install/movement_robot/share/movement_robot/hook/cmake_prefix_path.dsv'
[0.747s] INFO:colcon.colcon_core.shell:Creating environment hook '/home/maty/rob_movil_ws/install/movement_robot/share/movement_robot/hook/cmake_prefix_path.sh'
[0.748s] Level 1:colcon.colcon_core.environment:checking '/home/maty/rob_movil_ws/install/movement_robot/lib'
[0.748s] Level 1:colcon.colcon_core.environment:checking '/home/maty/rob_movil_ws/install/movement_robot/bin'
[0.748s] Level 1:colcon.colcon_core.environment:checking '/home/maty/rob_movil_ws/install/movement_robot/lib/pkgconfig/movement_robot.pc'
[0.749s] Level 1:colcon.colcon_core.environment:checking '/home/maty/rob_movil_ws/install/movement_robot/lib/python3.10/site-packages'
[0.749s] Level 1:colcon.colcon_core.environment:checking '/home/maty/rob_movil_ws/install/movement_robot/bin'
[0.750s] INFO:colcon.colcon_core.shell:Creating package script '/home/maty/rob_movil_ws/install/movement_robot/share/movement_robot/package.ps1'
[0.750s] INFO:colcon.colcon_core.shell:Creating package descriptor '/home/maty/rob_movil_ws/install/movement_robot/share/movement_robot/package.dsv'
[0.751s] INFO:colcon.colcon_core.shell:Creating package script '/home/maty/rob_movil_ws/install/movement_robot/share/movement_robot/package.sh'
[0.751s] INFO:colcon.colcon_core.shell:Creating package script '/home/maty/rob_movil_ws/install/movement_robot/share/movement_robot/package.bash'
[0.751s] INFO:colcon.colcon_core.shell:Creating package script '/home/maty/rob_movil_ws/install/movement_robot/share/movement_robot/package.zsh'
[0.752s] Level 1:colcon.colcon_core.environment:create_file_with_runtime_dependencies(/home/maty/rob_movil_ws/install/movement_robot/share/colcon-core/packages/movement_robot)
[0.754s] Level 1:colcon.colcon_core.environment:create_environment_scripts_only(cmd_vel_mux)
[0.755s] Level 1:colcon.colcon_core.environment:checking '/home/maty/rob_movil_ws/install/cmd_vel_mux' for CMake module files
[0.756s] DEBUG:colcon.colcon_core.event_handler.log_command:Invoked command in '/home/maty/rob_movil_ws/build/cmd_vel_mux' returned '0': CMAKE_PREFIX_PATH=${CMAKE_PREFIX_PATH}:/opt/ros/humble /usr/bin/cmake --install /home/maty/rob_movil_ws/build/cmd_vel_mux
[0.756s] Level 1:colcon.colcon_core.environment:checking '/home/maty/rob_movil_ws/install/cmd_vel_mux' for CMake config files
[0.757s] Level 1:colcon.colcon_core.shell:create_environment_hook('cmd_vel_mux', 'cmake_prefix_path')
[0.757s] INFO:colcon.colcon_core.shell:Creating environment hook '/home/maty/rob_movil_ws/install/cmd_vel_mux/share/cmd_vel_mux/hook/cmake_prefix_path.ps1'
[0.757s] INFO:colcon.colcon_core.shell:Creating environment descriptor '/home/maty/rob_movil_ws/install/cmd_vel_mux/share/cmd_vel_mux/hook/cmake_prefix_path.dsv'
[0.758s] INFO:colcon.colcon_core.shell:Creating environment hook '/home/maty/rob_movil_ws/install/cmd_vel_mux/share/cmd_vel_mux/hook/cmake_prefix_path.sh'
[0.758s] Level 1:colcon.colcon_core.environment:checking '/home/maty/rob_movil_ws/install/cmd_vel_mux/lib'
[0.758s] Level 1:colcon.colcon_core.shell:create_environment_hook('cmd_vel_mux', 'ld_library_path_lib')
[0.759s] INFO:colcon.colcon_core.shell:Creating environment hook '/home/maty/rob_movil_ws/install/cmd_vel_mux/share/cmd_vel_mux/hook/ld_library_path_lib.ps1'
[0.759s] INFO:colcon.colcon_core.shell:Creating environment descriptor '/home/maty/rob_movil_ws/install/cmd_vel_mux/share/cmd_vel_mux/hook/ld_library_path_lib.dsv'
[0.759s] INFO:colcon.colcon_core.shell:Creating environment hook '/home/maty/rob_movil_ws/install/cmd_vel_mux/share/cmd_vel_mux/hook/ld_library_path_lib.sh'
[0.760s] Level 1:colcon.colcon_core.environment:checking '/home/maty/rob_movil_ws/install/cmd_vel_mux/bin'
[0.760s] Level 1:colcon.colcon_core.environment:checking '/home/maty/rob_movil_ws/install/cmd_vel_mux/lib/pkgconfig/cmd_vel_mux.pc'
[0.760s] Level 1:colcon.colcon_core.environment:checking '/home/maty/rob_movil_ws/install/cmd_vel_mux/lib/python3.10/site-packages'
[0.760s] Level 1:colcon.colcon_core.environment:checking '/home/maty/rob_movil_ws/install/cmd_vel_mux/bin'
[0.761s] INFO:colcon.colcon_core.shell:Creating package script '/home/maty/rob_movil_ws/install/cmd_vel_mux/share/cmd_vel_mux/package.ps1'
[0.762s] INFO:colcon.colcon_core.shell:Creating package descriptor '/home/maty/rob_movil_ws/install/cmd_vel_mux/share/cmd_vel_mux/package.dsv'
[0.763s] INFO:colcon.colcon_core.shell:Creating package script '/home/maty/rob_movil_ws/install/cmd_vel_mux/share/cmd_vel_mux/package.sh'
[0.764s] INFO:colcon.colcon_core.shell:Creating package script '/home/maty/rob_movil_ws/install/cmd_vel_mux/share/cmd_vel_mux/package.bash'
[0.765s] INFO:colcon.colcon_core.shell:Creating package script '/home/maty/rob_movil_ws/install/cmd_vel_mux/share/cmd_vel_mux/package.zsh'
[0.765s] Level 1:colcon.colcon_core.environment:create_file_with_runtime_dependencies(/home/maty/rob_movil_ws/install/cmd_vel_mux/share/colcon-core/packages/cmd_vel_mux)
[0.765s] Level 1:colcon.colcon_core.environment:create_environment_scripts_only(cmd_vel_mux)
[0.766s] Level 1:colcon.colcon_core.environment:checking '/home/maty/rob_movil_ws/install/cmd_vel_mux' for CMake module files
[0.767s] Level 1:colcon.colcon_core.environment:checking '/home/maty/rob_movil_ws/install/cmd_vel_mux' for CMake config files
[0.767s] Level 1:colcon.colcon_core.shell:create_environment_hook('cmd_vel_mux', 'cmake_prefix_path')
[0.767s] INFO:colcon.colcon_core.shell:Creating environment hook '/home/maty/rob_movil_ws/install/cmd_vel_mux/share/cmd_vel_mux/hook/cmake_prefix_path.ps1'
[0.767s] INFO:colcon.colcon_core.shell:Creating environment descriptor '/home/maty/rob_movil_ws/install/cmd_vel_mux/share/cmd_vel_mux/hook/cmake_prefix_path.dsv'
[0.768s] INFO:colcon.colcon_core.shell:Creating environment hook '/home/maty/rob_movil_ws/install/cmd_vel_mux/share/cmd_vel_mux/hook/cmake_prefix_path.sh'
[0.768s] Level 1:colcon.colcon_core.environment:checking '/home/maty/rob_movil_ws/install/cmd_vel_mux/lib'
[0.768s] Level 1:colcon.colcon_core.shell:create_environment_hook('cmd_vel_mux', 'ld_library_path_lib')
[0.769s] INFO:colcon.colcon_core.shell:Creating environment hook '/home/maty/rob_movil_ws/install/cmd_vel_mux/share/cmd_vel_mux/hook/ld_library_path_lib.ps1'
[0.769s] INFO:colcon.colcon_core.shell:Creating environment descriptor '/home/maty/rob_movil_ws/install/cmd_vel_mux/share/cmd_vel_mux/hook/ld_library_path_lib.dsv'
[0.769s] INFO:colcon.colcon_core.shell:Creating environment hook '/home/maty/rob_movil_ws/install/cmd_vel_mux/share/cmd_vel_mux/hook/ld_library_path_lib.sh'
[0.770s] Level 1:colcon.colcon_core.environment:checking '/home/maty/rob_movil_ws/install/cmd_vel_mux/bin'
[0.770s] Level 1:colcon.colcon_core.environment:checking '/home/maty/rob_movil_ws/install/cmd_vel_mux/lib/pkgconfig/cmd_vel_mux.pc'
[0.770s] Level 1:colcon.colcon_core.environment:checking '/home/maty/rob_movil_ws/install/cmd_vel_mux/lib/python3.10/site-packages'
[0.770s] Level 1:colcon.colcon_core.environment:checking '/home/maty/rob_movil_ws/install/cmd_vel_mux/bin'
[0.771s] INFO:colcon.colcon_core.shell:Creating package script '/home/maty/rob_movil_ws/install/cmd_vel_mux/share/cmd_vel_mux/package.ps1'
[0.771s] INFO:colcon.colcon_core.shell:Creating package descriptor '/home/maty/rob_movil_ws/install/cmd_vel_mux/share/cmd_vel_mux/package.dsv'
[0.773s] INFO:colcon.colcon_core.shell:Creating package script '/home/maty/rob_movil_ws/install/cmd_vel_mux/share/cmd_vel_mux/package.sh'
[0.773s] INFO:colcon.colcon_core.shell:Creating package script '/home/maty/rob_movil_ws/install/cmd_vel_mux/share/cmd_vel_mux/package.bash'
[0.774s] INFO:colcon.colcon_core.shell:Creating package script '/home/maty/rob_movil_ws/install/cmd_vel_mux/share/cmd_vel_mux/package.zsh'
[0.774s] Level 1:colcon.colcon_core.environment:create_file_with_runtime_dependencies(/home/maty/rob_movil_ws/install/cmd_vel_mux/share/colcon-core/packages/cmd_vel_mux)
[1.027s] DEBUG:colcon.colcon_core.event_handler.log_command:Invoked command in '/home/maty/rob_movil_ws/build/lab2_iic2685' returned '0': CMAKE_PREFIX_PATH=${CMAKE_PREFIX_PATH}:/opt/ros/humble /usr/bin/cmake --build /home/maty/rob_movil_ws/build/lab2_iic2685 -- -j22 -l22
[1.030s] DEBUG:colcon.colcon_core.event_handler.log_command:Invoking command in '/home/maty/rob_movil_ws/build/lab2_iic2685': CMAKE_PREFIX_PATH=${CMAKE_PREFIX_PATH}:/opt/ros/humble /usr/bin/cmake --install /home/maty/rob_movil_ws/build/lab2_iic2685
[1.038s] DEBUG:colcon.colcon_core.event_handler.log_command:Invoked command in '/home/maty/rob_movil_ws/build/mini_tarea_2' returned '0': CMAKE_PREFIX_PATH=${CMAKE_PREFIX_PATH}:/opt/ros/humble /usr/bin/cmake --build /home/maty/rob_movil_ws/build/mini_tarea_2 -- -j22 -l22
[1.041s] DEBUG:colcon.colcon_core.event_handler.log_command:Invoking command in '/home/maty/rob_movil_ws/build/mini_tarea_2': CMAKE_PREFIX_PATH=${CMAKE_PREFIX_PATH}:/opt/ros/humble /usr/bin/cmake --install /home/maty/rob_movil_ws/build/mini_tarea_2
[1.057s] DEBUG:colcon.colcon_core.event_handler.log_command:Invoked command in '/home/maty/rob_movil_ws/build/very_simple_robot_simulator' returned '0': CMAKE_PREFIX_PATH=${CMAKE_PREFIX_PATH}:/opt/ros/humble /usr/bin/cmake --build /home/maty/rob_movil_ws/build/very_simple_robot_simulator -- -j22 -l22
[1.061s] DEBUG:colcon.colcon_core.event_handler.log_command:Invoking command in '/home/maty/rob_movil_ws/build/very_simple_robot_simulator': CMAKE_PREFIX_PATH=${CMAKE_PREFIX_PATH}:/opt/ros/humble /usr/bin/cmake --install /home/maty/rob_movil_ws/build/very_simple_robot_simulator
[1.100s] Level 1:colcon.colcon_core.environment:create_environment_scripts_only(lab2_iic2685)
[1.100s] Level 1:colcon.colcon_core.environment:checking '/home/maty/rob_movil_ws/install/lab2_iic2685' for CMake module files
[1.101s] DEBUG:colcon.colcon_core.event_handler.log_command:Invoked command in '/home/maty/rob_movil_ws/build/lab2_iic2685' returned '0': CMAKE_PREFIX_PATH=${CMAKE_PREFIX_PATH}:/opt/ros/humble /usr/bin/cmake --install /home/maty/rob_movil_ws/build/lab2_iic2685
[1.101s] Level 1:colcon.colcon_core.environment:checking '/home/maty/rob_movil_ws/install/lab2_iic2685' for CMake config files
[1.102s] Level 1:colcon.colcon_core.shell:create_environment_hook('lab2_iic2685', 'cmake_prefix_path')
[1.102s] INFO:colcon.colcon_core.shell:Creating environment hook '/home/maty/rob_movil_ws/install/lab2_iic2685/share/lab2_iic2685/hook/cmake_prefix_path.ps1'
[1.103s] INFO:colcon.colcon_core.shell:Creating environment descriptor '/home/maty/rob_movil_ws/install/lab2_iic2685/share/lab2_iic2685/hook/cmake_prefix_path.dsv'
[1.103s] INFO:colcon.colcon_core.shell:Creating environment hook '/home/maty/rob_movil_ws/install/lab2_iic2685/share/lab2_iic2685/hook/cmake_prefix_path.sh'
[1.105s] Level 1:colcon.colcon_core.environment:checking '/home/maty/rob_movil_ws/install/lab2_iic2685/lib'
[1.105s] Level 1:colcon.colcon_core.environment:checking '/home/maty/rob_movil_ws/install/lab2_iic2685/bin'
[1.105s] Level 1:colcon.colcon_core.environment:checking '/home/maty/rob_movil_ws/install/lab2_iic2685/lib/pkgconfig/lab2_iic2685.pc'
[1.106s] Level 1:colcon.colcon_core.environment:checking '/home/maty/rob_movil_ws/install/lab2_iic2685/lib/python3.10/site-packages'
[1.106s] Level 1:colcon.colcon_core.environment:checking '/home/maty/rob_movil_ws/install/lab2_iic2685/bin'
[1.106s] INFO:colcon.colcon_core.shell:Creating package script '/home/maty/rob_movil_ws/install/lab2_iic2685/share/lab2_iic2685/package.ps1'
[1.107s] INFO:colcon.colcon_core.shell:Creating package descriptor '/home/maty/rob_movil_ws/install/lab2_iic2685/share/lab2_iic2685/package.dsv'
[1.109s] INFO:colcon.colcon_core.shell:Creating package script '/home/maty/rob_movil_ws/install/lab2_iic2685/share/lab2_iic2685/package.sh'
[1.110s] INFO:colcon.colcon_core.shell:Creating package script '/home/maty/rob_movil_ws/install/lab2_iic2685/share/lab2_iic2685/package.bash'
[1.110s] INFO:colcon.colcon_core.shell:Creating package script '/home/maty/rob_movil_ws/install/lab2_iic2685/share/lab2_iic2685/package.zsh'
[1.110s] Level 1:colcon.colcon_core.environment:create_file_with_runtime_dependencies(/home/maty/rob_movil_ws/install/lab2_iic2685/share/colcon-core/packages/lab2_iic2685)
[1.111s] Level 1:colcon.colcon_core.environment:create_environment_scripts_only(lab2_iic2685)
[1.111s] Level 1:colcon.colcon_core.environment:checking '/home/maty/rob_movil_ws/install/lab2_iic2685' for CMake module files
[1.112s] Level 1:colcon.colcon_core.environment:checking '/home/maty/rob_movil_ws/install/lab2_iic2685' for CMake config files
[1.112s] Level 1:colcon.colcon_core.shell:create_environment_hook('lab2_iic2685', 'cmake_prefix_path')
[1.112s] INFO:colcon.colcon_core.shell:Creating environment hook '/home/maty/rob_movil_ws/install/lab2_iic2685/share/lab2_iic2685/hook/cmake_prefix_path.ps1'
[1.113s] INFO:colcon.colcon_core.shell:Creating environment descriptor '/home/maty/rob_movil_ws/install/lab2_iic2685/share/lab2_iic2685/hook/cmake_prefix_path.dsv'
[1.113s] INFO:colcon.colcon_core.shell:Creating environment hook '/home/maty/rob_movil_ws/install/lab2_iic2685/share/lab2_iic2685/hook/cmake_prefix_path.sh'
[1.114s] Level 1:colcon.colcon_core.environment:checking '/home/maty/rob_movil_ws/install/lab2_iic2685/lib'
[1.114s] Level 1:colcon.colcon_core.environment:checking '/home/maty/rob_movil_ws/install/lab2_iic2685/bin'
[1.114s] Level 1:colcon.colcon_core.environment:checking '/home/maty/rob_movil_ws/install/lab2_iic2685/lib/pkgconfig/lab2_iic2685.pc'
[1.114s] Level 1:colcon.colcon_core.environment:checking '/home/maty/rob_movil_ws/install/lab2_iic2685/lib/python3.10/site-packages'
[1.114s] Level 1:colcon.colcon_core.environment:checking '/home/maty/rob_movil_ws/install/lab2_iic2685/bin'
[1.114s] INFO:colcon.colcon_core.shell:Creating package script '/home/maty/rob_movil_ws/install/lab2_iic2685/share/lab2_iic2685/package.ps1'
[1.115s] INFO:colcon.colcon_core.shell:Creating package descriptor '/home/maty/rob_movil_ws/install/lab2_iic2685/share/lab2_iic2685/package.dsv'
[1.115s] INFO:colcon.colcon_core.shell:Creating package script '/home/maty/rob_movil_ws/install/lab2_iic2685/share/lab2_iic2685/package.sh'
[1.116s] INFO:colcon.colcon_core.shell:Creating package script '/home/maty/rob_movil_ws/install/lab2_iic2685/share/lab2_iic2685/package.bash'
[1.117s] INFO:colcon.colcon_core.shell:Creating package script '/home/maty/rob_movil_ws/install/lab2_iic2685/share/lab2_iic2685/package.zsh'
[1.117s] Level 1:colcon.colcon_core.environment:create_file_with_runtime_dependencies(/home/maty/rob_movil_ws/install/lab2_iic2685/share/colcon-core/packages/lab2_iic2685)
[1.119s] Level 1:colcon.colcon_core.environment:create_environment_scripts_only(mini_tarea_2)
[1.119s] Level 1:colcon.colcon_core.environment:checking '/home/maty/rob_movil_ws/install/mini_tarea_2' for CMake module files
[1.120s] DEBUG:colcon.colcon_core.event_handler.log_command:Invoked command in '/home/maty/rob_movil_ws/build/mini_tarea_2' returned '0': CMAKE_PREFIX_PATH=${CMAKE_PREFIX_PATH}:/opt/ros/humble /usr/bin/cmake --install /home/maty/rob_movil_ws/build/mini_tarea_2
[1.121s] Level 1:colcon.colcon_core.environment:checking '/home/maty/rob_movil_ws/install/mini_tarea_2' for CMake config files
[1.122s] Level 1:colcon.colcon_core.shell:create_environment_hook('mini_tarea_2', 'cmake_prefix_path')
[1.122s] INFO:colcon.colcon_core.shell:Creating environment hook '/home/maty/rob_movil_ws/install/mini_tarea_2/share/mini_tarea_2/hook/cmake_prefix_path.ps1'
[1.122s] INFO:colcon.colcon_core.shell:Creating environment descriptor '/home/maty/rob_movil_ws/install/mini_tarea_2/share/mini_tarea_2/hook/cmake_prefix_path.dsv'
[1.123s] INFO:colcon.colcon_core.shell:Creating environment hook '/home/maty/rob_movil_ws/install/mini_tarea_2/share/mini_tarea_2/hook/cmake_prefix_path.sh'
[1.123s] Level 1:colcon.colcon_core.environment:checking '/home/maty/rob_movil_ws/install/mini_tarea_2/lib'
[1.123s] Level 1:colcon.colcon_core.environment:checking '/home/maty/rob_movil_ws/install/mini_tarea_2/bin'
[1.124s] Level 1:colcon.colcon_core.environment:checking '/home/maty/rob_movil_ws/install/mini_tarea_2/lib/pkgconfig/mini_tarea_2.pc'
[1.124s] Level 1:colcon.colcon_core.environment:checking '/home/maty/rob_movil_ws/install/mini_tarea_2/lib/python3.10/site-packages'
[1.124s] Level 1:colcon.colcon_core.environment:checking '/home/maty/rob_movil_ws/install/mini_tarea_2/bin'
[1.124s] INFO:colcon.colcon_core.shell:Creating package script '/home/maty/rob_movil_ws/install/mini_tarea_2/share/mini_tarea_2/package.ps1'
[1.125s] INFO:colcon.colcon_core.shell:Creating package descriptor '/home/maty/rob_movil_ws/install/mini_tarea_2/share/mini_tarea_2/package.dsv'
[1.126s] INFO:colcon.colcon_core.shell:Creating package script '/home/maty/rob_movil_ws/install/mini_tarea_2/share/mini_tarea_2/package.sh'
[1.126s] INFO:colcon.colcon_core.shell:Creating package script '/home/maty/rob_movil_ws/install/mini_tarea_2/share/mini_tarea_2/package.bash'
[1.127s] INFO:colcon.colcon_core.shell:Creating package script '/home/maty/rob_movil_ws/install/mini_tarea_2/share/mini_tarea_2/package.zsh'
[1.127s] Level 1:colcon.colcon_core.environment:create_file_with_runtime_dependencies(/home/maty/rob_movil_ws/install/mini_tarea_2/share/colcon-core/packages/mini_tarea_2)
[1.128s] Level 1:colcon.colcon_core.environment:create_environment_scripts_only(mini_tarea_2)
[1.128s] Level 1:colcon.colcon_core.environment:checking '/home/maty/rob_movil_ws/install/mini_tarea_2' for CMake module files
[1.129s] Level 1:colcon.colcon_core.environment:checking '/home/maty/rob_movil_ws/install/mini_tarea_2' for CMake config files
[1.130s] Level 1:colcon.colcon_core.shell:create_environment_hook('mini_tarea_2', 'cmake_prefix_path')
[1.130s] INFO:colcon.colcon_core.shell:Creating environment hook '/home/maty/rob_movil_ws/install/mini_tarea_2/share/mini_tarea_2/hook/cmake_prefix_path.ps1'
[1.130s] INFO:colcon.colcon_core.shell:Creating environment descriptor '/home/maty/rob_movil_ws/install/mini_tarea_2/share/mini_tarea_2/hook/cmake_prefix_path.dsv'
[1.131s] INFO:colcon.colcon_core.shell:Creating environment hook '/home/maty/rob_movil_ws/install/mini_tarea_2/share/mini_tarea_2/hook/cmake_prefix_path.sh'
[1.132s] Level 1:colcon.colcon_core.environment:checking '/home/maty/rob_movil_ws/install/mini_tarea_2/lib'
[1.132s] Level 1:colcon.colcon_core.environment:checking '/home/maty/rob_movil_ws/install/mini_tarea_2/bin'
[1.132s] Level 1:colcon.colcon_core.environment:checking '/home/maty/rob_movil_ws/install/mini_tarea_2/lib/pkgconfig/mini_tarea_2.pc'
[1.132s] Level 1:colcon.colcon_core.environment:checking '/home/maty/rob_movil_ws/install/mini_tarea_2/lib/python3.10/site-packages'
[1.132s] Level 1:colcon.colcon_core.environment:checking '/home/maty/rob_movil_ws/install/mini_tarea_2/bin'
[1.132s] INFO:colcon.colcon_core.shell:Creating package script '/home/maty/rob_movil_ws/install/mini_tarea_2/share/mini_tarea_2/package.ps1'
[1.133s] INFO:colcon.colcon_core.shell:Creating package descriptor '/home/maty/rob_movil_ws/install/mini_tarea_2/share/mini_tarea_2/package.dsv'
[1.133s] INFO:colcon.colcon_core.shell:Creating package script '/home/maty/rob_movil_ws/install/mini_tarea_2/share/mini_tarea_2/package.sh'
[1.134s] INFO:colcon.colcon_core.shell:Creating package script '/home/maty/rob_movil_ws/install/mini_tarea_2/share/mini_tarea_2/package.bash'
[1.134s] INFO:colcon.colcon_core.shell:Creating package script '/home/maty/rob_movil_ws/install/mini_tarea_2/share/mini_tarea_2/package.zsh'
[1.135s] Level 1:colcon.colcon_core.environment:create_file_with_runtime_dependencies(/home/maty/rob_movil_ws/install/mini_tarea_2/share/colcon-core/packages/mini_tarea_2)
[1.137s] Level 1:colcon.colcon_core.environment:create_environment_scripts_only(very_simple_robot_simulator)
[1.137s] Level 1:colcon.colcon_core.environment:checking '/home/maty/rob_movil_ws/install/very_simple_robot_simulator' for CMake module files
[1.138s] DEBUG:colcon.colcon_core.event_handler.log_command:Invoked command in '/home/maty/rob_movil_ws/build/very_simple_robot_simulator' returned '0': CMAKE_PREFIX_PATH=${CMAKE_PREFIX_PATH}:/opt/ros/humble /usr/bin/cmake --install /home/maty/rob_movil_ws/build/very_simple_robot_simulator
[1.139s] Level 1:colcon.colcon_core.environment:checking '/home/maty/rob_movil_ws/install/very_simple_robot_simulator' for CMake config files
[1.139s] Level 1:colcon.colcon_core.shell:create_environment_hook('very_simple_robot_simulator', 'cmake_prefix_path')
[1.139s] INFO:colcon.colcon_core.shell:Creating environment hook '/home/maty/rob_movil_ws/install/very_simple_robot_simulator/share/very_simple_robot_simulator/hook/cmake_prefix_path.ps1'
[1.140s] INFO:colcon.colcon_core.shell:Creating environment descriptor '/home/maty/rob_movil_ws/install/very_simple_robot_simulator/share/very_simple_robot_simulator/hook/cmake_prefix_path.dsv'
[1.140s] INFO:colcon.colcon_core.shell:Creating environment hook '/home/maty/rob_movil_ws/install/very_simple_robot_simulator/share/very_simple_robot_simulator/hook/cmake_prefix_path.sh'
[1.141s] Level 1:colcon.colcon_core.environment:checking '/home/maty/rob_movil_ws/install/very_simple_robot_simulator/lib'
[1.141s] Level 1:colcon.colcon_core.environment:checking '/home/maty/rob_movil_ws/install/very_simple_robot_simulator/bin'
[1.141s] Level 1:colcon.colcon_core.environment:checking '/home/maty/rob_movil_ws/install/very_simple_robot_simulator/lib/pkgconfig/very_simple_robot_simulator.pc'
[1.141s] Level 1:colcon.colcon_core.environment:checking '/home/maty/rob_movil_ws/install/very_simple_robot_simulator/lib/python3.10/site-packages'
[1.141s] Level 1:colcon.colcon_core.environment:checking '/home/maty/rob_movil_ws/install/very_simple_robot_simulator/bin'
[1.141s] INFO:colcon.colcon_core.shell:Creating package script '/home/maty/rob_movil_ws/install/very_simple_robot_simulator/share/very_simple_robot_simulator/package.ps1'
[1.142s] INFO:colcon.colcon_core.shell:Creating package descriptor '/home/maty/rob_movil_ws/install/very_simple_robot_simulator/share/very_simple_robot_simulator/package.dsv'
[1.142s] INFO:colcon.colcon_core.shell:Creating package script '/home/maty/rob_movil_ws/install/very_simple_robot_simulator/share/very_simple_robot_simulator/package.sh'
[1.143s] INFO:colcon.colcon_core.shell:Creating package script '/home/maty/rob_movil_ws/install/very_simple_robot_simulator/share/very_simple_robot_simulator/package.bash'
[1.143s] INFO:colcon.colcon_core.shell:Creating package script '/home/maty/rob_movil_ws/install/very_simple_robot_simulator/share/very_simple_robot_simulator/package.zsh'
[1.143s] Level 1:colcon.colcon_core.environment:create_file_with_runtime_dependencies(/home/maty/rob_movil_ws/install/very_simple_robot_simulator/share/colcon-core/packages/very_simple_robot_simulator)
[1.144s] Level 1:colcon.colcon_core.environment:create_environment_scripts_only(very_simple_robot_simulator)
[1.144s] Level 1:colcon.colcon_core.environment:checking '/home/maty/rob_movil_ws/install/very_simple_robot_simulator' for CMake module files
[1.144s] Level 1:colcon.colcon_core.environment:checking '/home/maty/rob_movil_ws/install/very_simple_robot_simulator' for CMake config files
[1.145s] Level 1:colcon.colcon_core.shell:create_environment_hook('very_simple_robot_simulator', 'cmake_prefix_path')
[1.145s] INFO:colcon.colcon_core.shell:Creating environment hook '/home/maty/rob_movil_ws/install/very_simple_robot_simulator/share/very_simple_robot_simulator/hook/cmake_prefix_path.ps1'
[1.145s] INFO:colcon.colcon_core.shell:Creating environment descriptor '/home/maty/rob_movil_ws/install/very_simple_robot_simulator/share/very_simple_robot_simulator/hook/cmake_prefix_path.dsv'
[1.146s] INFO:colcon.colcon_core.shell:Creating environment hook '/home/maty/rob_movil_ws/install/very_simple_robot_simulator/share/very_simple_robot_simulator/hook/cmake_prefix_path.sh'
[1.146s] Level 1:colcon.colcon_core.environment:checking '/home/maty/rob_movil_ws/install/very_simple_robot_simulator/lib'
[1.146s] Level 1:colcon.colcon_core.environment:checking '/home/maty/rob_movil_ws/install/very_simple_robot_simulator/bin'
[1.146s] Level 1:colcon.colcon_core.environment:checking '/home/maty/rob_movil_ws/install/very_simple_robot_simulator/lib/pkgconfig/very_simple_robot_simulator.pc'
[1.147s] Level 1:colcon.colcon_core.environment:checking '/home/maty/rob_movil_ws/install/very_simple_robot_simulator/lib/python3.10/site-packages'
[1.147s] Level 1:colcon.colcon_core.environment:checking '/home/maty/rob_movil_ws/install/very_simple_robot_simulator/bin'
[1.147s] INFO:colcon.colcon_core.shell:Creating package script '/home/maty/rob_movil_ws/install/very_simple_robot_simulator/share/very_simple_robot_simulator/package.ps1'
[1.148s] INFO:colcon.colcon_core.shell:Creating package descriptor '/home/maty/rob_movil_ws/install/very_simple_robot_simulator/share/very_simple_robot_simulator/package.dsv'
[1.148s] INFO:colcon.colcon_core.shell:Creating package script '/home/maty/rob_movil_ws/install/very_simple_robot_simulator/share/very_simple_robot_simulator/package.sh'
[1.149s] INFO:colcon.colcon_core.shell:Creating package script '/home/maty/rob_movil_ws/install/very_simple_robot_simulator/share/very_simple_robot_simulator/package.bash'
[1.149s] INFO:colcon.colcon_core.shell:Creating package script '/home/maty/rob_movil_ws/install/very_simple_robot_simulator/share/very_simple_robot_simulator/package.zsh'
[1.150s] Level 1:colcon.colcon_core.environment:create_file_with_runtime_dependencies(/home/maty/rob_movil_ws/install/very_simple_robot_simulator/share/colcon-core/packages/very_simple_robot_simulator)
[1.151s] DEBUG:colcon.colcon_parallel_executor.executor.parallel:closing loop
[1.152s] DEBUG:colcon.colcon_parallel_executor.executor.parallel:loop closed
[1.152s] DEBUG:colcon.colcon_parallel_executor.executor.parallel:run_until_complete finished with '0'
[1.153s] DEBUG:colcon.colcon_core.event_reactor:joining thread
[1.205s] INFO:colcon.colcon_core.plugin_system:Skipping extension 'colcon_notification.desktop_notification.notify_send': Could not find 'notify-send'
[1.206s] INFO:colcon.colcon_core.plugin_system:Skipping extension 'colcon_notification.desktop_notification.terminal_notifier': Not used on non-Darwin systems
[1.206s] INFO:colcon.colcon_core.plugin_system:Skipping extension 'colcon_notification.desktop_notification.win32': Not used on non-Windows systems
[1.206s] INFO:colcon.colcon_notification.desktop_notification:Sending desktop notification using 'notify2'
[1.206s] DEBUG:colcon.colcon_notification.desktop_notification.notify2:Failed to initialize notify2: org.freedesktop.DBus.Error.FileNotFound: Failed to connect to socket /run/user/1000/bus: No such file or directory
[1.206s] DEBUG:colcon.colcon_core.event_reactor:joined thread
[1.207s] INFO:colcon.colcon_core.shell:Creating prefix script '/home/maty/rob_movil_ws/install/local_setup.ps1'
[1.208s] INFO:colcon.colcon_core.shell:Creating prefix util module '/home/maty/rob_movil_ws/install/_local_setup_util_ps1.py'
[1.210s] INFO:colcon.colcon_core.shell:Creating prefix chain script '/home/maty/rob_movil_ws/install/setup.ps1'
[1.212s] INFO:colcon.colcon_core.shell:Creating prefix script '/home/maty/rob_movil_ws/install/local_setup.sh'
[1.212s] INFO:colcon.colcon_core.shell:Creating prefix util module '/home/maty/rob_movil_ws/install/_local_setup_util_sh.py'
[1.214s] INFO:colcon.colcon_core.shell:Creating prefix chain script '/home/maty/rob_movil_ws/install/setup.sh'
[1.216s] INFO:colcon.colcon_core.shell:Creating prefix script '/home/maty/rob_movil_ws/install/local_setup.bash'
[1.217s] INFO:colcon.colcon_core.shell:Creating prefix chain script '/home/maty/rob_movil_ws/install/setup.bash'
[1.219s] INFO:colcon.colcon_core.shell:Creating prefix script '/home/maty/rob_movil_ws/install/local_setup.zsh'
[1.219s] INFO:colcon.colcon_core.shell:Creating prefix chain script '/home/maty/rob_movil_ws/install/setup.zsh'
