[0.021s] Invoking command in '/home/maty/rob_movil_ws/build/very_simple_robot_simulator': CMAKE_PREFIX_PATH=${CMAKE_PREFIX_PATH}:/opt/ros/humble /usr/bin/cmake --build /home/maty/rob_movil_ws/build/very_simple_robot_simulator -- -j22 -l22
[0.055s] [  0%] Built target ament_cmake_python_symlink_very_simple_robot_simulator
[0.057s] [ 50%] Built target kinect_simulator
[0.061s] [100%] Built target lidar_simulator
[0.220s] running egg_info
[0.220s] writing very_simple_robot_simulator.egg-info/PKG-INFO
[0.221s] writing dependency_links to very_simple_robot_simulator.egg-info/dependency_links.txt
[0.221s] writing top-level names to very_simple_robot_simulator.egg-info/top_level.txt
[0.223s] reading manifest file 'very_simple_robot_simulator.egg-info/SOURCES.txt'
[0.224s] writing manifest file 'very_simple_robot_simulator.egg-info/SOURCES.txt'
[0.240s] [100%] Built target ament_cmake_python_build_very_simple_robot_simulator_egg
[0.246s] Invoked command in '/home/maty/rob_movil_ws/build/very_simple_robot_simulator' returned '0': CMAKE_PREFIX_PATH=${CMAKE_PREFIX_PATH}:/opt/ros/humble /usr/bin/cmake --build /home/maty/rob_movil_ws/build/very_simple_robot_simulator -- -j22 -l22
[0.248s] Invoking command in '/home/maty/rob_movil_ws/build/very_simple_robot_simulator': CMAKE_PREFIX_PATH=${CMAKE_PREFIX_PATH}:/opt/ros/humble /usr/bin/cmake --install /home/maty/rob_movil_ws/build/very_simple_robot_simulator
[0.254s] -- Install configuration: ""
[0.255s] -- Execute custom install script
[0.256s] -- Up-to-date symlink: /home/maty/rob_movil_ws/install/very_simple_robot_simulator/lib/very_simple_robot_simulator/kinect_simulator
[0.257s] -- Up-to-date symlink: /home/maty/rob_movil_ws/install/very_simple_robot_simulator/lib/very_simple_robot_simulator/lidar_simulator
[0.258s] -- Up-to-date symlink: /home/maty/rob_movil_ws/install/very_simple_robot_simulator/share/very_simple_robot_simulator/environment/pythonpath.sh
[0.259s] -- Up-to-date symlink: /home/maty/rob_movil_ws/install/very_simple_robot_simulator/share/very_simple_robot_simulator/environment/pythonpath.dsv
[0.259s] -- Up-to-date symlink: /home/maty/rob_movil_ws/install/very_simple_robot_simulator/local/lib/python3.10/dist-packages/very_simple_robot_simulator-0.0.0-py3.10.egg-info/PKG-INFO
[0.259s] -- Up-to-date symlink: /home/maty/rob_movil_ws/install/very_simple_robot_simulator/local/lib/python3.10/dist-packages/very_simple_robot_simulator-0.0.0-py3.10.egg-info/SOURCES.txt
[0.260s] -- Up-to-date symlink: /home/maty/rob_movil_ws/install/very_simple_robot_simulator/local/lib/python3.10/dist-packages/very_simple_robot_simulator-0.0.0-py3.10.egg-info/dependency_links.txt
[0.260s] -- Up-to-date symlink: /home/maty/rob_movil_ws/install/very_simple_robot_simulator/local/lib/python3.10/dist-packages/very_simple_robot_simulator-0.0.0-py3.10.egg-info/top_level.txt
[0.260s] -- Up-to-date symlink: /home/maty/rob_movil_ws/install/very_simple_robot_simulator/local/lib/python3.10/dist-packages/very_simple_robot_simulator/__init__.py
[0.261s] -- Up-to-date symlink: /home/maty/rob_movil_ws/install/very_simple_robot_simulator/lib/very_simple_robot_simulator/kinect_simulator.py
[0.261s] -- Up-to-date symlink: /home/maty/rob_movil_ws/install/very_simple_robot_simulator/lib/very_simple_robot_simulator/kobuki_simulator.py
[0.261s] -- Up-to-date symlink: /home/maty/rob_movil_ws/install/very_simple_robot_simulator/lib/very_simple_robot_simulator/lidar_simulator.py
[0.262s] -- Up-to-date symlink: /home/maty/rob_movil_ws/install/very_simple_robot_simulator/lib/very_simple_robot_simulator/rangefinder.py
[0.262s] -- Up-to-date symlink: /home/maty/rob_movil_ws/install/very_simple_robot_simulator/lib/very_simple_robot_simulator/utils.py
[0.262s] -- Up-to-date symlink: /home/maty/rob_movil_ws/install/very_simple_robot_simulator/lib/very_simple_robot_simulator/world_state_gui.py
[0.263s] -- Up-to-date symlink: /home/maty/rob_movil_ws/install/very_simple_robot_simulator/share/very_simple_robot_simulator//launch/lidar_simulator.xml
[0.263s] -- Up-to-date symlink: /home/maty/rob_movil_ws/install/very_simple_robot_simulator/share/very_simple_robot_simulator//launch/minimal_simulator.xml
[0.264s] -- Up-to-date symlink: /home/maty/rob_movil_ws/install/very_simple_robot_simulator/share/very_simple_robot_simulator//launch/minimal_simulator_py.xml
[0.264s] -- Up-to-date symlink: /home/maty/rob_movil_ws/install/very_simple_robot_simulator/share/very_simple_robot_simulator//launch/openni_simulator.xml
[0.265s] -- Up-to-date symlink: /home/maty/rob_movil_ws/install/very_simple_robot_simulator/share/very_simple_robot_simulator//launch/openni_simulator_py.xml
[0.265s] -- Up-to-date symlink: /home/maty/rob_movil_ws/install/very_simple_robot_simulator/share/very_simple_robot_simulator//launch/run_all.xml
[0.265s] -- Up-to-date symlink: /home/maty/rob_movil_ws/install/very_simple_robot_simulator/share/very_simple_robot_simulator//launch/world_state.xml
[0.266s] -- Up-to-date symlink: /home/maty/rob_movil_ws/install/very_simple_robot_simulator/share/ament_index/resource_index/package_run_dependencies/very_simple_robot_simulator
[0.266s] -- Up-to-date symlink: /home/maty/rob_movil_ws/install/very_simple_robot_simulator/share/ament_index/resource_index/parent_prefix_path/very_simple_robot_simulator
[0.266s] -- Up-to-date symlink: /home/maty/rob_movil_ws/install/very_simple_robot_simulator/share/very_simple_robot_simulator/environment/ament_prefix_path.sh
[0.267s] -- Up-to-date symlink: /home/maty/rob_movil_ws/install/very_simple_robot_simulator/share/very_simple_robot_simulator/environment/ament_prefix_path.dsv
[0.267s] -- Up-to-date symlink: /home/maty/rob_movil_ws/install/very_simple_robot_simulator/share/very_simple_robot_simulator/environment/path.sh
[0.268s] -- Up-to-date symlink: /home/maty/rob_movil_ws/install/very_simple_robot_simulator/share/very_simple_robot_simulator/environment/path.dsv
[0.268s] -- Up-to-date symlink: /home/maty/rob_movil_ws/install/very_simple_robot_simulator/share/very_simple_robot_simulator/local_setup.bash
[0.269s] -- Up-to-date symlink: /home/maty/rob_movil_ws/install/very_simple_robot_simulator/share/very_simple_robot_simulator/local_setup.sh
[0.269s] -- Up-to-date symlink: /home/maty/rob_movil_ws/install/very_simple_robot_simulator/share/very_simple_robot_simulator/local_setup.zsh
[0.269s] -- Up-to-date symlink: /home/maty/rob_movil_ws/install/very_simple_robot_simulator/share/very_simple_robot_simulator/local_setup.dsv
[0.269s] -- Symlinking: /home/maty/rob_movil_ws/install/very_simple_robot_simulator/share/very_simple_robot_simulator/package.dsv
[0.274s] -- Up-to-date symlink: /home/maty/rob_movil_ws/install/very_simple_robot_simulator/share/ament_index/resource_index/packages/very_simple_robot_simulator
[0.275s] -- Up-to-date symlink: /home/maty/rob_movil_ws/install/very_simple_robot_simulator/share/very_simple_robot_simulator/cmake/very_simple_robot_simulatorConfig.cmake
[0.275s] -- Up-to-date symlink: /home/maty/rob_movil_ws/install/very_simple_robot_simulator/share/very_simple_robot_simulator/cmake/very_simple_robot_simulatorConfig-version.cmake
[0.276s] -- Up-to-date symlink: /home/maty/rob_movil_ws/install/very_simple_robot_simulator/share/very_simple_robot_simulator/package.xml
[0.295s] Listing '/home/maty/rob_movil_ws/install/very_simple_robot_simulator/local/lib/python3.10/dist-packages/very_simple_robot_simulator'...
[0.299s] Invoked command in '/home/maty/rob_movil_ws/build/very_simple_robot_simulator' returned '0': CMAKE_PREFIX_PATH=${CMAKE_PREFIX_PATH}:/opt/ros/humble /usr/bin/cmake --install /home/maty/rob_movil_ws/build/very_simple_robot_simulator
