[0.035s] Invoking command in '/home/maty/rob_movil_ws/build/lab2_iic2685': CMAKE_PREFIX_PATH=${CMAKE_PREFIX_PATH}:/opt/ros/humble /usr/bin/cmake --build /home/maty/rob_movil_ws/build/lab2_iic2685 -- -j22 -l22
[0.106s] Built target ament_cmake_python_symlink_lab2_iic2685
[0.409s] running egg_info
[0.409s] writing lab2_iic2685.egg-info/PKG-INFO
[0.410s] writing dependency_links to lab2_iic2685.egg-info/dependency_links.txt
[0.410s] writing top-level names to lab2_iic2685.egg-info/top_level.txt
[0.413s] reading manifest file 'lab2_iic2685.egg-info/SOURCES.txt'
[0.414s] writing manifest file 'lab2_iic2685.egg-info/SOURCES.txt'
[0.450s] Built target ament_cmake_python_build_lab2_iic2685_egg
[0.459s] Invoked command in '/home/maty/rob_movil_ws/build/lab2_iic2685' returned '0': CMAKE_PREFIX_PATH=${CMAKE_PREFIX_PATH}:/opt/ros/humble /usr/bin/cmake --build /home/maty/rob_movil_ws/build/lab2_iic2685 -- -j22 -l22
[0.463s] Invoking command in '/home/maty/rob_movil_ws/build/lab2_iic2685': CMAKE_PREFIX_PATH=${CMAKE_PREFIX_PATH}:/opt/ros/humble /usr/bin/cmake --install /home/maty/rob_movil_ws/build/lab2_iic2685
[0.471s] -- Install configuration: ""
[0.471s] -- Execute custom install script
[0.472s] -- Up-to-date symlink: /home/maty/rob_movil_ws/install/lab2_iic2685/share/lab2_iic2685/environment/pythonpath.sh
[0.472s] -- Up-to-date symlink: /home/maty/rob_movil_ws/install/lab2_iic2685/share/lab2_iic2685/environment/pythonpath.dsv
[0.474s] -- Up-to-date symlink: /home/maty/rob_movil_ws/install/lab2_iic2685/local/lib/python3.10/dist-packages/lab2_iic2685-0.0.0-py3.10.egg-info/PKG-INFO
[0.475s] -- Up-to-date symlink: /home/maty/rob_movil_ws/install/lab2_iic2685/local/lib/python3.10/dist-packages/lab2_iic2685-0.0.0-py3.10.egg-info/SOURCES.txt
[0.476s] -- Up-to-date symlink: /home/maty/rob_movil_ws/install/lab2_iic2685/local/lib/python3.10/dist-packages/lab2_iic2685-0.0.0-py3.10.egg-info/dependency_links.txt
[0.476s] -- Up-to-date symlink: /home/maty/rob_movil_ws/install/lab2_iic2685/local/lib/python3.10/dist-packages/lab2_iic2685-0.0.0-py3.10.egg-info/top_level.txt
[0.476s] -- Up-to-date symlink: /home/maty/rob_movil_ws/install/lab2_iic2685/local/lib/python3.10/dist-packages/lab2_iic2685/__init__.py
[0.476s] -- Up-to-date symlink: /home/maty/rob_movil_ws/install/lab2_iic2685/lib/lab2_iic2685/dead_reckoning_nav.py
[0.476s] -- Up-to-date symlink: /home/maty/rob_movil_ws/install/lab2_iic2685/lib/lab2_iic2685/pose_loader.py
[0.477s] -- Up-to-date symlink: /home/maty/rob_movil_ws/install/lab2_iic2685/share/lab2_iic2685/launch/avanzar_y_rotar.py
[0.477s] -- Up-to-date symlink: /home/maty/rob_movil_ws/install/lab2_iic2685/share/lab2_iic2685/launch/avanzar_y_rotar.xml
[0.477s] -- Up-to-date symlink: /home/maty/rob_movil_ws/install/lab2_iic2685/share/ament_index/resource_index/package_run_dependencies/lab2_iic2685
[0.477s] -- Up-to-date symlink: /home/maty/rob_movil_ws/install/lab2_iic2685/share/ament_index/resource_index/parent_prefix_path/lab2_iic2685
[0.477s] -- Up-to-date symlink: /home/maty/rob_movil_ws/install/lab2_iic2685/share/lab2_iic2685/environment/ament_prefix_path.sh
[0.478s] -- Up-to-date symlink: /home/maty/rob_movil_ws/install/lab2_iic2685/share/lab2_iic2685/environment/ament_prefix_path.dsv
[0.478s] -- Up-to-date symlink: /home/maty/rob_movil_ws/install/lab2_iic2685/share/lab2_iic2685/environment/path.sh
[0.479s] -- Up-to-date symlink: /home/maty/rob_movil_ws/install/lab2_iic2685/share/lab2_iic2685/environment/path.dsv
[0.479s] -- Up-to-date symlink: /home/maty/rob_movil_ws/install/lab2_iic2685/share/lab2_iic2685/local_setup.bash
[0.479s] -- Up-to-date symlink: /home/maty/rob_movil_ws/install/lab2_iic2685/share/lab2_iic2685/local_setup.sh
[0.480s] -- Up-to-date symlink: /home/maty/rob_movil_ws/install/lab2_iic2685/share/lab2_iic2685/local_setup.zsh
[0.481s] -- Up-to-date symlink: /home/maty/rob_movil_ws/install/lab2_iic2685/share/lab2_iic2685/local_setup.dsv
[0.481s] -- Symlinking: /home/maty/rob_movil_ws/install/lab2_iic2685/share/lab2_iic2685/package.dsv
[0.491s] -- Up-to-date symlink: /home/maty/rob_movil_ws/install/lab2_iic2685/share/ament_index/resource_index/packages/lab2_iic2685
[0.491s] -- Up-to-date symlink: /home/maty/rob_movil_ws/install/lab2_iic2685/share/lab2_iic2685/cmake/lab2_iic2685Config.cmake
[0.491s] -- Up-to-date symlink: /home/maty/rob_movil_ws/install/lab2_iic2685/share/lab2_iic2685/cmake/lab2_iic2685Config-version.cmake
[0.491s] -- Up-to-date symlink: /home/maty/rob_movil_ws/install/lab2_iic2685/share/lab2_iic2685/package.xml
[0.528s] Listing '/home/maty/rob_movil_ws/install/lab2_iic2685/local/lib/python3.10/dist-packages/lab2_iic2685'...
[0.539s] Invoked command in '/home/maty/rob_movil_ws/build/lab2_iic2685' returned '0': CMAKE_PREFIX_PATH=${CMAKE_PREFIX_PATH}:/opt/ros/humble /usr/bin/cmake --install /home/maty/rob_movil_ws/build/lab2_iic2685
