[0.055s] Invoking command in '/home/maty/rob_movil_ws/build/cmd_vel_mux': CMAKE_PREFIX_PATH=${CMAKE_PREFIX_PATH}:/opt/ros/humble /usr/bin/cmake /home/maty/rob_movil_ws/src/cmd_vel_mux -DAMENT_CMAKE_SYMLINK_INSTALL=1 -DCMAKE_INSTALL_PREFIX=/home/maty/rob_movil_ws/install/cmd_vel_mux
[0.073s] -- Found ament_cmake_ros: 0.10.0 (/opt/ros/humble/share/ament_cmake_ros/cmake)
[0.248s] -- Override CMake install command with custom implementation using symlinks instead of copying resources
[0.256s] -- Found geometry_msgs: 4.8.0 (/opt/ros/humble/share/geometry_msgs/cmake)
[0.391s] -- Found rosidl_generator_c: 3.1.6 (/opt/ros/humble/share/rosidl_generator_c/cmake)
[0.395s] -- Found rosidl_adapter: 3.1.6 (/opt/ros/humble/share/rosidl_adapter/cmake)
[0.402s] -- Found rosidl_generator_cpp: 3.1.6 (/opt/ros/humble/share/rosidl_generator_cpp/cmake)
[0.415s] -- Using all available rosidl_typesupport_c: rosidl_typesupport_fastrtps_c;rosidl_typesupport_introspection_c
[0.433s] -- Using all available rosidl_typesupport_cpp: rosidl_typesupport_fastrtps_cpp;rosidl_typesupport_introspection_cpp
[0.476s] -- Found rcl_interfaces: 1.2.1 (/opt/ros/humble/share/rcl_interfaces/cmake)
[0.489s] -- Found rclcpp: 16.0.12 (/opt/ros/humble/share/rclcpp/cmake)
[0.508s] -- Found rmw_implementation_cmake: 6.1.2 (/opt/ros/humble/share/rmw_implementation_cmake/cmake)
[0.510s] -- Found rmw_fastrtps_cpp: 6.2.7 (/opt/ros/humble/share/rmw_fastrtps_cpp/cmake)
[2.837s] -- Using RMW implementation 'rmw_fastrtps_cpp' as default
[2.877s] -- Found rclcpp_components: 16.0.12 (/opt/ros/humble/share/rclcpp_components/cmake)
[2.901s] -- Found ament_lint_auto: 0.12.12 (/opt/ros/humble/share/ament_lint_auto/cmake)
[2.977s] -- Found launch_testing_ament_cmake: 1.0.8 (/opt/ros/humble/share/launch_testing_ament_cmake/cmake)
[2.977s] -- Found python_cmake_module: 0.10.0 (/opt/ros/humble/share/python_cmake_module/cmake)
[3.003s] -- Using PYTHON_EXECUTABLE: /usr/bin/python3
[3.003s] -- Using PYTHON_INCLUDE_DIRS: /usr/include/python3.10
[3.003s] -- Using PYTHON_LIBRARIES: /usr/lib/x86_64-linux-gnu/libpython3.10.so
[3.012s] -- Added test 'cppcheck' to perform static code analysis on C / C++ code
[3.012s] -- Configured cppcheck include dirs: /home/maty/rob_movil_ws/src/cmd_vel_mux/include
[3.013s] -- Configured cppcheck exclude dirs and/or files: 
[3.014s] -- Added test 'cpplint' to check C / C++ code against the Google style
[3.014s] -- Configured cpplint exclude dirs and/or files: 
[3.015s] -- Added test 'flake8' to check Python code syntax and style conventions
[3.015s] -- Added test 'lint_cmake' to check CMake code style
[3.016s] -- Added test 'pep257' to check Python code against some of the docstring style conventions in PEP 257
[3.018s] -- Added test 'uncrustify' to check C / C++ code style
[3.018s] -- Configured uncrustify additional arguments: 
[3.018s] -- Added test 'xmllint' to check XML markup files
[3.019s] -- Configuring done
[3.033s] -- Generating done
[3.039s] -- Build files have been written to: /home/maty/rob_movil_ws/build/cmd_vel_mux
[3.051s] Invoked command in '/home/maty/rob_movil_ws/build/cmd_vel_mux' returned '0': CMAKE_PREFIX_PATH=${CMAKE_PREFIX_PATH}:/opt/ros/humble /usr/bin/cmake /home/maty/rob_movil_ws/src/cmd_vel_mux -DAMENT_CMAKE_SYMLINK_INSTALL=1 -DCMAKE_INSTALL_PREFIX=/home/maty/rob_movil_ws/install/cmd_vel_mux
[3.051s] Invoking command in '/home/maty/rob_movil_ws/build/cmd_vel_mux': CMAKE_PREFIX_PATH=${CMAKE_PREFIX_PATH}:/opt/ros/humble /usr/bin/cmake --build /home/maty/rob_movil_ws/build/cmd_vel_mux -- -j22 -l22
[3.087s] [35m[1mConsolidate compiler generated dependencies of target cmd_vel_mux[0m
[3.088s] [35m[1mConsolidate compiler generated dependencies of target cmd_vel_mux_node[0m
[3.106s] [ 75%] Built target cmd_vel_mux
[3.107s] [100%] Built target cmd_vel_mux_node
[3.122s] Invoked command in '/home/maty/rob_movil_ws/build/cmd_vel_mux' returned '0': CMAKE_PREFIX_PATH=${CMAKE_PREFIX_PATH}:/opt/ros/humble /usr/bin/cmake --build /home/maty/rob_movil_ws/build/cmd_vel_mux -- -j22 -l22
[3.123s] Invoking command in '/home/maty/rob_movil_ws/build/cmd_vel_mux': CMAKE_PREFIX_PATH=${CMAKE_PREFIX_PATH}:/opt/ros/humble /usr/bin/cmake --install /home/maty/rob_movil_ws/build/cmd_vel_mux
[3.131s] -- Install configuration: ""
[3.131s] -- Execute custom install script
[3.132s] -- Up-to-date symlink: /home/maty/rob_movil_ws/install/cmd_vel_mux/lib/cmd_vel_mux/cmd_vel_mux_node
[3.132s] -- Up-to-date symlink: /home/maty/rob_movil_ws/install/cmd_vel_mux/lib/libcmd_vel_mux.so
[3.132s] -- Up-to-date symlink: /home/maty/rob_movil_ws/install/cmd_vel_mux/include/cmd_vel_mux/cmd_vel_mux.hpp
[3.133s] -- Up-to-date symlink: /home/maty/rob_movil_ws/install/cmd_vel_mux/share/cmd_vel_mux/config/cmd_vel_mux_params.yaml
[3.133s] -- Up-to-date symlink: /home/maty/rob_movil_ws/install/cmd_vel_mux/share/cmd_vel_mux/launch/cmd_vel_mux-composed-launch.py
[3.133s] -- Up-to-date symlink: /home/maty/rob_movil_ws/install/cmd_vel_mux/share/cmd_vel_mux/launch/cmd_vel_mux-launch.py
[3.133s] -- Up-to-date symlink: /home/maty/rob_movil_ws/install/cmd_vel_mux/share/ament_index/resource_index/package_run_dependencies/cmd_vel_mux
[3.134s] -- Up-to-date symlink: /home/maty/rob_movil_ws/install/cmd_vel_mux/share/ament_index/resource_index/parent_prefix_path/cmd_vel_mux
[3.134s] -- Up-to-date symlink: /home/maty/rob_movil_ws/install/cmd_vel_mux/share/cmd_vel_mux/environment/ament_prefix_path.sh
[3.135s] -- Up-to-date symlink: /home/maty/rob_movil_ws/install/cmd_vel_mux/share/cmd_vel_mux/environment/ament_prefix_path.dsv
[3.135s] -- Up-to-date symlink: /home/maty/rob_movil_ws/install/cmd_vel_mux/share/cmd_vel_mux/environment/path.sh
[3.135s] -- Up-to-date symlink: /home/maty/rob_movil_ws/install/cmd_vel_mux/share/cmd_vel_mux/environment/path.dsv
[3.135s] -- Up-to-date symlink: /home/maty/rob_movil_ws/install/cmd_vel_mux/share/cmd_vel_mux/local_setup.bash
[3.136s] -- Up-to-date symlink: /home/maty/rob_movil_ws/install/cmd_vel_mux/share/cmd_vel_mux/local_setup.sh
[3.136s] -- Up-to-date symlink: /home/maty/rob_movil_ws/install/cmd_vel_mux/share/cmd_vel_mux/local_setup.zsh
[3.137s] -- Up-to-date symlink: /home/maty/rob_movil_ws/install/cmd_vel_mux/share/cmd_vel_mux/local_setup.dsv
[3.137s] -- Symlinking: /home/maty/rob_movil_ws/install/cmd_vel_mux/share/cmd_vel_mux/package.dsv
[3.146s] -- Up-to-date symlink: /home/maty/rob_movil_ws/install/cmd_vel_mux/share/ament_index/resource_index/packages/cmd_vel_mux
[3.146s] -- Up-to-date symlink: /home/maty/rob_movil_ws/install/cmd_vel_mux/share/ament_index/resource_index/rclcpp_components/cmd_vel_mux
[3.146s] -- Up-to-date symlink: /home/maty/rob_movil_ws/install/cmd_vel_mux/share/cmd_vel_mux/cmake/cmd_vel_muxConfig.cmake
[3.146s] -- Up-to-date symlink: /home/maty/rob_movil_ws/install/cmd_vel_mux/share/cmd_vel_mux/cmake/cmd_vel_muxConfig-version.cmake
[3.146s] -- Up-to-date symlink: /home/maty/rob_movil_ws/install/cmd_vel_mux/share/cmd_vel_mux/package.xml
[3.148s] Invoked command in '/home/maty/rob_movil_ws/build/cmd_vel_mux' returned '0': CMAKE_PREFIX_PATH=${CMAKE_PREFIX_PATH}:/opt/ros/humble /usr/bin/cmake --install /home/maty/rob_movil_ws/build/cmd_vel_mux
