[0.013s] Invoking command in '/home/maty/rob_movil_ws/build/movement_robot': CMAKE_PREFIX_PATH=${CMAKE_PREFIX_PATH}:/opt/ros/humble /usr/bin/cmake /home/maty/rob_movil_ws/src/movement_robot -DAMENT_CMAKE_SYMLINK_INSTALL=1 -DCMAKE_INSTALL_PREFIX=/home/maty/rob_movil_ws/install/movement_robot
[0.019s] -- Found ament_cmake: 1.3.11 (/opt/ros/humble/share/ament_cmake/cmake)
[0.086s] -- Override CMake install command with custom implementation using symlinks instead of copying resources
[0.089s] -- Found ament_lint_auto: 0.12.12 (/opt/ros/humble/share/ament_lint_auto/cmake)
[0.128s] -- Added test 'flake8' to check Python code syntax and style conventions
[0.128s] -- Added test 'lint_cmake' to check CMake code style
[0.128s] -- Added test 'pep257' to check Python code against some of the docstring style conventions in PEP 257
[0.129s] -- Added test 'xmllint' to check XML markup files
[0.129s] -- Configuring done
[0.131s] -- Generating done
[0.132s] -- Build files have been written to: /home/maty/rob_movil_ws/build/movement_robot
[0.134s] Invoked command in '/home/maty/rob_movil_ws/build/movement_robot' returned '0': CMAKE_PREFIX_PATH=${CMAKE_PREFIX_PATH}:/opt/ros/humble /usr/bin/cmake /home/maty/rob_movil_ws/src/movement_robot -DAMENT_CMAKE_SYMLINK_INSTALL=1 -DCMAKE_INSTALL_PREFIX=/home/maty/rob_movil_ws/install/movement_robot
[0.136s] Invoking command in '/home/maty/rob_movil_ws/build/movement_robot': CMAKE_PREFIX_PATH=${CMAKE_PREFIX_PATH}:/opt/ros/humble /usr/bin/cmake --build /home/maty/rob_movil_ws/build/movement_robot -- -j22 -l22
[0.154s] Invoked command in '/home/maty/rob_movil_ws/build/movement_robot' returned '0': CMAKE_PREFIX_PATH=${CMAKE_PREFIX_PATH}:/opt/ros/humble /usr/bin/cmake --build /home/maty/rob_movil_ws/build/movement_robot -- -j22 -l22
[0.158s] Invoking command in '/home/maty/rob_movil_ws/build/movement_robot': CMAKE_PREFIX_PATH=${CMAKE_PREFIX_PATH}:/opt/ros/humble /usr/bin/cmake --install /home/maty/rob_movil_ws/build/movement_robot
[0.162s] -- Install configuration: ""
[0.162s] -- Execute custom install script
[0.162s] -- Up-to-date symlink: /home/maty/rob_movil_ws/install/movement_robot/share/ament_index/resource_index/package_run_dependencies/movement_robot
[0.162s] -- Up-to-date symlink: /home/maty/rob_movil_ws/install/movement_robot/share/ament_index/resource_index/parent_prefix_path/movement_robot
[0.162s] -- Up-to-date symlink: /home/maty/rob_movil_ws/install/movement_robot/share/movement_robot/environment/ament_prefix_path.sh
[0.162s] -- Up-to-date symlink: /home/maty/rob_movil_ws/install/movement_robot/share/movement_robot/environment/ament_prefix_path.dsv
[0.162s] -- Up-to-date symlink: /home/maty/rob_movil_ws/install/movement_robot/share/movement_robot/environment/path.sh
[0.162s] -- Up-to-date symlink: /home/maty/rob_movil_ws/install/movement_robot/share/movement_robot/environment/path.dsv
[0.162s] -- Up-to-date symlink: /home/maty/rob_movil_ws/install/movement_robot/share/movement_robot/local_setup.bash
[0.163s] -- Up-to-date symlink: /home/maty/rob_movil_ws/install/movement_robot/share/movement_robot/local_setup.sh
[0.163s] -- Up-to-date symlink: /home/maty/rob_movil_ws/install/movement_robot/share/movement_robot/local_setup.zsh
[0.163s] -- Up-to-date symlink: /home/maty/rob_movil_ws/install/movement_robot/share/movement_robot/local_setup.dsv
[0.163s] -- Symlinking: /home/maty/rob_movil_ws/install/movement_robot/share/movement_robot/package.dsv
[0.167s] -- Up-to-date symlink: /home/maty/rob_movil_ws/install/movement_robot/share/ament_index/resource_index/packages/movement_robot
[0.167s] -- Up-to-date symlink: /home/maty/rob_movil_ws/install/movement_robot/share/movement_robot/cmake/movement_robotConfig.cmake
[0.167s] -- Up-to-date symlink: /home/maty/rob_movil_ws/install/movement_robot/share/movement_robot/cmake/movement_robotConfig-version.cmake
[0.167s] -- Up-to-date symlink: /home/maty/rob_movil_ws/install/movement_robot/share/movement_robot/package.xml
[0.168s] Invoked command in '/home/maty/rob_movil_ws/build/movement_robot' returned '0': CMAKE_PREFIX_PATH=${CMAKE_PREFIX_PATH}:/opt/ros/humble /usr/bin/cmake --install /home/maty/rob_movil_ws/build/movement_robot
