-- The C compiler identification is GNU 11.4.0
-- The CXX compiler identification is GNU 11.4.0
-- Detecting C compiler ABI info
-- Detecting C compiler ABI info - done
-- Check for working C compiler: /usr/bin/cc - skipped
-- Detecting C compile features
-- Detecting C compile features - done
-- Detecting CXX compiler ABI info
-- Detecting CXX compiler ABI info - done
-- Check for working CXX compiler: /usr/bin/c++ - skipped
-- Detecting CXX compile features
-- Detecting CXX compile features - done
-- Found ament_cmake: 1.3.11 (/opt/ros/humble/share/ament_cmake/cmake)
-- Found Python3: /usr/bin/python3 (found version "3.10.12") found components: Interpreter 
-- Found ament_lint_auto: 0.12.12 (/opt/ros/humble/share/ament_lint_auto/cmake)
WARNING: Package name "Mini_Tarea_2" does not follow the naming conventions. It should start with a lower case letter and only contain lower case letters, digits, underscores, and dashes.
-- Added test 'lint_cmake' to check CMake code style
-- Added test 'xmllint' to check XML markup files
-- Configuring done
-- Generating done
-- Build files have been written to: /home/maty/rob_movil_ws/src/build/Mini_Tarea_2
-- Install configuration: ""
-- Installing: /home/maty/rob_movil_ws/src/install/Mini_Tarea_2/share/ament_index/resource_index/package_run_dependencies/Mini_Tarea_2
-- Installing: /home/maty/rob_movil_ws/src/install/Mini_Tarea_2/share/ament_index/resource_index/parent_prefix_path/Mini_Tarea_2
-- Installing: /home/maty/rob_movil_ws/src/install/Mini_Tarea_2/share/Mini_Tarea_2/environment/ament_prefix_path.sh
-- Installing: /home/maty/rob_movil_ws/src/install/Mini_Tarea_2/share/Mini_Tarea_2/environment/ament_prefix_path.dsv
-- Installing: /home/maty/rob_movil_ws/src/install/Mini_Tarea_2/share/Mini_Tarea_2/environment/path.sh
-- Installing: /home/maty/rob_movil_ws/src/install/Mini_Tarea_2/share/Mini_Tarea_2/environment/path.dsv
-- Installing: /home/maty/rob_movil_ws/src/install/Mini_Tarea_2/share/Mini_Tarea_2/local_setup.bash
-- Installing: /home/maty/rob_movil_ws/src/install/Mini_Tarea_2/share/Mini_Tarea_2/local_setup.sh
-- Installing: /home/maty/rob_movil_ws/src/install/Mini_Tarea_2/share/Mini_Tarea_2/local_setup.zsh
-- Installing: /home/maty/rob_movil_ws/src/install/Mini_Tarea_2/share/Mini_Tarea_2/local_setup.dsv
-- Installing: /home/maty/rob_movil_ws/src/install/Mini_Tarea_2/share/Mini_Tarea_2/package.dsv
-- Installing: /home/maty/rob_movil_ws/src/install/Mini_Tarea_2/share/ament_index/resource_index/packages/Mini_Tarea_2
-- Installing: /home/maty/rob_movil_ws/src/install/Mini_Tarea_2/share/Mini_Tarea_2/cmake/Mini_Tarea_2Config.cmake
-- Installing: /home/maty/rob_movil_ws/src/install/Mini_Tarea_2/share/Mini_Tarea_2/cmake/Mini_Tarea_2Config-version.cmake
-- Installing: /home/maty/rob_movil_ws/src/install/Mini_Tarea_2/share/Mini_Tarea_2/package.xml
