[0.045s] Invoking command in '/home/maty/rob_movil_ws/build/lab2_iic2685': CMAKE_PREFIX_PATH=${CMAKE_PREFIX_PATH}:/opt/ros/humble /usr/bin/cmake /home/maty/rob_movil_ws/src/lab2_iic2685 -DAMENT_CMAKE_SYMLINK_INSTALL=1 -DCMAKE_INSTALL_PREFIX=/home/maty/rob_movil_ws/install/lab2_iic2685
[0.062s] -- Found ament_cmake: 1.3.11 (/opt/ros/humble/share/ament_cmake/cmake)
[0.230s] -- Override CMake install command with custom implementation using symlinks instead of copying resources
[0.322s] -- Found ament_lint_auto: 0.12.12 (/opt/ros/humble/share/ament_lint_auto/cmake)
[0.414s] -- Added test 'cppcheck' to perform static code analysis on C / C++ code
[0.414s] -- Configured cppcheck include dirs: 
[0.414s] -- Configured cppcheck exclude dirs and/or files: 
[0.415s] -- Added test 'flake8' to check Python code syntax and style conventions
[0.420s] -- Added test 'lint_cmake' to check CMake code style
[0.420s] -- Added test 'pep257' to check Python code against some of the docstring style conventions in PEP 257
[0.428s] -- Added test 'uncrustify' to check C / C++ code style
[0.428s] -- Configured uncrustify additional arguments: 
[0.429s] -- Added test 'xmllint' to check XML markup files
[0.429s] -- Configuring done
[0.433s] -- Generating done
[0.438s] -- Build files have been written to: /home/maty/rob_movil_ws/build/lab2_iic2685
[0.449s] Invoked command in '/home/maty/rob_movil_ws/build/lab2_iic2685' returned '0': CMAKE_PREFIX_PATH=${CMAKE_PREFIX_PATH}:/opt/ros/humble /usr/bin/cmake /home/maty/rob_movil_ws/src/lab2_iic2685 -DAMENT_CMAKE_SYMLINK_INSTALL=1 -DCMAKE_INSTALL_PREFIX=/home/maty/rob_movil_ws/install/lab2_iic2685
[0.453s] Invoking command in '/home/maty/rob_movil_ws/build/lab2_iic2685': CMAKE_PREFIX_PATH=${CMAKE_PREFIX_PATH}:/opt/ros/humble /usr/bin/cmake --build /home/maty/rob_movil_ws/build/lab2_iic2685 -- -j22 -l22
[0.501s] Built target ament_cmake_python_symlink_lab2_iic2685
[0.752s] running egg_info
[0.752s] writing lab2_iic2685.egg-info/PKG-INFO
[0.753s] writing dependency_links to lab2_iic2685.egg-info/dependency_links.txt
[0.753s] writing top-level names to lab2_iic2685.egg-info/top_level.txt
[0.755s] reading manifest file 'lab2_iic2685.egg-info/SOURCES.txt'
[0.756s] writing manifest file 'lab2_iic2685.egg-info/SOURCES.txt'
[0.785s] Built target ament_cmake_python_build_lab2_iic2685_egg
[0.796s] Invoked command in '/home/maty/rob_movil_ws/build/lab2_iic2685' returned '0': CMAKE_PREFIX_PATH=${CMAKE_PREFIX_PATH}:/opt/ros/humble /usr/bin/cmake --build /home/maty/rob_movil_ws/build/lab2_iic2685 -- -j22 -l22
[0.800s] Invoking command in '/home/maty/rob_movil_ws/build/lab2_iic2685': CMAKE_PREFIX_PATH=${CMAKE_PREFIX_PATH}:/opt/ros/humble /usr/bin/cmake --install /home/maty/rob_movil_ws/build/lab2_iic2685
[0.805s] -- Install configuration: ""
[0.805s] -- Execute custom install script
[0.806s] -- Up-to-date symlink: /home/maty/rob_movil_ws/install/lab2_iic2685/share/lab2_iic2685/environment/pythonpath.sh
[0.806s] -- Up-to-date symlink: /home/maty/rob_movil_ws/install/lab2_iic2685/share/lab2_iic2685/environment/pythonpath.dsv
[0.806s] -- Up-to-date symlink: /home/maty/rob_movil_ws/install/lab2_iic2685/local/lib/python3.10/dist-packages/lab2_iic2685-0.0.0-py3.10.egg-info/PKG-INFO
[0.806s] -- Up-to-date symlink: /home/maty/rob_movil_ws/install/lab2_iic2685/local/lib/python3.10/dist-packages/lab2_iic2685-0.0.0-py3.10.egg-info/SOURCES.txt
[0.806s] -- Up-to-date symlink: /home/maty/rob_movil_ws/install/lab2_iic2685/local/lib/python3.10/dist-packages/lab2_iic2685-0.0.0-py3.10.egg-info/dependency_links.txt
[0.807s] -- Up-to-date symlink: /home/maty/rob_movil_ws/install/lab2_iic2685/local/lib/python3.10/dist-packages/lab2_iic2685-0.0.0-py3.10.egg-info/top_level.txt
[0.807s] -- Up-to-date symlink: /home/maty/rob_movil_ws/install/lab2_iic2685/local/lib/python3.10/dist-packages/lab2_iic2685/__init__.py
[0.807s] -- Up-to-date symlink: /home/maty/rob_movil_ws/install/lab2_iic2685/lib/lab2_iic2685/dead_reckoning_nav.py
[0.807s] -- Up-to-date symlink: /home/maty/rob_movil_ws/install/lab2_iic2685/lib/lab2_iic2685/pose_loader.py
[0.808s] -- Up-to-date symlink: /home/maty/rob_movil_ws/install/lab2_iic2685/share/lab2_iic2685/launch/avanzar_y_rotar.py
[0.808s] -- Up-to-date symlink: /home/maty/rob_movil_ws/install/lab2_iic2685/share/lab2_iic2685/launch/avanzar_y_rotar.xml
[0.808s] -- Up-to-date symlink: /home/maty/rob_movil_ws/install/lab2_iic2685/share/ament_index/resource_index/package_run_dependencies/lab2_iic2685
[0.808s] -- Up-to-date symlink: /home/maty/rob_movil_ws/install/lab2_iic2685/share/ament_index/resource_index/parent_prefix_path/lab2_iic2685
[0.809s] -- Up-to-date symlink: /home/maty/rob_movil_ws/install/lab2_iic2685/share/lab2_iic2685/environment/ament_prefix_path.sh
[0.809s] -- Up-to-date symlink: /home/maty/rob_movil_ws/install/lab2_iic2685/share/lab2_iic2685/environment/ament_prefix_path.dsv
[0.809s] -- Up-to-date symlink: /home/maty/rob_movil_ws/install/lab2_iic2685/share/lab2_iic2685/environment/path.sh
[0.809s] -- Up-to-date symlink: /home/maty/rob_movil_ws/install/lab2_iic2685/share/lab2_iic2685/environment/path.dsv
[0.810s] -- Up-to-date symlink: /home/maty/rob_movil_ws/install/lab2_iic2685/share/lab2_iic2685/local_setup.bash
[0.810s] -- Up-to-date symlink: /home/maty/rob_movil_ws/install/lab2_iic2685/share/lab2_iic2685/local_setup.sh
[0.810s] -- Up-to-date symlink: /home/maty/rob_movil_ws/install/lab2_iic2685/share/lab2_iic2685/local_setup.zsh
[0.810s] -- Up-to-date symlink: /home/maty/rob_movil_ws/install/lab2_iic2685/share/lab2_iic2685/local_setup.dsv
[0.811s] -- Symlinking: /home/maty/rob_movil_ws/install/lab2_iic2685/share/lab2_iic2685/package.dsv
[0.819s] -- Up-to-date symlink: /home/maty/rob_movil_ws/install/lab2_iic2685/share/ament_index/resource_index/packages/lab2_iic2685
[0.819s] -- Up-to-date symlink: /home/maty/rob_movil_ws/install/lab2_iic2685/share/lab2_iic2685/cmake/lab2_iic2685Config.cmake
[0.819s] -- Up-to-date symlink: /home/maty/rob_movil_ws/install/lab2_iic2685/share/lab2_iic2685/cmake/lab2_iic2685Config-version.cmake
[0.819s] -- Up-to-date symlink: /home/maty/rob_movil_ws/install/lab2_iic2685/share/lab2_iic2685/package.xml
[0.853s] Listing '/home/maty/rob_movil_ws/install/lab2_iic2685/local/lib/python3.10/dist-packages/lab2_iic2685'...
[0.860s] Invoked command in '/home/maty/rob_movil_ws/build/lab2_iic2685' returned '0': CMAKE_PREFIX_PATH=${CMAKE_PREFIX_PATH}:/opt/ros/humble /usr/bin/cmake --install /home/maty/rob_movil_ws/build/lab2_iic2685
