[0.020s] Invoking command in '/home/maty/rob_movil_ws/build/cmd_vel_mux': CMAKE_PREFIX_PATH=${CMAKE_PREFIX_PATH}:/opt/ros/humble /usr/bin/cmake /home/maty/rob_movil_ws/src/cmd_vel_mux -DAMENT_CMAKE_SYMLINK_INSTALL=1 -DCMAKE_INSTALL_PREFIX=/home/maty/rob_movil_ws/install/cmd_vel_mux
[0.216s] -- The C compiler identification is GNU 11.4.0
[0.464s] -- The CXX compiler identification is GNU 11.4.0
[0.555s] -- Detecting C compiler ABI info
[0.633s] -- Detecting C compiler ABI info - done
[0.637s] -- Check for working C compiler: /usr/bin/cc - skipped
[0.638s] -- Detecting C compile features
[0.639s] -- Detecting C compile features - done
[0.642s] -- Detecting CXX compiler ABI info
[0.714s] -- Detecting CXX compiler ABI info - done
[0.718s] -- Check for working CXX compiler: /usr/bin/c++ - skipped
[0.719s] -- Detecting CXX compile features
[0.719s] -- Detecting CXX compile features - done
[0.725s] -- Found ament_cmake_ros: 0.10.0 (/opt/ros/humble/share/ament_cmake_ros/cmake)
[0.824s] -- Found Python3: /usr/bin/python3 (found version "3.10.12") found components: Interpreter 
[0.873s] -- Override CMake install command with custom implementation using symlinks instead of copying resources
[0.906s] -- Found geometry_msgs: 4.8.0 (/opt/ros/humble/share/geometry_msgs/cmake)
[0.999s] -- Found rosidl_generator_c: 3.1.6 (/opt/ros/humble/share/rosidl_generator_c/cmake)
[1.005s] -- Found rosidl_adapter: 3.1.6 (/opt/ros/humble/share/rosidl_adapter/cmake)
[1.016s] -- Found rosidl_generator_cpp: 3.1.6 (/opt/ros/humble/share/rosidl_generator_cpp/cmake)
[1.032s] -- Using all available rosidl_typesupport_c: rosidl_typesupport_fastrtps_c;rosidl_typesupport_introspection_c
[1.048s] -- Using all available rosidl_typesupport_cpp: rosidl_typesupport_fastrtps_cpp;rosidl_typesupport_introspection_cpp
[1.091s] -- Found rcl_interfaces: 1.2.1 (/opt/ros/humble/share/rcl_interfaces/cmake)
[1.101s] -- Found rclcpp: 16.0.12 (/opt/ros/humble/share/rclcpp/cmake)
[1.115s] -- Found rmw_implementation_cmake: 6.1.2 (/opt/ros/humble/share/rmw_implementation_cmake/cmake)
[1.116s] -- Found rmw_fastrtps_cpp: 6.2.7 (/opt/ros/humble/share/rmw_fastrtps_cpp/cmake)
[1.430s] -- Found OpenSSL: /usr/lib/x86_64-linux-gnu/libcrypto.so (found version "3.0.2")  
[1.724s] -- Found FastRTPS: /opt/ros/humble/include  
[2.279s] -- Using RMW implementation 'rmw_fastrtps_cpp' as default
[2.290s] -- Looking for pthread.h
[2.359s] -- Looking for pthread.h - found
[2.359s] -- Performing Test CMAKE_HAVE_LIBC_PTHREAD
[2.419s] -- Performing Test CMAKE_HAVE_LIBC_PTHREAD - Success
[2.421s] -- Found Threads: TRUE  
[2.472s] -- Found rclcpp_components: 16.0.12 (/opt/ros/humble/share/rclcpp_components/cmake)
[2.505s] -- Found ament_lint_auto: 0.12.12 (/opt/ros/humble/share/ament_lint_auto/cmake)
[2.554s] -- Found launch_testing_ament_cmake: 1.0.8 (/opt/ros/humble/share/launch_testing_ament_cmake/cmake)
[2.555s] -- Found python_cmake_module: 0.10.0 (/opt/ros/humble/share/python_cmake_module/cmake)
[2.602s] -- Found PythonInterp: /usr/bin/python3 (found suitable version "3.10.12", minimum required is "3.6") 
[2.701s] -- Found PythonLibs: /usr/lib/x86_64-linux-gnu/libpython3.10.so (found suitable version "3.10.12", minimum required is "3.5") 
[2.701s] -- Using PYTHON_EXECUTABLE: /usr/bin/python3
[2.701s] -- Using PYTHON_INCLUDE_DIRS: /usr/include/python3.10
[2.701s] -- Using PYTHON_LIBRARIES: /usr/lib/x86_64-linux-gnu/libpython3.10.so
[2.714s] -- Found PythonExtra: .so  
[2.729s] -- Added test 'cppcheck' to perform static code analysis on C / C++ code
[2.729s] -- Configured cppcheck include dirs: /home/maty/rob_movil_ws/src/cmd_vel_mux/include
[2.729s] -- Configured cppcheck exclude dirs and/or files: 
[2.730s] -- Added test 'cpplint' to check C / C++ code against the Google style
[2.730s] -- Configured cpplint exclude dirs and/or files: 
[2.731s] -- Added test 'flake8' to check Python code syntax and style conventions
[2.731s] -- Added test 'lint_cmake' to check CMake code style
[2.732s] -- Added test 'pep257' to check Python code against some of the docstring style conventions in PEP 257
[2.734s] -- Added test 'uncrustify' to check C / C++ code style
[2.734s] -- Configured uncrustify additional arguments: 
[2.734s] -- Added test 'xmllint' to check XML markup files
[2.735s] -- Configuring done
[2.744s] -- Generating done
[2.747s] -- Build files have been written to: /home/maty/rob_movil_ws/build/cmd_vel_mux
[2.755s] Invoked command in '/home/maty/rob_movil_ws/build/cmd_vel_mux' returned '0': CMAKE_PREFIX_PATH=${CMAKE_PREFIX_PATH}:/opt/ros/humble /usr/bin/cmake /home/maty/rob_movil_ws/src/cmd_vel_mux -DAMENT_CMAKE_SYMLINK_INSTALL=1 -DCMAKE_INSTALL_PREFIX=/home/maty/rob_movil_ws/install/cmd_vel_mux
[2.756s] Invoking command in '/home/maty/rob_movil_ws/build/cmd_vel_mux': CMAKE_PREFIX_PATH=${CMAKE_PREFIX_PATH}:/opt/ros/humble /usr/bin/cmake --build /home/maty/rob_movil_ws/build/cmd_vel_mux -- -j22 -l22
[2.782s] [ 25%] [32mBuilding CXX object CMakeFiles/cmd_vel_mux.dir/src/cmd_vel_mux.cpp.o[0m
[2.782s] [ 50%] [32mBuilding CXX object CMakeFiles/cmd_vel_mux_node.dir/rclcpp_components/node_main_cmd_vel_mux_node.cpp.o[0m
[5.911s] [ 75%] [32m[1mLinking CXX executable cmd_vel_mux_node[0m
[6.077s] [ 75%] Built target cmd_vel_mux_node
[10.941s] [100%] [32m[1mLinking CXX shared library libcmd_vel_mux.so[0m
[11.330s] [100%] Built target cmd_vel_mux
[11.338s] Invoked command in '/home/maty/rob_movil_ws/build/cmd_vel_mux' returned '0': CMAKE_PREFIX_PATH=${CMAKE_PREFIX_PATH}:/opt/ros/humble /usr/bin/cmake --build /home/maty/rob_movil_ws/build/cmd_vel_mux -- -j22 -l22
[11.340s] Invoking command in '/home/maty/rob_movil_ws/build/cmd_vel_mux': CMAKE_PREFIX_PATH=${CMAKE_PREFIX_PATH}:/opt/ros/humble /usr/bin/cmake --install /home/maty/rob_movil_ws/build/cmd_vel_mux
[11.343s] -- Install configuration: ""
[11.343s] -- Execute custom install script
[11.344s] -- Symlinking: /home/maty/rob_movil_ws/install/cmd_vel_mux/lib/cmd_vel_mux/cmd_vel_mux_node
[11.349s] -- Symlinking: /home/maty/rob_movil_ws/install/cmd_vel_mux/lib/libcmd_vel_mux.so
[11.354s] -- Symlinking: /home/maty/rob_movil_ws/install/cmd_vel_mux/include/cmd_vel_mux/cmd_vel_mux.hpp
[11.360s] -- Symlinking: /home/maty/rob_movil_ws/install/cmd_vel_mux/share/cmd_vel_mux/config/cmd_vel_mux_params.yaml
[11.365s] -- Symlinking: /home/maty/rob_movil_ws/install/cmd_vel_mux/share/cmd_vel_mux/launch/cmd_vel_mux-composed-launch.py
[11.370s] -- Symlinking: /home/maty/rob_movil_ws/install/cmd_vel_mux/share/cmd_vel_mux/launch/cmd_vel_mux-launch.py
[11.375s] -- Symlinking: /home/maty/rob_movil_ws/install/cmd_vel_mux/share/ament_index/resource_index/package_run_dependencies/cmd_vel_mux
[11.381s] -- Symlinking: /home/maty/rob_movil_ws/install/cmd_vel_mux/share/ament_index/resource_index/parent_prefix_path/cmd_vel_mux
[11.385s] -- Symlinking: /home/maty/rob_movil_ws/install/cmd_vel_mux/share/cmd_vel_mux/environment/ament_prefix_path.sh
[11.389s] -- Symlinking: /home/maty/rob_movil_ws/install/cmd_vel_mux/share/cmd_vel_mux/environment/ament_prefix_path.dsv
[11.394s] -- Symlinking: /home/maty/rob_movil_ws/install/cmd_vel_mux/share/cmd_vel_mux/environment/path.sh
[11.398s] -- Symlinking: /home/maty/rob_movil_ws/install/cmd_vel_mux/share/cmd_vel_mux/environment/path.dsv
[11.403s] -- Symlinking: /home/maty/rob_movil_ws/install/cmd_vel_mux/share/cmd_vel_mux/local_setup.bash
[11.408s] -- Symlinking: /home/maty/rob_movil_ws/install/cmd_vel_mux/share/cmd_vel_mux/local_setup.sh
[11.416s] -- Symlinking: /home/maty/rob_movil_ws/install/cmd_vel_mux/share/cmd_vel_mux/local_setup.zsh
[11.422s] -- Symlinking: /home/maty/rob_movil_ws/install/cmd_vel_mux/share/cmd_vel_mux/local_setup.dsv
[11.427s] -- Symlinking: /home/maty/rob_movil_ws/install/cmd_vel_mux/share/cmd_vel_mux/package.dsv
[11.432s] -- Symlinking: /home/maty/rob_movil_ws/install/cmd_vel_mux/share/ament_index/resource_index/packages/cmd_vel_mux
[11.436s] -- Symlinking: /home/maty/rob_movil_ws/install/cmd_vel_mux/share/ament_index/resource_index/rclcpp_components/cmd_vel_mux
[11.441s] -- Symlinking: /home/maty/rob_movil_ws/install/cmd_vel_mux/share/cmd_vel_mux/cmake/cmd_vel_muxConfig.cmake
[11.445s] -- Symlinking: /home/maty/rob_movil_ws/install/cmd_vel_mux/share/cmd_vel_mux/cmake/cmd_vel_muxConfig-version.cmake
[11.449s] -- Symlinking: /home/maty/rob_movil_ws/install/cmd_vel_mux/share/cmd_vel_mux/package.xml
[11.456s] Invoked command in '/home/maty/rob_movil_ws/build/cmd_vel_mux' returned '0': CMAKE_PREFIX_PATH=${CMAKE_PREFIX_PATH}:/opt/ros/humble /usr/bin/cmake --install /home/maty/rob_movil_ws/build/cmd_vel_mux
