[35m[1mConsolidate compiler generated dependencies of target cmd_vel_mux_node[0m
[35m[1mConsolidate compiler generated dependencies of target cmd_vel_mux[0m
[ 50%] Built target cmd_vel_mux_node
[100%] Built target cmd_vel_mux
-- Install configuration: ""
-- Up-to-date: /home/maty/rob_movil_ws/src/install/cmd_vel_mux/lib/cmd_vel_mux/cmd_vel_mux_node
-- Up-to-date: /home/maty/rob_movil_ws/src/install/cmd_vel_mux/lib/libcmd_vel_mux.so
-- Up-to-date: /home/maty/rob_movil_ws/src/install/cmd_vel_mux/include/cmd_vel_mux
-- Up-to-date: /home/maty/rob_movil_ws/src/install/cmd_vel_mux/include/cmd_vel_mux/cmd_vel_mux.hpp
-- Up-to-date: /home/maty/rob_movil_ws/src/install/cmd_vel_mux/share/cmd_vel_mux/config
-- Up-to-date: /home/maty/rob_movil_ws/src/install/cmd_vel_mux/share/cmd_vel_mux/config/cmd_vel_mux_params.yaml
-- Up-to-date: /home/maty/rob_movil_ws/src/install/cmd_vel_mux/share/cmd_vel_mux/launch
-- Up-to-date: /home/maty/rob_movil_ws/src/install/cmd_vel_mux/share/cmd_vel_mux/launch/cmd_vel_mux-composed-launch.py
-- Up-to-date: /home/maty/rob_movil_ws/src/install/cmd_vel_mux/share/cmd_vel_mux/launch/cmd_vel_mux-launch.py
-- Up-to-date: /home/maty/rob_movil_ws/src/install/cmd_vel_mux/share/ament_index/resource_index/package_run_dependencies/cmd_vel_mux
-- Up-to-date: /home/maty/rob_movil_ws/src/install/cmd_vel_mux/share/ament_index/resource_index/parent_prefix_path/cmd_vel_mux
-- Up-to-date: /home/maty/rob_movil_ws/src/install/cmd_vel_mux/share/cmd_vel_mux/environment/ament_prefix_path.sh
-- Up-to-date: /home/maty/rob_movil_ws/src/install/cmd_vel_mux/share/cmd_vel_mux/environment/ament_prefix_path.dsv
-- Up-to-date: /home/maty/rob_movil_ws/src/install/cmd_vel_mux/share/cmd_vel_mux/environment/path.sh
-- Up-to-date: /home/maty/rob_movil_ws/src/install/cmd_vel_mux/share/cmd_vel_mux/environment/path.dsv
-- Up-to-date: /home/maty/rob_movil_ws/src/install/cmd_vel_mux/share/cmd_vel_mux/local_setup.bash
-- Up-to-date: /home/maty/rob_movil_ws/src/install/cmd_vel_mux/share/cmd_vel_mux/local_setup.sh
-- Up-to-date: /home/maty/rob_movil_ws/src/install/cmd_vel_mux/share/cmd_vel_mux/local_setup.zsh
-- Up-to-date: /home/maty/rob_movil_ws/src/install/cmd_vel_mux/share/cmd_vel_mux/local_setup.dsv
-- Installing: /home/maty/rob_movil_ws/src/install/cmd_vel_mux/share/cmd_vel_mux/package.dsv
-- Up-to-date: /home/maty/rob_movil_ws/src/install/cmd_vel_mux/share/ament_index/resource_index/packages/cmd_vel_mux
-- Up-to-date: /home/maty/rob_movil_ws/src/install/cmd_vel_mux/share/ament_index/resource_index/rclcpp_components/cmd_vel_mux
-- Up-to-date: /home/maty/rob_movil_ws/src/install/cmd_vel_mux/share/cmd_vel_mux/cmake/cmd_vel_muxConfig.cmake
-- Up-to-date: /home/maty/rob_movil_ws/src/install/cmd_vel_mux/share/cmd_vel_mux/cmake/cmd_vel_muxConfig-version.cmake
-- Up-to-date: /home/maty/rob_movil_ws/src/install/cmd_vel_mux/share/cmd_vel_mux/package.xml
