[0.029s] Invoking command in '/home/maty/rob_movil_ws/src/build/cmd_vel_mux': CMAKE_PREFIX_PATH=${CMAKE_PREFIX_PATH}:/opt/ros/humble /usr/bin/cmake /home/maty/rob_movil_ws/src/cmd_vel_mux -DCMAKE_INSTALL_PREFIX=/home/maty/rob_movil_ws/src/install/cmd_vel_mux
[0.505s] -- The C compiler identification is GNU 11.4.0
[0.897s] -- The CXX compiler identification is GNU 11.4.0
[1.196s] -- Detecting C compiler ABI info
[1.300s] -- Detecting C compiler ABI info - done
[1.313s] -- Check for working C compiler: /usr/bin/cc - skipped
[1.313s] -- Detecting C compile features
[1.315s] -- Detecting C compile features - done
[1.318s] -- Detecting CXX compiler ABI info
[1.493s] -- Detecting CXX compiler ABI info - done
[1.502s] -- Check for working CXX compiler: /usr/bin/c++ - skipped
[1.502s] -- Detecting CXX compile features
[1.503s] -- Detecting CXX compile features - done
[1.506s] -- Found ament_cmake_ros: 0.10.0 (/opt/ros/humble/share/ament_cmake_ros/cmake)
[1.684s] -- Found Python3: /usr/bin/python3 (found version "3.10.12") found components: Interpreter 
[1.780s] -- Found geometry_msgs: 4.8.0 (/opt/ros/humble/share/geometry_msgs/cmake)
[1.956s] -- Found rosidl_generator_c: 3.1.6 (/opt/ros/humble/share/rosidl_generator_c/cmake)
[1.964s] -- Found rosidl_adapter: 3.1.6 (/opt/ros/humble/share/rosidl_adapter/cmake)
[1.979s] -- Found rosidl_generator_cpp: 3.1.6 (/opt/ros/humble/share/rosidl_generator_cpp/cmake)
[2.006s] -- Using all available rosidl_typesupport_c: rosidl_typesupport_fastrtps_c;rosidl_typesupport_introspection_c
[2.035s] -- Using all available rosidl_typesupport_cpp: rosidl_typesupport_fastrtps_cpp;rosidl_typesupport_introspection_cpp
[2.106s] -- Found rcl_interfaces: 1.2.1 (/opt/ros/humble/share/rcl_interfaces/cmake)
[2.119s] -- Found rclcpp: 16.0.12 (/opt/ros/humble/share/rclcpp/cmake)
[2.143s] -- Found rmw_implementation_cmake: 6.1.2 (/opt/ros/humble/share/rmw_implementation_cmake/cmake)
[2.145s] -- Found rmw_fastrtps_cpp: 6.2.7 (/opt/ros/humble/share/rmw_fastrtps_cpp/cmake)
[2.788s] -- Found OpenSSL: /usr/lib/x86_64-linux-gnu/libcrypto.so (found version "3.0.2")  
[3.366s] -- Found FastRTPS: /opt/ros/humble/include  
[4.859s] -- Using RMW implementation 'rmw_fastrtps_cpp' as default
[4.879s] -- Looking for pthread.h
[4.997s] -- Looking for pthread.h - found
[4.997s] -- Performing Test CMAKE_HAVE_LIBC_PTHREAD
[5.126s] -- Performing Test CMAKE_HAVE_LIBC_PTHREAD - Success
[5.128s] -- Found Threads: TRUE  
[5.208s] -- Found rclcpp_components: 16.0.12 (/opt/ros/humble/share/rclcpp_components/cmake)
[5.269s] -- Found ament_lint_auto: 0.12.12 (/opt/ros/humble/share/ament_lint_auto/cmake)
[5.352s] -- Found launch_testing_ament_cmake: 1.0.8 (/opt/ros/humble/share/launch_testing_ament_cmake/cmake)
[5.356s] -- Found python_cmake_module: 0.10.0 (/opt/ros/humble/share/python_cmake_module/cmake)
[5.532s] -- Found PythonInterp: /usr/bin/python3 (found suitable version "3.10.12", minimum required is "3.6") 
[5.847s] -- Found PythonLibs: /usr/lib/x86_64-linux-gnu/libpython3.10.so (found suitable version "3.10.12", minimum required is "3.5") 
[5.847s] -- Using PYTHON_EXECUTABLE: /usr/bin/python3
[5.847s] -- Using PYTHON_INCLUDE_DIRS: /usr/include/python3.10
[5.847s] -- Using PYTHON_LIBRARIES: /usr/lib/x86_64-linux-gnu/libpython3.10.so
[5.871s] -- Found PythonExtra: .so  
[5.891s] -- Added test 'cppcheck' to perform static code analysis on C / C++ code
[5.891s] -- Configured cppcheck include dirs: /home/maty/rob_movil_ws/src/cmd_vel_mux/include
[5.891s] -- Configured cppcheck exclude dirs and/or files: 
[5.894s] -- Added test 'cpplint' to check C / C++ code against the Google style
[5.894s] -- Configured cpplint exclude dirs and/or files: 
[5.894s] -- Added test 'flake8' to check Python code syntax and style conventions
[5.895s] -- Added test 'lint_cmake' to check CMake code style
[5.896s] -- Added test 'pep257' to check Python code against some of the docstring style conventions in PEP 257
[5.898s] -- Added test 'uncrustify' to check C / C++ code style
[5.898s] -- Configured uncrustify additional arguments: 
[5.899s] -- Added test 'xmllint' to check XML markup files
[5.900s] -- Configuring done
[5.918s] -- Generating done
[5.924s] -- Build files have been written to: /home/maty/rob_movil_ws/src/build/cmd_vel_mux
[5.936s] Invoked command in '/home/maty/rob_movil_ws/src/build/cmd_vel_mux' returned '0': CMAKE_PREFIX_PATH=${CMAKE_PREFIX_PATH}:/opt/ros/humble /usr/bin/cmake /home/maty/rob_movil_ws/src/cmd_vel_mux -DCMAKE_INSTALL_PREFIX=/home/maty/rob_movil_ws/src/install/cmd_vel_mux
[5.938s] Invoking command in '/home/maty/rob_movil_ws/src/build/cmd_vel_mux': CMAKE_PREFIX_PATH=${CMAKE_PREFIX_PATH}:/opt/ros/humble /usr/bin/cmake --build /home/maty/rob_movil_ws/src/build/cmd_vel_mux -- -j22 -l22
[5.983s] [ 25%] [32mBuilding CXX object CMakeFiles/cmd_vel_mux_node.dir/rclcpp_components/node_main_cmd_vel_mux_node.cpp.o[0m
[5.983s] [ 50%] [32mBuilding CXX object CMakeFiles/cmd_vel_mux.dir/src/cmd_vel_mux.cpp.o[0m
[10.823s] [ 75%] [32m[1mLinking CXX executable cmd_vel_mux_node[0m
[11.164s] [ 75%] Built target cmd_vel_mux_node
[18.745s] [100%] [32m[1mLinking CXX shared library libcmd_vel_mux.so[0m
[19.401s] [100%] Built target cmd_vel_mux
[19.413s] Invoked command in '/home/maty/rob_movil_ws/src/build/cmd_vel_mux' returned '0': CMAKE_PREFIX_PATH=${CMAKE_PREFIX_PATH}:/opt/ros/humble /usr/bin/cmake --build /home/maty/rob_movil_ws/src/build/cmd_vel_mux -- -j22 -l22
[19.419s] Invoking command in '/home/maty/rob_movil_ws/src/build/cmd_vel_mux': CMAKE_PREFIX_PATH=${CMAKE_PREFIX_PATH}:/opt/ros/humble /usr/bin/cmake --install /home/maty/rob_movil_ws/src/build/cmd_vel_mux
[19.426s] -- Install configuration: ""
[19.426s] -- Installing: /home/maty/rob_movil_ws/src/install/cmd_vel_mux/lib/cmd_vel_mux/cmd_vel_mux_node
[19.427s] -- Set runtime path of "/home/maty/rob_movil_ws/src/install/cmd_vel_mux/lib/cmd_vel_mux/cmd_vel_mux_node" to ""
[19.427s] -- Installing: /home/maty/rob_movil_ws/src/install/cmd_vel_mux/lib/libcmd_vel_mux.so
[19.433s] -- Set runtime path of "/home/maty/rob_movil_ws/src/install/cmd_vel_mux/lib/libcmd_vel_mux.so" to ""
[19.433s] -- Installing: /home/maty/rob_movil_ws/src/install/cmd_vel_mux/include/cmd_vel_mux
[19.434s] -- Installing: /home/maty/rob_movil_ws/src/install/cmd_vel_mux/include/cmd_vel_mux/cmd_vel_mux.hpp
[19.434s] -- Installing: /home/maty/rob_movil_ws/src/install/cmd_vel_mux/share/cmd_vel_mux/config
[19.435s] -- Installing: /home/maty/rob_movil_ws/src/install/cmd_vel_mux/share/cmd_vel_mux/config/cmd_vel_mux_params.yaml
[19.435s] -- Installing: /home/maty/rob_movil_ws/src/install/cmd_vel_mux/share/cmd_vel_mux/launch
[19.435s] -- Installing: /home/maty/rob_movil_ws/src/install/cmd_vel_mux/share/cmd_vel_mux/launch/cmd_vel_mux-composed-launch.py
[19.436s] -- Installing: /home/maty/rob_movil_ws/src/install/cmd_vel_mux/share/cmd_vel_mux/launch/cmd_vel_mux-launch.py
[19.437s] -- Installing: /home/maty/rob_movil_ws/src/install/cmd_vel_mux/share/ament_index/resource_index/package_run_dependencies/cmd_vel_mux
[19.438s] -- Installing: /home/maty/rob_movil_ws/src/install/cmd_vel_mux/share/ament_index/resource_index/parent_prefix_path/cmd_vel_mux
[19.438s] -- Installing: /home/maty/rob_movil_ws/src/install/cmd_vel_mux/share/cmd_vel_mux/environment/ament_prefix_path.sh
[19.438s] -- Installing: /home/maty/rob_movil_ws/src/install/cmd_vel_mux/share/cmd_vel_mux/environment/ament_prefix_path.dsv
[19.438s] -- Installing: /home/maty/rob_movil_ws/src/install/cmd_vel_mux/share/cmd_vel_mux/environment/path.sh
[19.439s] -- Installing: /home/maty/rob_movil_ws/src/install/cmd_vel_mux/share/cmd_vel_mux/environment/path.dsv
[19.439s] -- Installing: /home/maty/rob_movil_ws/src/install/cmd_vel_mux/share/cmd_vel_mux/local_setup.bash
[19.439s] -- Installing: /home/maty/rob_movil_ws/src/install/cmd_vel_mux/share/cmd_vel_mux/local_setup.sh
[19.440s] -- Installing: /home/maty/rob_movil_ws/src/install/cmd_vel_mux/share/cmd_vel_mux/local_setup.zsh
[19.440s] -- Installing: /home/maty/rob_movil_ws/src/install/cmd_vel_mux/share/cmd_vel_mux/local_setup.dsv
[19.441s] -- Installing: /home/maty/rob_movil_ws/src/install/cmd_vel_mux/share/cmd_vel_mux/package.dsv
[19.441s] -- Installing: /home/maty/rob_movil_ws/src/install/cmd_vel_mux/share/ament_index/resource_index/packages/cmd_vel_mux
[19.441s] -- Installing: /home/maty/rob_movil_ws/src/install/cmd_vel_mux/share/ament_index/resource_index/rclcpp_components/cmd_vel_mux
[19.441s] -- Installing: /home/maty/rob_movil_ws/src/install/cmd_vel_mux/share/cmd_vel_mux/cmake/cmd_vel_muxConfig.cmake
[19.441s] -- Installing: /home/maty/rob_movil_ws/src/install/cmd_vel_mux/share/cmd_vel_mux/cmake/cmd_vel_muxConfig-version.cmake
[19.442s] -- Installing: /home/maty/rob_movil_ws/src/install/cmd_vel_mux/share/cmd_vel_mux/package.xml
[19.445s] Invoked command in '/home/maty/rob_movil_ws/src/build/cmd_vel_mux' returned '0': CMAKE_PREFIX_PATH=${CMAKE_PREFIX_PATH}:/opt/ros/humble /usr/bin/cmake --install /home/maty/rob_movil_ws/src/build/cmd_vel_mux
